Log file open, 11/07/19 20:25:55
LogWindows: Failed to load 'aqProf.dll' (GetLastError=126)
LogWindows: File 'aqProf.dll' does not exist
LogWindows: Failed to load 'VtuneApi.dll' (GetLastError=126)
LogWindows: File 'VtuneApi.dll' does not exist
LogWindows: Failed to load 'VtuneApi32e.dll' (GetLastError=126)
LogWindows: File 'VtuneApi32e.dll' does not exist
LogConsoleResponse: Display: Failed to find resolution value strings in scalability ini. Falling back to default.
LogInit: Display: Running engine for game: GDTeam3Project
LogPakFile: Registered encryption key '00000000000000000000000000000000': 0 pak files mounted, 0 remain pending
LogPlatformFile: Not using cached read wrapper
LogTaskGraph: Started task graph with 5 named threads and 11 total threads with 3 sets of task threads.
LogStats: Stats thread started at 0.186541
LogD3D11RHI: Loaded GFSDK_Aftermath_Lib.x64.dll
LogICUInternationalization: ICU TimeZone Detection - Raw Offset: +0:00, Platform Override: ''
LogPluginManager: Mounting plugin Paper2D
LogPluginManager: Mounting plugin AISupport
LogPluginManager: Mounting plugin LightPropagationVolume
LogPluginManager: Mounting plugin ActorLayerUtilities
LogPluginManager: Mounting plugin CLionSourceCodeAccess
LogPluginManager: Mounting plugin CodeLiteSourceCodeAccess
LogPluginManager: Mounting plugin GitSourceControl
LogPluginManager: Mounting plugin KDevelopSourceCodeAccess
LogPluginManager: Mounting plugin NullSourceCodeAccess
LogPluginManager: Mounting plugin PerforceSourceControl
LogPluginManager: Mounting plugin SubversionSourceControl
LogPluginManager: Mounting plugin UObjectPlugin
LogPluginManager: Mounting plugin VisualStudioCodeSourceCodeAccess
LogPluginManager: Mounting plugin VisualStudioSourceCodeAccess
LogPluginManager: Mounting plugin XCodeSourceCodeAccess
LogPluginManager: Mounting plugin AssetManagerEditor
LogPluginManager: Mounting plugin CryptoKeys
LogPluginManager: Mounting plugin DataValidation
LogPluginManager: Mounting plugin FacialAnimation
LogPluginManager: Mounting plugin GameplayTagsEditor
LogPluginManager: Mounting plugin MacGraphicsSwitching
LogPluginManager: Mounting plugin MeshEditor
LogPluginManager: Mounting plugin MobileLauncherProfileWizard
LogPluginManager: Mounting plugin PluginBrowser
LogPluginManager: Mounting plugin SpeedTreeImporter
LogPluginManager: Mounting plugin DatasmithContent
LogPluginManager: Mounting plugin VariantManagerContent
LogPluginManager: Mounting plugin AlembicImporter
LogPluginManager: Mounting plugin AppleImageUtils
LogPluginManager: Mounting plugin AppleVision
LogPluginManager: Mounting plugin BackChannel
LogPluginManager: Mounting plugin CharacterAI
LogPluginManager: Mounting plugin GeometryCache
LogPluginManager: Mounting plugin HTML5Networking
LogPluginManager: Mounting plugin ProxyLODPlugin
LogPluginManager: Mounting plugin MagicLeap
LogPluginManager: Mounting plugin MagicLeapMedia
LogPluginManager: Mounting plugin AndroidMedia
LogPluginManager: Mounting plugin AvfMedia
LogPluginManager: Mounting plugin ImgMedia
LogPluginManager: Mounting plugin LinearTimecode
LogPluginManager: Mounting plugin MediaCompositing
LogPluginManager: Mounting plugin MediaPlayerEditor
LogPluginManager: Mounting plugin WebMMedia
LogPluginManager: Mounting plugin WmfMedia
LogPluginManager: Mounting plugin TcpMessaging
LogPluginManager: Mounting plugin UdpMessaging
LogPluginManager: Mounting plugin ActorSequence
LogPluginManager: Mounting plugin LevelSequenceEditor
LogPluginManager: Mounting plugin MatineeToLevelSequence
LogPluginManager: Mounting plugin NetcodeUnitTest
LogPluginManager: Mounting plugin NUTUnrealEngine4
LogPluginManager: Mounting plugin OnlineSubsystemGooglePlay
LogPluginManager: Mounting plugin OnlineSubsystemIOS
LogPluginManager: Mounting plugin OnlineSubsystem
LogPluginManager: Mounting plugin OnlineSubsystemNull
LogPluginManager: Mounting plugin OnlineSubsystemUtils
LogPluginManager: Mounting plugin LauncherChunkInstaller
LogPluginManager: Mounting plugin AndroidDeviceProfileSelector
LogPluginManager: Mounting plugin AndroidMoviePlayer
LogPluginManager: Mounting plugin AndroidPermission
LogPluginManager: Mounting plugin AppleMoviePlayer
LogPluginManager: Mounting plugin ArchVisCharacter
LogPluginManager: Mounting plugin AudioCapture
LogPluginManager: Mounting plugin CableComponent
LogPluginManager: Mounting plugin CustomMeshComponent
LogPluginManager: Mounting plugin EditableMesh
LogPluginManager: Mounting plugin ExampleDeviceProfileSelector
LogPluginManager: Mounting plugin Firebase
LogPluginManager: Mounting plugin GoogleCloudMessaging
LogPluginManager: Mounting plugin IOSDeviceProfileSelector
LogPluginManager: Mounting plugin LinuxDeviceProfileSelector
LogPluginManager: Mounting plugin LocationServicesBPLibrary
LogPluginManager: Mounting plugin MobilePatchingUtils
LogPluginManager: Mounting plugin OculusVR
LogPluginManager: Mounting plugin PhysXVehicles
LogPluginManager: Mounting plugin ProceduralMeshComponent
LogPluginManager: Mounting plugin RuntimePhysXCooking
LogPluginManager: Mounting plugin SteamVR
LogPluginManager: Mounting plugin WebMMoviePlayer
LogPluginManager: Mounting plugin WindowsMoviePlayer
LogStreaming: Display: Took  0.118s to configure plugins.
LogInit: Using libcurl 7.55.1-DEV
LogInit:  - built for x86_64-pc-win32
LogInit:  - supports SSL with OpenSSL/1.0.2h
LogInit:  - supports HTTP deflate (compression) using libz 1.2.8
LogInit:  - other features:
LogInit:      CURL_VERSION_SSL
LogInit:      CURL_VERSION_LIBZ
LogInit:      CURL_VERSION_IPV6
LogInit:      CURL_VERSION_ASYNCHDNS
LogInit:      CURL_VERSION_LARGEFILE
LogInit:      CURL_VERSION_IDN
LogInit:  CurlRequestOptions (configurable via config and command line):
LogInit:  - bVerifyPeer = true  - Libcurl will verify peer certificate
LogInit:  - bUseHttpProxy = false  - Libcurl will NOT use HTTP proxy
LogInit:  - bDontReuseConnections = false  - Libcurl will reuse connections
LogInit:  - MaxHostConnections = 16  - Libcurl will limit the number of connections to a host
LogInit:  - LocalHostAddr = Default
LogInit:  - BufferSize = 65536
LogInit: WinSock: version 1.1 (2.2), MaxSocks=32767, MaxUdp=65467
LogInit: Build: ++UE4+Release-4.21-CL-4753647
LogInit: Engine Version: 4.21.2-4753647+++UE4+Release-4.21
LogInit: Compatible Engine Version: 4.21.0-4541578+++UE4+Release-4.21
LogInit: Net CL: 4541578
LogInit: OS: Windows 10 (), CPU: AMD FX(tm)-4100 Quad-Core Processor            , GPU: NVIDIA GeForce GTX 970
LogInit: Compiled (64-bit): Jan 19 2019 02:07:31
LogInit: Compiled with Visual C++: 19.13.26129.00
LogInit: Build Configuration: Development
LogInit: Branch Name: ++UE4+Release-4.21
LogInit: Command Line: 
LogInit: Base Directory: D:/UE_4.21/Engine/Binaries/Win64/
LogInit: Installed Engine Build: 1
LogDevObjectVersion: Number of dev versions registered: 22
LogDevObjectVersion:   Dev-Blueprints (B0D832E4-1F89-4F0D-ACCF-7EB736FD4AA2): 10
LogDevObjectVersion:   Dev-Build (E1C64328-A22C-4D53-A36C-8E866417BD8C): 0
LogDevObjectVersion:   Dev-Core (375EC13C-06E4-48FB-B500-84F0262A717E): 2
LogDevObjectVersion:   Dev-Editor (E4B068ED-F494-42E9-A231-DA0B2E46BB41): 26
LogDevObjectVersion:   Dev-Framework (CFFC743F-43B0-4480-9391-14DF171D2073): 34
LogDevObjectVersion:   Dev-Mobile (B02B49B5-BB20-44E9-A304-32B752E40360): 2
LogDevObjectVersion:   Dev-Networking (A4E4105C-59A1-49B5-A7C5-40C4547EDFEE): 0
LogDevObjectVersion:   Dev-Online (39C831C9-5AE6-47DC-9A44-9C173E1C8E7C): 0
LogDevObjectVersion:   Dev-Physics (78F01B33-EBEA-4F98-B9B4-84EACCB95AA2): 0
LogDevObjectVersion:   Dev-Platform (6631380F-2D4D-43E0-8009-CF276956A95A): 0
LogDevObjectVersion:   Dev-Rendering (12F88B9F-8875-4AFC-A67C-D90C383ABD29): 27
LogDevObjectVersion:   Dev-Sequencer (7B5AE74C-D270-4C10-A958-57980B212A5A): 9
LogDevObjectVersion:   Dev-VR (D7296918-1DD6-4BDD-9DE2-64A83CC13884): 2
LogDevObjectVersion:   Dev-LoadTimes (C2A15278-BFE7-4AFE-6C17-90FF531DF755): 1
LogDevObjectVersion:   Private-Geometry (6EACA3D4-40EC-4CC1-B786-8BED09428FC5): 3
LogDevObjectVersion:   Dev-AnimPhys (29E575DD-E0A3-4627-9D10-D276232CDCEA): 17
LogDevObjectVersion:   Dev-Anim (AF43A65D-7FD3-4947-9873-3E8ED9C1BB05): 2
LogDevObjectVersion:   Dev-ReflectionCapture (6B266CEC-1EC7-4B8F-A30B-E4D90942FC07): 1
LogDevObjectVersion:   Dev-Automation (0DF73D61-A23F-47EA-B727-89E90C41499A): 1
LogDevObjectVersion:   FortniteMain (601D1886-AC64-4F84-AA16-D3DE0DEAC7D6): 17
LogDevObjectVersion:   Dev-Enterprise (9DFFBCD6-494F-0158-E221-12823C92A888): 4
LogDevObjectVersion:   Dev-Niagara (F2AED0AC-9AFE-416F-8664-AA7FFA26D6FC): 1
LogStreaming: Display: Took  0.001s to delete old logs.
LogInit: Presizing for max 8388607 objects, including 0 objects not considered by GC, pre-allocating 0 bytes for permanent pool.
LogInit: Object subsystem initialized
LogConfig: Setting CVar [[con.DebugEarlyDefault:1]]
LogConfig: Setting CVar [[r.setres:1280x720]]
[2019.11.07-20.25.55:545][  0]LogConfig: Setting CVar [[r.VSync:0]]
[2019.11.07-20.25.55:545][  0]LogConfig: Setting CVar [[r.RHICmdBypass:0]]
[2019.11.07-20.25.55:545][  0]LogConfig: Applying CVar settings from Section [/Script/Engine.RendererSettings] File [C:/Users/matth/Documents/Game Design/Uni stuff/ICAs Year 2/Game Development/Games-Development-ICA-Team-3/GD Team3 Project/Saved/Config/Windows/Engine.ini]
[2019.11.07-20.25.55:545][  0]LogConfig: Setting CVar [[r.GPUCrashDebugging:0]]
[2019.11.07-20.25.55:545][  0]LogConfig: Applying CVar settings from Section [/Script/Engine.RendererOverrideSettings] File [C:/Users/matth/Documents/Game Design/Uni stuff/ICAs Year 2/Game Development/Games-Development-ICA-Team-3/GD Team3 Project/Saved/Config/Windows/Engine.ini]
[2019.11.07-20.25.55:545][  0]LogConfig: Applying CVar settings from Section [/Script/Engine.StreamingSettings] File [C:/Users/matth/Documents/Game Design/Uni stuff/ICAs Year 2/Game Development/Games-Development-ICA-Team-3/GD Team3 Project/Saved/Config/Windows/Engine.ini]
[2019.11.07-20.25.55:545][  0]LogConfig: Setting CVar [[s.MinBulkDataSizeForAsyncLoading:131072]]
[2019.11.07-20.25.55:545][  0]LogConfig: Setting CVar [[s.AsyncLoadingThreadEnabled:0]]
[2019.11.07-20.25.55:545][  0]LogConfig: Setting CVar [[s.EventDrivenLoaderEnabled:1]]
[2019.11.07-20.25.55:545][  0]LogConfig: Setting CVar [[s.WarnIfTimeLimitExceeded:0]]
[2019.11.07-20.25.55:545][  0]LogConfig: Setting CVar [[s.TimeLimitExceededMultiplier:1.5]]
[2019.11.07-20.25.55:546][  0]LogConfig: Setting CVar [[s.TimeLimitExceededMinTime:0.005]]
[2019.11.07-20.25.55:546][  0]LogConfig: Setting CVar [[s.UseBackgroundLevelStreaming:1]]
[2019.11.07-20.25.55:546][  0]LogConfig: Setting CVar [[s.PriorityAsyncLoadingExtraTime:15.0]]
[2019.11.07-20.25.55:546][  0]LogConfig: Setting CVar [[s.LevelStreamingActorsUpdateTimeLimit:5.0]]
[2019.11.07-20.25.55:546][  0]LogConfig: Setting CVar [[s.PriorityLevelStreamingActorsUpdateExtraTime:5.0]]
[2019.11.07-20.25.55:546][  0]LogConfig: Setting CVar [[s.LevelStreamingComponentsRegistrationGranularity:10]]
[2019.11.07-20.25.55:546][  0]LogConfig: Setting CVar [[s.UnregisterComponentsTimeLimit:1.0]]
[2019.11.07-20.25.55:546][  0]LogConfig: Setting CVar [[s.LevelStreamingComponentsUnregistrationGranularity:5]]
[2019.11.07-20.25.55:546][  0]LogConfig: Applying CVar settings from Section [/Script/Engine.GarbageCollectionSettings] File [C:/Users/matth/Documents/Game Design/Uni stuff/ICAs Year 2/Game Development/Games-Development-ICA-Team-3/GD Team3 Project/Saved/Config/Windows/Engine.ini]
[2019.11.07-20.25.55:546][  0]LogConfig: Setting CVar [[gc.MaxObjectsNotConsideredByGC:1]]
[2019.11.07-20.25.55:546][  0]LogConfig: Setting CVar [[gc.SizeOfPermanentObjectPool:0]]
[2019.11.07-20.25.55:546][  0]LogConfig: Setting CVar [[gc.FlushStreamingOnGC:0]]
[2019.11.07-20.25.55:546][  0]LogConfig: Setting CVar [[gc.NumRetriesBeforeForcingGC:10]]
[2019.11.07-20.25.55:546][  0]LogConfig: Setting CVar [[gc.AllowParallelGC:1]]
[2019.11.07-20.25.55:546][  0]LogConfig: Setting CVar [[gc.TimeBetweenPurgingPendingKillObjects:61.1]]
[2019.11.07-20.25.55:546][  0]LogConfig: Setting CVar [[gc.MaxObjectsInEditor:8388607]]
[2019.11.07-20.25.55:546][  0]LogConfig: Setting CVar [[gc.IncrementalBeginDestroyEnabled:1]]
[2019.11.07-20.25.55:546][  0]LogConfig: Setting CVar [[gc.CreateGCClusters:1]]
[2019.11.07-20.25.55:546][  0]LogConfig: Setting CVar [[gc.MergeGCClusters:0]]
[2019.11.07-20.25.55:546][  0]LogConfig: Setting CVar [[gc.MinGCClusterSize:5]]
[2019.11.07-20.25.55:546][  0]LogConfig: Setting CVar [[gc.ActorClusteringEnabled:0]]
[2019.11.07-20.25.55:546][  0]LogConfig: Setting CVar [[gc.BlueprintClusteringEnabled:0]]
[2019.11.07-20.25.55:546][  0]LogConfig: Setting CVar [[gc.UseDisregardForGCOnDedicatedServers:0]]
[2019.11.07-20.25.55:546][  0]LogConfig: Applying CVar settings from Section [/Script/Engine.NetworkSettings] File [C:/Users/matth/Documents/Game Design/Uni stuff/ICAs Year 2/Game Development/Games-Development-ICA-Team-3/GD Team3 Project/Saved/Config/Windows/Engine.ini]
[2019.11.07-20.25.55:546][  0]LogConfig: Applying CVar settings from Section [/Script/UnrealEd.CookerSettings] File [C:/Users/matth/Documents/Game Design/Uni stuff/ICAs Year 2/Game Development/Games-Development-ICA-Team-3/GD Team3 Project/Saved/Config/Windows/Engine.ini]
[2019.11.07-20.25.55:550][  0]LogConfig: Applying CVar settings from Section [ViewDistanceQuality@3] File [C:/Users/matth/Documents/Game Design/Uni stuff/ICAs Year 2/Game Development/Games-Development-ICA-Team-3/GD Team3 Project/Saved/Config/Windows/Scalability.ini]
[2019.11.07-20.25.55:550][  0]LogConfig: Setting CVar [[r.SkeletalMeshLODBias:0]]
[2019.11.07-20.25.55:550][  0]LogConfig: Setting CVar [[r.ViewDistanceScale:1.0]]
[2019.11.07-20.25.55:550][  0]LogConfig: Applying CVar settings from Section [AntiAliasingQuality@3] File [C:/Users/matth/Documents/Game Design/Uni stuff/ICAs Year 2/Game Development/Games-Development-ICA-Team-3/GD Team3 Project/Saved/Config/Windows/Scalability.ini]
[2019.11.07-20.25.55:550][  0]LogConfig: Setting CVar [[r.PostProcessAAQuality:4]]
[2019.11.07-20.25.55:550][  0]LogConfig: Applying CVar settings from Section [ShadowQuality@3] File [C:/Users/matth/Documents/Game Design/Uni stuff/ICAs Year 2/Game Development/Games-Development-ICA-Team-3/GD Team3 Project/Saved/Config/Windows/Scalability.ini]
[2019.11.07-20.25.55:550][  0]LogConfig: Setting CVar [[r.LightFunctionQuality:1]]
[2019.11.07-20.25.55:550][  0]LogConfig: Setting CVar [[r.ShadowQuality:5]]
[2019.11.07-20.25.55:550][  0]LogConfig: Setting CVar [[r.Shadow.CSM.MaxCascades:10]]
[2019.11.07-20.25.55:550][  0]LogConfig: Setting CVar [[r.Shadow.MaxResolution:2048]]
[2019.11.07-20.25.55:550][  0]LogConfig: Setting CVar [[r.Shadow.MaxCSMResolution:2048]]
[2019.11.07-20.25.55:550][  0]LogConfig: Setting CVar [[r.Shadow.RadiusThreshold:0.01]]
[2019.11.07-20.25.55:550][  0]LogConfig: Setting CVar [[r.Shadow.DistanceScale:1.0]]
[2019.11.07-20.25.55:550][  0]LogConfig: Setting CVar [[r.Shadow.CSM.TransitionScale:1.0]]
[2019.11.07-20.25.55:550][  0]LogConfig: Setting CVar [[r.Shadow.PreShadowResolutionFactor:1.0]]
[2019.11.07-20.25.55:550][  0]LogConfig: Setting CVar [[r.DistanceFieldShadowing:1]]
[2019.11.07-20.25.55:550][  0]LogConfig: Setting CVar [[r.DistanceFieldAO:1]]
[2019.11.07-20.25.55:550][  0]LogConfig: Setting CVar [[r.AOQuality:2]]
[2019.11.07-20.25.55:550][  0]LogConfig: Setting CVar [[r.VolumetricFog:1]]
[2019.11.07-20.25.55:550][  0]LogConfig: Setting CVar [[r.VolumetricFog.GridPixelSize:8]]
[2019.11.07-20.25.55:550][  0]LogConfig: Setting CVar [[r.VolumetricFog.GridSizeZ:128]]
[2019.11.07-20.25.55:550][  0]LogConfig: Setting CVar [[r.VolumetricFog.HistoryMissSupersampleCount:4]]
[2019.11.07-20.25.55:550][  0]LogConfig: Setting CVar [[r.LightMaxDrawDistanceScale:1]]
[2019.11.07-20.25.55:550][  0]LogConfig: Setting CVar [[r.CapsuleShadows:1]]
[2019.11.07-20.25.55:550][  0]LogConfig: Applying CVar settings from Section [PostProcessQuality@3] File [C:/Users/matth/Documents/Game Design/Uni stuff/ICAs Year 2/Game Development/Games-Development-ICA-Team-3/GD Team3 Project/Saved/Config/Windows/Scalability.ini]
[2019.11.07-20.25.55:550][  0]LogConfig: Setting CVar [[r.MotionBlurQuality:4]]
[2019.11.07-20.25.55:550][  0]LogConfig: Setting CVar [[r.AmbientOcclusionMipLevelFactor:0.4]]
[2019.11.07-20.25.55:550][  0]LogConfig: Setting CVar [[r.AmbientOcclusionMaxQuality:100]]
[2019.11.07-20.25.55:551][  0]LogConfig: Setting CVar [[r.AmbientOcclusionLevels:-1]]
[2019.11.07-20.25.55:551][  0]LogConfig: Setting CVar [[r.AmbientOcclusionRadiusScale:1.0]]
[2019.11.07-20.25.55:551][  0]LogConfig: Setting CVar [[r.DepthOfFieldQuality:2]]
[2019.11.07-20.25.55:551][  0]LogConfig: Setting CVar [[r.RenderTargetPoolMin:400]]
[2019.11.07-20.25.55:551][  0]LogConfig: Setting CVar [[r.LensFlareQuality:2]]
[2019.11.07-20.25.55:551][  0]LogConfig: Setting CVar [[r.SceneColorFringeQuality:1]]
[2019.11.07-20.25.55:551][  0]LogConfig: Setting CVar [[r.EyeAdaptationQuality:2]]
[2019.11.07-20.25.55:551][  0]LogConfig: Setting CVar [[r.BloomQuality:5]]
[2019.11.07-20.25.55:551][  0]LogConfig: Setting CVar [[r.FastBlurThreshold:100]]
[2019.11.07-20.25.55:551][  0]LogConfig: Setting CVar [[r.Upscale.Quality:3]]
[2019.11.07-20.25.55:551][  0]LogConfig: Setting CVar [[r.Tonemapper.GrainQuantization:1]]
[2019.11.07-20.25.55:551][  0]LogConfig: Setting CVar [[r.LightShaftQuality:1]]
[2019.11.07-20.25.55:551][  0]LogConfig: Setting CVar [[r.Filter.SizeScale:1]]
[2019.11.07-20.25.55:551][  0]LogConfig: Setting CVar [[r.Tonemapper.Quality:5]]
[2019.11.07-20.25.55:551][  0]LogConfig: Setting CVar [[r.DOF.Gather.AccumulatorQuality:1        ; higher gathering accumulator quality]]
[2019.11.07-20.25.55:551][  0]LogConfig: Setting CVar [[r.DOF.Gather.PostfilterMethod:1          ; Median3x3 postfilering method]]
[2019.11.07-20.25.55:551][  0]LogConfig: Setting CVar [[r.DOF.Gather.EnableBokehSettings:0       ; no bokeh simulation when gathering]]
[2019.11.07-20.25.55:551][  0]LogConfig: Setting CVar [[r.DOF.Gather.RingCount:4                 ; medium number of samples when gathering]]
[2019.11.07-20.25.55:551][  0]LogConfig: Setting CVar [[r.DOF.Scatter.ForegroundCompositing:1    ; additive foreground scattering]]
[2019.11.07-20.25.55:551][  0]LogConfig: Setting CVar [[r.DOF.Scatter.BackgroundCompositing:2    ; additive background scattering]]
[2019.11.07-20.25.55:551][  0]LogConfig: Setting CVar [[r.DOF.Scatter.EnableBokehSettings:1      ; bokeh simulation when scattering]]
[2019.11.07-20.25.55:551][  0]LogConfig: Setting CVar [[r.DOF.Scatter.MaxSpriteRatio:0.1         ; only a maximum of 10% of scattered bokeh]]
[2019.11.07-20.25.55:551][  0]LogConfig: Setting CVar [[r.DOF.Recombine.Quality:1                ; cheap slight out of focus]]
[2019.11.07-20.25.55:551][  0]LogConfig: Setting CVar [[r.DOF.Recombine.EnableBokehSettings:0    ; no bokeh simulation on slight out of focus]]
[2019.11.07-20.25.55:551][  0]LogConfig: Setting CVar [[r.DOF.TemporalAAQuality:1                ; more stable temporal accumulation]]
[2019.11.07-20.25.55:551][  0]LogConfig: Setting CVar [[r.DOF.Kernel.MaxForegroundRadius:0.025]]
[2019.11.07-20.25.55:551][  0]LogConfig: Setting CVar [[r.DOF.Kernel.MaxBackgroundRadius:0.025]]
[2019.11.07-20.25.55:551][  0]LogConfig: Applying CVar settings from Section [TextureQuality@3] File [C:/Users/matth/Documents/Game Design/Uni stuff/ICAs Year 2/Game Development/Games-Development-ICA-Team-3/GD Team3 Project/Saved/Config/Windows/Scalability.ini]
[2019.11.07-20.25.55:551][  0]LogConfig: Setting CVar [[r.Streaming.MipBias:0]]
[2019.11.07-20.25.55:551][  0]LogConfig: Setting CVar [[r.Streaming.AmortizeCPUToGPUCopy:0]]
[2019.11.07-20.25.55:551][  0]LogConfig: Setting CVar [[r.Streaming.MaxNumTexturesToStreamPerFrame:0]]
[2019.11.07-20.25.55:551][  0]LogConfig: Setting CVar [[r.Streaming.Boost:1]]
[2019.11.07-20.25.55:551][  0]LogConfig: Setting CVar [[r.MaxAnisotropy:8]]
[2019.11.07-20.25.55:551][  0]LogConfig: Setting CVar [[r.Streaming.LimitPoolSizeToVRAM:0]]
[2019.11.07-20.25.55:551][  0]LogConfig: Setting CVar [[r.Streaming.PoolSize:1000]]
[2019.11.07-20.25.55:551][  0]LogConfig: Setting CVar [[r.Streaming.MaxEffectiveScreenSize:0]]
[2019.11.07-20.25.55:551][  0]LogConfig: Applying CVar settings from Section [EffectsQuality@3] File [C:/Users/matth/Documents/Game Design/Uni stuff/ICAs Year 2/Game Development/Games-Development-ICA-Team-3/GD Team3 Project/Saved/Config/Windows/Scalability.ini]
[2019.11.07-20.25.55:551][  0]LogConfig: Setting CVar [[r.TranslucencyLightingVolumeDim:64]]
[2019.11.07-20.25.55:551][  0]LogConfig: Setting CVar [[r.RefractionQuality:2]]
[2019.11.07-20.25.55:551][  0]LogConfig: Setting CVar [[r.SSR.Quality:3]]
[2019.11.07-20.25.55:551][  0]LogConfig: Setting CVar [[r.SceneColorFormat:4]]
[2019.11.07-20.25.55:551][  0]LogConfig: Setting CVar [[r.DetailMode:2]]
[2019.11.07-20.25.55:551][  0]LogConfig: Setting CVar [[r.TranslucencyVolumeBlur:1]]
[2019.11.07-20.25.55:552][  0]LogConfig: Setting CVar [[r.MaterialQualityLevel:1 ; High quality]]
[2019.11.07-20.25.55:552][  0]LogConfig: Setting CVar [[r.SSS.Scale:1]]
[2019.11.07-20.25.55:552][  0]LogConfig: Setting CVar [[r.SSS.SampleSet:2]]
[2019.11.07-20.25.55:552][  0]LogConfig: Setting CVar [[r.SSS.Quality:1]]
[2019.11.07-20.25.55:552][  0]LogConfig: Setting CVar [[r.SSS.HalfRes:1]]
[2019.11.07-20.25.55:552][  0]LogConfig: Setting CVar [[r.EmitterSpawnRateScale:1.0]]
[2019.11.07-20.25.55:552][  0]LogConfig: Setting CVar [[r.ParticleLightQuality:2]]
[2019.11.07-20.25.55:552][  0]LogConfig: Applying CVar settings from Section [FoliageQuality@3] File [C:/Users/matth/Documents/Game Design/Uni stuff/ICAs Year 2/Game Development/Games-Development-ICA-Team-3/GD Team3 Project/Saved/Config/Windows/Scalability.ini]
[2019.11.07-20.25.55:552][  0]LogConfig: Setting CVar [[foliage.DensityScale:1.0]]
[2019.11.07-20.25.55:552][  0]LogConfig: Setting CVar [[grass.DensityScale:1.0]]
[2019.11.07-20.25.55:552][  0]LogInit: Selected Device Profile: [Windows]
[2019.11.07-20.25.55:552][  0]LogInit: Applying CVar settings loaded from the selected device profile: [Windows]
[2019.11.07-20.25.55:566][  0]LogHAL: Display: Platform has ~ 16 GB [17123729408 / 17179869184 / 16], which maps to Larger [LargestMinGB=32, LargerMinGB=12, DefaultMinGB=8, SmallerMinGB=6, SmallestMinGB=0)
[2019.11.07-20.25.55:566][  0]LogConfig: Setting CVar [[r.Vulkan.UseRealUBs:1]]
[2019.11.07-20.25.55:566][  0]LogInit: Going up to parent DeviceProfile []
[2019.11.07-20.25.55:566][  0]LogConfig: Applying CVar settings from Section [ViewDistanceQuality@3] File [C:/Users/matth/Documents/Game Design/Uni stuff/ICAs Year 2/Game Development/Games-Development-ICA-Team-3/GD Team3 Project/Saved/Config/Windows/Scalability.ini]
[2019.11.07-20.25.55:566][  0]LogConfig: Setting CVar [[r.SkeletalMeshLODBias:0]]
[2019.11.07-20.25.55:566][  0]LogConfig: Setting CVar [[r.ViewDistanceScale:1.0]]
[2019.11.07-20.25.55:566][  0]LogConfig: Applying CVar settings from Section [AntiAliasingQuality@3] File [C:/Users/matth/Documents/Game Design/Uni stuff/ICAs Year 2/Game Development/Games-Development-ICA-Team-3/GD Team3 Project/Saved/Config/Windows/Scalability.ini]
[2019.11.07-20.25.55:566][  0]LogConfig: Setting CVar [[r.PostProcessAAQuality:4]]
[2019.11.07-20.25.55:566][  0]LogConfig: Applying CVar settings from Section [ShadowQuality@3] File [C:/Users/matth/Documents/Game Design/Uni stuff/ICAs Year 2/Game Development/Games-Development-ICA-Team-3/GD Team3 Project/Saved/Config/Windows/Scalability.ini]
[2019.11.07-20.25.55:566][  0]LogConfig: Setting CVar [[r.LightFunctionQuality:1]]
[2019.11.07-20.25.55:566][  0]LogConfig: Setting CVar [[r.ShadowQuality:5]]
[2019.11.07-20.25.55:566][  0]LogConfig: Setting CVar [[r.Shadow.CSM.MaxCascades:10]]
[2019.11.07-20.25.55:566][  0]LogConfig: Setting CVar [[r.Shadow.MaxResolution:2048]]
[2019.11.07-20.25.55:566][  0]LogConfig: Setting CVar [[r.Shadow.MaxCSMResolution:2048]]
[2019.11.07-20.25.55:566][  0]LogConfig: Setting CVar [[r.Shadow.RadiusThreshold:0.01]]
[2019.11.07-20.25.55:566][  0]LogConfig: Setting CVar [[r.Shadow.DistanceScale:1.0]]
[2019.11.07-20.25.55:566][  0]LogConfig: Setting CVar [[r.Shadow.CSM.TransitionScale:1.0]]
[2019.11.07-20.25.55:566][  0]LogConfig: Setting CVar [[r.Shadow.PreShadowResolutionFactor:1.0]]
[2019.11.07-20.25.55:566][  0]LogConfig: Setting CVar [[r.DistanceFieldShadowing:1]]
[2019.11.07-20.25.55:566][  0]LogConfig: Setting CVar [[r.DistanceFieldAO:1]]
[2019.11.07-20.25.55:566][  0]LogConfig: Setting CVar [[r.AOQuality:2]]
[2019.11.07-20.25.55:566][  0]LogConfig: Setting CVar [[r.VolumetricFog:1]]
[2019.11.07-20.25.55:566][  0]LogConfig: Setting CVar [[r.VolumetricFog.GridPixelSize:8]]
[2019.11.07-20.25.55:566][  0]LogConfig: Setting CVar [[r.VolumetricFog.GridSizeZ:128]]
[2019.11.07-20.25.55:566][  0]LogConfig: Setting CVar [[r.VolumetricFog.HistoryMissSupersampleCount:4]]
[2019.11.07-20.25.55:566][  0]LogConfig: Setting CVar [[r.LightMaxDrawDistanceScale:1]]
[2019.11.07-20.25.55:566][  0]LogConfig: Setting CVar [[r.CapsuleShadows:1]]
[2019.11.07-20.25.55:566][  0]LogConfig: Applying CVar settings from Section [PostProcessQuality@3] File [C:/Users/matth/Documents/Game Design/Uni stuff/ICAs Year 2/Game Development/Games-Development-ICA-Team-3/GD Team3 Project/Saved/Config/Windows/Scalability.ini]
[2019.11.07-20.25.55:566][  0]LogConfig: Setting CVar [[r.MotionBlurQuality:4]]
[2019.11.07-20.25.55:566][  0]LogConfig: Setting CVar [[r.AmbientOcclusionMipLevelFactor:0.4]]
[2019.11.07-20.25.55:566][  0]LogConfig: Setting CVar [[r.AmbientOcclusionMaxQuality:100]]
[2019.11.07-20.25.55:567][  0]LogConfig: Setting CVar [[r.AmbientOcclusionLevels:-1]]
[2019.11.07-20.25.55:567][  0]LogConfig: Setting CVar [[r.AmbientOcclusionRadiusScale:1.0]]
[2019.11.07-20.25.55:567][  0]LogConfig: Setting CVar [[r.DepthOfFieldQuality:2]]
[2019.11.07-20.25.55:567][  0]LogConfig: Setting CVar [[r.RenderTargetPoolMin:400]]
[2019.11.07-20.25.55:567][  0]LogConfig: Setting CVar [[r.LensFlareQuality:2]]
[2019.11.07-20.25.55:567][  0]LogConfig: Setting CVar [[r.SceneColorFringeQuality:1]]
[2019.11.07-20.25.55:567][  0]LogConfig: Setting CVar [[r.EyeAdaptationQuality:2]]
[2019.11.07-20.25.55:567][  0]LogConfig: Setting CVar [[r.BloomQuality:5]]
[2019.11.07-20.25.55:567][  0]LogConfig: Setting CVar [[r.FastBlurThreshold:100]]
[2019.11.07-20.25.55:567][  0]LogConfig: Setting CVar [[r.Upscale.Quality:3]]
[2019.11.07-20.25.55:567][  0]LogConfig: Setting CVar [[r.Tonemapper.GrainQuantization:1]]
[2019.11.07-20.25.55:567][  0]LogConfig: Setting CVar [[r.LightShaftQuality:1]]
[2019.11.07-20.25.55:567][  0]LogConfig: Setting CVar [[r.Filter.SizeScale:1]]
[2019.11.07-20.25.55:567][  0]LogConfig: Setting CVar [[r.Tonemapper.Quality:5]]
[2019.11.07-20.25.55:567][  0]LogConfig: Setting CVar [[r.DOF.Gather.AccumulatorQuality:1        ; higher gathering accumulator quality]]
[2019.11.07-20.25.55:567][  0]LogConfig: Setting CVar [[r.DOF.Gather.PostfilterMethod:1          ; Median3x3 postfilering method]]
[2019.11.07-20.25.55:567][  0]LogConfig: Setting CVar [[r.DOF.Gather.EnableBokehSettings:0       ; no bokeh simulation when gathering]]
[2019.11.07-20.25.55:567][  0]LogConfig: Setting CVar [[r.DOF.Gather.RingCount:4                 ; medium number of samples when gathering]]
[2019.11.07-20.25.55:567][  0]LogConfig: Setting CVar [[r.DOF.Scatter.ForegroundCompositing:1    ; additive foreground scattering]]
[2019.11.07-20.25.55:567][  0]LogConfig: Setting CVar [[r.DOF.Scatter.BackgroundCompositing:2    ; additive background scattering]]
[2019.11.07-20.25.55:567][  0]LogConfig: Setting CVar [[r.DOF.Scatter.EnableBokehSettings:1      ; bokeh simulation when scattering]]
[2019.11.07-20.25.55:567][  0]LogConfig: Setting CVar [[r.DOF.Scatter.MaxSpriteRatio:0.1         ; only a maximum of 10% of scattered bokeh]]
[2019.11.07-20.25.55:567][  0]LogConfig: Setting CVar [[r.DOF.Recombine.Quality:1                ; cheap slight out of focus]]
[2019.11.07-20.25.55:567][  0]LogConfig: Setting CVar [[r.DOF.Recombine.EnableBokehSettings:0    ; no bokeh simulation on slight out of focus]]
[2019.11.07-20.25.55:567][  0]LogConfig: Setting CVar [[r.DOF.TemporalAAQuality:1                ; more stable temporal accumulation]]
[2019.11.07-20.25.55:567][  0]LogConfig: Setting CVar [[r.DOF.Kernel.MaxForegroundRadius:0.025]]
[2019.11.07-20.25.55:567][  0]LogConfig: Setting CVar [[r.DOF.Kernel.MaxBackgroundRadius:0.025]]
[2019.11.07-20.25.55:567][  0]LogConfig: Applying CVar settings from Section [TextureQuality@3] File [C:/Users/matth/Documents/Game Design/Uni stuff/ICAs Year 2/Game Development/Games-Development-ICA-Team-3/GD Team3 Project/Saved/Config/Windows/Scalability.ini]
[2019.11.07-20.25.55:567][  0]LogConfig: Setting CVar [[r.Streaming.MipBias:0]]
[2019.11.07-20.25.55:567][  0]LogConfig: Setting CVar [[r.Streaming.AmortizeCPUToGPUCopy:0]]
[2019.11.07-20.25.55:567][  0]LogConfig: Setting CVar [[r.Streaming.MaxNumTexturesToStreamPerFrame:0]]
[2019.11.07-20.25.55:567][  0]LogConfig: Setting CVar [[r.Streaming.Boost:1]]
[2019.11.07-20.25.55:567][  0]LogConfig: Setting CVar [[r.MaxAnisotropy:8]]
[2019.11.07-20.25.55:567][  0]LogConfig: Setting CVar [[r.Streaming.LimitPoolSizeToVRAM:0]]
[2019.11.07-20.25.55:567][  0]LogConfig: Setting CVar [[r.Streaming.PoolSize:1000]]
[2019.11.07-20.25.55:567][  0]LogConfig: Setting CVar [[r.Streaming.MaxEffectiveScreenSize:0]]
[2019.11.07-20.25.55:567][  0]LogConfig: Applying CVar settings from Section [EffectsQuality@3] File [C:/Users/matth/Documents/Game Design/Uni stuff/ICAs Year 2/Game Development/Games-Development-ICA-Team-3/GD Team3 Project/Saved/Config/Windows/Scalability.ini]
[2019.11.07-20.25.55:567][  0]LogConfig: Setting CVar [[r.TranslucencyLightingVolumeDim:64]]
[2019.11.07-20.25.55:567][  0]LogConfig: Setting CVar [[r.RefractionQuality:2]]
[2019.11.07-20.25.55:567][  0]LogConfig: Setting CVar [[r.SSR.Quality:3]]
[2019.11.07-20.25.55:567][  0]LogConfig: Setting CVar [[r.SceneColorFormat:4]]
[2019.11.07-20.25.55:568][  0]LogConfig: Setting CVar [[r.DetailMode:2]]
[2019.11.07-20.25.55:568][  0]LogConfig: Setting CVar [[r.TranslucencyVolumeBlur:1]]
[2019.11.07-20.25.55:568][  0]LogConfig: Setting CVar [[r.MaterialQualityLevel:1 ; High quality]]
[2019.11.07-20.25.55:568][  0]LogConfig: Setting CVar [[r.SSS.Scale:1]]
[2019.11.07-20.25.55:568][  0]LogConfig: Setting CVar [[r.SSS.SampleSet:2]]
[2019.11.07-20.25.55:568][  0]LogConfig: Setting CVar [[r.SSS.Quality:1]]
[2019.11.07-20.25.55:568][  0]LogConfig: Setting CVar [[r.SSS.HalfRes:1]]
[2019.11.07-20.25.55:568][  0]LogConfig: Setting CVar [[r.EmitterSpawnRateScale:1.0]]
[2019.11.07-20.25.55:568][  0]LogConfig: Setting CVar [[r.ParticleLightQuality:2]]
[2019.11.07-20.25.55:568][  0]LogConfig: Applying CVar settings from Section [FoliageQuality@3] File [C:/Users/matth/Documents/Game Design/Uni stuff/ICAs Year 2/Game Development/Games-Development-ICA-Team-3/GD Team3 Project/Saved/Config/Windows/Scalability.ini]
[2019.11.07-20.25.55:568][  0]LogConfig: Setting CVar [[foliage.DensityScale:1.0]]
[2019.11.07-20.25.55:568][  0]LogConfig: Setting CVar [[grass.DensityScale:1.0]]
[2019.11.07-20.25.55:568][  0]LogConfig: Applying CVar settings from Section [Startup] File [../../../Engine/Config/ConsoleVariables.ini]
[2019.11.07-20.25.55:568][  0]LogConfig: Setting CVar [[net.UseAdaptiveNetUpdateFrequency:0]]
[2019.11.07-20.25.55:568][  0]LogConfig: Applying CVar settings from Section [ConsoleVariables] File [C:/Users/matth/Documents/Game Design/Uni stuff/ICAs Year 2/Game Development/Games-Development-ICA-Team-3/GD Team3 Project/Saved/Config/Windows/Engine.ini]
[2019.11.07-20.25.55:568][  0]LogInit: Computer: DESKTOP-O677KB9
[2019.11.07-20.25.55:568][  0]LogInit: User: matth
[2019.11.07-20.25.55:568][  0]LogInit: CPU Page size=4096, Cores=2
[2019.11.07-20.25.55:568][  0]LogInit: High frequency timer resolution =10.000000 MHz
[2019.11.07-20.25.55:569][  0]LogMemory: Memory total: Physical=15.9GB (16GB approx)
[2019.11.07-20.25.55:569][  0]LogMemory: Platform Memory Stats for Windows
[2019.11.07-20.25.55:569][  0]LogMemory: Process Physical Memory: 103.66 MB used, 103.66 MB peak
[2019.11.07-20.25.55:569][  0]LogMemory: Process Virtual Memory: 92.27 MB used, 92.27 MB peak
[2019.11.07-20.25.55:569][  0]LogMemory: Physical Memory: 3804.96 MB used,  12525.50 MB free, 16330.46 MB total
[2019.11.07-20.25.55:569][  0]LogMemory: Virtual Memory: 4620.00 MB used,  134213104.00 MB free, 134217728.00 MB total
[2019.11.07-20.25.55:600][  0]LogInit: Using OS detected language (en-GB).
[2019.11.07-20.25.55:600][  0]LogInit: Using OS detected locale (en-GB).
[2019.11.07-20.25.55:602][  0]LogTextLocalizationManager: No specific localization for 'en-GB' exists, so the 'en' localization will be used.
[2019.11.07-20.25.56:160][  0]LogStreaming: Display: Took  0.560s to InitEngineTextLocalization.
[2019.11.07-20.25.56:160][  0]LogInit: Setting process to per monitor DPI aware
[2019.11.07-20.25.56:260][  0]LogSlate: New Slate User Created.  User Index 0, Is Virtual User: 0
[2019.11.07-20.25.56:260][  0]LogSlate: Slate User Registered.  User Index 0, Is Virtual User: 0
[2019.11.07-20.25.56:779][  0]LogHMD: Failed to initialize OpenVR with code 110
[2019.11.07-20.25.56:780][  0]LogD3D11RHI: D3D11 adapters:
[2019.11.07-20.25.56:901][  0]LogD3D11RHI:    0. 'NVIDIA GeForce GTX 970' (Feature Level 11_0)
[2019.11.07-20.25.56:901][  0]LogD3D11RHI:       4043/0/8165 MB DedicatedVideo/DedicatedSystem/SharedSystem, Outputs:1, VendorId:0x10de
[2019.11.07-20.25.56:905][  0]LogD3D11RHI:    1. 'Microsoft Basic Render Driver' (Feature Level 11_0)
[2019.11.07-20.25.56:905][  0]LogD3D11RHI:       0/0/8165 MB DedicatedVideo/DedicatedSystem/SharedSystem, Outputs:0, VendorId:0x1414
[2019.11.07-20.25.56:905][  0]LogD3D11RHI: Chosen D3D11 Adapter: 0
[2019.11.07-20.25.56:917][  0]LogD3D11RHI: Creating new Direct3DDevice
[2019.11.07-20.25.56:917][  0]LogD3D11RHI:     GPU DeviceId: 0x13c2 (for the marketing name, search the web for "GPU Device Id")
[2019.11.07-20.25.56:917][  0]LogWindows: EnumDisplayDevices:
[2019.11.07-20.25.56:917][  0]LogWindows:    0. 'NVIDIA GeForce GTX 970' (P:1 D:1)
[2019.11.07-20.25.56:918][  0]LogWindows:    1. 'NVIDIA GeForce GTX 970' (P:0 D:0)
[2019.11.07-20.25.56:918][  0]LogWindows:    2. 'NVIDIA GeForce GTX 970' (P:0 D:0)
[2019.11.07-20.25.56:918][  0]LogWindows:    3. 'NVIDIA GeForce GTX 970' (P:0 D:0)
[2019.11.07-20.25.56:919][  0]LogWindows: DebugString: FoundDriverCount:4 
[2019.11.07-20.25.56:919][  0]LogD3D11RHI:     Adapter Name: NVIDIA GeForce GTX 970
[2019.11.07-20.25.56:919][  0]LogD3D11RHI:   Driver Version: 436.30 (internal:26.21.14.3630, unified:436.30)
[2019.11.07-20.25.56:919][  0]LogD3D11RHI:      Driver Date: 9-5-2019
[2019.11.07-20.25.56:919][  0]LogRHI: Texture pool is 2830 MB (70% of 4043 MB)
[2019.11.07-20.25.56:992][  0]LogD3D11RHI: Async texture creation enabled
[2019.11.07-20.25.57:008][  0]LogD3D11RHI: GPU Timing Frequency: 1000.000000 (Debug: 2 1)
[2019.11.07-20.25.57:575][  0]LogTemp: Display: Loaded TP AllDesktopTargetPlatform
[2019.11.07-20.25.57:597][  0]LogTemp: Display: Loaded TP MacClientTargetPlatform
[2019.11.07-20.25.57:620][  0]LogTemp: Display: Loaded TP MacNoEditorTargetPlatform
[2019.11.07-20.25.57:644][  0]LogTemp: Display: Loaded TP MacServerTargetPlatform
[2019.11.07-20.25.57:667][  0]LogTemp: Display: Loaded TP MacTargetPlatform
[2019.11.07-20.25.57:690][  0]LogTemp: Display: Loaded TP WindowsClientTargetPlatform
[2019.11.07-20.25.57:713][  0]LogTemp: Display: Loaded TP WindowsNoEditorTargetPlatform
[2019.11.07-20.25.57:735][  0]LogTemp: Display: Loaded TP WindowsServerTargetPlatform
[2019.11.07-20.25.57:745][  0]LogTemp: Display: Loaded TP WindowsTargetPlatform
[2019.11.07-20.25.57:897][  0]LogTemp: Display: Loaded TP AndroidTargetPlatform
[2019.11.07-20.25.57:897][  0]LogTemp: Display: Loaded TP AndroidTargetPlatform
[2019.11.07-20.25.57:897][  0]LogTemp: Display: Loaded TP AndroidTargetPlatform
[2019.11.07-20.25.57:897][  0]LogTemp: Display: Loaded TP AndroidTargetPlatform
[2019.11.07-20.25.57:897][  0]LogTemp: Display: Loaded TP AndroidTargetPlatform
[2019.11.07-20.25.57:897][  0]LogTemp: Display: Loaded TP AndroidTargetPlatform
[2019.11.07-20.25.57:897][  0]LogTemp: Display: Loaded TP AndroidTargetPlatform
[2019.11.07-20.25.57:897][  0]LogTemp: Display: Loaded TP AndroidTargetPlatform
[2019.11.07-20.25.57:897][  0]LogTemp: Display: Loaded TP AndroidTargetPlatform
[2019.11.07-20.25.57:897][  0]LogTemp: Display: Loaded TP AndroidTargetPlatform
[2019.11.07-20.25.57:897][  0]LogTemp: Display: Loaded TP AndroidTargetPlatform
[2019.11.07-20.25.57:897][  0]LogTemp: Display: Loaded TP AndroidTargetPlatform
[2019.11.07-20.25.57:898][  0]LogTemp: Display: Loaded TP AndroidTargetPlatform
[2019.11.07-20.25.57:898][  0]LogTemp: Display: Loaded TP AndroidTargetPlatform
[2019.11.07-20.25.57:898][  0]LogTemp: Display: Loaded TP AndroidTargetPlatform
[2019.11.07-20.25.57:898][  0]LogTemp: Display: Loaded TP AndroidTargetPlatform
[2019.11.07-20.25.57:898][  0]LogTemp: Display: Loaded TP AndroidTargetPlatform
[2019.11.07-20.25.57:898][  0]LogTemp: Display: Loaded TP AndroidTargetPlatform
[2019.11.07-20.25.57:900][  0]LogTemp: Display: Loaded TP HTML5TargetPlatform
[2019.11.07-20.25.57:987][  0]LogTemp: Display: Loaded TP IOSTargetPlatform
[2019.11.07-20.25.57:987][  0]LogTemp: Display: Loaded TP IOSTargetPlatform
[2019.11.07-20.25.58:039][  0]LogTemp: Display: Loaded TP TVOSTargetPlatform
[2019.11.07-20.25.58:039][  0]LogTemp: Display: Loaded TP TVOSTargetPlatform
[2019.11.07-20.25.58:072][  0]LogTemp: Display: Loaded TP LinuxClientTargetPlatform
[2019.11.07-20.25.58:097][  0]LogTemp: Display: Loaded TP LinuxNoEditorTargetPlatform
[2019.11.07-20.25.58:122][  0]LogTemp: Display: Loaded TP LinuxServerTargetPlatform
[2019.11.07-20.25.58:150][  0]LogTemp: Display: Loaded TP LinuxTargetPlatform
[2019.11.07-20.25.58:242][  0]LogTemp: Display: Loaded TP LuminTargetPlatform
[2019.11.07-20.25.58:242][  0]LogTemp: Display: Loaded TP LuminTargetPlatform
[2019.11.07-20.25.58:242][  0]LogTargetPlatformManager: Display: Building Assets For Windows
[2019.11.07-20.25.58:315][  0]LogShaderCompilers: Guid format shader working directory is -75 characters bigger than the processId version (C:/Users/matth/Documents/Game Design/Uni stuff/ICAs Year 2/Game Development/Games-Development-ICA-Team-3/GD Team3 Project/Intermediate/Shaders/WorkingDirectory/8672/).
[2019.11.07-20.25.58:316][  0]LogShaderCompilers: Cleaned the shader compiler working directory 'C:/Users/matth/AppData/Local/Temp/UnrealShaderWorkingDir/2177042148E8F7A2BDE386AAFFF9EB06/'.
[2019.11.07-20.25.58:318][  0]LogXGEController: Cleaning working directory: C:/Users/matth/AppData/Local/Temp/UnrealXGEWorkingDir/
[2019.11.07-20.25.58:318][  0]LogXGEController: Cannot use XGE Controller as Incredibuild is not installed on this machine.
[2019.11.07-20.25.58:318][  0]LogShaderCompilers: Cannot use XGE Shader Compiler as Incredibuild is not installed on this machine.
[2019.11.07-20.25.58:318][  0]LogShaderCompilers: Display: Using Local Shader Compiler.
[2019.11.07-20.25.59:425][  0]LogDerivedDataCache: Display: Max Cache Size: 512 MB
[2019.11.07-20.25.59:521][  0]LogDerivedDataCache: Loaded boot cache 0.10s 71MB C:/Users/matth/AppData/Local/UnrealEngine/4.21/DerivedDataCache/Boot.ddc.
[2019.11.07-20.25.59:521][  0]LogDerivedDataCache: Display: Loaded Boot cache: C:/Users/matth/AppData/Local/UnrealEngine/4.21/DerivedDataCache/Boot.ddc
[2019.11.07-20.25.59:521][  0]LogDerivedDataCache: FDerivedDataBackendGraph:  Pak pak cache file C:/Users/matth/Documents/Game Design/Uni stuff/ICAs Year 2/Game Development/Games-Development-ICA-Team-3/GD Team3 Project/DerivedDataCache/DDC.ddp not found, will not use a pak cache.
[2019.11.07-20.25.59:521][  0]LogDerivedDataCache: Unable to find inner node Pak for hierarchical cache Hierarchy.
[2019.11.07-20.25.59:521][  0]LogDerivedDataCache: FDerivedDataBackendGraph:  CompressedPak pak cache file C:/Users/matth/Documents/Game Design/Uni stuff/ICAs Year 2/Game Development/Games-Development-ICA-Team-3/GD Team3 Project/DerivedDataCache/Compressed.ddp not found, will not use a pak cache.
[2019.11.07-20.25.59:521][  0]LogDerivedDataCache: Unable to find inner node CompressedPak for hierarchical cache Hierarchy.
[2019.11.07-20.25.59:551][  0]LogDerivedDataCache: Display: Pak cache opened for reading ../../../Engine/DerivedDataCache/Compressed.ddp.
[2019.11.07-20.25.59:551][  0]LogDerivedDataCache: FDerivedDataBackendGraph:  EnterprisePak pak cache file ../../../Enterprise/DerivedDataCache/Compressed.ddp not found, will not use a pak cache.
[2019.11.07-20.25.59:551][  0]LogDerivedDataCache: Unable to find inner node EnterprisePak for hierarchical cache Hierarchy.
[2019.11.07-20.25.59:564][  0]LogDerivedDataCache: Using Local data cache path C:/Users/matth/AppData/Local/UnrealEngine/Common/DerivedDataCache: Writable
[2019.11.07-20.25.59:564][  0]LogDerivedDataCache: Shared data cache path not found in *engine.ini, will not use an Shared cache.
[2019.11.07-20.25.59:564][  0]LogDerivedDataCache: Unable to find inner node Shared for hierarchical cache Hierarchy.
[2019.11.07-20.25.59:620][  0]LogMaterial: Verifying Global Shaders for PCD3D_SM5
[2019.11.07-20.25.59:622][  0]LogSlate: Using FreeType 2.6.0
[2019.11.07-20.25.59:624][  0]LogSlate: SlateFontServices - WITH_FREETYPE: 1, WITH_HARFBUZZ: 1
[2019.11.07-20.25.59:761][  0]LogAssetRegistry: FAssetRegistry took 0.0432 seconds to start up
[2019.11.07-20.26.00:617][  0]LogInit: Selected Device Profile: [Windows]
[2019.11.07-20.26.00:997][  0]LogSimplygon: Simplygon DLL not present - disabling.
[2019.11.07-20.26.01:006][  0]LogMeshReduction: Using SimplygonSwarm for distributed automatic mesh merging
[2019.11.07-20.26.01:007][  0]LogMeshReduction: Using ProxyLODMeshReduction for automatic mesh merging
[2019.11.07-20.26.01:007][  0]LogMeshReduction: Using QuadricMeshReduction for automatic static mesh reduction
[2019.11.07-20.26.01:007][  0]LogMeshReduction: No automatic skeletal mesh reduction module available
[2019.11.07-20.26.01:051][  0]LogNetVersion: GDTeam3Project 1.0.0, NetCL: 4541578, EngineNetVer: 5, GameNetVer: 0 (Checksum: 372557075)
[2019.11.07-20.26.01:951][  0]LogPackageLocalizationCache: Processed 11 localized package path(s) for 2 prioritized culture(s) in 0.110201 seconds
[2019.11.07-20.26.01:959][  0]LogUObjectArray: 39775 objects as part of root set at end of initial load.
[2019.11.07-20.26.01:959][  0]LogUObjectAllocator: 6914664 out of 0 bytes used by permanent object pool.
[2019.11.07-20.26.01:960][  0]LogUObjectArray: CloseDisregardForGC: 0/0 objects in disregard for GC pool
[2019.11.07-20.26.03:484][  0]LogTcpMessaging: Initializing TcpMessaging bridge
[2019.11.07-20.26.03:499][  0]LogUdpMessaging: Initializing bridge on interface 0.0.0.0:0 to multicast group 230.0.0.1:6666.
[2019.11.07-20.26.04:643][  0]SourceControl: Source control is disabled
[2019.11.07-20.26.04:643][  0]SourceControl: Source control is disabled
[2019.11.07-20.26.04:644][  0]SourceControl: Source control is disabled
[2019.11.07-20.26.04:646][  0]SourceControl: Source control is disabled
[2019.11.07-20.26.04:841][  0]LogAndroidPermission: UAndroidPermissionCallbackProxy::GetInstance
[2019.11.07-20.26.05:026][  0]LogOcInput: OculusInput pre-init called
[2019.11.07-20.26.05:191][  0]LogEngine: Initializing Engine...
[2019.11.07-20.26.05:192][  0]LogHMD: Failed to initialize OpenVR with code 110
[2019.11.07-20.26.05:194][  0]LogStats: UGameplayTagsManager::ConstructGameplayTagTree: ImportINI prefixes -  0.000 s
[2019.11.07-20.26.05:194][  0]LogStats: UGameplayTagsManager::ConstructGameplayTagTree: Construct from data asset -  0.000 s
[2019.11.07-20.26.05:195][  0]LogStats: UGameplayTagsManager::ConstructGameplayTagTree: ImportINI -  0.000 s
[2019.11.07-20.26.05:195][  0]LogStats: UGameplayTagsManager::ConstructGameplayTagTree: GameplayTagTreeChangedEvent.Broadcast -  0.000 s
[2019.11.07-20.26.05:654][  0]LogInit: Initializing FReadOnlyCVARCache
[2019.11.07-20.26.05:679][  0]LogAIModule: Creating AISystem for world Untitled
[2019.11.07-20.26.05:762][  0]LogInit: XAudio2 using 'Speakers (High Definition Audio Device)' : 2 channels at 48 kHz using 16 bits per sample (channel mask 0x3)
[2019.11.07-20.26.05:821][  0]LogInit: FAudioDevice initialized.
[2019.11.07-20.26.05:822][  0]LogNetVersion: Set ProjectVersion to 1.0.0.0. Version Checksum will be recalculated on next use.
[2019.11.07-20.26.06:099][  0]LogDerivedDataCache: Saved boot cache 0.28s 71MB C:/Users/matth/AppData/Local/UnrealEngine/4.21/DerivedDataCache/Boot.ddc.
[2019.11.07-20.26.06:100][  0]LogInit: Texture streaming: Enabled
[2019.11.07-20.26.06:123][  0]LogEngineSessionManager: EngineSessionManager initialized
[2019.11.07-20.26.06:141][  0]LogInit: Transaction tracking system initialized
[2019.11.07-20.26.06:170][  0]BlueprintLog: New page: Editor Load
[2019.11.07-20.26.06:340][  0]LocalizationService: Localization service is disabled
[2019.11.07-20.26.06:961][  0]LogCook: Display: Max memory allowance for cook 16384mb min free memory 0mb
[2019.11.07-20.26.06:961][  0]LogCook: Display: Mobile HDR setting 1
[2019.11.07-20.26.06:961][  0]LogGameplayTags: Display: UGameplayTagsManager::DoneAddingNativeTags. DelegateIsBound: 0
[2019.11.07-20.26.06:961][  0]LogStats: UGameplayTagsManager::ConstructGameplayTagTree: ImportINI prefixes -  0.000 s
[2019.11.07-20.26.06:961][  0]LogStats: UGameplayTagsManager::ConstructGameplayTagTree: Construct from data asset -  0.000 s
[2019.11.07-20.26.06:962][  0]LogStats: UGameplayTagsManager::ConstructGameplayTagTree: ImportINI -  0.000 s
[2019.11.07-20.26.06:962][  0]LogStats: UGameplayTagsManager::ConstructGameplayTagTree: GameplayTagTreeChangedEvent.Broadcast -  0.000 s
[2019.11.07-20.26.07:145][  0]LogFileCache: Scanning file cache for directory 'C:/Users/matth/Documents/Game Design/Uni stuff/ICAs Year 2/Game Development/Games-Development-ICA-Team-3/GD Team3 Project/Content/' took 0.04s
[2019.11.07-20.26.07:145][  0]SourceControl: Source control is disabled
[2019.11.07-20.26.07:146][  0]LightingResults: New page: Lighting Build
[2019.11.07-20.26.07:149][  0]MapCheck: New page: Map Check
[2019.11.07-20.26.07:149][  0]LightingResults: New page: Lighting Build
[2019.11.07-20.26.08:131][  0]LogAIModule: Creating AISystem for world TwinStickExampleMap
[2019.11.07-20.26.08:142][  0]LogEditorServer: Finished looking for orphan Actors (0.000 secs)
[2019.11.07-20.26.08:186][  0]Cmd: MAP CHECKDEP NOCLEARLOG
[2019.11.07-20.26.08:186][  0]MapCheck: Map check complete: 0 Error(s), 0 Warning(s), took 0.183ms to complete.
[2019.11.07-20.26.08:186][  0]LogFileHelpers: Loading map 'TwinStickExampleMap' took 1.041
[2019.11.07-20.26.08:338][  0]LogSlate: Updating window title bar state: overlay mode, drag disabled, window buttons hidden, title bar hidden
[2019.11.07-20.26.08:351][  0]LogSlate: Updating window title bar state: overlay mode, drag disabled, window buttons hidden, title bar hidden
[2019.11.07-20.26.08:367][  0]LogSlate: Updating window title bar state: overlay mode, drag disabled, window buttons hidden, title bar hidden
[2019.11.07-20.26.08:380][  0]LogSlate: Updating window title bar state: overlay mode, drag disabled, window buttons hidden, title bar hidden
[2019.11.07-20.26.08:387][  0]LogCollectionManager: Loaded 0 collections in 0.001522 seconds
[2019.11.07-20.26.08:429][  0]LogFileCache: Scanning file cache for directory 'C:/Users/matth/Documents/Game Design/Uni stuff/ICAs Year 2/Game Development/Games-Development-ICA-Team-3/GD Team3 Project/Saved/Collections/' took 0.01s
[2019.11.07-20.26.08:429][  0]LogFileCache: Scanning file cache for directory 'C:/Users/matth/Documents/Game Design/Uni stuff/ICAs Year 2/Game Development/Games-Development-ICA-Team-3/GD Team3 Project/Content/Developers/matth/Collections/' took 0.01s
[2019.11.07-20.26.08:429][  0]LogFileCache: Scanning file cache for directory 'C:/Users/matth/Documents/Game Design/Uni stuff/ICAs Year 2/Game Development/Games-Development-ICA-Team-3/GD Team3 Project/Content/Collections/' took 0.01s
[2019.11.07-20.26.08:430][  0]LogCollectionManager: Rebuilt the GUID cache for 0 collections in 0.000000 seconds
[2019.11.07-20.26.08:448][  0]LogContentBrowser: Native class hierarchy populated in 0.0181 seconds. Added 2651 classes and 620 folders.
[2019.11.07-20.26.08:455][  0]LogContentBrowser: Native class hierarchy updated for 'WidgetCarousel' in 0.0003 seconds. Added 0 classes and 0 folders.
[2019.11.07-20.26.08:457][  0]LogPakFile: Registered encryption key '00000000000000000000000000000000': 0 pak files mounted, 0 remain pending
[2019.11.07-20.26.08:459][  0]LogPakFile: Registered encryption key '00000000000000000000000000000000': 0 pak files mounted, 0 remain pending
[2019.11.07-20.26.08:459][  0]LogPakFile: Registered encryption key '00000000000000000000000000000000': 0 pak files mounted, 0 remain pending
[2019.11.07-20.26.08:460][  0]LogPakFile: Registered encryption key '00000000000000000000000000000000': 0 pak files mounted, 0 remain pending
[2019.11.07-20.26.08:461][  0]LogPakFile: Registered encryption key '00000000000000000000000000000000': 0 pak files mounted, 0 remain pending
[2019.11.07-20.26.08:462][  0]LogPakFile: Registered encryption key '00000000000000000000000000000000': 0 pak files mounted, 0 remain pending
[2019.11.07-20.26.08:463][  0]LogPakFile: Registered encryption key '00000000000000000000000000000000': 0 pak files mounted, 0 remain pending
[2019.11.07-20.26.08:464][  0]LogPakFile: Registered encryption key '00000000000000000000000000000000': 0 pak files mounted, 0 remain pending
[2019.11.07-20.26.08:465][  0]LogPakFile: Registered encryption key '00000000000000000000000000000000': 0 pak files mounted, 0 remain pending
[2019.11.07-20.26.08:465][  0]LogPakFile: Registered encryption key '00000000000000000000000000000000': 0 pak files mounted, 0 remain pending
[2019.11.07-20.26.08:466][  0]LogPakFile: Registered encryption key '00000000000000000000000000000000': 0 pak files mounted, 0 remain pending
[2019.11.07-20.26.08:467][  0]LogPakFile: Registered encryption key '00000000000000000000000000000000': 0 pak files mounted, 0 remain pending
[2019.11.07-20.26.08:468][  0]LogPakFile: Registered encryption key '00000000000000000000000000000000': 0 pak files mounted, 0 remain pending
[2019.11.07-20.26.08:469][  0]LogPakFile: Registered encryption key '00000000000000000000000000000000': 0 pak files mounted, 0 remain pending
[2019.11.07-20.26.08:471][  0]LogPakFile: Registered encryption key '00000000000000000000000000000000': 0 pak files mounted, 0 remain pending
[2019.11.07-20.26.08:472][  0]LogPakFile: Registered encryption key '00000000000000000000000000000000': 0 pak files mounted, 0 remain pending
[2019.11.07-20.26.08:473][  0]LogPakFile: Registered encryption key '00000000000000000000000000000000': 0 pak files mounted, 0 remain pending
[2019.11.07-20.26.08:474][  0]LogPakFile: Registered encryption key '00000000000000000000000000000000': 0 pak files mounted, 0 remain pending
[2019.11.07-20.26.08:475][  0]LogPakFile: Registered encryption key '00000000000000000000000000000000': 0 pak files mounted, 0 remain pending
[2019.11.07-20.26.08:475][  0]LogPakFile: Registered encryption key '00000000000000000000000000000000': 0 pak files mounted, 0 remain pending
[2019.11.07-20.26.08:476][  0]LogPakFile: Registered encryption key '00000000000000000000000000000000': 0 pak files mounted, 0 remain pending
[2019.11.07-20.26.08:478][  0]LogPakFile: Registered encryption key '00000000000000000000000000000000': 0 pak files mounted, 0 remain pending
[2019.11.07-20.26.08:479][  0]LogPakFile: Registered encryption key '00000000000000000000000000000000': 0 pak files mounted, 0 remain pending
[2019.11.07-20.26.08:480][  0]LogPakFile: Registered encryption key '00000000000000000000000000000000': 0 pak files mounted, 0 remain pending
[2019.11.07-20.26.08:481][  0]LogPakFile: Registered encryption key '00000000000000000000000000000000': 0 pak files mounted, 0 remain pending
[2019.11.07-20.26.08:482][  0]LogPakFile: Registered encryption key '00000000000000000000000000000000': 0 pak files mounted, 0 remain pending
[2019.11.07-20.26.08:556][  0]LogContentBrowser: Native class hierarchy updated for 'AddContentDialog' in 0.0003 seconds. Added 0 classes and 0 folders.
[2019.11.07-20.26.08:562][  0]LogContentBrowser: Native class hierarchy updated for 'SceneOutliner' in 0.0004 seconds. Added 1 classes and 2 folders.
[2019.11.07-20.26.08:593][  0]LogSlate: Took 0.000348 seconds to synchronously load lazily loaded font '../../../Engine/Content/Slate/Fonts/Roboto-Regular.ttf' (155K)
[2019.11.07-20.26.08:596][  0]LogSlate: Took 0.000319 seconds to synchronously load lazily loaded font '../../../Engine/Content/Slate/Fonts/Roboto-Bold.ttf' (160K)
[2019.11.07-20.26.08:607][  0]LogSlate: Took 0.000294 seconds to synchronously load lazily loaded font '../../../Engine/Content/Editor/Slate/Fonts/FontAwesome.ttf' (139K)
[2019.11.07-20.26.08:732][  0]LogRenderer: Reallocating scene render targets to support 1208x576 Format 10 NumSamples 1 (Frame:1).
[2019.11.07-20.26.08:905][  0]LogContentBrowser: Native class hierarchy updated for 'HierarchicalLODOutliner' in 0.0004 seconds. Added 0 classes and 0 folders.
[2019.11.07-20.26.08:905][  0]LogLoad: (Engine Initialization) Total time: 15.83 seconds
[2019.11.07-20.26.08:905][  0]LogLoad: (Engine Initialization) Total Blueprint compile time: 0.00 seconds
[2019.11.07-20.26.09:018][  0]LogContentStreaming: Texture pool size now 1000 MB
[2019.11.07-20.26.09:053][  0]LogSlate: Took 0.000329 seconds to synchronously load lazily loaded font '../../../Engine/Content/Slate/Fonts/Roboto-Light.ttf' (167K)
[2019.11.07-20.26.09:569][  4]LogAssetRegistry: Asset discovery search completed in 9.8309 seconds
[2019.11.07-20.26.09:572][  4]LogCollectionManager: Rebuilt the object cache for 0 collections in 0.000000 seconds (found 0 objects)
[2019.11.07-20.26.09:572][  4]LogCollectionManager: Fixed up redirectors for 0 collections in 0.000071 seconds (updated 0 objects)
[2019.11.07-20.26.10:035][ 11]LogSlate: Took 0.000267 seconds to synchronously load lazily loaded font '../../../Engine/Content/Slate/Fonts/Roboto-Light.ttf' (167K)
[2019.11.07-20.26.14:082][330]LogFileCache: Retrieving MD5 hashes for directory 'C:/Users/matth/Documents/Game Design/Uni stuff/ICAs Year 2/Game Development/Games-Development-ICA-Team-3/GD Team3 Project/Content/' took 5.15s
[2019.11.07-20.26.39:157][263]LogSlate: FSceneViewport::OnFocusLost() reason 0
[2019.11.07-20.26.41:942][532]LogSlate: FSceneViewport::OnFocusLost() reason 0
[2019.11.07-20.26.41:992][538]LogTemp: Repeating last play command: Selected Viewport
[2019.11.07-20.26.42:013][538]LogBlueprintUserMessages: Early PlayInEditor Detection: Level '/Game/TwinStickBP/Maps/TwinStickExampleMap.TwinStickExampleMap:PersistentLevel' has LevelScriptBlueprint '/Game/TwinStickBP/Maps/TwinStickExampleMap.TwinStickExampleMap:PersistentLevel.TwinStickExampleMap' with GeneratedClass '/Game/TwinStickBP/Maps/TwinStickExampleMap.TwinStickExampleMap_C' with ClassGeneratedBy '/Game/TwinStickBP/Maps/TwinStickExampleMap.TwinStickExampleMap:PersistentLevel.TwinStickExampleMap'
[2019.11.07-20.26.42:013][538]LogPlayLevel: PlayLevel: No blueprints needed recompiling
[2019.11.07-20.26.42:014][538]PIE: New page: PIE session: TwinStickExampleMap (7 Nov 2019 20:26:42)
[2019.11.07-20.26.42:027][538]LogPlayLevel: Creating play world package: /Game/TwinStickBP/Maps/UEDPIE_0_TwinStickExampleMap
[2019.11.07-20.26.42:035][538]LogPlayLevel: PIE: StaticDuplicateObject took: (0.007592s)
[2019.11.07-20.26.42:036][538]LogAIModule: Creating AISystem for world TwinStickExampleMap
[2019.11.07-20.26.42:036][538]LogPlayLevel: PIE: World Init took: (0.001215s)
[2019.11.07-20.26.42:036][538]LogPlayLevel: PIE: Created PIE world by copying editor world from /Game/TwinStickBP/Maps/TwinStickExampleMap.TwinStickExampleMap to /Game/TwinStickBP/Maps/UEDPIE_0_TwinStickExampleMap.TwinStickExampleMap (0.009287s)
[2019.11.07-20.26.42:135][538]LogInit: XAudio2 using 'Speakers (High Definition Audio Device)' : 2 channels at 48 kHz using 16 bits per sample (channel mask 0x3)
[2019.11.07-20.26.42:159][538]LogInit: FAudioDevice initialized.
[2019.11.07-20.26.42:210][538]LogLoad: Game class is 'TwinStickGameMode_C'
[2019.11.07-20.26.42:214][538]LogWorld: Bringing World /Game/TwinStickBP/Maps/UEDPIE_0_TwinStickExampleMap.TwinStickExampleMap up for play (max tick rate 0) at 2019.11.07-20.26.42
[2019.11.07-20.26.42:216][538]LogWorld: Bringing up level for play took: 0.004495
[2019.11.07-20.26.42:234][538]LogContentBrowser: Native class hierarchy updated for 'MovieSceneCapture' in 0.0005 seconds. Added 20 classes and 0 folders.
[2019.11.07-20.26.42:239][538]PIE: Play in editor start time for /Game/TwinStickBP/Maps/UEDPIE_0_TwinStickExampleMap -0.528
[2019.11.07-20.26.42:239][538]LogBlueprintUserMessages: Late PlayInEditor Detection: Level '/Game/TwinStickBP/Maps/TwinStickExampleMap.TwinStickExampleMap:PersistentLevel' has LevelScriptBlueprint '/Game/TwinStickBP/Maps/TwinStickExampleMap.TwinStickExampleMap:PersistentLevel.TwinStickExampleMap' with GeneratedClass '/Game/TwinStickBP/Maps/TwinStickExampleMap.TwinStickExampleMap_C' with ClassGeneratedBy '/Game/TwinStickBP/Maps/TwinStickExampleMap.TwinStickExampleMap:PersistentLevel.TwinStickExampleMap'
[2019.11.07-20.26.42:241][538]LogBlueprintUserMessages: [BTT_FindRandomPatrol_C_0] BTT_FindPatrol done
[2019.11.07-20.26.42:242][538]LogBlueprintUserMessages: [Controller_AI_C_0] Player Spotted
[2019.11.07-20.26.43:290][655]LogBlueprintUserMessages: [BTT_ChasePlayer_C_0] BTT_ChasePlayer done
[2019.11.07-20.26.44:324][771]LogBlueprintUserMessages: [BTT_ChasePlayer_C_0] BTT_ChasePlayer done
[2019.11.07-20.26.45:357][894]LogBlueprintUserMessages: [BTT_ChasePlayer_C_0] BTT_ChasePlayer done
[2019.11.07-20.26.46:385][ 16]LogBlueprintUserMessages: [BTT_ChasePlayer_C_0] BTT_ChasePlayer done
[2019.11.07-20.26.47:414][139]LogBlueprintUserMessages: [BTT_ChasePlayer_C_0] BTT_ChasePlayer done
[2019.11.07-20.26.48:442][262]LogBlueprintUserMessages: [BTT_ChasePlayer_C_0] BTT_ChasePlayer done
[2019.11.07-20.26.49:186][351]LogBlueprintUserMessages: Early EndPlayMap Detection: Level '/Game/TwinStickBP/Maps/TwinStickExampleMap.TwinStickExampleMap:PersistentLevel' has LevelScriptBlueprint '/Game/TwinStickBP/Maps/TwinStickExampleMap.TwinStickExampleMap:PersistentLevel.TwinStickExampleMap' with GeneratedClass '/Game/TwinStickBP/Maps/TwinStickExampleMap.TwinStickExampleMap_C' with ClassGeneratedBy '/Game/TwinStickBP/Maps/TwinStickExampleMap.TwinStickExampleMap:PersistentLevel.TwinStickExampleMap'
[2019.11.07-20.26.49:187][351]LogSlate: Updating window title bar state: overlay mode, drag disabled, window buttons hidden, title bar hidden
[2019.11.07-20.26.49:224][351]LogPlayLevel: Display: Shutting down PIE online subsystems
[2019.11.07-20.26.49:224][351]LogBlueprintUserMessages: Late EndPlayMap Detection: Level '/Game/TwinStickBP/Maps/TwinStickExampleMap.TwinStickExampleMap:PersistentLevel' has LevelScriptBlueprint '/Game/TwinStickBP/Maps/TwinStickExampleMap.TwinStickExampleMap:PersistentLevel.TwinStickExampleMap' with GeneratedClass '/Game/TwinStickBP/Maps/TwinStickExampleMap.TwinStickExampleMap_C' with ClassGeneratedBy '/Game/TwinStickBP/Maps/TwinStickExampleMap.TwinStickExampleMap:PersistentLevel.TwinStickExampleMap'
[2019.11.07-20.26.49:268][351]LogSlate: Updating window title bar state: overlay mode, drag disabled, window buttons hidden, title bar hidden
[2019.11.07-20.26.49:293][352]LogPlayLevel: Display: Destroying online subsystem :Context_3
[2019.11.07-20.27.13:687][199]LogSlate: FSceneViewport::OnFocusLost() reason 0
[2019.11.07-20.27.13:924][220]LogAssetEditorManager: Opening Asset editor for Blueprint /Game/Player/BP_MechCharacter.BP_MechCharacter
[2019.11.07-20.27.14:754][220]LogContentBrowser: Native class hierarchy updated for 'BlueprintGraph' in 0.0011 seconds. Added 117 classes and 0 folders.
[2019.11.07-20.27.16:368][220]LogSlate: Took 0.023174 seconds to synchronously load lazily loaded font '../../../Engine/Content/Slate/Fonts/Roboto-BoldCondensed.ttf' (158K)
[2019.11.07-20.27.16:703][221]LogSlate: Took 0.000390 seconds to synchronously load lazily loaded font '../../../Engine/Content/Slate/Fonts/Roboto-Italic.ttf' (157K)
[2019.11.07-20.31.11:575][674]LogSlate: Took 0.021698 seconds to synchronously load lazily loaded font '../../../Engine/Content/Slate/Fonts/Roboto-BoldCondensedItalic.ttf' (160K)
[2019.11.07-20.31.34:734][968]BlueprintLog: New page: Compile BP_MechCharacter
[2019.11.07-20.31.50:733][819]BlueprintLog: New page: Compile BP_MechCharacter
[2019.11.07-20.32.56:061][625]BlueprintLog: New page: Compile BP_MechCharacter
[2019.11.07-20.33.43:800][578]BlueprintLog: New page: Compile BP_MechCharacter
[2019.11.07-20.33.48:837][897]LogTemp: Repeating last play command: Selected Viewport
[2019.11.07-20.33.48:863][897]LogBlueprintUserMessages: Early PlayInEditor Detection: Level '/Game/TwinStickBP/Maps/TwinStickExampleMap.TwinStickExampleMap:PersistentLevel' has LevelScriptBlueprint '/Game/TwinStickBP/Maps/TwinStickExampleMap.TwinStickExampleMap:PersistentLevel.TwinStickExampleMap' with GeneratedClass '/Game/TwinStickBP/Maps/TwinStickExampleMap.TwinStickExampleMap_C' with ClassGeneratedBy '/Game/TwinStickBP/Maps/TwinStickExampleMap.TwinStickExampleMap:PersistentLevel.TwinStickExampleMap'
[2019.11.07-20.33.48:863][897]LogPlayLevel: PlayLevel: No blueprints needed recompiling
[2019.11.07-20.33.48:864][897]PIE: New page: PIE session: TwinStickExampleMap (7 Nov 2019 20:33:48)
[2019.11.07-20.33.48:864][897]LogPlayLevel: Creating play world package: /Game/TwinStickBP/Maps/UEDPIE_0_TwinStickExampleMap
[2019.11.07-20.33.48:870][897]LogPlayLevel: PIE: StaticDuplicateObject took: (0.006617s)
[2019.11.07-20.33.48:871][897]LogAIModule: Creating AISystem for world TwinStickExampleMap
[2019.11.07-20.33.48:871][897]LogPlayLevel: PIE: World Init took: (0.001025s)
[2019.11.07-20.33.48:871][897]LogPlayLevel: PIE: Created PIE world by copying editor world from /Game/TwinStickBP/Maps/TwinStickExampleMap.TwinStickExampleMap to /Game/TwinStickBP/Maps/UEDPIE_0_TwinStickExampleMap.TwinStickExampleMap (0.007838s)
[2019.11.07-20.33.48:978][897]LogInit: XAudio2 using 'Speakers (High Definition Audio Device)' : 2 channels at 48 kHz using 16 bits per sample (channel mask 0x3)
[2019.11.07-20.33.49:000][897]LogInit: FAudioDevice initialized.
[2019.11.07-20.33.49:037][897]LogLoad: Game class is 'TwinStickGameMode_C'
[2019.11.07-20.33.49:040][897]LogWorld: Bringing World /Game/TwinStickBP/Maps/UEDPIE_0_TwinStickExampleMap.TwinStickExampleMap up for play (max tick rate 0) at 2019.11.07-20.33.49
[2019.11.07-20.33.49:041][897]LogWorld: Bringing up level for play took: 0.003974
[2019.11.07-20.33.49:058][897]PIE: Play in editor start time for /Game/TwinStickBP/Maps/UEDPIE_0_TwinStickExampleMap 0.292
[2019.11.07-20.33.49:058][897]LogBlueprintUserMessages: Late PlayInEditor Detection: Level '/Game/TwinStickBP/Maps/TwinStickExampleMap.TwinStickExampleMap:PersistentLevel' has LevelScriptBlueprint '/Game/TwinStickBP/Maps/TwinStickExampleMap.TwinStickExampleMap:PersistentLevel.TwinStickExampleMap' with GeneratedClass '/Game/TwinStickBP/Maps/TwinStickExampleMap.TwinStickExampleMap_C' with ClassGeneratedBy '/Game/TwinStickBP/Maps/TwinStickExampleMap.TwinStickExampleMap:PersistentLevel.TwinStickExampleMap'
[2019.11.07-20.33.49:059][897]LogBlueprintUserMessages: [BTT_FindRandomPatrol_C_0] BTT_FindPatrol done
[2019.11.07-20.33.49:060][897]LogBlueprintUserMessages: [Controller_AI_C_0] Player Spotted
[2019.11.07-20.33.50:137][ 16]LogBlueprintUserMessages: [BTT_ChasePlayer_C_0] BTT_ChasePlayer done
[2019.11.07-20.33.51:167][139]LogBlueprintUserMessages: [BTT_ChasePlayer_C_0] BTT_ChasePlayer done
[2019.11.07-20.33.52:193][262]LogBlueprintUserMessages: [BTT_ChasePlayer_C_0] BTT_ChasePlayer done
[2019.11.07-20.33.53:218][385]LogBlueprintUserMessages: [BTT_ChasePlayer_C_0] BTT_ChasePlayer done
[2019.11.07-20.33.54:245][508]LogBlueprintUserMessages: [BTT_ChasePlayer_C_0] BTT_ChasePlayer done
[2019.11.07-20.33.55:054][605]LogBlueprintUserMessages: Early EndPlayMap Detection: Level '/Game/TwinStickBP/Maps/TwinStickExampleMap.TwinStickExampleMap:PersistentLevel' has LevelScriptBlueprint '/Game/TwinStickBP/Maps/TwinStickExampleMap.TwinStickExampleMap:PersistentLevel.TwinStickExampleMap' with GeneratedClass '/Game/TwinStickBP/Maps/TwinStickExampleMap.TwinStickExampleMap_C' with ClassGeneratedBy '/Game/TwinStickBP/Maps/TwinStickExampleMap.TwinStickExampleMap:PersistentLevel.TwinStickExampleMap'
[2019.11.07-20.33.55:055][605]LogSlate: Updating window title bar state: overlay mode, drag disabled, window buttons hidden, title bar hidden
[2019.11.07-20.33.55:093][605]LogPlayLevel: Display: Shutting down PIE online subsystems
[2019.11.07-20.33.55:094][605]LogBlueprintUserMessages: Late EndPlayMap Detection: Level '/Game/TwinStickBP/Maps/TwinStickExampleMap.TwinStickExampleMap:PersistentLevel' has LevelScriptBlueprint '/Game/TwinStickBP/Maps/TwinStickExampleMap.TwinStickExampleMap:PersistentLevel.TwinStickExampleMap' with GeneratedClass '/Game/TwinStickBP/Maps/TwinStickExampleMap.TwinStickExampleMap_C' with ClassGeneratedBy '/Game/TwinStickBP/Maps/TwinStickExampleMap.TwinStickExampleMap:PersistentLevel.TwinStickExampleMap'
[2019.11.07-20.33.55:146][605]LogSlate: Updating window title bar state: overlay mode, drag disabled, window buttons hidden, title bar hidden
[2019.11.07-20.33.55:174][606]LogPlayLevel: Display: Destroying online subsystem :Context_5
[2019.11.07-20.34.00:508][213]LogSlate: FSceneViewport::OnFocusLost() reason 2
[2019.11.07-20.34.20:101][387]BlueprintLog: New page: Compile BP_MechCharacter
[2019.11.07-20.34.21:773][489]LogSlate: FSceneViewport::OnFocusLost() reason 0
[2019.11.07-20.34.21:831][496]LogTemp: Repeating last play command: Selected Viewport
[2019.11.07-20.34.21:855][496]LogBlueprintUserMessages: Early PlayInEditor Detection: Level '/Game/TwinStickBP/Maps/TwinStickExampleMap.TwinStickExampleMap:PersistentLevel' has LevelScriptBlueprint '/Game/TwinStickBP/Maps/TwinStickExampleMap.TwinStickExampleMap:PersistentLevel.TwinStickExampleMap' with GeneratedClass '/Game/TwinStickBP/Maps/TwinStickExampleMap.TwinStickExampleMap_C' with ClassGeneratedBy '/Game/TwinStickBP/Maps/TwinStickExampleMap.TwinStickExampleMap:PersistentLevel.TwinStickExampleMap'
[2019.11.07-20.34.21:856][496]LogPlayLevel: PlayLevel: No blueprints needed recompiling
[2019.11.07-20.34.21:856][496]PIE: New page: PIE session: TwinStickExampleMap (7 Nov 2019 20:34:21)
[2019.11.07-20.34.21:856][496]LogPlayLevel: Creating play world package: /Game/TwinStickBP/Maps/UEDPIE_0_TwinStickExampleMap
[2019.11.07-20.34.21:863][496]LogPlayLevel: PIE: StaticDuplicateObject took: (0.006997s)
[2019.11.07-20.34.21:864][496]LogAIModule: Creating AISystem for world TwinStickExampleMap
[2019.11.07-20.34.21:864][496]LogPlayLevel: PIE: World Init took: (0.000822s)
[2019.11.07-20.34.21:864][496]LogPlayLevel: PIE: Created PIE world by copying editor world from /Game/TwinStickBP/Maps/TwinStickExampleMap.TwinStickExampleMap to /Game/TwinStickBP/Maps/UEDPIE_0_TwinStickExampleMap.TwinStickExampleMap (0.007991s)
[2019.11.07-20.34.21:967][496]LogInit: XAudio2 using 'Speakers (High Definition Audio Device)' : 2 channels at 48 kHz using 16 bits per sample (channel mask 0x3)
[2019.11.07-20.34.21:989][496]LogInit: FAudioDevice initialized.
[2019.11.07-20.34.22:028][496]LogLoad: Game class is 'TwinStickGameMode_C'
[2019.11.07-20.34.22:031][496]LogWorld: Bringing World /Game/TwinStickBP/Maps/UEDPIE_0_TwinStickExampleMap.TwinStickExampleMap up for play (max tick rate 0) at 2019.11.07-20.34.22
[2019.11.07-20.34.22:032][496]LogWorld: Bringing up level for play took: 0.003743
[2019.11.07-20.34.22:048][496]PIE: Play in editor start time for /Game/TwinStickBP/Maps/UEDPIE_0_TwinStickExampleMap -0.718
[2019.11.07-20.34.22:049][496]LogBlueprintUserMessages: Late PlayInEditor Detection: Level '/Game/TwinStickBP/Maps/TwinStickExampleMap.TwinStickExampleMap:PersistentLevel' has LevelScriptBlueprint '/Game/TwinStickBP/Maps/TwinStickExampleMap.TwinStickExampleMap:PersistentLevel.TwinStickExampleMap' with GeneratedClass '/Game/TwinStickBP/Maps/TwinStickExampleMap.TwinStickExampleMap_C' with ClassGeneratedBy '/Game/TwinStickBP/Maps/TwinStickExampleMap.TwinStickExampleMap:PersistentLevel.TwinStickExampleMap'
[2019.11.07-20.34.22:050][496]LogBlueprintUserMessages: [BTT_FindRandomPatrol_C_0] BTT_FindPatrol done
[2019.11.07-20.34.22:050][496]LogBlueprintUserMessages: [Controller_AI_C_0] Player Spotted
[2019.11.07-20.34.23:123][618]LogBlueprintUserMessages: [BTT_ChasePlayer_C_0] BTT_ChasePlayer done
[2019.11.07-20.34.24:149][735]LogBlueprintUserMessages: [BTT_ChasePlayer_C_0] BTT_ChasePlayer done
[2019.11.07-20.34.25:177][852]LogBlueprintUserMessages: [BTT_ChasePlayer_C_0] BTT_ChasePlayer done
[2019.11.07-20.34.26:205][975]LogBlueprintUserMessages: [BTT_ChasePlayer_C_0] BTT_ChasePlayer done
[2019.11.07-20.34.27:233][ 98]LogBlueprintUserMessages: [BTT_ChasePlayer_C_0] BTT_ChasePlayer done
[2019.11.07-20.34.27:435][122]LogBlueprintUserMessages: Early EndPlayMap Detection: Level '/Game/TwinStickBP/Maps/TwinStickExampleMap.TwinStickExampleMap:PersistentLevel' has LevelScriptBlueprint '/Game/TwinStickBP/Maps/TwinStickExampleMap.TwinStickExampleMap:PersistentLevel.TwinStickExampleMap' with GeneratedClass '/Game/TwinStickBP/Maps/TwinStickExampleMap.TwinStickExampleMap_C' with ClassGeneratedBy '/Game/TwinStickBP/Maps/TwinStickExampleMap.TwinStickExampleMap:PersistentLevel.TwinStickExampleMap'
[2019.11.07-20.34.27:435][122]LogSlate: Updating window title bar state: overlay mode, drag disabled, window buttons hidden, title bar hidden
[2019.11.07-20.34.27:476][122]LogPlayLevel: Display: Shutting down PIE online subsystems
[2019.11.07-20.34.27:477][122]LogBlueprintUserMessages: Late EndPlayMap Detection: Level '/Game/TwinStickBP/Maps/TwinStickExampleMap.TwinStickExampleMap:PersistentLevel' has LevelScriptBlueprint '/Game/TwinStickBP/Maps/TwinStickExampleMap.TwinStickExampleMap:PersistentLevel.TwinStickExampleMap' with GeneratedClass '/Game/TwinStickBP/Maps/TwinStickExampleMap.TwinStickExampleMap_C' with ClassGeneratedBy '/Game/TwinStickBP/Maps/TwinStickExampleMap.TwinStickExampleMap:PersistentLevel.TwinStickExampleMap'
[2019.11.07-20.34.27:531][122]LogSlate: Updating window title bar state: overlay mode, drag disabled, window buttons hidden, title bar hidden
[2019.11.07-20.34.27:559][123]LogPlayLevel: Display: Destroying online subsystem :Context_6
[2019.11.07-20.34.29:714][354]LogSlate: FSceneViewport::OnFocusLost() reason 2
[2019.11.07-20.34.57:500][ 97]BlueprintLog: New page: Compile BP_MechCharacter
[2019.11.07-20.35.09:200][738]LogBlueprintUserMessages: Early PlayInEditor Detection: Level '/Game/TwinStickBP/Maps/TwinStickExampleMap.TwinStickExampleMap:PersistentLevel' has LevelScriptBlueprint '/Game/TwinStickBP/Maps/TwinStickExampleMap.TwinStickExampleMap:PersistentLevel.TwinStickExampleMap' with GeneratedClass '/Game/TwinStickBP/Maps/TwinStickExampleMap.TwinStickExampleMap_C' with ClassGeneratedBy '/Game/TwinStickBP/Maps/TwinStickExampleMap.TwinStickExampleMap:PersistentLevel.TwinStickExampleMap'
[2019.11.07-20.35.09:200][738]LogPlayLevel: PlayLevel: No blueprints needed recompiling
[2019.11.07-20.35.09:201][738]PIE: New page: PIE session: TwinStickExampleMap (7 Nov 2019 20:35:09)
[2019.11.07-20.35.09:201][738]LogPlayLevel: Creating play world package: /Game/TwinStickBP/Maps/UEDPIE_0_TwinStickExampleMap
[2019.11.07-20.35.09:208][738]LogPlayLevel: PIE: StaticDuplicateObject took: (0.007102s)
[2019.11.07-20.35.09:209][738]LogAIModule: Creating AISystem for world TwinStickExampleMap
[2019.11.07-20.35.09:209][738]LogPlayLevel: PIE: World Init took: (0.001209s)
[2019.11.07-20.35.09:209][738]LogPlayLevel: PIE: Created PIE world by copying editor world from /Game/TwinStickBP/Maps/TwinStickExampleMap.TwinStickExampleMap to /Game/TwinStickBP/Maps/UEDPIE_0_TwinStickExampleMap.TwinStickExampleMap (0.008496s)
[2019.11.07-20.35.09:312][738]LogInit: XAudio2 using 'Speakers (High Definition Audio Device)' : 2 channels at 48 kHz using 16 bits per sample (channel mask 0x3)
[2019.11.07-20.35.09:332][738]LogInit: FAudioDevice initialized.
[2019.11.07-20.35.09:347][738]LogSlate: Updating window title bar state: overlay mode, drag disabled, window buttons hidden, title bar hidden
[2019.11.07-20.35.09:399][738]LogLoad: Game class is 'TwinStickGameMode_C'
[2019.11.07-20.35.09:401][738]LogWorld: Bringing World /Game/TwinStickBP/Maps/UEDPIE_0_TwinStickExampleMap.TwinStickExampleMap up for play (max tick rate 0) at 2019.11.07-20.35.09
[2019.11.07-20.35.09:403][738]LogWorld: Bringing up level for play took: 0.003218
[2019.11.07-20.35.09:430][738]PIE: Play in editor start time for /Game/TwinStickBP/Maps/UEDPIE_0_TwinStickExampleMap 0.663
[2019.11.07-20.35.09:430][738]LogBlueprintUserMessages: Late PlayInEditor Detection: Level '/Game/TwinStickBP/Maps/TwinStickExampleMap.TwinStickExampleMap:PersistentLevel' has LevelScriptBlueprint '/Game/TwinStickBP/Maps/TwinStickExampleMap.TwinStickExampleMap:PersistentLevel.TwinStickExampleMap' with GeneratedClass '/Game/TwinStickBP/Maps/TwinStickExampleMap.TwinStickExampleMap_C' with ClassGeneratedBy '/Game/TwinStickBP/Maps/TwinStickExampleMap.TwinStickExampleMap:PersistentLevel.TwinStickExampleMap'
[2019.11.07-20.35.09:431][738]LogBlueprintUserMessages: [BTT_FindRandomPatrol_C_0] BTT_FindPatrol done
[2019.11.07-20.35.09:432][738]LogBlueprintUserMessages: [Controller_AI_C_0] Player Spotted
[2019.11.07-20.35.09:479][738]LogRenderer: Reallocating scene render targets to support 1292x756 Format 10 NumSamples 1 (Frame:1).
[2019.11.07-20.35.10:615][786]LogBlueprintUserMessages: [BTT_ChasePlayer_C_0] BTT_ChasePlayer done
[2019.11.07-20.35.11:677][842]LogBlueprintUserMessages: [BTT_ChasePlayer_C_0] BTT_ChasePlayer done
[2019.11.07-20.35.12:744][901]LogBlueprintUserMessages: [BTT_ChasePlayer_C_0] BTT_ChasePlayer done
[2019.11.07-20.35.13:805][957]LogBlueprintUserMessages: [BTT_ChasePlayer_C_0] BTT_ChasePlayer done
[2019.11.07-20.35.14:866][ 12]LogBlueprintUserMessages: [BTT_ChasePlayer_C_0] BTT_ChasePlayer done
[2019.11.07-20.35.15:938][ 69]LogBlueprintUserMessages: [BTT_ChasePlayer_C_0] BTT_ChasePlayer done
[2019.11.07-20.35.16:666][108]LogBlueprintUserMessages: Early EndPlayMap Detection: Level '/Game/TwinStickBP/Maps/TwinStickExampleMap.TwinStickExampleMap:PersistentLevel' has LevelScriptBlueprint '/Game/TwinStickBP/Maps/TwinStickExampleMap.TwinStickExampleMap:PersistentLevel.TwinStickExampleMap' with GeneratedClass '/Game/TwinStickBP/Maps/TwinStickExampleMap.TwinStickExampleMap_C' with ClassGeneratedBy '/Game/TwinStickBP/Maps/TwinStickExampleMap.TwinStickExampleMap:PersistentLevel.TwinStickExampleMap'
[2019.11.07-20.35.16:667][108]LogSlate: Updating window title bar state: overlay mode, drag disabled, window buttons hidden, title bar hidden
[2019.11.07-20.35.16:710][108]LogSlate: Window 'GDTeam3Project Game Preview Standalone (64-bit/PCD3D_SM5)' being destroyed
[2019.11.07-20.35.16:754][108]LogPlayLevel: Display: Shutting down PIE online subsystems
[2019.11.07-20.35.16:754][108]LogBlueprintUserMessages: Late EndPlayMap Detection: Level '/Game/TwinStickBP/Maps/TwinStickExampleMap.TwinStickExampleMap:PersistentLevel' has LevelScriptBlueprint '/Game/TwinStickBP/Maps/TwinStickExampleMap.TwinStickExampleMap:PersistentLevel.TwinStickExampleMap' with GeneratedClass '/Game/TwinStickBP/Maps/TwinStickExampleMap.TwinStickExampleMap_C' with ClassGeneratedBy '/Game/TwinStickBP/Maps/TwinStickExampleMap.TwinStickExampleMap:PersistentLevel.TwinStickExampleMap'
[2019.11.07-20.35.16:844][109]LogPlayLevel: Display: Destroying online subsystem :Context_7
[2019.11.07-20.35.37:525][400]BlueprintLog: New page: Compile BP_MechCharacter
[2019.11.07-20.35.46:649][ 39]BlueprintLog: New page: Compile BP_MechCharacter
[2019.11.07-20.37.22:231][ 99]BlueprintLog: New page: Compile BP_MechCharacter
[2019.11.07-20.37.26:391][305]BlueprintLog: New page: Compile BP_MechCharacter
[2019.11.07-20.37.33:342][679]LogRenderer: Reallocating scene render targets to support 1292x900 Format 10 NumSamples 1 (Frame:1).
[2019.11.07-20.37.39:160][ 84]LogSlate: FSceneViewport::OnFocusLost() reason 0
[2019.11.07-20.38.41:635][854]LogSlate: FSceneViewport::OnFocusLost() reason 0
[2019.11.07-20.38.41:696][859]BlueprintLog: New page: Compile BP_MechCharacter
[2019.11.07-20.38.53:088][540]LogSlate: FSceneViewport::OnFocusLost() reason 0
[2019.11.07-20.39.04:345][175]LogAssetEditorManager: Opening Asset editor for SkeletalMesh /Game/Player/Mech/Models/mech.mech
[2019.11.07-20.39.04:503][175]LogContentBrowser: Native class hierarchy updated for 'SkeletonEditor' in 0.0005 seconds. Added 1 classes and 2 folders.
[2019.11.07-20.39.05:156][175]LogActorComponent: RegisterComponentWithWorld: (/Engine/Transient.World_5:PersistentLevel.AnimationEditorPreviewActor_0.DebugSkelMeshComponent_0) Already registered. Aborting.
[2019.11.07-20.39.05:166][175]LogContentBrowser: Native class hierarchy updated for 'PinnedCommandList' in 0.0004 seconds. Added 1 classes and 0 folders.
[2019.11.07-20.39.05:405][175]LogSkeletalMesh: USkeletalMeshComponent::InitArticulated : Bodies already created (/Engine/Transient.World_5:PersistentLevel.AnimationEditorPreviewActor_0.DebugSkelMeshComponent_0) - call TermArticulated first.
[2019.11.07-20.39.06:075][175]LogContentBrowser: Native class hierarchy updated for 'ClothingSystemEditorInterface' in 0.0004 seconds. Added 1 classes and 0 folders.
[2019.11.07-20.39.08:735][306]LogAssetEditorManager: Opening Asset editor for Skeleton /Game/Player/Mech/Models/mech_Skeleton.mech_Skeleton
[2019.11.07-20.39.08:748][306]LogActorComponent: RegisterComponentWithWorld: (/Engine/Transient.World_9:PersistentLevel.AnimationEditorPreviewActor_0.DebugSkelMeshComponent_0) Already registered. Aborting.
[2019.11.07-20.39.08:851][306]LogSkeletalMesh: USkeletalMeshComponent::InitArticulated : Bodies already created (/Engine/Transient.World_9:PersistentLevel.AnimationEditorPreviewActor_0.DebugSkelMeshComponent_0) - call TermArticulated first.
[2019.11.07-20.39.23:812][216]LogSlate: FSceneViewport::OnFocusLost() reason 0
[2019.11.07-20.39.36:627][ 43]LogSlate: FSceneViewport::OnFocusLost() reason 2
[2019.11.07-20.39.42:899][363]LogSlate: FSceneViewport::OnFocusLost() reason 0
[2019.11.07-20.39.50:161][796]LogSlate: FSceneViewport::OnFocusLost() reason 0
[2019.11.07-20.40.15:583][236]LogSlate: FSceneViewport::OnFocusLost() reason 0
[2019.11.07-20.40.15:729][240]LogSavePackage: Moving 'C:/Users/matth/Documents/Game Design/Uni stuff/ICAs Year 2/Game Development/Games-Development-ICA-Team-3/GD Team3 Project/Saved/mech_SkeletonD767890F40AF1B8755A940814BBBAB24.tmp' to 'C:/Users/matth/Documents/Game Design/Uni stuff/ICAs Year 2/Game Development/Games-Development-ICA-Team-3/GD Team3 Project/Content/Player/Mech/Models/mech_Skeleton.uasset'
[2019.11.07-20.40.20:361][535]LogSlate: FSceneViewport::OnFocusLost() reason 0
[2019.11.07-20.40.24:202][759]LogSlate: FSceneViewport::OnFocusLost() reason 0
[2019.11.07-20.40.54:647][659]LogSlate: FSceneViewport::OnFocusLost() reason 0
[2019.11.07-20.41.00:806][ 40]LogSlate: FSceneViewport::OnFocusLost() reason 0
[2019.11.07-20.41.00:884][ 46]BlueprintLog: New page: Compile BP_MechCharacter
[2019.11.07-20.41.12:642][790]LogSlate: FSceneViewport::OnFocusLost() reason 0
[2019.11.07-20.41.22:647][754]LogAssetEditorManager: Opening Asset editor for Blueprint /Game/Player/BP_PlayerRocket.BP_PlayerRocket
[2019.11.07-20.41.35:162][474]BlueprintLog: New page: Compile BP_PlayerRocket
[2019.11.07-20.41.55:737][759]LogSlate: FSceneViewport::OnFocusLost() reason 0
[2019.11.07-20.41.59:166][974]BlueprintLog: New page: Compile BP_PlayerRocket
[2019.11.07-20.42.06:129][402]LogSlate: FSceneViewport::OnFocusLost() reason 0
[2019.11.07-20.43.20:639][533]BlueprintLog: New page: Compile BP_PlayerRocket
[2019.11.07-20.43.31:194][232]LogSavePackage: Moving 'C:/Users/matth/Documents/Game Design/Uni stuff/ICAs Year 2/Game Development/Games-Development-ICA-Team-3/GD Team3 Project/Saved/mech_Skeleton20297C3041F1884841583EB74AA39E5C.tmp' to 'C:/Users/matth/Documents/Game Design/Uni stuff/ICAs Year 2/Game Development/Games-Development-ICA-Team-3/GD Team3 Project/Content/Player/Mech/Models/mech_Skeleton.uasset'
[2019.11.07-20.43.33:774][336]LogSavePackage: Moving 'C:/Users/matth/Documents/Game Design/Uni stuff/ICAs Year 2/Game Development/Games-Development-ICA-Team-3/GD Team3 Project/Saved/mech6B2BFE824D158BBAB53EA5ACF25F206A.tmp' to 'C:/Users/matth/Documents/Game Design/Uni stuff/ICAs Year 2/Game Development/Games-Development-ICA-Team-3/GD Team3 Project/Content/Player/Mech/Models/mech.uasset'
[2019.11.07-20.43.44:726][ 97]BlueprintLog: New page: Compile BP_MechCharacter
[2019.11.07-20.43.46:589][227]LogTemp: Repeating last play command: New Editor Window (PIE)
[2019.11.07-20.43.46:617][227]LogBlueprintUserMessages: Early PlayInEditor Detection: Level '/Game/TwinStickBP/Maps/TwinStickExampleMap.TwinStickExampleMap:PersistentLevel' has LevelScriptBlueprint '/Game/TwinStickBP/Maps/TwinStickExampleMap.TwinStickExampleMap:PersistentLevel.TwinStickExampleMap' with GeneratedClass '/Game/TwinStickBP/Maps/TwinStickExampleMap.TwinStickExampleMap_C' with ClassGeneratedBy '/Game/TwinStickBP/Maps/TwinStickExampleMap.TwinStickExampleMap:PersistentLevel.TwinStickExampleMap'
[2019.11.07-20.43.46:617][227]LogPlayLevel: PlayLevel: No blueprints needed recompiling
[2019.11.07-20.43.46:617][227]PIE: New page: PIE session: TwinStickExampleMap (7 Nov 2019 20:43:46)
[2019.11.07-20.43.46:617][227]LogPlayLevel: Creating play world package: /Game/TwinStickBP/Maps/UEDPIE_0_TwinStickExampleMap
[2019.11.07-20.43.46:624][227]LogPlayLevel: PIE: StaticDuplicateObject took: (0.006653s)
[2019.11.07-20.43.46:624][227]LogAIModule: Creating AISystem for world TwinStickExampleMap
[2019.11.07-20.43.46:625][227]LogPlayLevel: PIE: World Init took: (0.000807s)
[2019.11.07-20.43.46:625][227]LogPlayLevel: PIE: Created PIE world by copying editor world from /Game/TwinStickBP/Maps/TwinStickExampleMap.TwinStickExampleMap to /Game/TwinStickBP/Maps/UEDPIE_0_TwinStickExampleMap.TwinStickExampleMap (0.007634s)
[2019.11.07-20.43.46:737][227]LogInit: XAudio2 using 'Speakers (High Definition Audio Device)' : 2 channels at 48 kHz using 16 bits per sample (channel mask 0x3)
[2019.11.07-20.43.46:764][227]LogInit: FAudioDevice initialized.
[2019.11.07-20.43.46:787][227]LogSlate: Updating window title bar state: overlay mode, drag disabled, window buttons hidden, title bar hidden
[2019.11.07-20.43.46:835][227]LogLoad: Game class is 'TwinStickGameMode_C'
[2019.11.07-20.43.46:838][227]LogWorld: Bringing World /Game/TwinStickBP/Maps/UEDPIE_0_TwinStickExampleMap.TwinStickExampleMap up for play (max tick rate 0) at 2019.11.07-20.43.46
[2019.11.07-20.43.46:840][227]LogWorld: Bringing up level for play took: 0.004542
[2019.11.07-20.43.46:863][227]PIE: Play in editor start time for /Game/TwinStickBP/Maps/UEDPIE_0_TwinStickExampleMap 0.096
[2019.11.07-20.43.46:863][227]LogBlueprintUserMessages: Late PlayInEditor Detection: Level '/Game/TwinStickBP/Maps/TwinStickExampleMap.TwinStickExampleMap:PersistentLevel' has LevelScriptBlueprint '/Game/TwinStickBP/Maps/TwinStickExampleMap.TwinStickExampleMap:PersistentLevel.TwinStickExampleMap' with GeneratedClass '/Game/TwinStickBP/Maps/TwinStickExampleMap.TwinStickExampleMap_C' with ClassGeneratedBy '/Game/TwinStickBP/Maps/TwinStickExampleMap.TwinStickExampleMap:PersistentLevel.TwinStickExampleMap'
[2019.11.07-20.43.46:864][227]LogBlueprintUserMessages: [BTT_FindRandomPatrol_C_0] BTT_FindPatrol done
[2019.11.07-20.43.46:865][227]LogBlueprintUserMessages: [Controller_AI_C_0] Player Spotted
[2019.11.07-20.43.47:957][337]LogBlueprintUserMessages: [BTT_ChasePlayer_C_0] BTT_ChasePlayer done
[2019.11.07-20.43.48:988][448]LogBlueprintUserMessages: [BTT_ChasePlayer_C_0] BTT_ChasePlayer done
[2019.11.07-20.43.50:025][561]LogBlueprintUserMessages: [BTT_ChasePlayer_C_0] BTT_ChasePlayer done
[2019.11.07-20.43.51:058][674]LogBlueprintUserMessages: [BTT_ChasePlayer_C_0] BTT_ChasePlayer done
[2019.11.07-20.43.51:671][744]LogBlueprintUserMessages: Early EndPlayMap Detection: Level '/Game/TwinStickBP/Maps/TwinStickExampleMap.TwinStickExampleMap:PersistentLevel' has LevelScriptBlueprint '/Game/TwinStickBP/Maps/TwinStickExampleMap.TwinStickExampleMap:PersistentLevel.TwinStickExampleMap' with GeneratedClass '/Game/TwinStickBP/Maps/TwinStickExampleMap.TwinStickExampleMap_C' with ClassGeneratedBy '/Game/TwinStickBP/Maps/TwinStickExampleMap.TwinStickExampleMap:PersistentLevel.TwinStickExampleMap'
[2019.11.07-20.43.51:671][744]LogSlate: Updating window title bar state: overlay mode, drag disabled, window buttons hidden, title bar hidden
[2019.11.07-20.43.51:698][744]LogSlate: Window 'GDTeam3Project Game Preview Standalone (64-bit/PCD3D_SM5)' being destroyed
[2019.11.07-20.43.51:742][744]LogPlayLevel: Display: Shutting down PIE online subsystems
[2019.11.07-20.43.51:742][744]LogBlueprintUserMessages: Late EndPlayMap Detection: Level '/Game/TwinStickBP/Maps/TwinStickExampleMap.TwinStickExampleMap:PersistentLevel' has LevelScriptBlueprint '/Game/TwinStickBP/Maps/TwinStickExampleMap.TwinStickExampleMap:PersistentLevel.TwinStickExampleMap' with GeneratedClass '/Game/TwinStickBP/Maps/TwinStickExampleMap.TwinStickExampleMap_C' with ClassGeneratedBy '/Game/TwinStickBP/Maps/TwinStickExampleMap.TwinStickExampleMap:PersistentLevel.TwinStickExampleMap'
[2019.11.07-20.43.51:866][745]LogPlayLevel: Display: Destroying online subsystem :Context_19
[2019.11.07-20.44.23:932][968]BlueprintLog: New page: Compile BP_MechCharacter
[2019.11.07-20.45.07:977][157]BlueprintLog: New page: Compile BP_MechCharacter
[2019.11.07-20.45.10:015][299]LogTemp: Repeating last play command: New Editor Window (PIE)
[2019.11.07-20.45.10:043][299]LogBlueprintUserMessages: Early PlayInEditor Detection: Level '/Game/TwinStickBP/Maps/TwinStickExampleMap.TwinStickExampleMap:PersistentLevel' has LevelScriptBlueprint '/Game/TwinStickBP/Maps/TwinStickExampleMap.TwinStickExampleMap:PersistentLevel.TwinStickExampleMap' with GeneratedClass '/Game/TwinStickBP/Maps/TwinStickExampleMap.TwinStickExampleMap_C' with ClassGeneratedBy '/Game/TwinStickBP/Maps/TwinStickExampleMap.TwinStickExampleMap:PersistentLevel.TwinStickExampleMap'
[2019.11.07-20.45.10:043][299]LogPlayLevel: PlayLevel: No blueprints needed recompiling
[2019.11.07-20.45.10:043][299]PIE: New page: PIE session: TwinStickExampleMap (7 Nov 2019 20:45:10)
[2019.11.07-20.45.10:043][299]LogPlayLevel: Creating play world package: /Game/TwinStickBP/Maps/UEDPIE_0_TwinStickExampleMap
[2019.11.07-20.45.10:051][299]LogPlayLevel: PIE: StaticDuplicateObject took: (0.007218s)
[2019.11.07-20.45.10:052][299]LogAIModule: Creating AISystem for world TwinStickExampleMap
[2019.11.07-20.45.10:052][299]LogPlayLevel: PIE: World Init took: (0.001083s)
[2019.11.07-20.45.10:052][299]LogPlayLevel: PIE: Created PIE world by copying editor world from /Game/TwinStickBP/Maps/TwinStickExampleMap.TwinStickExampleMap to /Game/TwinStickBP/Maps/UEDPIE_0_TwinStickExampleMap.TwinStickExampleMap (0.008520s)
[2019.11.07-20.45.10:166][299]LogInit: XAudio2 using 'Speakers (High Definition Audio Device)' : 2 channels at 48 kHz using 16 bits per sample (channel mask 0x3)
[2019.11.07-20.45.10:188][299]LogInit: FAudioDevice initialized.
[2019.11.07-20.45.10:205][299]LogSlate: Updating window title bar state: overlay mode, drag disabled, window buttons hidden, title bar hidden
[2019.11.07-20.45.10:250][299]LogLoad: Game class is 'TwinStickGameMode_C'
[2019.11.07-20.45.10:253][299]LogWorld: Bringing World /Game/TwinStickBP/Maps/UEDPIE_0_TwinStickExampleMap.TwinStickExampleMap up for play (max tick rate 0) at 2019.11.07-20.45.10
[2019.11.07-20.45.10:255][299]LogWorld: Bringing up level for play took: 0.004503
[2019.11.07-20.45.10:276][299]PIE: Play in editor start time for /Game/TwinStickBP/Maps/UEDPIE_0_TwinStickExampleMap -0.49
[2019.11.07-20.45.10:277][299]LogBlueprintUserMessages: Late PlayInEditor Detection: Level '/Game/TwinStickBP/Maps/TwinStickExampleMap.TwinStickExampleMap:PersistentLevel' has LevelScriptBlueprint '/Game/TwinStickBP/Maps/TwinStickExampleMap.TwinStickExampleMap:PersistentLevel.TwinStickExampleMap' with GeneratedClass '/Game/TwinStickBP/Maps/TwinStickExampleMap.TwinStickExampleMap_C' with ClassGeneratedBy '/Game/TwinStickBP/Maps/TwinStickExampleMap.TwinStickExampleMap:PersistentLevel.TwinStickExampleMap'
[2019.11.07-20.45.10:278][299]LogBlueprintUserMessages: [BTT_FindRandomPatrol_C_0] BTT_FindPatrol done
[2019.11.07-20.45.10:278][299]LogBlueprintUserMessages: [Controller_AI_C_0] Player Spotted
[2019.11.07-20.45.11:367][408]LogBlueprintUserMessages: [BTT_ChasePlayer_C_0] BTT_ChasePlayer done
[2019.11.07-20.45.12:403][521]LogBlueprintUserMessages: [BTT_ChasePlayer_C_0] BTT_ChasePlayer done
[2019.11.07-20.45.13:432][634]LogBlueprintUserMessages: [BTT_ChasePlayer_C_0] BTT_ChasePlayer done
[2019.11.07-20.45.14:461][748]LogBlueprintUserMessages: [BTT_ChasePlayer_C_0] BTT_ChasePlayer done
[2019.11.07-20.45.15:353][846]LogBlueprintUserMessages: [Controller_AI_C_0] Player Spotted
[2019.11.07-20.45.15:496][862]LogBlueprintUserMessages: [BTT_ChasePlayer_C_0] BTT_ChasePlayer done
[2019.11.07-20.45.16:525][971]LogBlueprintUserMessages: [BTT_ChasePlayer_C_0] BTT_ChasePlayer done
[2019.11.07-20.45.17:558][ 78]LogBlueprintUserMessages: [BTT_ChasePlayer_C_0] BTT_ChasePlayer done
[2019.11.07-20.45.18:600][183]LogBlueprintUserMessages: [BTT_FindRandomPatrol_C_0] BTT_FindPatrol done
[2019.11.07-20.45.19:016][228]LogBlueprintUserMessages: [Controller_AI_C_0] Player Spotted
[2019.11.07-20.45.19:630][296]LogBlueprintUserMessages: [BTT_ChasePlayer_C_0] BTT_ChasePlayer done
[2019.11.07-20.45.20:657][410]LogBlueprintUserMessages: [BTT_ChasePlayer_C_0] BTT_ChasePlayer done
[2019.11.07-20.45.21:688][523]LogBlueprintUserMessages: [BTT_ChasePlayer_C_0] BTT_ChasePlayer done
[2019.11.07-20.45.22:720][632]LogBlueprintUserMessages: [BTT_ChasePlayer_C_0] BTT_ChasePlayer done
[2019.11.07-20.45.23:750][741]LogBlueprintUserMessages: [BTT_FindRandomPatrol_C_0] BTT_FindPatrol done
[2019.11.07-20.45.24:751][852]LogBlueprintUserMessages: [Controller_AI_C_0] Player Spotted
[2019.11.07-20.45.24:778][855]LogBlueprintUserMessages: [BTT_ChasePlayer_C_0] BTT_ChasePlayer done
[2019.11.07-20.45.25:807][970]LogBlueprintUserMessages: [BTT_ChasePlayer_C_0] BTT_ChasePlayer done
[2019.11.07-20.45.25:916][982]LogBlueprintUserMessages: Early EndPlayMap Detection: Level '/Game/TwinStickBP/Maps/TwinStickExampleMap.TwinStickExampleMap:PersistentLevel' has LevelScriptBlueprint '/Game/TwinStickBP/Maps/TwinStickExampleMap.TwinStickExampleMap:PersistentLevel.TwinStickExampleMap' with GeneratedClass '/Game/TwinStickBP/Maps/TwinStickExampleMap.TwinStickExampleMap_C' with ClassGeneratedBy '/Game/TwinStickBP/Maps/TwinStickExampleMap.TwinStickExampleMap:PersistentLevel.TwinStickExampleMap'
[2019.11.07-20.45.25:916][982]LogSlate: Updating window title bar state: overlay mode, drag disabled, window buttons hidden, title bar hidden
[2019.11.07-20.45.25:944][982]LogSlate: Window 'GDTeam3Project Game Preview Standalone (64-bit/PCD3D_SM5)' being destroyed
[2019.11.07-20.45.25:993][982]LogPlayLevel: Display: Shutting down PIE online subsystems
[2019.11.07-20.45.25:993][982]LogBlueprintUserMessages: Late EndPlayMap Detection: Level '/Game/TwinStickBP/Maps/TwinStickExampleMap.TwinStickExampleMap:PersistentLevel' has LevelScriptBlueprint '/Game/TwinStickBP/Maps/TwinStickExampleMap.TwinStickExampleMap:PersistentLevel.TwinStickExampleMap' with GeneratedClass '/Game/TwinStickBP/Maps/TwinStickExampleMap.TwinStickExampleMap_C' with ClassGeneratedBy '/Game/TwinStickBP/Maps/TwinStickExampleMap.TwinStickExampleMap:PersistentLevel.TwinStickExampleMap'
[2019.11.07-20.45.26:084][983]LogPlayLevel: Display: Destroying online subsystem :Context_20
[2019.11.07-20.45.28:443][217]LogSavePackage: Moving 'C:/Users/matth/Documents/Game Design/Uni stuff/ICAs Year 2/Game Development/Games-Development-ICA-Team-3/GD Team3 Project/Saved/BP_MechCharacterD11DE35A44FFEEEB2368248FE544354E.tmp' to 'C:/Users/matth/Documents/Game Design/Uni stuff/ICAs Year 2/Game Development/Games-Development-ICA-Team-3/GD Team3 Project/Content/Player/BP_MechCharacter.uasset'
[2019.11.07-20.45.28:583][217]LogSavePackage: Moving 'C:/Users/matth/Documents/Game Design/Uni stuff/ICAs Year 2/Game Development/Games-Development-ICA-Team-3/GD Team3 Project/Saved/BP_PlayerRocket347F203A4ADE724BADF9E199E4F35922.tmp' to 'C:/Users/matth/Documents/Game Design/Uni stuff/ICAs Year 2/Game Development/Games-Development-ICA-Team-3/GD Team3 Project/Content/Player/BP_PlayerRocket.uasset'
