Log file open, 12/08/19 21:52:54
LogWindows: Failed to load 'aqProf.dll' (GetLastError=126)
LogWindows: File 'aqProf.dll' does not exist
LogWindows: Failed to load 'VtuneApi.dll' (GetLastError=126)
LogWindows: File 'VtuneApi.dll' does not exist
LogWindows: Failed to load 'VtuneApi32e.dll' (GetLastError=126)
LogWindows: File 'VtuneApi32e.dll' does not exist
LogConsoleResponse: Display: Failed to find resolution value strings in scalability ini. Falling back to default.
LogInit: Display: Running engine for game: GDTeam3Project
LogPakFile: Registered encryption key '00000000000000000000000000000000': 0 pak files mounted, 0 remain pending
LogPlatformFile: Not using cached read wrapper
LogTaskGraph: Started task graph with 5 named threads and 11 total threads with 3 sets of task threads.
LogStats: Stats thread started at 0.510340
LogD3D11RHI: Loaded GFSDK_Aftermath_Lib.x64.dll
LogICUInternationalization: ICU TimeZone Detection - Raw Offset: +0:00, Platform Override: ''
LogPluginManager: Mounting plugin Paper2D
LogPluginManager: Mounting plugin AISupport
LogPluginManager: Mounting plugin LightPropagationVolume
LogPluginManager: Mounting plugin ActorLayerUtilities
LogPluginManager: Mounting plugin CLionSourceCodeAccess
LogPluginManager: Mounting plugin CodeLiteSourceCodeAccess
LogPluginManager: Mounting plugin GitSourceControl
LogPluginManager: Mounting plugin KDevelopSourceCodeAccess
LogPluginManager: Mounting plugin NullSourceCodeAccess
LogPluginManager: Mounting plugin PerforceSourceControl
LogPluginManager: Mounting plugin SubversionSourceControl
LogPluginManager: Mounting plugin UObjectPlugin
LogPluginManager: Mounting plugin VisualStudioCodeSourceCodeAccess
LogPluginManager: Mounting plugin VisualStudioSourceCodeAccess
LogPluginManager: Mounting plugin XCodeSourceCodeAccess
LogPluginManager: Mounting plugin AssetManagerEditor
LogPluginManager: Mounting plugin CryptoKeys
LogPluginManager: Mounting plugin DataValidation
LogPluginManager: Mounting plugin FacialAnimation
LogPluginManager: Mounting plugin GameplayTagsEditor
LogPluginManager: Mounting plugin MacGraphicsSwitching
LogPluginManager: Mounting plugin MeshEditor
LogPluginManager: Mounting plugin MobileLauncherProfileWizard
LogPluginManager: Mounting plugin PluginBrowser
LogPluginManager: Mounting plugin SpeedTreeImporter
LogPluginManager: Mounting plugin DatasmithContent
LogPluginManager: Mounting plugin VariantManagerContent
LogPluginManager: Mounting plugin AlembicImporter
LogPluginManager: Mounting plugin AppleImageUtils
LogPluginManager: Mounting plugin AppleVision
LogPluginManager: Mounting plugin BackChannel
LogPluginManager: Mounting plugin CharacterAI
LogPluginManager: Mounting plugin GeometryCache
LogPluginManager: Mounting plugin HTML5Networking
LogPluginManager: Mounting plugin ProxyLODPlugin
LogPluginManager: Mounting plugin MagicLeap
LogPluginManager: Mounting plugin MagicLeapMedia
LogPluginManager: Mounting plugin AndroidMedia
LogPluginManager: Mounting plugin AvfMedia
LogPluginManager: Mounting plugin ImgMedia
LogPluginManager: Mounting plugin LinearTimecode
LogPluginManager: Mounting plugin MediaCompositing
LogPluginManager: Mounting plugin MediaPlayerEditor
LogPluginManager: Mounting plugin WebMMedia
LogPluginManager: Mounting plugin WmfMedia
LogPluginManager: Mounting plugin TcpMessaging
LogPluginManager: Mounting plugin UdpMessaging
LogPluginManager: Mounting plugin ActorSequence
LogPluginManager: Mounting plugin LevelSequenceEditor
LogPluginManager: Mounting plugin MatineeToLevelSequence
LogPluginManager: Mounting plugin NetcodeUnitTest
LogPluginManager: Mounting plugin NUTUnrealEngine4
LogPluginManager: Mounting plugin OnlineSubsystemGooglePlay
LogPluginManager: Mounting plugin OnlineSubsystemIOS
LogPluginManager: Mounting plugin OnlineSubsystem
LogPluginManager: Mounting plugin OnlineSubsystemNull
LogPluginManager: Mounting plugin OnlineSubsystemUtils
LogPluginManager: Mounting plugin LauncherChunkInstaller
LogPluginManager: Mounting plugin AndroidDeviceProfileSelector
LogPluginManager: Mounting plugin AndroidMoviePlayer
LogPluginManager: Mounting plugin AndroidPermission
LogPluginManager: Mounting plugin ApexDestruction
LogPluginManager: Mounting plugin AppleMoviePlayer
LogPluginManager: Mounting plugin ArchVisCharacter
LogPluginManager: Mounting plugin AudioCapture
LogPluginManager: Mounting plugin CableComponent
LogPluginManager: Mounting plugin CustomMeshComponent
LogPluginManager: Mounting plugin EditableMesh
LogPluginManager: Mounting plugin ExampleDeviceProfileSelector
LogPluginManager: Mounting plugin Firebase
LogPluginManager: Mounting plugin GoogleCloudMessaging
LogPluginManager: Mounting plugin IOSDeviceProfileSelector
LogPluginManager: Mounting plugin LinuxDeviceProfileSelector
LogPluginManager: Mounting plugin LocationServicesBPLibrary
LogPluginManager: Mounting plugin MobilePatchingUtils
LogPluginManager: Mounting plugin OculusVR
LogPluginManager: Mounting plugin PhysXVehicles
LogPluginManager: Mounting plugin ProceduralMeshComponent
LogPluginManager: Mounting plugin RuntimePhysXCooking
LogPluginManager: Mounting plugin SteamVR
LogPluginManager: Mounting plugin WebMMoviePlayer
LogPluginManager: Mounting plugin WindowsMoviePlayer
LogStreaming: Display: Took  0.207s to configure plugins.
LogInit: Using libcurl 7.55.1-DEV
LogInit:  - built for x86_64-pc-win32
LogInit:  - supports SSL with OpenSSL/1.0.2h
LogInit:  - supports HTTP deflate (compression) using libz 1.2.8
LogInit:  - other features:
LogInit:      CURL_VERSION_SSL
LogInit:      CURL_VERSION_LIBZ
LogInit:      CURL_VERSION_IPV6
LogInit:      CURL_VERSION_ASYNCHDNS
LogInit:      CURL_VERSION_LARGEFILE
LogInit:      CURL_VERSION_IDN
LogInit:  CurlRequestOptions (configurable via config and command line):
LogInit:  - bVerifyPeer = true  - Libcurl will verify peer certificate
LogInit:  - bUseHttpProxy = false  - Libcurl will NOT use HTTP proxy
LogInit:  - bDontReuseConnections = false  - Libcurl will reuse connections
LogInit:  - MaxHostConnections = 16  - Libcurl will limit the number of connections to a host
LogInit:  - LocalHostAddr = Default
LogInit:  - BufferSize = 65536
LogInit: WinSock: version 1.1 (2.2), MaxSocks=32767, MaxUdp=65467
LogInit: Build: ++UE4+Release-4.21-CL-4753647
LogInit: Engine Version: 4.21.2-4753647+++UE4+Release-4.21
LogInit: Compatible Engine Version: 4.21.0-4541578+++UE4+Release-4.21
LogInit: Net CL: 4541578
LogInit: OS: Windows 10 (), CPU: AMD FX(tm)-4100 Quad-Core Processor            , GPU: NVIDIA GeForce GTX 970
LogInit: Compiled (64-bit): Jan 19 2019 02:07:31
LogInit: Compiled with Visual C++: 19.13.26129.00
LogInit: Build Configuration: Development
LogInit: Branch Name: ++UE4+Release-4.21
LogInit: Command Line:  /Game/Levels/TwinStickExampleMap -game -PIEVIACONSOLE -ResX=1280 -ResY=720 -Multiprocess -messaging -SessionName="Play in Standalone Game" -windowed
LogInit: Base Directory: D:/UE_4.21/Engine/Binaries/Win64/
LogInit: Installed Engine Build: 1
LogDevObjectVersion: Number of dev versions registered: 22
LogDevObjectVersion:   Dev-Blueprints (B0D832E4-1F89-4F0D-ACCF-7EB736FD4AA2): 10
LogDevObjectVersion:   Dev-Build (E1C64328-A22C-4D53-A36C-8E866417BD8C): 0
LogDevObjectVersion:   Dev-Core (375EC13C-06E4-48FB-B500-84F0262A717E): 2
LogDevObjectVersion:   Dev-Editor (E4B068ED-F494-42E9-A231-DA0B2E46BB41): 26
LogDevObjectVersion:   Dev-Framework (CFFC743F-43B0-4480-9391-14DF171D2073): 34
LogDevObjectVersion:   Dev-Mobile (B02B49B5-BB20-44E9-A304-32B752E40360): 2
LogDevObjectVersion:   Dev-Networking (A4E4105C-59A1-49B5-A7C5-40C4547EDFEE): 0
LogDevObjectVersion:   Dev-Online (39C831C9-5AE6-47DC-9A44-9C173E1C8E7C): 0
LogDevObjectVersion:   Dev-Physics (78F01B33-EBEA-4F98-B9B4-84EACCB95AA2): 0
LogDevObjectVersion:   Dev-Platform (6631380F-2D4D-43E0-8009-CF276956A95A): 0
LogDevObjectVersion:   Dev-Rendering (12F88B9F-8875-4AFC-A67C-D90C383ABD29): 27
LogDevObjectVersion:   Dev-Sequencer (7B5AE74C-D270-4C10-A958-57980B212A5A): 9
LogDevObjectVersion:   Dev-VR (D7296918-1DD6-4BDD-9DE2-64A83CC13884): 2
LogDevObjectVersion:   Dev-LoadTimes (C2A15278-BFE7-4AFE-6C17-90FF531DF755): 1
LogDevObjectVersion:   Private-Geometry (6EACA3D4-40EC-4CC1-B786-8BED09428FC5): 3
LogDevObjectVersion:   Dev-AnimPhys (29E575DD-E0A3-4627-9D10-D276232CDCEA): 17
LogDevObjectVersion:   Dev-Anim (AF43A65D-7FD3-4947-9873-3E8ED9C1BB05): 2
LogDevObjectVersion:   Dev-ReflectionCapture (6B266CEC-1EC7-4B8F-A30B-E4D90942FC07): 1
LogDevObjectVersion:   Dev-Automation (0DF73D61-A23F-47EA-B727-89E90C41499A): 1
LogDevObjectVersion:   FortniteMain (601D1886-AC64-4F84-AA16-D3DE0DEAC7D6): 17
LogDevObjectVersion:   Dev-Enterprise (9DFFBCD6-494F-0158-E221-12823C92A888): 4
LogDevObjectVersion:   Dev-Niagara (F2AED0AC-9AFE-416F-8664-AA7FFA26D6FC): 1
LogStreaming: Display: Took  0.011s to delete old logs.
LogInit: Presizing for max 8388607 objects, including 0 objects not considered by GC, pre-allocating 0 bytes for permanent pool.
LogInit: Object subsystem initialized
LogConfig: Setting CVar [[con.DebugEarlyDefault:1]]
LogConfig: Setting CVar [[r.setres:1280x720]]
[2019.12.08-21.52.55:288][  0]LogConfig: Setting CVar [[con.DebugEarlyDefault:1]]
[2019.12.08-21.52.55:288][  0]LogConfig: Setting CVar [[r.setres:1280x720]]
[2019.12.08-21.52.55:288][  0]LogConfig: Applying CVar settings from Section [/Script/Engine.RendererSettings] File [C:/Users/matth/Documents/Game Design/Uni stuff/ICAs Year 2/Game Development/Games-Development-ICA-Team-3/GD Team3 Project/Saved/Config/Windows/Engine.ini]
[2019.12.08-21.52.55:288][  0]LogConfig: Setting CVar [[r.GPUCrashDebugging:0]]
[2019.12.08-21.52.55:288][  0]LogConfig: Applying CVar settings from Section [/Script/Engine.RendererOverrideSettings] File [C:/Users/matth/Documents/Game Design/Uni stuff/ICAs Year 2/Game Development/Games-Development-ICA-Team-3/GD Team3 Project/Saved/Config/Windows/Engine.ini]
[2019.12.08-21.52.55:288][  0]LogConfig: Applying CVar settings from Section [/Script/Engine.StreamingSettings] File [C:/Users/matth/Documents/Game Design/Uni stuff/ICAs Year 2/Game Development/Games-Development-ICA-Team-3/GD Team3 Project/Saved/Config/Windows/Engine.ini]
[2019.12.08-21.52.55:288][  0]LogConfig: Setting CVar [[s.MinBulkDataSizeForAsyncLoading:131072]]
[2019.12.08-21.52.55:288][  0]LogConfig: Setting CVar [[s.AsyncLoadingThreadEnabled:0]]
[2019.12.08-21.52.55:289][  0]LogConfig: Setting CVar [[s.EventDrivenLoaderEnabled:1]]
[2019.12.08-21.52.55:289][  0]LogConfig: Setting CVar [[s.WarnIfTimeLimitExceeded:0]]
[2019.12.08-21.52.55:289][  0]LogConfig: Setting CVar [[s.TimeLimitExceededMultiplier:1.5]]
[2019.12.08-21.52.55:289][  0]LogConfig: Setting CVar [[s.TimeLimitExceededMinTime:0.005]]
[2019.12.08-21.52.55:289][  0]LogConfig: Setting CVar [[s.UseBackgroundLevelStreaming:1]]
[2019.12.08-21.52.55:289][  0]LogConfig: Setting CVar [[s.PriorityAsyncLoadingExtraTime:15.0]]
[2019.12.08-21.52.55:289][  0]LogConfig: Setting CVar [[s.LevelStreamingActorsUpdateTimeLimit:5.0]]
[2019.12.08-21.52.55:289][  0]LogConfig: Setting CVar [[s.PriorityLevelStreamingActorsUpdateExtraTime:5.0]]
[2019.12.08-21.52.55:289][  0]LogConfig: Setting CVar [[s.LevelStreamingComponentsRegistrationGranularity:10]]
[2019.12.08-21.52.55:289][  0]LogConfig: Setting CVar [[s.UnregisterComponentsTimeLimit:1.0]]
[2019.12.08-21.52.55:289][  0]LogConfig: Setting CVar [[s.LevelStreamingComponentsUnregistrationGranularity:5]]
[2019.12.08-21.52.55:289][  0]LogConfig: Applying CVar settings from Section [/Script/Engine.GarbageCollectionSettings] File [C:/Users/matth/Documents/Game Design/Uni stuff/ICAs Year 2/Game Development/Games-Development-ICA-Team-3/GD Team3 Project/Saved/Config/Windows/Engine.ini]
[2019.12.08-21.52.55:289][  0]LogConfig: Setting CVar [[gc.MaxObjectsNotConsideredByGC:1]]
[2019.12.08-21.52.55:289][  0]LogConfig: Setting CVar [[gc.SizeOfPermanentObjectPool:0]]
[2019.12.08-21.52.55:289][  0]LogConfig: Setting CVar [[gc.FlushStreamingOnGC:0]]
[2019.12.08-21.52.55:289][  0]LogConfig: Setting CVar [[gc.NumRetriesBeforeForcingGC:10]]
[2019.12.08-21.52.55:290][  0]LogConfig: Setting CVar [[gc.AllowParallelGC:1]]
[2019.12.08-21.52.55:290][  0]LogConfig: Setting CVar [[gc.TimeBetweenPurgingPendingKillObjects:61.1]]
[2019.12.08-21.52.55:290][  0]LogConfig: Setting CVar [[gc.MaxObjectsInEditor:8388607]]
[2019.12.08-21.52.55:290][  0]LogConfig: Setting CVar [[gc.IncrementalBeginDestroyEnabled:1]]
[2019.12.08-21.52.55:290][  0]LogConfig: Setting CVar [[gc.CreateGCClusters:1]]
[2019.12.08-21.52.55:290][  0]LogConfig: Setting CVar [[gc.MergeGCClusters:0]]
[2019.12.08-21.52.55:290][  0]LogConfig: Setting CVar [[gc.MinGCClusterSize:5]]
[2019.12.08-21.52.55:290][  0]LogConfig: Setting CVar [[gc.ActorClusteringEnabled:0]]
[2019.12.08-21.52.55:290][  0]LogConfig: Setting CVar [[gc.BlueprintClusteringEnabled:0]]
[2019.12.08-21.52.55:290][  0]LogConfig: Setting CVar [[gc.UseDisregardForGCOnDedicatedServers:0]]
[2019.12.08-21.52.55:290][  0]LogConfig: Applying CVar settings from Section [/Script/Engine.NetworkSettings] File [C:/Users/matth/Documents/Game Design/Uni stuff/ICAs Year 2/Game Development/Games-Development-ICA-Team-3/GD Team3 Project/Saved/Config/Windows/Engine.ini]
[2019.12.08-21.52.55:290][  0]LogConfig: Applying CVar settings from Section [/Script/UnrealEd.CookerSettings] File [C:/Users/matth/Documents/Game Design/Uni stuff/ICAs Year 2/Game Development/Games-Development-ICA-Team-3/GD Team3 Project/Saved/Config/Windows/Engine.ini]
[2019.12.08-21.52.55:298][  0]LogConfig: Applying CVar settings from Section [ViewDistanceQuality@3] File [C:/Users/matth/Documents/Game Design/Uni stuff/ICAs Year 2/Game Development/Games-Development-ICA-Team-3/GD Team3 Project/Saved/Config/Windows/Scalability.ini]
[2019.12.08-21.52.55:298][  0]LogConfig: Setting CVar [[r.SkeletalMeshLODBias:0]]
[2019.12.08-21.52.55:298][  0]LogConfig: Setting CVar [[r.ViewDistanceScale:1.0]]
[2019.12.08-21.52.55:298][  0]LogConfig: Applying CVar settings from Section [AntiAliasingQuality@3] File [C:/Users/matth/Documents/Game Design/Uni stuff/ICAs Year 2/Game Development/Games-Development-ICA-Team-3/GD Team3 Project/Saved/Config/Windows/Scalability.ini]
[2019.12.08-21.52.55:298][  0]LogConfig: Setting CVar [[r.PostProcessAAQuality:4]]
[2019.12.08-21.52.55:298][  0]LogConfig: Applying CVar settings from Section [ShadowQuality@3] File [C:/Users/matth/Documents/Game Design/Uni stuff/ICAs Year 2/Game Development/Games-Development-ICA-Team-3/GD Team3 Project/Saved/Config/Windows/Scalability.ini]
[2019.12.08-21.52.55:298][  0]LogConfig: Setting CVar [[r.LightFunctionQuality:1]]
[2019.12.08-21.52.55:298][  0]LogConfig: Setting CVar [[r.ShadowQuality:5]]
[2019.12.08-21.52.55:298][  0]LogConfig: Setting CVar [[r.Shadow.CSM.MaxCascades:10]]
[2019.12.08-21.52.55:298][  0]LogConfig: Setting CVar [[r.Shadow.MaxResolution:2048]]
[2019.12.08-21.52.55:298][  0]LogConfig: Setting CVar [[r.Shadow.MaxCSMResolution:2048]]
[2019.12.08-21.52.55:298][  0]LogConfig: Setting CVar [[r.Shadow.RadiusThreshold:0.01]]
[2019.12.08-21.52.55:298][  0]LogConfig: Setting CVar [[r.Shadow.DistanceScale:1.0]]
[2019.12.08-21.52.55:299][  0]LogConfig: Setting CVar [[r.Shadow.CSM.TransitionScale:1.0]]
[2019.12.08-21.52.55:299][  0]LogConfig: Setting CVar [[r.Shadow.PreShadowResolutionFactor:1.0]]
[2019.12.08-21.52.55:299][  0]LogConfig: Setting CVar [[r.DistanceFieldShadowing:1]]
[2019.12.08-21.52.55:299][  0]LogConfig: Setting CVar [[r.DistanceFieldAO:1]]
[2019.12.08-21.52.55:299][  0]LogConfig: Setting CVar [[r.AOQuality:2]]
[2019.12.08-21.52.55:299][  0]LogConfig: Setting CVar [[r.VolumetricFog:1]]
[2019.12.08-21.52.55:299][  0]LogConfig: Setting CVar [[r.VolumetricFog.GridPixelSize:8]]
[2019.12.08-21.52.55:299][  0]LogConfig: Setting CVar [[r.VolumetricFog.GridSizeZ:128]]
[2019.12.08-21.52.55:299][  0]LogConfig: Setting CVar [[r.VolumetricFog.HistoryMissSupersampleCount:4]]
[2019.12.08-21.52.55:299][  0]LogConfig: Setting CVar [[r.LightMaxDrawDistanceScale:1]]
[2019.12.08-21.52.55:299][  0]LogConfig: Setting CVar [[r.CapsuleShadows:1]]
[2019.12.08-21.52.55:299][  0]LogConfig: Applying CVar settings from Section [PostProcessQuality@3] File [C:/Users/matth/Documents/Game Design/Uni stuff/ICAs Year 2/Game Development/Games-Development-ICA-Team-3/GD Team3 Project/Saved/Config/Windows/Scalability.ini]
[2019.12.08-21.52.55:299][  0]LogConfig: Setting CVar [[r.MotionBlurQuality:4]]
[2019.12.08-21.52.55:299][  0]LogConfig: Setting CVar [[r.AmbientOcclusionMipLevelFactor:0.4]]
[2019.12.08-21.52.55:300][  0]LogConfig: Setting CVar [[r.AmbientOcclusionMaxQuality:100]]
[2019.12.08-21.52.55:300][  0]LogConfig: Setting CVar [[r.AmbientOcclusionLevels:-1]]
[2019.12.08-21.52.55:300][  0]LogConfig: Setting CVar [[r.AmbientOcclusionRadiusScale:1.0]]
[2019.12.08-21.52.55:300][  0]LogConfig: Setting CVar [[r.DepthOfFieldQuality:2]]
[2019.12.08-21.52.55:300][  0]LogConfig: Setting CVar [[r.RenderTargetPoolMin:400]]
[2019.12.08-21.52.55:300][  0]LogConfig: Setting CVar [[r.LensFlareQuality:2]]
[2019.12.08-21.52.55:300][  0]LogConfig: Setting CVar [[r.SceneColorFringeQuality:1]]
[2019.12.08-21.52.55:300][  0]LogConfig: Setting CVar [[r.EyeAdaptationQuality:2]]
[2019.12.08-21.52.55:300][  0]LogConfig: Setting CVar [[r.BloomQuality:5]]
[2019.12.08-21.52.55:300][  0]LogConfig: Setting CVar [[r.FastBlurThreshold:100]]
[2019.12.08-21.52.55:300][  0]LogConfig: Setting CVar [[r.Upscale.Quality:3]]
[2019.12.08-21.52.55:300][  0]LogConfig: Setting CVar [[r.Tonemapper.GrainQuantization:1]]
[2019.12.08-21.52.55:300][  0]LogConfig: Setting CVar [[r.LightShaftQuality:1]]
[2019.12.08-21.52.55:300][  0]LogConfig: Setting CVar [[r.Filter.SizeScale:1]]
[2019.12.08-21.52.55:300][  0]LogConfig: Setting CVar [[r.Tonemapper.Quality:5]]
[2019.12.08-21.52.55:300][  0]LogConfig: Setting CVar [[r.DOF.Gather.AccumulatorQuality:1        ; higher gathering accumulator quality]]
[2019.12.08-21.52.55:300][  0]LogConfig: Setting CVar [[r.DOF.Gather.PostfilterMethod:1          ; Median3x3 postfilering method]]
[2019.12.08-21.52.55:300][  0]LogConfig: Setting CVar [[r.DOF.Gather.EnableBokehSettings:0       ; no bokeh simulation when gathering]]
[2019.12.08-21.52.55:300][  0]LogConfig: Setting CVar [[r.DOF.Gather.RingCount:4                 ; medium number of samples when gathering]]
[2019.12.08-21.52.55:300][  0]LogConfig: Setting CVar [[r.DOF.Scatter.ForegroundCompositing:1    ; additive foreground scattering]]
[2019.12.08-21.52.55:300][  0]LogConfig: Setting CVar [[r.DOF.Scatter.BackgroundCompositing:2    ; additive background scattering]]
[2019.12.08-21.52.55:300][  0]LogConfig: Setting CVar [[r.DOF.Scatter.EnableBokehSettings:1      ; bokeh simulation when scattering]]
[2019.12.08-21.52.55:300][  0]LogConfig: Setting CVar [[r.DOF.Scatter.MaxSpriteRatio:0.1         ; only a maximum of 10% of scattered bokeh]]
[2019.12.08-21.52.55:300][  0]LogConfig: Setting CVar [[r.DOF.Recombine.Quality:1                ; cheap slight out of focus]]
[2019.12.08-21.52.55:300][  0]LogConfig: Setting CVar [[r.DOF.Recombine.EnableBokehSettings:0    ; no bokeh simulation on slight out of focus]]
[2019.12.08-21.52.55:300][  0]LogConfig: Setting CVar [[r.DOF.TemporalAAQuality:1                ; more stable temporal accumulation]]
[2019.12.08-21.52.55:301][  0]LogConfig: Setting CVar [[r.DOF.Kernel.MaxForegroundRadius:0.025]]
[2019.12.08-21.52.55:301][  0]LogConfig: Setting CVar [[r.DOF.Kernel.MaxBackgroundRadius:0.025]]
[2019.12.08-21.52.55:301][  0]LogConfig: Applying CVar settings from Section [TextureQuality@3] File [C:/Users/matth/Documents/Game Design/Uni stuff/ICAs Year 2/Game Development/Games-Development-ICA-Team-3/GD Team3 Project/Saved/Config/Windows/Scalability.ini]
[2019.12.08-21.52.55:301][  0]LogConfig: Setting CVar [[r.Streaming.MipBias:0]]
[2019.12.08-21.52.55:301][  0]LogConfig: Setting CVar [[r.Streaming.AmortizeCPUToGPUCopy:0]]
[2019.12.08-21.52.55:301][  0]LogConfig: Setting CVar [[r.Streaming.MaxNumTexturesToStreamPerFrame:0]]
[2019.12.08-21.52.55:301][  0]LogConfig: Setting CVar [[r.Streaming.Boost:1]]
[2019.12.08-21.52.55:301][  0]LogConfig: Setting CVar [[r.MaxAnisotropy:8]]
[2019.12.08-21.52.55:301][  0]LogConfig: Setting CVar [[r.Streaming.LimitPoolSizeToVRAM:0]]
[2019.12.08-21.52.55:301][  0]LogConfig: Setting CVar [[r.Streaming.PoolSize:1000]]
[2019.12.08-21.52.55:301][  0]LogConfig: Setting CVar [[r.Streaming.MaxEffectiveScreenSize:0]]
[2019.12.08-21.52.55:301][  0]LogConfig: Applying CVar settings from Section [EffectsQuality@3] File [C:/Users/matth/Documents/Game Design/Uni stuff/ICAs Year 2/Game Development/Games-Development-ICA-Team-3/GD Team3 Project/Saved/Config/Windows/Scalability.ini]
[2019.12.08-21.52.55:301][  0]LogConfig: Setting CVar [[r.TranslucencyLightingVolumeDim:64]]
[2019.12.08-21.52.55:301][  0]LogConfig: Setting CVar [[r.RefractionQuality:2]]
[2019.12.08-21.52.55:301][  0]LogConfig: Setting CVar [[r.SSR.Quality:3]]
[2019.12.08-21.52.55:301][  0]LogConfig: Setting CVar [[r.SceneColorFormat:4]]
[2019.12.08-21.52.55:301][  0]LogConfig: Setting CVar [[r.DetailMode:2]]
[2019.12.08-21.52.55:301][  0]LogConfig: Setting CVar [[r.TranslucencyVolumeBlur:1]]
[2019.12.08-21.52.55:301][  0]LogConfig: Setting CVar [[r.MaterialQualityLevel:1 ; High quality]]
[2019.12.08-21.52.55:301][  0]LogConfig: Setting CVar [[r.SSS.Scale:1]]
[2019.12.08-21.52.55:301][  0]LogConfig: Setting CVar [[r.SSS.SampleSet:2]]
[2019.12.08-21.52.55:301][  0]LogConfig: Setting CVar [[r.SSS.Quality:1]]
[2019.12.08-21.52.55:301][  0]LogConfig: Setting CVar [[r.SSS.HalfRes:1]]
[2019.12.08-21.52.55:301][  0]LogConfig: Setting CVar [[r.EmitterSpawnRateScale:1.0]]
[2019.12.08-21.52.55:301][  0]LogConfig: Setting CVar [[r.ParticleLightQuality:2]]
[2019.12.08-21.52.55:301][  0]LogConfig: Applying CVar settings from Section [FoliageQuality@3] File [C:/Users/matth/Documents/Game Design/Uni stuff/ICAs Year 2/Game Development/Games-Development-ICA-Team-3/GD Team3 Project/Saved/Config/Windows/Scalability.ini]
[2019.12.08-21.52.55:301][  0]LogConfig: Setting CVar [[foliage.DensityScale:1.0]]
[2019.12.08-21.52.55:301][  0]LogConfig: Setting CVar [[grass.DensityScale:1.0]]
[2019.12.08-21.52.55:301][  0]LogInit: Selected Device Profile: [Windows]
[2019.12.08-21.52.55:302][  0]LogInit: Applying CVar settings loaded from the selected device profile: [Windows]
[2019.12.08-21.52.55:314][  0]LogHAL: Display: Platform has ~ 16 GB [17123729408 / 17179869184 / 16], which maps to Larger [LargestMinGB=32, LargerMinGB=12, DefaultMinGB=8, SmallerMinGB=6, SmallestMinGB=0)
[2019.12.08-21.52.55:314][  0]LogConfig: Setting CVar [[r.Vulkan.UseRealUBs:1]]
[2019.12.08-21.52.55:315][  0]LogInit: Going up to parent DeviceProfile []
[2019.12.08-21.52.55:315][  0]LogConfig: Applying CVar settings from Section [ViewDistanceQuality@3] File [C:/Users/matth/Documents/Game Design/Uni stuff/ICAs Year 2/Game Development/Games-Development-ICA-Team-3/GD Team3 Project/Saved/Config/Windows/Scalability.ini]
[2019.12.08-21.52.55:315][  0]LogConfig: Setting CVar [[r.SkeletalMeshLODBias:0]]
[2019.12.08-21.52.55:315][  0]LogConfig: Setting CVar [[r.ViewDistanceScale:1.0]]
[2019.12.08-21.52.55:315][  0]LogConfig: Applying CVar settings from Section [AntiAliasingQuality@3] File [C:/Users/matth/Documents/Game Design/Uni stuff/ICAs Year 2/Game Development/Games-Development-ICA-Team-3/GD Team3 Project/Saved/Config/Windows/Scalability.ini]
[2019.12.08-21.52.55:315][  0]LogConfig: Setting CVar [[r.PostProcessAAQuality:4]]
[2019.12.08-21.52.55:315][  0]LogConfig: Applying CVar settings from Section [ShadowQuality@3] File [C:/Users/matth/Documents/Game Design/Uni stuff/ICAs Year 2/Game Development/Games-Development-ICA-Team-3/GD Team3 Project/Saved/Config/Windows/Scalability.ini]
[2019.12.08-21.52.55:315][  0]LogConfig: Setting CVar [[r.LightFunctionQuality:1]]
[2019.12.08-21.52.55:315][  0]LogConfig: Setting CVar [[r.ShadowQuality:5]]
[2019.12.08-21.52.55:315][  0]LogConfig: Setting CVar [[r.Shadow.CSM.MaxCascades:10]]
[2019.12.08-21.52.55:315][  0]LogConfig: Setting CVar [[r.Shadow.MaxResolution:2048]]
[2019.12.08-21.52.55:315][  0]LogConfig: Setting CVar [[r.Shadow.MaxCSMResolution:2048]]
[2019.12.08-21.52.55:315][  0]LogConfig: Setting CVar [[r.Shadow.RadiusThreshold:0.01]]
[2019.12.08-21.52.55:315][  0]LogConfig: Setting CVar [[r.Shadow.DistanceScale:1.0]]
[2019.12.08-21.52.55:315][  0]LogConfig: Setting CVar [[r.Shadow.CSM.TransitionScale:1.0]]
[2019.12.08-21.52.55:316][  0]LogConfig: Setting CVar [[r.Shadow.PreShadowResolutionFactor:1.0]]
[2019.12.08-21.52.55:316][  0]LogConfig: Setting CVar [[r.DistanceFieldShadowing:1]]
[2019.12.08-21.52.55:316][  0]LogConfig: Setting CVar [[r.DistanceFieldAO:1]]
[2019.12.08-21.52.55:316][  0]LogConfig: Setting CVar [[r.AOQuality:2]]
[2019.12.08-21.52.55:316][  0]LogConfig: Setting CVar [[r.VolumetricFog:1]]
[2019.12.08-21.52.55:316][  0]LogConfig: Setting CVar [[r.VolumetricFog.GridPixelSize:8]]
[2019.12.08-21.52.55:316][  0]LogConfig: Setting CVar [[r.VolumetricFog.GridSizeZ:128]]
[2019.12.08-21.52.55:316][  0]LogConfig: Setting CVar [[r.VolumetricFog.HistoryMissSupersampleCount:4]]
[2019.12.08-21.52.55:316][  0]LogConfig: Setting CVar [[r.LightMaxDrawDistanceScale:1]]
[2019.12.08-21.52.55:316][  0]LogConfig: Setting CVar [[r.CapsuleShadows:1]]
[2019.12.08-21.52.55:316][  0]LogConfig: Applying CVar settings from Section [PostProcessQuality@3] File [C:/Users/matth/Documents/Game Design/Uni stuff/ICAs Year 2/Game Development/Games-Development-ICA-Team-3/GD Team3 Project/Saved/Config/Windows/Scalability.ini]
[2019.12.08-21.52.55:316][  0]LogConfig: Setting CVar [[r.MotionBlurQuality:4]]
[2019.12.08-21.52.55:316][  0]LogConfig: Setting CVar [[r.AmbientOcclusionMipLevelFactor:0.4]]
[2019.12.08-21.52.55:316][  0]LogConfig: Setting CVar [[r.AmbientOcclusionMaxQuality:100]]
[2019.12.08-21.52.55:316][  0]LogConfig: Setting CVar [[r.AmbientOcclusionLevels:-1]]
[2019.12.08-21.52.55:316][  0]LogConfig: Setting CVar [[r.AmbientOcclusionRadiusScale:1.0]]
[2019.12.08-21.52.55:316][  0]LogConfig: Setting CVar [[r.DepthOfFieldQuality:2]]
[2019.12.08-21.52.55:316][  0]LogConfig: Setting CVar [[r.RenderTargetPoolMin:400]]
[2019.12.08-21.52.55:316][  0]LogConfig: Setting CVar [[r.LensFlareQuality:2]]
[2019.12.08-21.52.55:316][  0]LogConfig: Setting CVar [[r.SceneColorFringeQuality:1]]
[2019.12.08-21.52.55:316][  0]LogConfig: Setting CVar [[r.EyeAdaptationQuality:2]]
[2019.12.08-21.52.55:316][  0]LogConfig: Setting CVar [[r.BloomQuality:5]]
[2019.12.08-21.52.55:316][  0]LogConfig: Setting CVar [[r.FastBlurThreshold:100]]
[2019.12.08-21.52.55:316][  0]LogConfig: Setting CVar [[r.Upscale.Quality:3]]
[2019.12.08-21.52.55:316][  0]LogConfig: Setting CVar [[r.Tonemapper.GrainQuantization:1]]
[2019.12.08-21.52.55:316][  0]LogConfig: Setting CVar [[r.LightShaftQuality:1]]
[2019.12.08-21.52.55:316][  0]LogConfig: Setting CVar [[r.Filter.SizeScale:1]]
[2019.12.08-21.52.55:316][  0]LogConfig: Setting CVar [[r.Tonemapper.Quality:5]]
[2019.12.08-21.52.55:316][  0]LogConfig: Setting CVar [[r.DOF.Gather.AccumulatorQuality:1        ; higher gathering accumulator quality]]
[2019.12.08-21.52.55:316][  0]LogConfig: Setting CVar [[r.DOF.Gather.PostfilterMethod:1          ; Median3x3 postfilering method]]
[2019.12.08-21.52.55:316][  0]LogConfig: Setting CVar [[r.DOF.Gather.EnableBokehSettings:0       ; no bokeh simulation when gathering]]
[2019.12.08-21.52.55:316][  0]LogConfig: Setting CVar [[r.DOF.Gather.RingCount:4                 ; medium number of samples when gathering]]
[2019.12.08-21.52.55:316][  0]LogConfig: Setting CVar [[r.DOF.Scatter.ForegroundCompositing:1    ; additive foreground scattering]]
[2019.12.08-21.52.55:317][  0]LogConfig: Setting CVar [[r.DOF.Scatter.BackgroundCompositing:2    ; additive background scattering]]
[2019.12.08-21.52.55:317][  0]LogConfig: Setting CVar [[r.DOF.Scatter.EnableBokehSettings:1      ; bokeh simulation when scattering]]
[2019.12.08-21.52.55:317][  0]LogConfig: Setting CVar [[r.DOF.Scatter.MaxSpriteRatio:0.1         ; only a maximum of 10% of scattered bokeh]]
[2019.12.08-21.52.55:317][  0]LogConfig: Setting CVar [[r.DOF.Recombine.Quality:1                ; cheap slight out of focus]]
[2019.12.08-21.52.55:317][  0]LogConfig: Setting CVar [[r.DOF.Recombine.EnableBokehSettings:0    ; no bokeh simulation on slight out of focus]]
[2019.12.08-21.52.55:317][  0]LogConfig: Setting CVar [[r.DOF.TemporalAAQuality:1                ; more stable temporal accumulation]]
[2019.12.08-21.52.55:317][  0]LogConfig: Setting CVar [[r.DOF.Kernel.MaxForegroundRadius:0.025]]
[2019.12.08-21.52.55:317][  0]LogConfig: Setting CVar [[r.DOF.Kernel.MaxBackgroundRadius:0.025]]
[2019.12.08-21.52.55:317][  0]LogConfig: Applying CVar settings from Section [TextureQuality@3] File [C:/Users/matth/Documents/Game Design/Uni stuff/ICAs Year 2/Game Development/Games-Development-ICA-Team-3/GD Team3 Project/Saved/Config/Windows/Scalability.ini]
[2019.12.08-21.52.55:317][  0]LogConfig: Setting CVar [[r.Streaming.MipBias:0]]
[2019.12.08-21.52.55:317][  0]LogConfig: Setting CVar [[r.Streaming.AmortizeCPUToGPUCopy:0]]
[2019.12.08-21.52.55:317][  0]LogConfig: Setting CVar [[r.Streaming.MaxNumTexturesToStreamPerFrame:0]]
[2019.12.08-21.52.55:317][  0]LogConfig: Setting CVar [[r.Streaming.Boost:1]]
[2019.12.08-21.52.55:317][  0]LogConfig: Setting CVar [[r.MaxAnisotropy:8]]
[2019.12.08-21.52.55:317][  0]LogConfig: Setting CVar [[r.Streaming.LimitPoolSizeToVRAM:0]]
[2019.12.08-21.52.55:317][  0]LogConfig: Setting CVar [[r.Streaming.PoolSize:1000]]
[2019.12.08-21.52.55:317][  0]LogConfig: Setting CVar [[r.Streaming.MaxEffectiveScreenSize:0]]
[2019.12.08-21.52.55:317][  0]LogConfig: Applying CVar settings from Section [EffectsQuality@3] File [C:/Users/matth/Documents/Game Design/Uni stuff/ICAs Year 2/Game Development/Games-Development-ICA-Team-3/GD Team3 Project/Saved/Config/Windows/Scalability.ini]
[2019.12.08-21.52.55:317][  0]LogConfig: Setting CVar [[r.TranslucencyLightingVolumeDim:64]]
[2019.12.08-21.52.55:317][  0]LogConfig: Setting CVar [[r.RefractionQuality:2]]
[2019.12.08-21.52.55:317][  0]LogConfig: Setting CVar [[r.SSR.Quality:3]]
[2019.12.08-21.52.55:318][  0]LogConfig: Setting CVar [[r.SceneColorFormat:4]]
[2019.12.08-21.52.55:318][  0]LogConfig: Setting CVar [[r.DetailMode:2]]
[2019.12.08-21.52.55:318][  0]LogConfig: Setting CVar [[r.TranslucencyVolumeBlur:1]]
[2019.12.08-21.52.55:318][  0]LogConfig: Setting CVar [[r.MaterialQualityLevel:1 ; High quality]]
[2019.12.08-21.52.55:318][  0]LogConfig: Setting CVar [[r.SSS.Scale:1]]
[2019.12.08-21.52.55:318][  0]LogConfig: Setting CVar [[r.SSS.SampleSet:2]]
[2019.12.08-21.52.55:318][  0]LogConfig: Setting CVar [[r.SSS.Quality:1]]
[2019.12.08-21.52.55:318][  0]LogConfig: Setting CVar [[r.SSS.HalfRes:1]]
[2019.12.08-21.52.55:318][  0]LogConfig: Setting CVar [[r.EmitterSpawnRateScale:1.0]]
[2019.12.08-21.52.55:318][  0]LogConfig: Setting CVar [[r.ParticleLightQuality:2]]
[2019.12.08-21.52.55:318][  0]LogConfig: Applying CVar settings from Section [FoliageQuality@3] File [C:/Users/matth/Documents/Game Design/Uni stuff/ICAs Year 2/Game Development/Games-Development-ICA-Team-3/GD Team3 Project/Saved/Config/Windows/Scalability.ini]
[2019.12.08-21.52.55:318][  0]LogConfig: Setting CVar [[foliage.DensityScale:1.0]]
[2019.12.08-21.52.55:318][  0]LogConfig: Setting CVar [[grass.DensityScale:1.0]]
[2019.12.08-21.52.55:318][  0]LogConfig: Applying CVar settings from Section [Startup] File [../../../Engine/Config/ConsoleVariables.ini]
[2019.12.08-21.52.55:319][  0]LogConfig: Setting CVar [[net.UseAdaptiveNetUpdateFrequency:0]]
[2019.12.08-21.52.55:319][  0]LogConfig: Applying CVar settings from Section [ConsoleVariables] File [C:/Users/matth/Documents/Game Design/Uni stuff/ICAs Year 2/Game Development/Games-Development-ICA-Team-3/GD Team3 Project/Saved/Config/Windows/Engine.ini]
[2019.12.08-21.52.55:319][  0]LogInit: Computer: DESKTOP-O677KB9
[2019.12.08-21.52.55:319][  0]LogInit: User: matth
[2019.12.08-21.52.55:319][  0]LogInit: CPU Page size=4096, Cores=2
[2019.12.08-21.52.55:319][  0]LogInit: High frequency timer resolution =10.000000 MHz
[2019.12.08-21.52.55:320][  0]LogMemory: Memory total: Physical=15.9GB (16GB approx)
[2019.12.08-21.52.55:320][  0]LogMemory: Platform Memory Stats for Windows
[2019.12.08-21.52.55:320][  0]LogMemory: Process Physical Memory: 104.41 MB used, 104.41 MB peak
[2019.12.08-21.52.55:320][  0]LogMemory: Process Virtual Memory: 95.05 MB used, 95.05 MB peak
[2019.12.08-21.52.55:320][  0]LogMemory: Physical Memory: 6904.08 MB used,  9426.38 MB free, 16330.46 MB total
[2019.12.08-21.52.55:320][  0]LogMemory: Virtual Memory: 4622.43 MB used,  134213104.00 MB free, 134217728.00 MB total
[2019.12.08-21.52.55:372][  0]LogInit: Using OS detected language (en-GB).
[2019.12.08-21.52.55:372][  0]LogInit: Using OS detected locale (en-GB).
[2019.12.08-21.52.55:374][  0]LogTextLocalizationManager: No specific localization for 'en-GB' exists, so the 'en' localization will be used.
[2019.12.08-21.52.56:573][  0]LogStreaming: Display: Took  1.201s to InitEngineTextLocalization.
[2019.12.08-21.52.56:644][  0]LogSlate: New Slate User Created.  User Index 0, Is Virtual User: 0
[2019.12.08-21.52.56:644][  0]LogSlate: Slate User Registered.  User Index 0, Is Virtual User: 0
[2019.12.08-21.52.56:669][  0]LogHMD: Failed to initialize OpenVR with code 110
[2019.12.08-21.52.56:669][  0]LogD3D11RHI: D3D11 adapters:
[2019.12.08-21.52.56:842][  0]LogD3D11RHI:    0. 'NVIDIA GeForce GTX 970' (Feature Level 11_0)
[2019.12.08-21.52.56:842][  0]LogD3D11RHI:       4043/0/8165 MB DedicatedVideo/DedicatedSystem/SharedSystem, Outputs:1, VendorId:0x10de
[2019.12.08-21.52.56:850][  0]LogD3D11RHI:    1. 'Microsoft Basic Render Driver' (Feature Level 11_0)
[2019.12.08-21.52.56:850][  0]LogD3D11RHI:       0/0/8165 MB DedicatedVideo/DedicatedSystem/SharedSystem, Outputs:0, VendorId:0x1414
[2019.12.08-21.52.56:850][  0]LogD3D11RHI: Chosen D3D11 Adapter: 0
[2019.12.08-21.52.56:874][  0]LogD3D11RHI: Creating new Direct3DDevice
[2019.12.08-21.52.56:874][  0]LogD3D11RHI:     GPU DeviceId: 0x13c2 (for the marketing name, search the web for "GPU Device Id")
[2019.12.08-21.52.56:874][  0]LogWindows: EnumDisplayDevices:
[2019.12.08-21.52.56:874][  0]LogWindows:    0. 'NVIDIA GeForce GTX 970' (P:1 D:1)
[2019.12.08-21.52.56:875][  0]LogWindows:    1. 'NVIDIA GeForce GTX 970' (P:0 D:0)
[2019.12.08-21.52.56:876][  0]LogWindows:    2. 'NVIDIA GeForce GTX 970' (P:0 D:0)
[2019.12.08-21.52.56:877][  0]LogWindows:    3. 'NVIDIA GeForce GTX 970' (P:0 D:0)
[2019.12.08-21.52.56:878][  0]LogWindows: DebugString: FoundDriverCount:4 
[2019.12.08-21.52.56:878][  0]LogD3D11RHI:     Adapter Name: NVIDIA GeForce GTX 970
[2019.12.08-21.52.56:878][  0]LogD3D11RHI:   Driver Version: 436.30 (internal:26.21.14.3630, unified:436.30)
[2019.12.08-21.52.56:878][  0]LogD3D11RHI:      Driver Date: 9-5-2019
[2019.12.08-21.52.56:878][  0]LogRHI: Texture pool is 2830 MB (70% of 4043 MB)
[2019.12.08-21.52.56:994][  0]LogD3D11RHI: Async texture creation enabled
[2019.12.08-21.52.57:019][  0]LogD3D11RHI: GPU Timing Frequency: 1000.000000 (Debug: 2 1)
[2019.12.08-21.52.58:682][  0]LogTemp: Display: Loaded TP WindowsClientTargetPlatform
[2019.12.08-21.52.58:721][  0]LogTemp: Display: Loaded TP WindowsNoEditorTargetPlatform
[2019.12.08-21.52.58:752][  0]LogTemp: Display: Loaded TP WindowsServerTargetPlatform
[2019.12.08-21.52.58:768][  0]LogTemp: Display: Loaded TP WindowsTargetPlatform
[2019.12.08-21.52.58:768][  0]LogTargetPlatformManager: Display: Building Assets For Windows
[2019.12.08-21.52.58:864][  0]LogShaderCompilers: Guid format shader working directory is -76 characters bigger than the processId version (C:/Users/matth/Documents/Game Design/Uni stuff/ICAs Year 2/Game Development/Games-Development-ICA-Team-3/GD Team3 Project/Intermediate/Shaders/WorkingDirectory/10512/).
[2019.12.08-21.52.58:864][  0]LogShaderCompilers: Cleaned the shader compiler working directory 'C:/Users/matth/AppData/Local/Temp/UnrealShaderWorkingDir/A6643CFD4132FBC43EC212832051C914/'.
[2019.12.08-21.52.58:867][  0]LogXGEController: Cannot use XGE Controller as Incredibuild is not installed on this machine.
[2019.12.08-21.52.58:867][  0]LogShaderCompilers: Cannot use XGE Shader Compiler as Incredibuild is not installed on this machine.
[2019.12.08-21.52.58:867][  0]LogShaderCompilers: Display: Using Local Shader Compiler.
[2019.12.08-21.53.00:225][  0]LogDerivedDataCache: Display: Max Cache Size: 512 MB
[2019.12.08-21.53.00:357][  0]LogDerivedDataCache: Loaded boot cache 0.13s 71MB C:/Users/matth/AppData/Local/UnrealEngine/4.21/DerivedDataCache/Boot.ddc.
[2019.12.08-21.53.00:357][  0]LogDerivedDataCache: Display: Loaded Boot cache: C:/Users/matth/AppData/Local/UnrealEngine/4.21/DerivedDataCache/Boot.ddc
[2019.12.08-21.53.00:358][  0]LogDerivedDataCache: FDerivedDataBackendGraph:  Pak pak cache file C:/Users/matth/Documents/Game Design/Uni stuff/ICAs Year 2/Game Development/Games-Development-ICA-Team-3/GD Team3 Project/DerivedDataCache/DDC.ddp not found, will not use a pak cache.
[2019.12.08-21.53.00:358][  0]LogDerivedDataCache: Unable to find inner node Pak for hierarchical cache Hierarchy.
[2019.12.08-21.53.00:358][  0]LogDerivedDataCache: FDerivedDataBackendGraph:  CompressedPak pak cache file C:/Users/matth/Documents/Game Design/Uni stuff/ICAs Year 2/Game Development/Games-Development-ICA-Team-3/GD Team3 Project/DerivedDataCache/Compressed.ddp not found, will not use a pak cache.
[2019.12.08-21.53.00:358][  0]LogDerivedDataCache: Unable to find inner node CompressedPak for hierarchical cache Hierarchy.
[2019.12.08-21.53.00:389][  0]LogDerivedDataCache: Display: Pak cache opened for reading ../../../Engine/DerivedDataCache/Compressed.ddp.
[2019.12.08-21.53.00:389][  0]LogDerivedDataCache: FDerivedDataBackendGraph:  EnterprisePak pak cache file ../../../Enterprise/DerivedDataCache/Compressed.ddp not found, will not use a pak cache.
[2019.12.08-21.53.00:389][  0]LogDerivedDataCache: Unable to find inner node EnterprisePak for hierarchical cache Hierarchy.
[2019.12.08-21.53.00:402][  0]LogDerivedDataCache: Using Local data cache path C:/Users/matth/AppData/Local/UnrealEngine/Common/DerivedDataCache: Writable
[2019.12.08-21.53.00:402][  0]LogDerivedDataCache: Shared data cache path not found in *engine.ini, will not use an Shared cache.
[2019.12.08-21.53.00:402][  0]LogDerivedDataCache: Unable to find inner node Shared for hierarchical cache Hierarchy.
[2019.12.08-21.53.00:447][  0]LogMaterial: Verifying Global Shaders for PCD3D_SM5
[2019.12.08-21.53.00:494][  0]LogSlate: Using FreeType 2.6.0
[2019.12.08-21.53.00:497][  0]LogSlate: SlateFontServices - WITH_FREETYPE: 1, WITH_HARFBUZZ: 1
[2019.12.08-21.53.00:902][  0]LogInit: Using OS detected language (en-GB).
[2019.12.08-21.53.00:903][  0]LogInit: Using OS detected locale (en-GB).
[2019.12.08-21.53.00:903][  0]LogTextLocalizationManager: No localization for 'en-GB' exists, so 'en' will be used for the language.
[2019.12.08-21.53.00:903][  0]LogTextLocalizationManager: No localization for 'en-GB' exists, so 'en' will be used for the locale.
[2019.12.08-21.53.00:903][  0]LogSlate: FontCache flush requested. Reason: Culture for localization was changed
[2019.12.08-21.53.00:903][  0]LogSlate: FontCache flush requested. Reason: Culture for localization was changed
[2019.12.08-21.53.01:490][  0]LogStreaming: Display: Took  0.587s to InitGameTextLocalization.
[2019.12.08-21.53.01:502][  0]LogAssetRegistry: FAssetRegistry took 0.0084 seconds to start up
[2019.12.08-21.53.01:927][  0]LogPackageLocalizationCache: Processed 11 localized package path(s) for 1 prioritized culture(s) in 0.019580 seconds
[2019.12.08-21.53.02:155][  0]LogInit: Selected Device Profile: [Windows]
[2019.12.08-21.53.02:276][  0]LogSimplygon: Simplygon DLL not present - disabling.
[2019.12.08-21.53.02:283][  0]LogMeshReduction: Using SimplygonSwarm for distributed automatic mesh merging
[2019.12.08-21.53.02:283][  0]LogMeshReduction: Using ProxyLODMeshReduction for automatic mesh merging
[2019.12.08-21.53.02:283][  0]LogMeshReduction: Using QuadricMeshReduction for automatic static mesh reduction
[2019.12.08-21.53.02:283][  0]LogMeshReduction: No automatic skeletal mesh reduction module available
[2019.12.08-21.53.02:443][  0]LogNetVersion: GDTeam3Project 1.0.0, NetCL: 4541578, EngineNetVer: 5, GameNetVer: 0 (Checksum: 372557075)
[2019.12.08-21.53.03:856][  0]LogMoviePlayer: Initializing movie player
[2019.12.08-21.53.04:043][  0]LogTcpMessaging: Initializing TcpMessaging bridge
[2019.12.08-21.53.04:059][  0]LogUdpMessaging: Initializing bridge on interface 0.0.0.0:0 to multicast group 230.0.0.1:6666.
[2019.12.08-21.53.04:160][  0]LogCollectionManager: Loaded 0 collections in 0.002424 seconds
[2019.12.08-21.53.04:187][  0]LogFileCache: Scanning file cache for directory 'C:/Users/matth/Documents/Game Design/Uni stuff/ICAs Year 2/Game Development/Games-Development-ICA-Team-3/GD Team3 Project/Saved/Collections/' took 0.01s
[2019.12.08-21.53.04:187][  0]LogCollectionManager: Rebuilt the object cache for 0 collections in 0.000000 seconds (found 0 objects)
[2019.12.08-21.53.04:187][  0]LogCollectionManager: Fixed up redirectors for 0 collections in 0.000095 seconds (updated 0 objects)
[2019.12.08-21.53.04:280][  0]LogFileCache: Scanning file cache for directory 'C:/Users/matth/Documents/Game Design/Uni stuff/ICAs Year 2/Game Development/Games-Development-ICA-Team-3/GD Team3 Project/Content/Developers/matth/Collections/' took 0.01s
[2019.12.08-21.53.04:280][  0]LogFileCache: Scanning file cache for directory 'C:/Users/matth/Documents/Game Design/Uni stuff/ICAs Year 2/Game Development/Games-Development-ICA-Team-3/GD Team3 Project/Content/Collections/' took 0.00s
[2019.12.08-21.53.04:280][  0]SourceControl: Source control is disabled
[2019.12.08-21.53.04:280][  0]SourceControl: Source control is disabled
[2019.12.08-21.53.04:282][  0]SourceControl: Source control is disabled
[2019.12.08-21.53.04:483][  0]LogAndroidPermission: UAndroidPermissionCallbackProxy::GetInstance
[2019.12.08-21.53.04:751][  0]LogOcInput: OculusInput pre-init called
[2019.12.08-21.53.04:775][  0]LogUObjectArray: 43359 objects as part of root set at end of initial load.
[2019.12.08-21.53.04:775][  0]LogUObjectAllocator: 7620144 out of 0 bytes used by permanent object pool.
[2019.12.08-21.53.04:775][  0]LogUObjectArray: CloseDisregardForGC: 0/0 objects in disregard for GC pool
[2019.12.08-21.53.04:972][  0]LogEngine: Initializing Engine...
[2019.12.08-21.53.04:974][  0]LogHMD: Failed to initialize OpenVR with code 110
[2019.12.08-21.53.04:989][  0]LogStats: UGameplayTagsManager::ConstructGameplayTagTree: ImportINI prefixes -  0.000 s
[2019.12.08-21.53.04:989][  0]LogStats: UGameplayTagsManager::ConstructGameplayTagTree: Construct from data asset -  0.000 s
[2019.12.08-21.53.04:990][  0]LogStats: UGameplayTagsManager::ConstructGameplayTagTree: ImportINI -  0.001 s
[2019.12.08-21.53.04:990][  0]LogStats: UGameplayTagsManager::ConstructGameplayTagTree: GameplayTagTreeChangedEvent.Broadcast -  0.000 s
[2019.12.08-21.53.05:513][  0]LogInit: Initializing FReadOnlyCVARCache
[2019.12.08-21.53.05:833][  0]LogInit: XAudio2 using 'Speakers (High Definition Audio Device)' : 2 channels at 48 kHz using 16 bits per sample (channel mask 0x3)
[2019.12.08-21.53.05:920][  0]LogInit: FAudioDevice initialized.
[2019.12.08-21.53.05:941][  0]LogNetVersion: Set ProjectVersion to 1.0.0.0. Version Checksum will be recalculated on next use.
[2019.12.08-21.53.05:954][  0]LogInit: Texture streaming: Enabled
[2019.12.08-21.53.06:789][  0]LogSlate: Updating window title bar state: overlay mode, drag disabled, window buttons hidden, title bar hidden
[2019.12.08-21.53.06:789][  0]LogInit: Display: Game Engine Initialized.
[2019.12.08-21.53.06:789][  0]LogGameplayTags: Display: UGameplayTagsManager::DoneAddingNativeTags. DelegateIsBound: 0
[2019.12.08-21.53.06:790][  0]LogStats: UGameplayTagsManager::ConstructGameplayTagTree: ImportINI prefixes -  0.000 s
[2019.12.08-21.53.06:790][  0]LogStats: UGameplayTagsManager::ConstructGameplayTagTree: Construct from data asset -  0.000 s
[2019.12.08-21.53.06:790][  0]LogStats: UGameplayTagsManager::ConstructGameplayTagTree: ImportINI -  0.001 s
[2019.12.08-21.53.06:790][  0]LogStats: UGameplayTagsManager::ConstructGameplayTagTree: GameplayTagTreeChangedEvent.Broadcast -  0.000 s
[2019.12.08-21.53.06:937][  0]LogInit: Display: Starting Game.
[2019.12.08-21.53.06:942][  0]LogNet: Browse: /Game/Levels/TwinStickExampleMap?Name=Player
[2019.12.08-21.53.06:946][  0]LogLoad: LoadMap: /Game/Levels/TwinStickExampleMap?Name=Player
[2019.12.08-21.53.13:150][  0]LogBlueprint: Warning: USimpleConstructionScript::FixupRootNodeParentReferences() - Couldn't find native parent component 'Arrow' for 'Arrow1' in BlueprintGeneratedClass 'Suicide_AI_C' (it may have been removed)
[2019.12.08-21.53.14:722][  0]LogBlueprint: Warning: USimpleConstructionScript::FixupRootNodeParentReferences() - Couldn't find native parent component 'Arrow' for 'Arrow1' in BlueprintGeneratedClass 'Enemy_AI_Sniper_C' (it may have been removed)
[2019.12.08-21.53.15:020][  0]LogBlueprint: Warning: USimpleConstructionScript::FixupRootNodeParentReferences() - Couldn't find native parent component 'Arrow' for 'Arrow1' in BlueprintGeneratedClass 'Enemy_AI_C' (it may have been removed)
[2019.12.08-21.53.16:575][  0]LogAIModule: Creating AISystem for world TwinStickExampleMap
[2019.12.08-21.53.16:586][  0]LogLoad: Game class is 'TwinStickGameMode_C'
[2019.12.08-21.53.16:704][  0]LogWorld: Bringing World /Game/Levels/TwinStickExampleMap.TwinStickExampleMap up for play (max tick rate 0) at 2019.12.08-21.53.16
[2019.12.08-21.53.16:720][  0]LogWorld: Bringing up level for play took: 0.131529
[2019.12.08-21.53.16:735][  0]LogLoad: Took 9.788911 seconds to LoadMap(/Game/Levels/TwinStickExampleMap)
[2019.12.08-21.53.16:932][  0]LogRenderer: Reallocating scene render targets to support 1280x720 Format 10 NumSamples 1 (Frame:1).
[2019.12.08-21.53.16:932][  0]LogLoad: (Engine Initialization) Total time: 27.37 seconds
[2019.12.08-21.53.16:932][  0]LogLoad: (Engine Initialization) Total Blueprint compile time: 0.00 seconds
[2019.12.08-21.53.17:908][  0]LogContentStreaming: Texture pool size now 1000 MB
[2019.12.08-21.53.18:318][  0]LogSlate: Window 'GDTeam3Project (64-bit Development PCD3D_SM5) ' being destroyed
[2019.12.08-21.53.18:319][  0]LogWindowsTextInputMethodSystem: Display: IME system now deactivated.
[2019.12.08-21.53.18:338][  1]LogSlate: Updating window title bar state: overlay mode, drag disabled, window buttons hidden, title bar hidden
[2019.12.08-21.53.18:339][  1]LogEngine: All Windows Closed
[2019.12.08-21.53.18:339][  1]LogWindows: FPlatformMisc::RequestExit(0)
[2019.12.08-21.53.18:989][  2]LogExit: Preparing to exit.
[2019.12.08-21.53.18:989][  2]LogMoviePlayer: Shutting down movie player
[2019.12.08-21.53.20:195][  2]LogSlate: Updating window title bar state: overlay mode, drag disabled, window buttons hidden, title bar hidden
[2019.12.08-21.53.20:307][  2]LogExit: Game engine shut down
[2019.12.08-21.53.20:673][  2]LogExit: Object subsystem successfully closed.
[2019.12.08-21.53.21:370][  2]LogShaderCompilers: Display: Shaders left to compile 0
[2019.12.08-21.53.21:381][  2]LogD3D11RHI: Shutdown
[2019.12.08-21.53.21:381][  2]LogD3D11RHI: CleanupD3DDevice
[2019.12.08-21.53.21:386][  2]LogD3D11RHI: ~FD3D11DynamicRHI
[2019.12.08-21.53.21:400][  2]LogModuleManager: Shutting down and abandoning module SequenceRecorderSections (390)
[2019.12.08-21.53.21:400][  2]LogModuleManager: Shutting down and abandoning module SequenceRecorder (388)
[2019.12.08-21.53.21:400][  2]LogModuleManager: Shutting down and abandoning module AutomationController (386)
[2019.12.08-21.53.21:400][  2]LogModuleManager: Shutting down and abandoning module AutomationWorker (384)
[2019.12.08-21.53.21:401][  2]LogModuleManager: Shutting down and abandoning module Voice (382)
[2019.12.08-21.53.21:401][  2]LogModuleManager: Shutting down and abandoning module AIModule (380)
[2019.12.08-21.53.21:401][  2]LogModuleManager: Shutting down and abandoning module GameplayDebugger (379)
[2019.12.08-21.53.21:401][  2]LogModuleManager: Shutting down and abandoning module AITestSuite (377)
[2019.12.08-21.53.21:401][  2]LogModuleManager: Shutting down and abandoning module NavigationSystem (375)
[2019.12.08-21.53.21:401][  2]LogModuleManager: Shutting down and abandoning module WmfMediaFactory (372)
[2019.12.08-21.53.21:401][  2]LogModuleManager: Shutting down and abandoning module WebMMediaFactory (370)
[2019.12.08-21.53.21:401][  2]LogModuleManager: Shutting down and abandoning module WebMMedia (368)
[2019.12.08-21.53.21:401][  2]LogModuleManager: Shutting down and abandoning module OpenExrWrapper (366)
[2019.12.08-21.53.21:401][  2]LogModuleManager: Shutting down and abandoning module ImgMediaFactory (364)
[2019.12.08-21.53.21:401][  2]LogModuleManager: Shutting down and abandoning module AvfMediaFactory (362)
[2019.12.08-21.53.21:401][  2]LogModuleManager: Shutting down and abandoning module MagicLeapCameraPreviewFactory (360)
[2019.12.08-21.53.21:401][  2]LogModuleManager: Shutting down and abandoning module MagicLeapMediaFactory (358)
[2019.12.08-21.53.21:401][  2]LogModuleManager: Shutting down and abandoning module CharacterAI (356)
[2019.12.08-21.53.21:401][  2]LogModuleManager: Shutting down and abandoning module SessionServices (354)
[2019.12.08-21.53.21:401][  2]LogModuleManager: Shutting down and abandoning module MovieSceneCapture (352)
[2019.12.08-21.53.21:401][  2]LogModuleManager: Shutting down and abandoning module MovieSceneTracks (350)
[2019.12.08-21.53.21:401][  2]LogModuleManager: Shutting down and abandoning module MovieScene (348)
[2019.12.08-21.53.21:401][  2]LogModuleManager: Shutting down and abandoning module StreamingPauseRendering (346)
[2019.12.08-21.53.21:401][  2]LogModuleManager: Shutting down and abandoning module PortalServices (344)
[2019.12.08-21.53.21:401][  2]LogModuleManager: Shutting down and abandoning module PortalRpc (342)
[2019.12.08-21.53.21:401][  2]LogModuleManager: Shutting down and abandoning module MessagingRpc (340)
[2019.12.08-21.53.21:401][  2]LogModuleManager: Shutting down and abandoning module ImageWriteQueue (338)
[2019.12.08-21.53.21:406][  2]LogModuleManager: Shutting down and abandoning module ProfilerService (336)
[2019.12.08-21.53.22:330][  2]LogModuleManager: Shutting down and abandoning module TaskGraph (334)
[2019.12.08-21.53.22:331][  2]LogModuleManager: Shutting down and abandoning module SteamVRController (332)
[2019.12.08-21.53.22:331][  2]LogModuleManager: Shutting down and abandoning module ProceduralMeshComponent (330)
[2019.12.08-21.53.22:331][  2]LogModuleManager: Shutting down and abandoning module OculusInput (328)
[2019.12.08-21.53.22:331][  2]LogModuleManager: Shutting down and abandoning module MobilePatchingUtils (326)
[2019.12.08-21.53.22:331][  2]LogModuleManager: Shutting down and abandoning module EditableMesh (324)
[2019.12.08-21.53.22:331][  2]LogModuleManager: Shutting down and abandoning module CustomMeshComponent (322)
[2019.12.08-21.53.22:331][  2]LogModuleManager: Shutting down and abandoning module CableComponent (320)
[2019.12.08-21.53.22:331][  2]LogModuleManager: Shutting down and abandoning module AudioCapture (318)
[2019.12.08-21.53.22:331][  2]LogModuleManager: Shutting down and abandoning module ArchVisCharacter (316)
[2019.12.08-21.53.22:331][  2]LogModuleManager: Shutting down and abandoning module AndroidPermission (314)
[2019.12.08-21.53.22:331][  2]LogModuleManager: Shutting down and abandoning module NUTUnrealEngine4 (312)
[2019.12.08-21.53.22:332][  2]LogModuleManager: Shutting down and abandoning module NetcodeUnitTest (310)
[2019.12.08-21.53.22:332][  2]LogModuleManager: Shutting down and abandoning module MediaCompositing (308)
[2019.12.08-21.53.22:332][  2]LogModuleManager: Shutting down and abandoning module LinearTimecode (306)
[2019.12.08-21.53.22:333][  2]LogModuleManager: Shutting down and abandoning module ImgMedia (304)
[2019.12.08-21.53.22:339][  2]LogModuleManager: Shutting down and abandoning module HTML5Networking (302)
[2019.12.08-21.53.22:339][  2]LogModuleManager: Shutting down and abandoning module GeometryCacheTracks (300)
[2019.12.08-21.53.22:339][  2]LogModuleManager: Shutting down and abandoning module GeometryCacheSequencer (299)
[2019.12.08-21.53.22:339][  2]LogModuleManager: Shutting down and abandoning module GeometryCache (296)
[2019.12.08-21.53.22:339][  2]LogModuleManager: Shutting down and abandoning module GeometryCacheEd (295)
[2019.12.08-21.53.22:339][  2]LogModuleManager: Shutting down and abandoning module BackChannel (292)
[2019.12.08-21.53.22:340][  2]LogModuleManager: Shutting down and abandoning module AppleVision (290)
[2019.12.08-21.53.22:340][  2]LogModuleManager: Shutting down and abandoning module AppleImageUtilsBlueprintSupport (288)
[2019.12.08-21.53.22:340][  2]LogModuleManager: Shutting down and abandoning module AppleImageUtils (286)
[2019.12.08-21.53.22:340][  2]LogModuleManager: Shutting down and abandoning module VariantManagerContent (284)
[2019.12.08-21.53.22:340][  2]LogModuleManager: Shutting down and abandoning module CryptoKeysOpenSSL (282)
[2019.12.08-21.53.22:340][  2]LogModuleManager: Shutting down and abandoning module CryptoKeys (280)
[2019.12.08-21.53.22:340][  2]LogModuleManager: Shutting down and abandoning module VisualStudioSourceCodeAccess (278)
[2019.12.08-21.53.22:340][  2]LogModuleManager: Shutting down and abandoning module HotReload (277)
[2019.12.08-21.53.22:340][  2]LogModuleManager: Shutting down and abandoning module VisualStudioCodeSourceCodeAccess (274)
[2019.12.08-21.53.22:341][  2]LogModuleManager: Shutting down and abandoning module UObjectPlugin (272)
[2019.12.08-21.53.22:341][  2]LogModuleManager: Shutting down and abandoning module SubversionSourceControl (270)
[2019.12.08-21.53.22:341][  2]LogModuleManager: Shutting down and abandoning module PerforceSourceControl (268)
[2019.12.08-21.53.22:341][  2]LogModuleManager: Shutting down and abandoning module SourceControl (267)
[2019.12.08-21.53.22:341][  2]LogModuleManager: Shutting down and abandoning module CLionSourceCodeAccess (264)
[2019.12.08-21.53.22:341][  2]LogModuleManager: Shutting down and abandoning module ActorLayerUtilities (262)
[2019.12.08-21.53.22:341][  2]LogModuleManager: Shutting down and abandoning module RuntimePhysXCooking (260)
[2019.12.08-21.53.22:341][  2]LogModuleManager: Shutting down and abandoning module PhysXVehiclesEditor (258)
[2019.12.08-21.53.22:341][  2]LogModuleManager: Shutting down and abandoning module PhysXVehicles (256)
[2019.12.08-21.53.22:341][  2]LogModuleManager: Shutting down and abandoning module LocationServicesBPLibrary (254)
[2019.12.08-21.53.22:341][  2]LogModuleManager: Shutting down and abandoning module ApexDestructionEditor (252)
[2019.12.08-21.53.22:341][  2]LogModuleManager: Shutting down and abandoning module ContentBrowser (251)
[2019.12.08-21.53.22:341][  2]LogModuleManager: Shutting down and abandoning module CollectionManager (250)
[2019.12.08-21.53.22:342][  2]LogModuleManager: Shutting down and abandoning module DirectoryWatcher (249)
[2019.12.08-21.53.22:342][  2]LogModuleManager: Shutting down and abandoning module ApexDestruction (244)
[2019.12.08-21.53.22:342][  2]LogModuleManager: Shutting down and abandoning module ActorSequence (242)
[2019.12.08-21.53.22:342][  2]LogModuleManager: Shutting down and abandoning module UdpMessaging (240)
[2019.12.08-21.53.22:443][  2]LogModuleManager: Shutting down and abandoning module TcpMessaging (238)
[2019.12.08-21.53.22:544][  2]LogModuleManager: Shutting down and abandoning module MagicLeapAudio (236)
[2019.12.08-21.53.22:544][  2]LogModuleManager: Shutting down and abandoning module GameplayTagsEditor (234)
[2019.12.08-21.53.22:544][  2]LogModuleManager: Shutting down and abandoning module FacialAnimation (232)
[2019.12.08-21.53.22:544][  2]LogModuleManager: Shutting down and abandoning module DataValidation (230)
[2019.12.08-21.53.22:544][  2]LogModuleManager: Shutting down and abandoning module AssetManagerEditor (228)
[2019.12.08-21.53.22:544][  2]LogModuleManager: Shutting down and abandoning module TreeMap (227)
[2019.12.08-21.53.22:544][  2]LogModuleManager: Shutting down and abandoning module LightPropagationVolumeRuntime (224)
[2019.12.08-21.53.22:544][  2]LogModuleManager: Shutting down and abandoning module AISupportModule (222)
[2019.12.08-21.53.22:544][  2]LogModuleManager: Shutting down and abandoning module Paper2D (220)
[2019.12.08-21.53.22:544][  2]LogModuleManager: Shutting down and abandoning module WindowsMoviePlayer (218)
[2019.12.08-21.53.22:544][  2]LogModuleManager: Shutting down and abandoning module WebMMoviePlayer (216)
[2019.12.08-21.53.22:544][  2]LogModuleManager: Shutting down and abandoning module WmfMedia (214)
[2019.12.08-21.53.22:546][  2]LogModuleManager: Shutting down and abandoning module Media (213)
[2019.12.08-21.53.22:552][  2]LogModuleManager: Shutting down and abandoning module PacketHandler (210)
[2019.12.08-21.53.22:552][  2]LogModuleManager: Shutting down and abandoning module ClothingSystemEditor (208)
[2019.12.08-21.53.22:552][  2]LogModuleManager: Shutting down and abandoning module ClothingSystemRuntime (206)
[2019.12.08-21.53.22:552][  2]LogModuleManager: Shutting down and abandoning module MediaAssets (204)
[2019.12.08-21.53.22:552][  2]LogModuleManager: Shutting down and abandoning module Overlay (202)
[2019.12.08-21.53.22:552][  2]LogModuleManager: Shutting down and abandoning module OverlayEditor (201)
[2019.12.08-21.53.22:552][  2]LogModuleManager: Shutting down and abandoning module VREditor (198)
[2019.12.08-21.53.22:552][  2]LogModuleManager: Shutting down and abandoning module StringTableEditor (196)
[2019.12.08-21.53.22:552][  2]LogModuleManager: Shutting down and abandoning module GameplayTasksEditor (194)
[2019.12.08-21.53.22:552][  2]LogModuleManager: Shutting down and abandoning module BehaviorTreeEditor (192)
[2019.12.08-21.53.22:553][  2]LogModuleManager: Shutting down and abandoning module FunctionalTesting (190)
[2019.12.08-21.53.22:553][  2]LogModuleManager: Shutting down and abandoning module CollisionAnalyzer (188)
[2019.12.08-21.53.22:553][  2]LogModuleManager: Shutting down and abandoning module WorkspaceMenuStructure (187)
[2019.12.08-21.53.22:553][  2]LogModuleManager: Shutting down and abandoning module UMG (184)
[2019.12.08-21.53.22:553][  2]LogModuleManager: Shutting down and abandoning module UMGEditor (183)
[2019.12.08-21.53.22:553][  2]LogModuleManager: Shutting down and abandoning module Sequencer (182)
[2019.12.08-21.53.22:553][  2]LogModuleManager: Shutting down and abandoning module MessageLog (179)
[2019.12.08-21.53.22:553][  2]LogModuleManager: Shutting down and abandoning module SlateReflector (174)
[2019.12.08-21.53.22:553][  2]LogModuleManager: Shutting down and abandoning module Slate (172)
[2019.12.08-21.53.22:553][  2]LogModuleManager: Shutting down and abandoning module EditorStyle (170)
[2019.12.08-21.53.22:555][  2]LogModuleManager: Shutting down and abandoning module MRMesh (168)
[2019.12.08-21.53.22:555][  2]LogModuleManager: Shutting down and abandoning module Messaging (166)
[2019.12.08-21.53.22:555][  2]LogModuleManager: Shutting down and abandoning module SourceCodeAccess (164)
[2019.12.08-21.53.22:555][  2]LogModuleManager: Shutting down and abandoning module HeadMountedDisplay (162)
[2019.12.08-21.53.22:555][  2]LogModuleManager: Shutting down and abandoning module XAudio2 (160)
[2019.12.08-21.53.22:555][  2]LogModuleManager: Shutting down and abandoning module Networking (158)
[2019.12.08-21.53.22:555][  2]LogModuleManager: Shutting down and abandoning module Core (156)
[2019.12.08-21.53.22:555][  2]LogModuleManager: Shutting down and abandoning module LevelSequence (154)
[2019.12.08-21.53.22:555][  2]LogModuleManager: Shutting down and abandoning module KismetCompiler (152)
[2019.12.08-21.53.22:555][  2]LogModuleManager: Shutting down and abandoning module MeshUtilities (150)
[2019.12.08-21.53.22:555][  2]LogModuleManager: Shutting down and abandoning module MeshMergeUtilities (149)
[2019.12.08-21.53.22:555][  2]LogModuleManager: Shutting down and abandoning module MeshReductionInterface (148)
[2019.12.08-21.53.22:555][  2]LogModuleManager: Shutting down and abandoning module SimplygonSwarm (147)
[2019.12.08-21.53.22:555][  2]LogModuleManager: Shutting down and abandoning module ProxyLODMeshReduction (145)
[2019.12.08-21.53.22:555][  2]LogModuleManager: Shutting down and abandoning module SimplygonMeshReduction (143)
[2019.12.08-21.53.22:555][  2]LogModuleManager: Shutting down and abandoning module QuadricMeshReduction (141)
[2019.12.08-21.53.22:556][  2]LogModuleManager: Shutting down and abandoning module MaterialBaking (137)
[2019.12.08-21.53.22:556][  2]LogModuleManager: Shutting down and abandoning module PIEPreviewDeviceProfileSelector (132)
[2019.12.08-21.53.22:556][  2]LogModuleManager: Shutting down and abandoning module DerivedDataCache (130)
[2019.12.08-21.53.22:832][  2]LogDerivedDataCache: Shutdown
[2019.12.08-21.53.22:832][  2]LogModuleManager: Shutting down and abandoning module XGEController (128)
[2019.12.08-21.53.22:832][  2]LogModuleManager: Shutting down and abandoning module TargetPlatform (126)
[2019.12.08-21.53.22:832][  2]LogModuleManager: Shutting down and abandoning module VulkanShaderFormat (125)
[2019.12.08-21.53.22:832][  2]LogModuleManager: Shutting down and abandoning module ShaderFormatVectorVM (123)
[2019.12.08-21.53.22:832][  2]LogModuleManager: Shutting down and abandoning module ShaderFormatOpenGL (121)
[2019.12.08-21.53.22:832][  2]LogModuleManager: Shutting down and abandoning module ShaderFormatD3D (119)
[2019.12.08-21.53.22:832][  2]LogModuleManager: Shutting down and abandoning module MetalShaderFormat (117)
[2019.12.08-21.53.22:832][  2]LogModuleManager: Shutting down and abandoning module TextureFormatUncompressed (115)
[2019.12.08-21.53.22:832][  2]LogModuleManager: Shutting down and abandoning module TextureFormatPVR (113)
[2019.12.08-21.53.22:832][  2]LogModuleManager: Shutting down and abandoning module TextureFormatDXT (111)
[2019.12.08-21.53.22:832][  2]LogModuleManager: Shutting down and abandoning module TextureFormatIntelISPCTexComp (109)
[2019.12.08-21.53.22:832][  2]LogModuleManager: Shutting down and abandoning module TextureFormatASTC (107)
[2019.12.08-21.53.22:832][  2]LogModuleManager: Shutting down and abandoning module ImageWrapper (106)
[2019.12.08-21.53.22:832][  2]LogModuleManager: Shutting down and abandoning module TextureFormatAndroid (103)
[2019.12.08-21.53.22:832][  2]LogModuleManager: Shutting down and abandoning module AudioFormatOpus (101)
[2019.12.08-21.53.22:832][  2]LogModuleManager: Shutting down and abandoning module AudioFormatOgg (99)
[2019.12.08-21.53.22:833][  2]LogModuleManager: Shutting down and abandoning module AudioFormatADPCM (97)
[2019.12.08-21.53.22:833][  2]LogModuleManager: Shutting down and abandoning module WindowsTargetPlatform (95)
[2019.12.08-21.53.22:833][  2]LogModuleManager: Shutting down and abandoning module WindowsServerTargetPlatform (93)
[2019.12.08-21.53.22:833][  2]LogModuleManager: Shutting down and abandoning module WindowsNoEditorTargetPlatform (91)
[2019.12.08-21.53.22:833][  2]LogModuleManager: Shutting down and abandoning module WindowsClientTargetPlatform (89)
[2019.12.08-21.53.22:833][  2]LogModuleManager: Shutting down and abandoning module InputCore (86)
[2019.12.08-21.53.22:833][  2]LogModuleManager: Shutting down and abandoning module Settings (84)
[2019.12.08-21.53.22:833][  2]LogModuleManager: Shutting down and abandoning module PhysXCooking (82)
[2019.12.08-21.53.22:833][  2]LogModuleManager: Shutting down and abandoning module SteamVR (80)
[2019.12.08-21.53.22:833][  2]LogHMD: Freeing OpenVRDLLHandle.
[2019.12.08-21.53.22:833][  2]LogModuleManager: Shutting down and abandoning module OculusHMD (78)
[2019.12.08-21.53.22:833][  2]LogModuleManager: Shutting down and abandoning module ExampleDeviceProfileSelector (76)
[2019.12.08-21.53.22:833][  2]LogModuleManager: Shutting down and abandoning module LauncherChunkInstaller (74)
[2019.12.08-21.53.22:833][  2]LogModuleManager: Shutting down and abandoning module OnlineBlueprintSupport (72)
[2019.12.08-21.53.22:833][  2]LogModuleManager: Shutting down and abandoning module OnlineSubsystem (68)
[2019.12.08-21.53.22:834][  2]LogModuleManager: Shutting down and abandoning module XMPP (63)
[2019.12.08-21.53.22:834][  2]LogModuleManager: Shutting down and abandoning module WebSockets (62)
[2019.12.08-21.53.22:842][  2]LogModuleManager: Shutting down and abandoning module HTTP (59)
[2019.12.08-21.53.22:869][  2]LogModuleManager: Shutting down and abandoning module SSL (58)
[2019.12.08-21.53.22:871][  2]LogModuleManager: Shutting down and abandoning module MagicLeapIdentity (54)
[2019.12.08-21.53.22:871][  2]LogModuleManager: Shutting down and abandoning module MagicLeapHelperVulkan (52)
[2019.12.08-21.53.22:871][  2]LogModuleManager: Shutting down and abandoning module MagicLeapHelperOpenGL (50)
[2019.12.08-21.53.22:871][  2]LogModuleManager: Shutting down and abandoning module MagicLeapSecureStorage (48)
[2019.12.08-21.53.22:871][  2]LogModuleManager: Shutting down and abandoning module MagicLeapHandTracking (46)
[2019.12.08-21.53.22:871][  2]LogModuleManager: Shutting down and abandoning module MagicLeapEyeTracker (44)
[2019.12.08-21.53.22:871][  2]LogModuleManager: Shutting down and abandoning module MagicLeapController (42)
[2019.12.08-21.53.22:871][  2]LogSlate: Slate User Destroyed.  User Index 0, Is Virtual User: 0
[2019.12.08-21.53.22:871][  2]LogModuleManager: Shutting down and abandoning module MagicLeap (40)
[2019.12.08-21.53.22:872][  2]LogModuleManager: Shutting down and abandoning module DatasmithContent (38)
[2019.12.08-21.53.22:873][  2]LogModuleManager: Shutting down and abandoning module AnimationModifiers (36)
[2019.12.08-21.53.22:873][  2]LogModuleManager: Shutting down and abandoning module PropertyEditor (35)
[2019.12.08-21.53.22:873][  2]LogModuleManager: Shutting down and abandoning module AudioEditor (32)
[2019.12.08-21.53.22:891][  2]LogModuleManager: Shutting down and abandoning module TextureCompressor (30)
[2019.12.08-21.53.22:891][  2]LogModuleManager: Shutting down and abandoning module ShaderCore (28)
[2019.12.08-21.53.22:891][  2]LogModuleManager: Shutting down and abandoning module Landscape (26)
[2019.12.08-21.53.22:891][  2]LogModuleManager: Shutting down and abandoning module SlateRHIRenderer (24)
[2019.12.08-21.53.22:915][  2]LogModuleManager: Shutting down and abandoning module OpenGLDrv (22)
[2019.12.08-21.53.22:915][  2]LogModuleManager: Shutting down and abandoning module D3D11RHI (20)
[2019.12.08-21.53.22:915][  2]LogModuleManager: Shutting down and abandoning module AnimGraphRuntime (18)
[2019.12.08-21.53.22:915][  2]LogModuleManager: Shutting down and abandoning module Renderer (16)
[2019.12.08-21.53.22:915][  2]LogModuleManager: Shutting down and abandoning module Engine (14)
[2019.12.08-21.53.22:915][  2]LogModuleManager: Shutting down and abandoning module CoreUObject (12)
[2019.12.08-21.53.22:915][  2]LogModuleManager: Shutting down and abandoning module NetworkFile (10)
[2019.12.08-21.53.22:915][  2]LogModuleManager: Shutting down and abandoning module CookedIterativeFile (8)
[2019.12.08-21.53.22:915][  2]LogModuleManager: Shutting down and abandoning module StreamingFile (6)
[2019.12.08-21.53.22:915][  2]LogModuleManager: Shutting down and abandoning module SandboxFile (4)
[2019.12.08-21.53.22:915][  2]LogModuleManager: Shutting down and abandoning module PakFile (2)
[2019.12.08-21.53.22:928][  2]LogExit: Exiting.
[2019.12.08-21.53.22:938][  2]Log file closed, 12/08/19 21:53:22
