Log file open, 11/19/19 19:31:24
LogWindows: Failed to load 'aqProf.dll' (GetLastError=126)
LogWindows: File 'aqProf.dll' does not exist
LogWindows: Failed to load 'VtuneApi.dll' (GetLastError=126)
LogWindows: File 'VtuneApi.dll' does not exist
LogWindows: Failed to load 'VtuneApi32e.dll' (GetLastError=126)
LogWindows: File 'VtuneApi32e.dll' does not exist
LogConsoleResponse: Display: Failed to find resolution value strings in scalability ini. Falling back to default.
LogInit: Display: Running engine for game: GDTeam3Project
LogPakFile: Registered encryption key '00000000000000000000000000000000': 0 pak files mounted, 0 remain pending
LogPlatformFile: Not using cached read wrapper
LogTaskGraph: Started task graph with 5 named threads and 23 total threads with 3 sets of task threads.
LogStats: Stats thread started at 0.274458
LogD3D11RHI: Loaded GFSDK_Aftermath_Lib.x64.dll
LogICUInternationalization: ICU TimeZone Detection - Raw Offset: +0:00, Platform Override: ''
LogPluginManager: Mounting plugin Paper2D
LogPluginManager: Mounting plugin AISupport
LogPluginManager: Mounting plugin LightPropagationVolume
LogPluginManager: Mounting plugin ActorLayerUtilities
LogPluginManager: Mounting plugin CLionSourceCodeAccess
LogPluginManager: Mounting plugin CodeLiteSourceCodeAccess
LogPluginManager: Mounting plugin GitSourceControl
LogPluginManager: Mounting plugin KDevelopSourceCodeAccess
LogPluginManager: Mounting plugin NullSourceCodeAccess
LogPluginManager: Mounting plugin PerforceSourceControl
LogPluginManager: Mounting plugin SubversionSourceControl
LogPluginManager: Mounting plugin UObjectPlugin
LogPluginManager: Mounting plugin VisualStudioCodeSourceCodeAccess
LogPluginManager: Mounting plugin VisualStudioSourceCodeAccess
LogPluginManager: Mounting plugin XCodeSourceCodeAccess
LogPluginManager: Mounting plugin AssetManagerEditor
LogPluginManager: Mounting plugin CryptoKeys
LogPluginManager: Mounting plugin DataValidation
LogPluginManager: Mounting plugin FacialAnimation
LogPluginManager: Mounting plugin GameplayTagsEditor
LogPluginManager: Mounting plugin MacGraphicsSwitching
LogPluginManager: Mounting plugin MeshEditor
LogPluginManager: Mounting plugin MobileLauncherProfileWizard
LogPluginManager: Mounting plugin PluginBrowser
LogPluginManager: Mounting plugin SpeedTreeImporter
LogPluginManager: Mounting plugin DatasmithContent
LogPluginManager: Mounting plugin VariantManagerContent
LogPluginManager: Mounting plugin AlembicImporter
LogPluginManager: Mounting plugin AppleImageUtils
LogPluginManager: Mounting plugin AppleVision
LogPluginManager: Mounting plugin BackChannel
LogPluginManager: Mounting plugin CharacterAI
LogPluginManager: Mounting plugin GeometryCache
LogPluginManager: Mounting plugin HTML5Networking
LogPluginManager: Mounting plugin ProxyLODPlugin
LogPluginManager: Mounting plugin MagicLeap
LogPluginManager: Mounting plugin MagicLeapMedia
LogPluginManager: Mounting plugin AndroidMedia
LogPluginManager: Mounting plugin AvfMedia
LogPluginManager: Mounting plugin ImgMedia
LogPluginManager: Mounting plugin LinearTimecode
LogPluginManager: Mounting plugin MediaCompositing
LogPluginManager: Mounting plugin MediaPlayerEditor
LogPluginManager: Mounting plugin WebMMedia
LogPluginManager: Mounting plugin WmfMedia
LogPluginManager: Mounting plugin TcpMessaging
LogPluginManager: Mounting plugin UdpMessaging
LogPluginManager: Mounting plugin ActorSequence
LogPluginManager: Mounting plugin LevelSequenceEditor
LogPluginManager: Mounting plugin MatineeToLevelSequence
LogPluginManager: Mounting plugin NetcodeUnitTest
LogPluginManager: Mounting plugin NUTUnrealEngine4
LogPluginManager: Mounting plugin OnlineSubsystemGooglePlay
LogPluginManager: Mounting plugin OnlineSubsystemIOS
LogPluginManager: Mounting plugin OnlineSubsystem
LogPluginManager: Mounting plugin OnlineSubsystemNull
LogPluginManager: Mounting plugin OnlineSubsystemUtils
LogPluginManager: Mounting plugin LauncherChunkInstaller
LogPluginManager: Mounting plugin AndroidDeviceProfileSelector
LogPluginManager: Mounting plugin AndroidMoviePlayer
LogPluginManager: Mounting plugin AndroidPermission
LogPluginManager: Mounting plugin AppleMoviePlayer
LogPluginManager: Mounting plugin ArchVisCharacter
LogPluginManager: Mounting plugin AudioCapture
LogPluginManager: Mounting plugin CableComponent
LogPluginManager: Mounting plugin CustomMeshComponent
LogPluginManager: Mounting plugin EditableMesh
LogPluginManager: Mounting plugin ExampleDeviceProfileSelector
LogPluginManager: Mounting plugin Firebase
LogPluginManager: Mounting plugin GoogleCloudMessaging
LogPluginManager: Mounting plugin IOSDeviceProfileSelector
LogPluginManager: Mounting plugin LinuxDeviceProfileSelector
LogPluginManager: Mounting plugin LocationServicesBPLibrary
LogPluginManager: Mounting plugin MobilePatchingUtils
LogPluginManager: Mounting plugin OculusVR
LogPluginManager: Mounting plugin PhysXVehicles
LogPluginManager: Mounting plugin ProceduralMeshComponent
LogPluginManager: Mounting plugin RuntimePhysXCooking
LogPluginManager: Mounting plugin SteamVR
LogPluginManager: Mounting plugin WebMMoviePlayer
LogPluginManager: Mounting plugin WindowsMoviePlayer
LogStreaming: Display: Took  0.097s to configure plugins.
LogInit: Using libcurl 7.55.1-DEV
LogInit:  - built for x86_64-pc-win32
LogInit:  - supports SSL with OpenSSL/1.0.2h
LogInit:  - supports HTTP deflate (compression) using libz 1.2.8
LogInit:  - other features:
LogInit:      CURL_VERSION_SSL
LogInit:      CURL_VERSION_LIBZ
LogInit:      CURL_VERSION_IPV6
LogInit:      CURL_VERSION_ASYNCHDNS
LogInit:      CURL_VERSION_LARGEFILE
LogInit:      CURL_VERSION_IDN
LogInit:  CurlRequestOptions (configurable via config and command line):
LogInit:  - bVerifyPeer = true  - Libcurl will verify peer certificate
LogInit:  - bUseHttpProxy = false  - Libcurl will NOT use HTTP proxy
LogInit:  - bDontReuseConnections = false  - Libcurl will reuse connections
LogInit:  - MaxHostConnections = 16  - Libcurl will limit the number of connections to a host
LogInit:  - LocalHostAddr = Default
LogInit:  - BufferSize = 65536
LogInit: WinSock: version 1.1 (2.2), MaxSocks=32767, MaxUdp=65467
LogInit: Build: ++UE4+Release-4.21-CL-4753647
LogInit: Engine Version: 4.21.2-4753647+++UE4+Release-4.21
LogInit: Compatible Engine Version: 4.21.0-4541578+++UE4+Release-4.21
LogInit: Net CL: 4541578
LogInit: OS: Windows 10 (), CPU: Intel(R) Core(TM) i7-4790 CPU @ 3.60GHz, GPU: NVIDIA GeForce GTX 750
LogInit: Compiled (64-bit): Jan 19 2019 02:07:31
LogInit: Compiled with Visual C++: 19.13.26129.00
LogInit: Build Configuration: Development
LogInit: Branch Name: ++UE4+Release-4.21
LogInit: Command Line: 
LogInit: Base Directory: C:/Program Files/Epic Games/UE_4.21/Engine/Binaries/Win64/
LogInit: Installed Engine Build: 1
LogDevObjectVersion: Number of dev versions registered: 22
LogDevObjectVersion:   Dev-Blueprints (B0D832E4-1F89-4F0D-ACCF-7EB736FD4AA2): 10
LogDevObjectVersion:   Dev-Build (E1C64328-A22C-4D53-A36C-8E866417BD8C): 0
LogDevObjectVersion:   Dev-Core (375EC13C-06E4-48FB-B500-84F0262A717E): 2
LogDevObjectVersion:   Dev-Editor (E4B068ED-F494-42E9-A231-DA0B2E46BB41): 26
LogDevObjectVersion:   Dev-Framework (CFFC743F-43B0-4480-9391-14DF171D2073): 34
LogDevObjectVersion:   Dev-Mobile (B02B49B5-BB20-44E9-A304-32B752E40360): 2
LogDevObjectVersion:   Dev-Networking (A4E4105C-59A1-49B5-A7C5-40C4547EDFEE): 0
LogDevObjectVersion:   Dev-Online (39C831C9-5AE6-47DC-9A44-9C173E1C8E7C): 0
LogDevObjectVersion:   Dev-Physics (78F01B33-EBEA-4F98-B9B4-84EACCB95AA2): 0
LogDevObjectVersion:   Dev-Platform (6631380F-2D4D-43E0-8009-CF276956A95A): 0
LogDevObjectVersion:   Dev-Rendering (12F88B9F-8875-4AFC-A67C-D90C383ABD29): 27
LogDevObjectVersion:   Dev-Sequencer (7B5AE74C-D270-4C10-A958-57980B212A5A): 9
LogDevObjectVersion:   Dev-VR (D7296918-1DD6-4BDD-9DE2-64A83CC13884): 2
LogDevObjectVersion:   Dev-LoadTimes (C2A15278-BFE7-4AFE-6C17-90FF531DF755): 1
LogDevObjectVersion:   Private-Geometry (6EACA3D4-40EC-4CC1-B786-8BED09428FC5): 3
LogDevObjectVersion:   Dev-AnimPhys (29E575DD-E0A3-4627-9D10-D276232CDCEA): 17
LogDevObjectVersion:   Dev-Anim (AF43A65D-7FD3-4947-9873-3E8ED9C1BB05): 2
LogDevObjectVersion:   Dev-ReflectionCapture (6B266CEC-1EC7-4B8F-A30B-E4D90942FC07): 1
LogDevObjectVersion:   Dev-Automation (0DF73D61-A23F-47EA-B727-89E90C41499A): 1
LogDevObjectVersion:   FortniteMain (601D1886-AC64-4F84-AA16-D3DE0DEAC7D6): 17
LogDevObjectVersion:   Dev-Enterprise (9DFFBCD6-494F-0158-E221-12823C92A888): 4
LogDevObjectVersion:   Dev-Niagara (F2AED0AC-9AFE-416F-8664-AA7FFA26D6FC): 1
LogStreaming: Display: Took  0.002s to delete old logs.
LogInit: Presizing for max 8388607 objects, including 0 objects not considered by GC, pre-allocating 0 bytes for permanent pool.
LogInit: Object subsystem initialized
LogConfig: Setting CVar [[con.DebugEarlyDefault:1]]
LogConfig: Setting CVar [[r.setres:1280x720]]
[2019.11.19-19.31.24:339][  0]LogConfig: Setting CVar [[r.VSync:0]]
[2019.11.19-19.31.24:340][  0]LogConfig: Setting CVar [[r.RHICmdBypass:0]]
[2019.11.19-19.31.24:340][  0]LogConfig: Applying CVar settings from Section [/Script/Engine.RendererSettings] File [C:/Users/aaron/Documents/GitHub/Games-Development-ICA-Team-3/GD Team3 Project/Saved/Config/Windows/Engine.ini]
[2019.11.19-19.31.24:340][  0]LogConfig: Setting CVar [[r.GPUCrashDebugging:0]]
[2019.11.19-19.31.24:340][  0]LogConfig: Applying CVar settings from Section [/Script/Engine.RendererOverrideSettings] File [C:/Users/aaron/Documents/GitHub/Games-Development-ICA-Team-3/GD Team3 Project/Saved/Config/Windows/Engine.ini]
[2019.11.19-19.31.24:340][  0]LogConfig: Applying CVar settings from Section [/Script/Engine.StreamingSettings] File [C:/Users/aaron/Documents/GitHub/Games-Development-ICA-Team-3/GD Team3 Project/Saved/Config/Windows/Engine.ini]
[2019.11.19-19.31.24:340][  0]LogConfig: Setting CVar [[s.MinBulkDataSizeForAsyncLoading:131072]]
[2019.11.19-19.31.24:340][  0]LogConfig: Setting CVar [[s.AsyncLoadingThreadEnabled:0]]
[2019.11.19-19.31.24:340][  0]LogConfig: Setting CVar [[s.EventDrivenLoaderEnabled:1]]
[2019.11.19-19.31.24:340][  0]LogConfig: Setting CVar [[s.WarnIfTimeLimitExceeded:0]]
[2019.11.19-19.31.24:340][  0]LogConfig: Setting CVar [[s.TimeLimitExceededMultiplier:1.5]]
[2019.11.19-19.31.24:340][  0]LogConfig: Setting CVar [[s.TimeLimitExceededMinTime:0.005]]
[2019.11.19-19.31.24:340][  0]LogConfig: Setting CVar [[s.UseBackgroundLevelStreaming:1]]
[2019.11.19-19.31.24:340][  0]LogConfig: Setting CVar [[s.PriorityAsyncLoadingExtraTime:15.0]]
[2019.11.19-19.31.24:340][  0]LogConfig: Setting CVar [[s.LevelStreamingActorsUpdateTimeLimit:5.0]]
[2019.11.19-19.31.24:340][  0]LogConfig: Setting CVar [[s.PriorityLevelStreamingActorsUpdateExtraTime:5.0]]
[2019.11.19-19.31.24:340][  0]LogConfig: Setting CVar [[s.LevelStreamingComponentsRegistrationGranularity:10]]
[2019.11.19-19.31.24:340][  0]LogConfig: Setting CVar [[s.UnregisterComponentsTimeLimit:1.0]]
[2019.11.19-19.31.24:340][  0]LogConfig: Setting CVar [[s.LevelStreamingComponentsUnregistrationGranularity:5]]
[2019.11.19-19.31.24:340][  0]LogConfig: Applying CVar settings from Section [/Script/Engine.GarbageCollectionSettings] File [C:/Users/aaron/Documents/GitHub/Games-Development-ICA-Team-3/GD Team3 Project/Saved/Config/Windows/Engine.ini]
[2019.11.19-19.31.24:340][  0]LogConfig: Setting CVar [[gc.MaxObjectsNotConsideredByGC:1]]
[2019.11.19-19.31.24:340][  0]LogConfig: Setting CVar [[gc.SizeOfPermanentObjectPool:0]]
[2019.11.19-19.31.24:340][  0]LogConfig: Setting CVar [[gc.FlushStreamingOnGC:0]]
[2019.11.19-19.31.24:340][  0]LogConfig: Setting CVar [[gc.NumRetriesBeforeForcingGC:10]]
[2019.11.19-19.31.24:340][  0]LogConfig: Setting CVar [[gc.AllowParallelGC:1]]
[2019.11.19-19.31.24:340][  0]LogConfig: Setting CVar [[gc.TimeBetweenPurgingPendingKillObjects:61.1]]
[2019.11.19-19.31.24:340][  0]LogConfig: Setting CVar [[gc.MaxObjectsInEditor:8388607]]
[2019.11.19-19.31.24:340][  0]LogConfig: Setting CVar [[gc.IncrementalBeginDestroyEnabled:1]]
[2019.11.19-19.31.24:340][  0]LogConfig: Setting CVar [[gc.CreateGCClusters:1]]
[2019.11.19-19.31.24:340][  0]LogConfig: Setting CVar [[gc.MergeGCClusters:0]]
[2019.11.19-19.31.24:340][  0]LogConfig: Setting CVar [[gc.MinGCClusterSize:5]]
[2019.11.19-19.31.24:340][  0]LogConfig: Setting CVar [[gc.ActorClusteringEnabled:0]]
[2019.11.19-19.31.24:340][  0]LogConfig: Setting CVar [[gc.BlueprintClusteringEnabled:0]]
[2019.11.19-19.31.24:340][  0]LogConfig: Setting CVar [[gc.UseDisregardForGCOnDedicatedServers:0]]
[2019.11.19-19.31.24:340][  0]LogConfig: Applying CVar settings from Section [/Script/Engine.NetworkSettings] File [C:/Users/aaron/Documents/GitHub/Games-Development-ICA-Team-3/GD Team3 Project/Saved/Config/Windows/Engine.ini]
[2019.11.19-19.31.24:340][  0]LogConfig: Applying CVar settings from Section [/Script/UnrealEd.CookerSettings] File [C:/Users/aaron/Documents/GitHub/Games-Development-ICA-Team-3/GD Team3 Project/Saved/Config/Windows/Engine.ini]
[2019.11.19-19.31.24:343][  0]LogConfig: Applying CVar settings from Section [ViewDistanceQuality@3] File [C:/Users/aaron/Documents/GitHub/Games-Development-ICA-Team-3/GD Team3 Project/Saved/Config/Windows/Scalability.ini]
[2019.11.19-19.31.24:343][  0]LogConfig: Setting CVar [[r.SkeletalMeshLODBias:0]]
[2019.11.19-19.31.24:343][  0]LogConfig: Setting CVar [[r.ViewDistanceScale:1.0]]
[2019.11.19-19.31.24:343][  0]LogConfig: Applying CVar settings from Section [AntiAliasingQuality@3] File [C:/Users/aaron/Documents/GitHub/Games-Development-ICA-Team-3/GD Team3 Project/Saved/Config/Windows/Scalability.ini]
[2019.11.19-19.31.24:343][  0]LogConfig: Setting CVar [[r.PostProcessAAQuality:4]]
[2019.11.19-19.31.24:343][  0]LogConfig: Applying CVar settings from Section [ShadowQuality@3] File [C:/Users/aaron/Documents/GitHub/Games-Development-ICA-Team-3/GD Team3 Project/Saved/Config/Windows/Scalability.ini]
[2019.11.19-19.31.24:343][  0]LogConfig: Setting CVar [[r.LightFunctionQuality:1]]
[2019.11.19-19.31.24:343][  0]LogConfig: Setting CVar [[r.ShadowQuality:5]]
[2019.11.19-19.31.24:343][  0]LogConfig: Setting CVar [[r.Shadow.CSM.MaxCascades:10]]
[2019.11.19-19.31.24:343][  0]LogConfig: Setting CVar [[r.Shadow.MaxResolution:2048]]
[2019.11.19-19.31.24:343][  0]LogConfig: Setting CVar [[r.Shadow.MaxCSMResolution:2048]]
[2019.11.19-19.31.24:343][  0]LogConfig: Setting CVar [[r.Shadow.RadiusThreshold:0.01]]
[2019.11.19-19.31.24:343][  0]LogConfig: Setting CVar [[r.Shadow.DistanceScale:1.0]]
[2019.11.19-19.31.24:343][  0]LogConfig: Setting CVar [[r.Shadow.CSM.TransitionScale:1.0]]
[2019.11.19-19.31.24:343][  0]LogConfig: Setting CVar [[r.Shadow.PreShadowResolutionFactor:1.0]]
[2019.11.19-19.31.24:343][  0]LogConfig: Setting CVar [[r.DistanceFieldShadowing:1]]
[2019.11.19-19.31.24:343][  0]LogConfig: Setting CVar [[r.DistanceFieldAO:1]]
[2019.11.19-19.31.24:343][  0]LogConfig: Setting CVar [[r.AOQuality:2]]
[2019.11.19-19.31.24:343][  0]LogConfig: Setting CVar [[r.VolumetricFog:1]]
[2019.11.19-19.31.24:343][  0]LogConfig: Setting CVar [[r.VolumetricFog.GridPixelSize:8]]
[2019.11.19-19.31.24:343][  0]LogConfig: Setting CVar [[r.VolumetricFog.GridSizeZ:128]]
[2019.11.19-19.31.24:343][  0]LogConfig: Setting CVar [[r.VolumetricFog.HistoryMissSupersampleCount:4]]
[2019.11.19-19.31.24:343][  0]LogConfig: Setting CVar [[r.LightMaxDrawDistanceScale:1]]
[2019.11.19-19.31.24:343][  0]LogConfig: Setting CVar [[r.CapsuleShadows:1]]
[2019.11.19-19.31.24:343][  0]LogConfig: Applying CVar settings from Section [PostProcessQuality@3] File [C:/Users/aaron/Documents/GitHub/Games-Development-ICA-Team-3/GD Team3 Project/Saved/Config/Windows/Scalability.ini]
[2019.11.19-19.31.24:343][  0]LogConfig: Setting CVar [[r.MotionBlurQuality:4]]
[2019.11.19-19.31.24:343][  0]LogConfig: Setting CVar [[r.AmbientOcclusionMipLevelFactor:0.4]]
[2019.11.19-19.31.24:343][  0]LogConfig: Setting CVar [[r.AmbientOcclusionMaxQuality:100]]
[2019.11.19-19.31.24:343][  0]LogConfig: Setting CVar [[r.AmbientOcclusionLevels:-1]]
[2019.11.19-19.31.24:343][  0]LogConfig: Setting CVar [[r.AmbientOcclusionRadiusScale:1.0]]
[2019.11.19-19.31.24:344][  0]LogConfig: Setting CVar [[r.DepthOfFieldQuality:2]]
[2019.11.19-19.31.24:344][  0]LogConfig: Setting CVar [[r.RenderTargetPoolMin:400]]
[2019.11.19-19.31.24:344][  0]LogConfig: Setting CVar [[r.LensFlareQuality:2]]
[2019.11.19-19.31.24:344][  0]LogConfig: Setting CVar [[r.SceneColorFringeQuality:1]]
[2019.11.19-19.31.24:344][  0]LogConfig: Setting CVar [[r.EyeAdaptationQuality:2]]
[2019.11.19-19.31.24:344][  0]LogConfig: Setting CVar [[r.BloomQuality:5]]
[2019.11.19-19.31.24:344][  0]LogConfig: Setting CVar [[r.FastBlurThreshold:100]]
[2019.11.19-19.31.24:344][  0]LogConfig: Setting CVar [[r.Upscale.Quality:3]]
[2019.11.19-19.31.24:344][  0]LogConfig: Setting CVar [[r.Tonemapper.GrainQuantization:1]]
[2019.11.19-19.31.24:344][  0]LogConfig: Setting CVar [[r.LightShaftQuality:1]]
[2019.11.19-19.31.24:344][  0]LogConfig: Setting CVar [[r.Filter.SizeScale:1]]
[2019.11.19-19.31.24:344][  0]LogConfig: Setting CVar [[r.Tonemapper.Quality:5]]
[2019.11.19-19.31.24:344][  0]LogConfig: Setting CVar [[r.DOF.Gather.AccumulatorQuality:1        ; higher gathering accumulator quality]]
[2019.11.19-19.31.24:344][  0]LogConfig: Setting CVar [[r.DOF.Gather.PostfilterMethod:1          ; Median3x3 postfilering method]]
[2019.11.19-19.31.24:344][  0]LogConfig: Setting CVar [[r.DOF.Gather.EnableBokehSettings:0       ; no bokeh simulation when gathering]]
[2019.11.19-19.31.24:344][  0]LogConfig: Setting CVar [[r.DOF.Gather.RingCount:4                 ; medium number of samples when gathering]]
[2019.11.19-19.31.24:344][  0]LogConfig: Setting CVar [[r.DOF.Scatter.ForegroundCompositing:1    ; additive foreground scattering]]
[2019.11.19-19.31.24:344][  0]LogConfig: Setting CVar [[r.DOF.Scatter.BackgroundCompositing:2    ; additive background scattering]]
[2019.11.19-19.31.24:344][  0]LogConfig: Setting CVar [[r.DOF.Scatter.EnableBokehSettings:1      ; bokeh simulation when scattering]]
[2019.11.19-19.31.24:344][  0]LogConfig: Setting CVar [[r.DOF.Scatter.MaxSpriteRatio:0.1         ; only a maximum of 10% of scattered bokeh]]
[2019.11.19-19.31.24:344][  0]LogConfig: Setting CVar [[r.DOF.Recombine.Quality:1                ; cheap slight out of focus]]
[2019.11.19-19.31.24:344][  0]LogConfig: Setting CVar [[r.DOF.Recombine.EnableBokehSettings:0    ; no bokeh simulation on slight out of focus]]
[2019.11.19-19.31.24:344][  0]LogConfig: Setting CVar [[r.DOF.TemporalAAQuality:1                ; more stable temporal accumulation]]
[2019.11.19-19.31.24:344][  0]LogConfig: Setting CVar [[r.DOF.Kernel.MaxForegroundRadius:0.025]]
[2019.11.19-19.31.24:344][  0]LogConfig: Setting CVar [[r.DOF.Kernel.MaxBackgroundRadius:0.025]]
[2019.11.19-19.31.24:344][  0]LogConfig: Applying CVar settings from Section [TextureQuality@3] File [C:/Users/aaron/Documents/GitHub/Games-Development-ICA-Team-3/GD Team3 Project/Saved/Config/Windows/Scalability.ini]
[2019.11.19-19.31.24:344][  0]LogConfig: Setting CVar [[r.Streaming.MipBias:0]]
[2019.11.19-19.31.24:344][  0]LogConfig: Setting CVar [[r.Streaming.AmortizeCPUToGPUCopy:0]]
[2019.11.19-19.31.24:344][  0]LogConfig: Setting CVar [[r.Streaming.MaxNumTexturesToStreamPerFrame:0]]
[2019.11.19-19.31.24:344][  0]LogConfig: Setting CVar [[r.Streaming.Boost:1]]
[2019.11.19-19.31.24:344][  0]LogConfig: Setting CVar [[r.MaxAnisotropy:8]]
[2019.11.19-19.31.24:344][  0]LogConfig: Setting CVar [[r.Streaming.LimitPoolSizeToVRAM:0]]
[2019.11.19-19.31.24:344][  0]LogConfig: Setting CVar [[r.Streaming.PoolSize:1000]]
[2019.11.19-19.31.24:344][  0]LogConfig: Setting CVar [[r.Streaming.MaxEffectiveScreenSize:0]]
[2019.11.19-19.31.24:344][  0]LogConfig: Applying CVar settings from Section [EffectsQuality@3] File [C:/Users/aaron/Documents/GitHub/Games-Development-ICA-Team-3/GD Team3 Project/Saved/Config/Windows/Scalability.ini]
[2019.11.19-19.31.24:344][  0]LogConfig: Setting CVar [[r.TranslucencyLightingVolumeDim:64]]
[2019.11.19-19.31.24:344][  0]LogConfig: Setting CVar [[r.RefractionQuality:2]]
[2019.11.19-19.31.24:344][  0]LogConfig: Setting CVar [[r.SSR.Quality:3]]
[2019.11.19-19.31.24:344][  0]LogConfig: Setting CVar [[r.SceneColorFormat:4]]
[2019.11.19-19.31.24:344][  0]LogConfig: Setting CVar [[r.DetailMode:2]]
[2019.11.19-19.31.24:344][  0]LogConfig: Setting CVar [[r.TranslucencyVolumeBlur:1]]
[2019.11.19-19.31.24:344][  0]LogConfig: Setting CVar [[r.MaterialQualityLevel:1 ; High quality]]
[2019.11.19-19.31.24:344][  0]LogConfig: Setting CVar [[r.SSS.Scale:1]]
[2019.11.19-19.31.24:344][  0]LogConfig: Setting CVar [[r.SSS.SampleSet:2]]
[2019.11.19-19.31.24:344][  0]LogConfig: Setting CVar [[r.SSS.Quality:1]]
[2019.11.19-19.31.24:344][  0]LogConfig: Setting CVar [[r.SSS.HalfRes:1]]
[2019.11.19-19.31.24:344][  0]LogConfig: Setting CVar [[r.EmitterSpawnRateScale:1.0]]
[2019.11.19-19.31.24:344][  0]LogConfig: Setting CVar [[r.ParticleLightQuality:2]]
[2019.11.19-19.31.24:344][  0]LogConfig: Applying CVar settings from Section [FoliageQuality@3] File [C:/Users/aaron/Documents/GitHub/Games-Development-ICA-Team-3/GD Team3 Project/Saved/Config/Windows/Scalability.ini]
[2019.11.19-19.31.24:344][  0]LogConfig: Setting CVar [[foliage.DensityScale:1.0]]
[2019.11.19-19.31.24:344][  0]LogConfig: Setting CVar [[grass.DensityScale:1.0]]
[2019.11.19-19.31.24:344][  0]LogInit: Selected Device Profile: [Windows]
[2019.11.19-19.31.24:344][  0]LogInit: Applying CVar settings loaded from the selected device profile: [Windows]
[2019.11.19-19.31.24:356][  0]LogHAL: Display: Platform has ~ 16 GB [17060093952 / 17179869184 / 16], which maps to Larger [LargestMinGB=32, LargerMinGB=12, DefaultMinGB=8, SmallerMinGB=6, SmallestMinGB=0)
[2019.11.19-19.31.24:357][  0]LogConfig: Setting CVar [[r.Vulkan.UseRealUBs:1]]
[2019.11.19-19.31.24:357][  0]LogInit: Going up to parent DeviceProfile []
[2019.11.19-19.31.24:357][  0]LogConfig: Applying CVar settings from Section [ViewDistanceQuality@3] File [C:/Users/aaron/Documents/GitHub/Games-Development-ICA-Team-3/GD Team3 Project/Saved/Config/Windows/Scalability.ini]
[2019.11.19-19.31.24:357][  0]LogConfig: Setting CVar [[r.SkeletalMeshLODBias:0]]
[2019.11.19-19.31.24:357][  0]LogConfig: Setting CVar [[r.ViewDistanceScale:1.0]]
[2019.11.19-19.31.24:357][  0]LogConfig: Applying CVar settings from Section [AntiAliasingQuality@3] File [C:/Users/aaron/Documents/GitHub/Games-Development-ICA-Team-3/GD Team3 Project/Saved/Config/Windows/Scalability.ini]
[2019.11.19-19.31.24:357][  0]LogConfig: Setting CVar [[r.PostProcessAAQuality:4]]
[2019.11.19-19.31.24:357][  0]LogConfig: Applying CVar settings from Section [ShadowQuality@3] File [C:/Users/aaron/Documents/GitHub/Games-Development-ICA-Team-3/GD Team3 Project/Saved/Config/Windows/Scalability.ini]
[2019.11.19-19.31.24:357][  0]LogConfig: Setting CVar [[r.LightFunctionQuality:1]]
[2019.11.19-19.31.24:357][  0]LogConfig: Setting CVar [[r.ShadowQuality:5]]
[2019.11.19-19.31.24:357][  0]LogConfig: Setting CVar [[r.Shadow.CSM.MaxCascades:10]]
[2019.11.19-19.31.24:357][  0]LogConfig: Setting CVar [[r.Shadow.MaxResolution:2048]]
[2019.11.19-19.31.24:357][  0]LogConfig: Setting CVar [[r.Shadow.MaxCSMResolution:2048]]
[2019.11.19-19.31.24:357][  0]LogConfig: Setting CVar [[r.Shadow.RadiusThreshold:0.01]]
[2019.11.19-19.31.24:357][  0]LogConfig: Setting CVar [[r.Shadow.DistanceScale:1.0]]
[2019.11.19-19.31.24:357][  0]LogConfig: Setting CVar [[r.Shadow.CSM.TransitionScale:1.0]]
[2019.11.19-19.31.24:357][  0]LogConfig: Setting CVar [[r.Shadow.PreShadowResolutionFactor:1.0]]
[2019.11.19-19.31.24:357][  0]LogConfig: Setting CVar [[r.DistanceFieldShadowing:1]]
[2019.11.19-19.31.24:357][  0]LogConfig: Setting CVar [[r.DistanceFieldAO:1]]
[2019.11.19-19.31.24:357][  0]LogConfig: Setting CVar [[r.AOQuality:2]]
[2019.11.19-19.31.24:357][  0]LogConfig: Setting CVar [[r.VolumetricFog:1]]
[2019.11.19-19.31.24:357][  0]LogConfig: Setting CVar [[r.VolumetricFog.GridPixelSize:8]]
[2019.11.19-19.31.24:357][  0]LogConfig: Setting CVar [[r.VolumetricFog.GridSizeZ:128]]
[2019.11.19-19.31.24:357][  0]LogConfig: Setting CVar [[r.VolumetricFog.HistoryMissSupersampleCount:4]]
[2019.11.19-19.31.24:357][  0]LogConfig: Setting CVar [[r.LightMaxDrawDistanceScale:1]]
[2019.11.19-19.31.24:357][  0]LogConfig: Setting CVar [[r.CapsuleShadows:1]]
[2019.11.19-19.31.24:357][  0]LogConfig: Applying CVar settings from Section [PostProcessQuality@3] File [C:/Users/aaron/Documents/GitHub/Games-Development-ICA-Team-3/GD Team3 Project/Saved/Config/Windows/Scalability.ini]
[2019.11.19-19.31.24:357][  0]LogConfig: Setting CVar [[r.MotionBlurQuality:4]]
[2019.11.19-19.31.24:357][  0]LogConfig: Setting CVar [[r.AmbientOcclusionMipLevelFactor:0.4]]
[2019.11.19-19.31.24:357][  0]LogConfig: Setting CVar [[r.AmbientOcclusionMaxQuality:100]]
[2019.11.19-19.31.24:357][  0]LogConfig: Setting CVar [[r.AmbientOcclusionLevels:-1]]
[2019.11.19-19.31.24:357][  0]LogConfig: Setting CVar [[r.AmbientOcclusionRadiusScale:1.0]]
[2019.11.19-19.31.24:357][  0]LogConfig: Setting CVar [[r.DepthOfFieldQuality:2]]
[2019.11.19-19.31.24:357][  0]LogConfig: Setting CVar [[r.RenderTargetPoolMin:400]]
[2019.11.19-19.31.24:357][  0]LogConfig: Setting CVar [[r.LensFlareQuality:2]]
[2019.11.19-19.31.24:357][  0]LogConfig: Setting CVar [[r.SceneColorFringeQuality:1]]
[2019.11.19-19.31.24:357][  0]LogConfig: Setting CVar [[r.EyeAdaptationQuality:2]]
[2019.11.19-19.31.24:357][  0]LogConfig: Setting CVar [[r.BloomQuality:5]]
[2019.11.19-19.31.24:357][  0]LogConfig: Setting CVar [[r.FastBlurThreshold:100]]
[2019.11.19-19.31.24:357][  0]LogConfig: Setting CVar [[r.Upscale.Quality:3]]
[2019.11.19-19.31.24:357][  0]LogConfig: Setting CVar [[r.Tonemapper.GrainQuantization:1]]
[2019.11.19-19.31.24:357][  0]LogConfig: Setting CVar [[r.LightShaftQuality:1]]
[2019.11.19-19.31.24:357][  0]LogConfig: Setting CVar [[r.Filter.SizeScale:1]]
[2019.11.19-19.31.24:357][  0]LogConfig: Setting CVar [[r.Tonemapper.Quality:5]]
[2019.11.19-19.31.24:357][  0]LogConfig: Setting CVar [[r.DOF.Gather.AccumulatorQuality:1        ; higher gathering accumulator quality]]
[2019.11.19-19.31.24:357][  0]LogConfig: Setting CVar [[r.DOF.Gather.PostfilterMethod:1          ; Median3x3 postfilering method]]
[2019.11.19-19.31.24:357][  0]LogConfig: Setting CVar [[r.DOF.Gather.EnableBokehSettings:0       ; no bokeh simulation when gathering]]
[2019.11.19-19.31.24:357][  0]LogConfig: Setting CVar [[r.DOF.Gather.RingCount:4                 ; medium number of samples when gathering]]
[2019.11.19-19.31.24:357][  0]LogConfig: Setting CVar [[r.DOF.Scatter.ForegroundCompositing:1    ; additive foreground scattering]]
[2019.11.19-19.31.24:357][  0]LogConfig: Setting CVar [[r.DOF.Scatter.BackgroundCompositing:2    ; additive background scattering]]
[2019.11.19-19.31.24:357][  0]LogConfig: Setting CVar [[r.DOF.Scatter.EnableBokehSettings:1      ; bokeh simulation when scattering]]
[2019.11.19-19.31.24:357][  0]LogConfig: Setting CVar [[r.DOF.Scatter.MaxSpriteRatio:0.1         ; only a maximum of 10% of scattered bokeh]]
[2019.11.19-19.31.24:357][  0]LogConfig: Setting CVar [[r.DOF.Recombine.Quality:1                ; cheap slight out of focus]]
[2019.11.19-19.31.24:357][  0]LogConfig: Setting CVar [[r.DOF.Recombine.EnableBokehSettings:0    ; no bokeh simulation on slight out of focus]]
[2019.11.19-19.31.24:357][  0]LogConfig: Setting CVar [[r.DOF.TemporalAAQuality:1                ; more stable temporal accumulation]]
[2019.11.19-19.31.24:357][  0]LogConfig: Setting CVar [[r.DOF.Kernel.MaxForegroundRadius:0.025]]
[2019.11.19-19.31.24:357][  0]LogConfig: Setting CVar [[r.DOF.Kernel.MaxBackgroundRadius:0.025]]
[2019.11.19-19.31.24:357][  0]LogConfig: Applying CVar settings from Section [TextureQuality@3] File [C:/Users/aaron/Documents/GitHub/Games-Development-ICA-Team-3/GD Team3 Project/Saved/Config/Windows/Scalability.ini]
[2019.11.19-19.31.24:357][  0]LogConfig: Setting CVar [[r.Streaming.MipBias:0]]
[2019.11.19-19.31.24:357][  0]LogConfig: Setting CVar [[r.Streaming.AmortizeCPUToGPUCopy:0]]
[2019.11.19-19.31.24:357][  0]LogConfig: Setting CVar [[r.Streaming.MaxNumTexturesToStreamPerFrame:0]]
[2019.11.19-19.31.24:357][  0]LogConfig: Setting CVar [[r.Streaming.Boost:1]]
[2019.11.19-19.31.24:357][  0]LogConfig: Setting CVar [[r.MaxAnisotropy:8]]
[2019.11.19-19.31.24:357][  0]LogConfig: Setting CVar [[r.Streaming.LimitPoolSizeToVRAM:0]]
[2019.11.19-19.31.24:357][  0]LogConfig: Setting CVar [[r.Streaming.PoolSize:1000]]
[2019.11.19-19.31.24:357][  0]LogConfig: Setting CVar [[r.Streaming.MaxEffectiveScreenSize:0]]
[2019.11.19-19.31.24:357][  0]LogConfig: Applying CVar settings from Section [EffectsQuality@3] File [C:/Users/aaron/Documents/GitHub/Games-Development-ICA-Team-3/GD Team3 Project/Saved/Config/Windows/Scalability.ini]
[2019.11.19-19.31.24:357][  0]LogConfig: Setting CVar [[r.TranslucencyLightingVolumeDim:64]]
[2019.11.19-19.31.24:357][  0]LogConfig: Setting CVar [[r.RefractionQuality:2]]
[2019.11.19-19.31.24:357][  0]LogConfig: Setting CVar [[r.SSR.Quality:3]]
[2019.11.19-19.31.24:357][  0]LogConfig: Setting CVar [[r.SceneColorFormat:4]]
[2019.11.19-19.31.24:357][  0]LogConfig: Setting CVar [[r.DetailMode:2]]
[2019.11.19-19.31.24:357][  0]LogConfig: Setting CVar [[r.TranslucencyVolumeBlur:1]]
[2019.11.19-19.31.24:357][  0]LogConfig: Setting CVar [[r.MaterialQualityLevel:1 ; High quality]]
[2019.11.19-19.31.24:357][  0]LogConfig: Setting CVar [[r.SSS.Scale:1]]
[2019.11.19-19.31.24:357][  0]LogConfig: Setting CVar [[r.SSS.SampleSet:2]]
[2019.11.19-19.31.24:357][  0]LogConfig: Setting CVar [[r.SSS.Quality:1]]
[2019.11.19-19.31.24:357][  0]LogConfig: Setting CVar [[r.SSS.HalfRes:1]]
[2019.11.19-19.31.24:357][  0]LogConfig: Setting CVar [[r.EmitterSpawnRateScale:1.0]]
[2019.11.19-19.31.24:357][  0]LogConfig: Setting CVar [[r.ParticleLightQuality:2]]
[2019.11.19-19.31.24:357][  0]LogConfig: Applying CVar settings from Section [FoliageQuality@3] File [C:/Users/aaron/Documents/GitHub/Games-Development-ICA-Team-3/GD Team3 Project/Saved/Config/Windows/Scalability.ini]
[2019.11.19-19.31.24:357][  0]LogConfig: Setting CVar [[foliage.DensityScale:1.0]]
[2019.11.19-19.31.24:358][  0]LogConfig: Setting CVar [[grass.DensityScale:1.0]]
[2019.11.19-19.31.24:358][  0]LogConfig: Applying CVar settings from Section [Startup] File [../../../Engine/Config/ConsoleVariables.ini]
[2019.11.19-19.31.24:358][  0]LogConfig: Setting CVar [[net.UseAdaptiveNetUpdateFrequency:0]]
[2019.11.19-19.31.24:358][  0]LogConfig: Applying CVar settings from Section [ConsoleVariables] File [C:/Users/aaron/Documents/GitHub/Games-Development-ICA-Team-3/GD Team3 Project/Saved/Config/Windows/Engine.ini]
[2019.11.19-19.31.24:358][  0]LogInit: Computer: DESKTOP-B18EG7J
[2019.11.19-19.31.24:358][  0]LogInit: User: aaron
[2019.11.19-19.31.24:358][  0]LogInit: CPU Page size=4096, Cores=4
[2019.11.19-19.31.24:358][  0]LogInit: High frequency timer resolution =10.000000 MHz
[2019.11.19-19.31.24:358][  0]LogMemory: Memory total: Physical=15.9GB (16GB approx)
[2019.11.19-19.31.24:358][  0]LogMemory: Platform Memory Stats for Windows
[2019.11.19-19.31.24:358][  0]LogMemory: Process Physical Memory: 104.18 MB used, 104.18 MB peak
[2019.11.19-19.31.24:358][  0]LogMemory: Process Virtual Memory: 93.34 MB used, 93.34 MB peak
[2019.11.19-19.31.24:358][  0]LogMemory: Physical Memory: 7279.77 MB used,  8990.01 MB free, 16269.77 MB total
[2019.11.19-19.31.24:358][  0]LogMemory: Virtual Memory: 4637.92 MB used,  134213088.00 MB free, 134217728.00 MB total
[2019.11.19-19.31.24:376][  0]LogInit: Using OS detected language (en-GB).
[2019.11.19-19.31.24:376][  0]LogInit: Using OS detected locale (en-GB).
[2019.11.19-19.31.24:377][  0]LogTextLocalizationManager: No specific localization for 'en-GB' exists, so the 'en' localization will be used.
[2019.11.19-19.31.24:766][  0]LogStreaming: Display: Took  0.391s to InitEngineTextLocalization.
[2019.11.19-19.31.24:766][  0]LogInit: Setting process to per monitor DPI aware
[2019.11.19-19.31.24:804][  0]LogSlate: New Slate User Created.  User Index 0, Is Virtual User: 0
[2019.11.19-19.31.24:804][  0]LogSlate: Slate User Registered.  User Index 0, Is Virtual User: 0
[2019.11.19-19.31.25:037][  0]LogHMD: Failed to initialize OpenVR with code 110
[2019.11.19-19.31.25:037][  0]LogD3D11RHI: D3D11 adapters:
[2019.11.19-19.31.25:112][  0]LogD3D11RHI:    0. 'NVIDIA GeForce GTX 750' (Feature Level 11_0)
[2019.11.19-19.31.25:112][  0]LogD3D11RHI:       984/0/8134 MB DedicatedVideo/DedicatedSystem/SharedSystem, Outputs:1, VendorId:0x10de
[2019.11.19-19.31.25:121][  0]LogD3D11RHI:    1. 'Intel(R) HD Graphics 4600' (Feature Level 11_0)
[2019.11.19-19.31.25:121][  0]LogD3D11RHI:       112/0/2048 MB DedicatedVideo/DedicatedSystem/SharedSystem, Outputs:0, VendorId:0x8086
[2019.11.19-19.31.25:124][  0]LogD3D11RHI:    2. 'Microsoft Basic Render Driver' (Feature Level 11_0)
[2019.11.19-19.31.25:124][  0]LogD3D11RHI:       0/0/8134 MB DedicatedVideo/DedicatedSystem/SharedSystem, Outputs:0, VendorId:0x1414
[2019.11.19-19.31.25:124][  0]LogD3D11RHI: Chosen D3D11 Adapter: 0
[2019.11.19-19.31.25:131][  0]LogD3D11RHI: Creating new Direct3DDevice
[2019.11.19-19.31.25:132][  0]LogD3D11RHI:     GPU DeviceId: 0x1381 (for the marketing name, search the web for "GPU Device Id")
[2019.11.19-19.31.25:132][  0]LogWindows: EnumDisplayDevices:
[2019.11.19-19.31.25:132][  0]LogWindows:    0. 'NVIDIA GeForce GTX 750' (P:1 D:1)
[2019.11.19-19.31.25:132][  0]LogWindows:    1. 'NVIDIA GeForce GTX 750' (P:0 D:0)
[2019.11.19-19.31.25:133][  0]LogWindows:    2. 'NVIDIA GeForce GTX 750' (P:0 D:0)
[2019.11.19-19.31.25:133][  0]LogWindows:    3. 'Intel(R) HD Graphics 4600' (P:0 D:0)
[2019.11.19-19.31.25:133][  0]LogWindows:    4. 'Intel(R) HD Graphics 4600' (P:0 D:0)
[2019.11.19-19.31.25:134][  0]LogWindows: DebugString: PrimaryIsNotTheChoosenAdapter PrimaryIsNotTheChoosenAdapter FoundDriverCount:3 
[2019.11.19-19.31.25:134][  0]LogD3D11RHI:     Adapter Name: NVIDIA GeForce GTX 750
[2019.11.19-19.31.25:134][  0]LogD3D11RHI:   Driver Version: 441.20 (internal:26.21.14.4120, unified:441.20)
[2019.11.19-19.31.25:134][  0]LogD3D11RHI:      Driver Date: 11-6-2019
[2019.11.19-19.31.25:134][  0]LogRHI: Texture pool is 689 MB (70% of 984 MB)
[2019.11.19-19.31.25:201][  0]LogD3D11RHI: Async texture creation enabled
[2019.11.19-19.31.25:444][  0]LogD3D11RHI: GPU Timing Frequency: 1000.000000 (Debug: 2 1)
[2019.11.19-19.31.25:775][  0]LogTemp: Display: Loaded TP AllDesktopTargetPlatform
[2019.11.19-19.31.25:789][  0]LogTemp: Display: Loaded TP MacClientTargetPlatform
[2019.11.19-19.31.25:802][  0]LogTemp: Display: Loaded TP MacNoEditorTargetPlatform
[2019.11.19-19.31.25:816][  0]LogTemp: Display: Loaded TP MacServerTargetPlatform
[2019.11.19-19.31.25:831][  0]LogTemp: Display: Loaded TP MacTargetPlatform
[2019.11.19-19.31.25:847][  0]LogTemp: Display: Loaded TP WindowsClientTargetPlatform
[2019.11.19-19.31.25:863][  0]LogTemp: Display: Loaded TP WindowsNoEditorTargetPlatform
[2019.11.19-19.31.25:878][  0]LogTemp: Display: Loaded TP WindowsServerTargetPlatform
[2019.11.19-19.31.25:885][  0]LogTemp: Display: Loaded TP WindowsTargetPlatform
[2019.11.19-19.31.25:965][  0]LogTemp: Display: Loaded TP AndroidTargetPlatform
[2019.11.19-19.31.25:965][  0]LogTemp: Display: Loaded TP AndroidTargetPlatform
[2019.11.19-19.31.25:965][  0]LogTemp: Display: Loaded TP AndroidTargetPlatform
[2019.11.19-19.31.25:965][  0]LogTemp: Display: Loaded TP AndroidTargetPlatform
[2019.11.19-19.31.25:965][  0]LogTemp: Display: Loaded TP AndroidTargetPlatform
[2019.11.19-19.31.25:965][  0]LogTemp: Display: Loaded TP AndroidTargetPlatform
[2019.11.19-19.31.25:965][  0]LogTemp: Display: Loaded TP AndroidTargetPlatform
[2019.11.19-19.31.25:965][  0]LogTemp: Display: Loaded TP AndroidTargetPlatform
[2019.11.19-19.31.25:965][  0]LogTemp: Display: Loaded TP AndroidTargetPlatform
[2019.11.19-19.31.25:965][  0]LogTemp: Display: Loaded TP AndroidTargetPlatform
[2019.11.19-19.31.25:965][  0]LogTemp: Display: Loaded TP AndroidTargetPlatform
[2019.11.19-19.31.25:965][  0]LogTemp: Display: Loaded TP AndroidTargetPlatform
[2019.11.19-19.31.25:965][  0]LogTemp: Display: Loaded TP AndroidTargetPlatform
[2019.11.19-19.31.25:965][  0]LogTemp: Display: Loaded TP AndroidTargetPlatform
[2019.11.19-19.31.25:965][  0]LogTemp: Display: Loaded TP AndroidTargetPlatform
[2019.11.19-19.31.25:965][  0]LogTemp: Display: Loaded TP AndroidTargetPlatform
[2019.11.19-19.31.25:965][  0]LogTemp: Display: Loaded TP AndroidTargetPlatform
[2019.11.19-19.31.25:965][  0]LogTemp: Display: Loaded TP AndroidTargetPlatform
[2019.11.19-19.31.25:967][  0]LogTemp: Display: Loaded TP HTML5TargetPlatform
[2019.11.19-19.31.26:026][  0]LogTemp: Display: Loaded TP IOSTargetPlatform
[2019.11.19-19.31.26:026][  0]LogTemp: Display: Loaded TP IOSTargetPlatform
[2019.11.19-19.31.26:050][  0]LogTemp: Display: Loaded TP TVOSTargetPlatform
[2019.11.19-19.31.26:050][  0]LogTemp: Display: Loaded TP TVOSTargetPlatform
[2019.11.19-19.31.26:064][  0]LogTemp: Display: Loaded TP LinuxClientTargetPlatform
[2019.11.19-19.31.26:077][  0]LogTemp: Display: Loaded TP LinuxNoEditorTargetPlatform
[2019.11.19-19.31.26:091][  0]LogTemp: Display: Loaded TP LinuxServerTargetPlatform
[2019.11.19-19.31.26:104][  0]LogTemp: Display: Loaded TP LinuxTargetPlatform
[2019.11.19-19.31.26:155][  0]LogTemp: Display: Loaded TP LuminTargetPlatform
[2019.11.19-19.31.26:155][  0]LogTemp: Display: Loaded TP LuminTargetPlatform
[2019.11.19-19.31.26:155][  0]LogTargetPlatformManager: Display: Building Assets For Windows
[2019.11.19-19.31.26:206][  0]LogShaderCompilers: Guid format shader working directory is -46 characters bigger than the processId version (../../../../../../Users/aaron/Documents/GitHub/Games-Development-ICA-Team-3/GD Team3 Project/Intermediate/Shaders/WorkingDirectory/9436/).
[2019.11.19-19.31.26:207][  0]LogShaderCompilers: Cleaned the shader compiler working directory 'C:/Users/aaron/AppData/Local/Temp/UnrealShaderWorkingDir/282B08964A319105D76C0A99155DFB4E/'.
[2019.11.19-19.31.26:208][  0]LogXGEController: Cannot use XGE Controller as Incredibuild is not installed on this machine.
[2019.11.19-19.31.26:209][  0]LogShaderCompilers: Cannot use XGE Shader Compiler as Incredibuild is not installed on this machine.
[2019.11.19-19.31.26:209][  0]LogShaderCompilers: Display: Using Local Shader Compiler.
[2019.11.19-19.31.26:849][  0]LogDerivedDataCache: Display: Max Cache Size: 512 MB
[2019.11.19-19.31.26:905][  0]LogDerivedDataCache: Loaded boot cache 0.06s 71MB C:/Users/aaron/AppData/Local/UnrealEngine/4.21/DerivedDataCache/Boot.ddc.
[2019.11.19-19.31.26:905][  0]LogDerivedDataCache: Display: Loaded Boot cache: C:/Users/aaron/AppData/Local/UnrealEngine/4.21/DerivedDataCache/Boot.ddc
[2019.11.19-19.31.26:905][  0]LogDerivedDataCache: FDerivedDataBackendGraph:  Pak pak cache file ../../../../../../Users/aaron/Documents/GitHub/Games-Development-ICA-Team-3/GD Team3 Project/DerivedDataCache/DDC.ddp not found, will not use a pak cache.
[2019.11.19-19.31.26:905][  0]LogDerivedDataCache: Unable to find inner node Pak for hierarchical cache Hierarchy.
[2019.11.19-19.31.26:905][  0]LogDerivedDataCache: FDerivedDataBackendGraph:  CompressedPak pak cache file ../../../../../../Users/aaron/Documents/GitHub/Games-Development-ICA-Team-3/GD Team3 Project/DerivedDataCache/Compressed.ddp not found, will not use a pak cache.
[2019.11.19-19.31.26:905][  0]LogDerivedDataCache: Unable to find inner node CompressedPak for hierarchical cache Hierarchy.
[2019.11.19-19.31.26:924][  0]LogDerivedDataCache: Display: Pak cache opened for reading ../../../Engine/DerivedDataCache/Compressed.ddp.
[2019.11.19-19.31.26:925][  0]LogDerivedDataCache: FDerivedDataBackendGraph:  EnterprisePak pak cache file ../../../Enterprise/DerivedDataCache/Compressed.ddp not found, will not use a pak cache.
[2019.11.19-19.31.26:925][  0]LogDerivedDataCache: Unable to find inner node EnterprisePak for hierarchical cache Hierarchy.
[2019.11.19-19.31.26:937][  0]LogDerivedDataCache: Using Local data cache path C:/Users/aaron/AppData/Local/UnrealEngine/Common/DerivedDataCache: Writable
[2019.11.19-19.31.26:937][  0]LogDerivedDataCache: Shared data cache path not found in *engine.ini, will not use an Shared cache.
[2019.11.19-19.31.26:937][  0]LogDerivedDataCache: Unable to find inner node Shared for hierarchical cache Hierarchy.
[2019.11.19-19.31.26:968][  0]LogMaterial: Verifying Global Shaders for PCD3D_SM5
[2019.11.19-19.31.26:969][  0]LogSlate: Using FreeType 2.6.0
[2019.11.19-19.31.26:970][  0]LogSlate: SlateFontServices - WITH_FREETYPE: 1, WITH_HARFBUZZ: 1
[2019.11.19-19.31.27:080][  0]LogAssetRegistry: FAssetRegistry took 0.0377 seconds to start up
[2019.11.19-19.31.27:511][  0]LogInit: Selected Device Profile: [Windows]
[2019.11.19-19.31.27:696][  0]LogSimplygon: Simplygon DLL not present - disabling.
[2019.11.19-19.31.27:701][  0]LogMeshReduction: Using SimplygonSwarm for distributed automatic mesh merging
[2019.11.19-19.31.27:701][  0]LogMeshReduction: Using ProxyLODMeshReduction for automatic mesh merging
[2019.11.19-19.31.27:701][  0]LogMeshReduction: Using QuadricMeshReduction for automatic static mesh reduction
[2019.11.19-19.31.27:702][  0]LogMeshReduction: No automatic skeletal mesh reduction module available
[2019.11.19-19.31.27:716][  0]LogNetVersion: GDTeam3Project 1.0.0, NetCL: 4541578, EngineNetVer: 5, GameNetVer: 0 (Checksum: 372557075)
[2019.11.19-19.31.28:278][  0]LogPackageLocalizationCache: Processed 11 localized package path(s) for 2 prioritized culture(s) in 0.085213 seconds
[2019.11.19-19.31.28:285][  0]LogUObjectArray: 39775 objects as part of root set at end of initial load.
[2019.11.19-19.31.28:285][  0]LogUObjectAllocator: 6914664 out of 0 bytes used by permanent object pool.
[2019.11.19-19.31.28:285][  0]LogUObjectArray: CloseDisregardForGC: 0/0 objects in disregard for GC pool
[2019.11.19-19.31.29:170][  0]LogTcpMessaging: Initializing TcpMessaging bridge
[2019.11.19-19.31.29:183][  0]LogUdpMessaging: Initializing bridge on interface 0.0.0.0:0 to multicast group 230.0.0.1:6666.
[2019.11.19-19.31.29:818][  0]SourceControl: Source control is disabled
[2019.11.19-19.31.29:819][  0]SourceControl: Source control is disabled
[2019.11.19-19.31.29:821][  0]SourceControl: Source control is disabled
[2019.11.19-19.31.29:822][  0]SourceControl: Source control is disabled
[2019.11.19-19.31.29:995][  0]LogAndroidPermission: UAndroidPermissionCallbackProxy::GetInstance
[2019.11.19-19.31.30:046][  0]LogOcInput: OculusInput pre-init called
[2019.11.19-19.31.30:178][  0]LogEngine: Initializing Engine...
[2019.11.19-19.31.30:179][  0]LogHMD: Failed to initialize OpenVR with code 110
[2019.11.19-19.31.30:180][  0]LogStats: UGameplayTagsManager::ConstructGameplayTagTree: ImportINI prefixes -  0.000 s
[2019.11.19-19.31.30:180][  0]LogStats: UGameplayTagsManager::ConstructGameplayTagTree: Construct from data asset -  0.000 s
[2019.11.19-19.31.30:181][  0]LogStats: UGameplayTagsManager::ConstructGameplayTagTree: ImportINI -  0.000 s
[2019.11.19-19.31.30:181][  0]LogStats: UGameplayTagsManager::ConstructGameplayTagTree: GameplayTagTreeChangedEvent.Broadcast -  0.000 s
[2019.11.19-19.31.30:405][  0]LogInit: Initializing FReadOnlyCVARCache
[2019.11.19-19.31.30:416][  0]LogAIModule: Creating AISystem for world Untitled
[2019.11.19-19.31.30:431][  0]LogInit: XAudio2 using 'Speakers (SteelSeries Siberia 350)' : 2 channels at 48 kHz using 16 bits per sample (channel mask 0x3)
[2019.11.19-19.31.30:460][  0]LogInit: FAudioDevice initialized.
[2019.11.19-19.31.30:460][  0]LogNetVersion: Set ProjectVersion to 1.0.0.0. Version Checksum will be recalculated on next use.
[2019.11.19-19.31.30:632][  0]LogDerivedDataCache: Saved boot cache 0.17s 71MB C:/Users/aaron/AppData/Local/UnrealEngine/4.21/DerivedDataCache/Boot.ddc.
[2019.11.19-19.31.30:645][  0]LogInit: Texture streaming: Enabled
[2019.11.19-19.31.30:662][  0]LogEngineSessionManager: EngineSessionManager initialized
[2019.11.19-19.31.30:674][  0]LogInit: Transaction tracking system initialized
[2019.11.19-19.31.30:694][  0]BlueprintLog: New page: Editor Load
[2019.11.19-19.31.30:761][  0]LocalizationService: Localization service is disabled
[2019.11.19-19.31.31:229][  0]LogCook: Display: Max memory allowance for cook 16384mb min free memory 0mb
[2019.11.19-19.31.31:229][  0]LogCook: Display: Mobile HDR setting 1
[2019.11.19-19.31.31:229][  0]LogGameplayTags: Display: UGameplayTagsManager::DoneAddingNativeTags. DelegateIsBound: 0
[2019.11.19-19.31.31:229][  0]LogStats: UGameplayTagsManager::ConstructGameplayTagTree: ImportINI prefixes -  0.000 s
[2019.11.19-19.31.31:229][  0]LogStats: UGameplayTagsManager::ConstructGameplayTagTree: Construct from data asset -  0.000 s
[2019.11.19-19.31.31:229][  0]LogStats: UGameplayTagsManager::ConstructGameplayTagTree: ImportINI -  0.000 s
[2019.11.19-19.31.31:229][  0]LogStats: UGameplayTagsManager::ConstructGameplayTagTree: GameplayTagTreeChangedEvent.Broadcast -  0.000 s
[2019.11.19-19.31.31:352][  0]LogFileCache: Scanning file cache for directory 'C:/Users/aaron/Documents/GitHub/Games-Development-ICA-Team-3/GD Team3 Project/Content/' took 0.03s
[2019.11.19-19.31.31:352][  0]SourceControl: Source control is disabled
[2019.11.19-19.31.31:352][  0]Cmd: MAP LOAD FILE="../../../../../../Users/aaron/Documents/GitHub/Games-Development-ICA-Team-3/GD Team3 Project/Content/TwinStickBP/Maps/TwinStickExampleMap.umap" TEMPLATE=0 SHOWPROGRESS=1 FEATURELEVEL=3
[2019.11.19-19.31.31:353][  0]LightingResults: New page: Lighting Build
[2019.11.19-19.31.31:355][  0]MapCheck: New page: Map Check
[2019.11.19-19.31.31:355][  0]LightingResults: New page: Lighting Build
[2019.11.19-19.31.32:713][  0]LogAIModule: Creating AISystem for world TwinStickExampleMap
[2019.11.19-19.31.32:726][  0]LogEditorServer: Finished looking for orphan Actors (0.000 secs)
[2019.11.19-19.31.32:752][  0]Cmd: MAP CHECKDEP NOCLEARLOG
[2019.11.19-19.31.32:752][  0]MapCheck: Map check complete: 0 Error(s), 0 Warning(s), took 0.182ms to complete.
[2019.11.19-19.31.32:752][  0]LogFileHelpers: Loading map 'TwinStickExampleMap' took 1.400
[2019.11.19-19.31.32:855][  0]LogSlate: Updating window title bar state: overlay mode, drag disabled, window buttons hidden, title bar hidden
[2019.11.19-19.31.32:864][  0]LogSlate: Updating window title bar state: overlay mode, drag disabled, window buttons hidden, title bar hidden
[2019.11.19-19.31.32:877][  0]LogSlate: Updating window title bar state: overlay mode, drag disabled, window buttons hidden, title bar hidden
[2019.11.19-19.31.32:893][  0]LogSlate: Updating window title bar state: overlay mode, drag disabled, window buttons hidden, title bar hidden
[2019.11.19-19.31.32:903][  0]LogCollectionManager: Loaded 0 collections in 0.003565 seconds
[2019.11.19-19.31.32:932][  0]LogFileCache: Scanning file cache for directory 'C:/Users/aaron/Documents/GitHub/Games-Development-ICA-Team-3/GD Team3 Project/Saved/Collections/' took 0.01s
[2019.11.19-19.31.32:932][  0]LogFileCache: Scanning file cache for directory 'C:/Users/aaron/Documents/GitHub/Games-Development-ICA-Team-3/GD Team3 Project/Content/Developers/aaron/Collections/' took 0.01s
[2019.11.19-19.31.32:932][  0]LogFileCache: Scanning file cache for directory 'C:/Users/aaron/Documents/GitHub/Games-Development-ICA-Team-3/GD Team3 Project/Content/Collections/' took 0.00s
[2019.11.19-19.31.32:932][  0]LogCollectionManager: Rebuilt the GUID cache for 0 collections in 0.000000 seconds
[2019.11.19-19.31.32:943][  0]LogContentBrowser: Native class hierarchy populated in 0.0116 seconds. Added 2651 classes and 620 folders.
[2019.11.19-19.31.32:950][  0]LogContentBrowser: Native class hierarchy updated for 'WidgetCarousel' in 0.0003 seconds. Added 0 classes and 0 folders.
[2019.11.19-19.31.33:028][  0]LogPakFile: Registered encryption key '00000000000000000000000000000000': 0 pak files mounted, 0 remain pending
[2019.11.19-19.31.33:029][  0]LogPakFile: Registered encryption key '00000000000000000000000000000000': 0 pak files mounted, 0 remain pending
[2019.11.19-19.31.33:029][  0]LogPakFile: Registered encryption key '00000000000000000000000000000000': 0 pak files mounted, 0 remain pending
[2019.11.19-19.31.33:030][  0]LogPakFile: Registered encryption key '00000000000000000000000000000000': 0 pak files mounted, 0 remain pending
[2019.11.19-19.31.33:030][  0]LogPakFile: Registered encryption key '00000000000000000000000000000000': 0 pak files mounted, 0 remain pending
[2019.11.19-19.31.33:031][  0]LogPakFile: Registered encryption key '00000000000000000000000000000000': 0 pak files mounted, 0 remain pending
[2019.11.19-19.31.33:031][  0]LogPakFile: Registered encryption key '00000000000000000000000000000000': 0 pak files mounted, 0 remain pending
[2019.11.19-19.31.33:031][  0]LogPakFile: Registered encryption key '00000000000000000000000000000000': 0 pak files mounted, 0 remain pending
[2019.11.19-19.31.33:032][  0]LogPakFile: Registered encryption key '00000000000000000000000000000000': 0 pak files mounted, 0 remain pending
[2019.11.19-19.31.33:032][  0]LogPakFile: Registered encryption key '00000000000000000000000000000000': 0 pak files mounted, 0 remain pending
[2019.11.19-19.31.33:033][  0]LogPakFile: Registered encryption key '00000000000000000000000000000000': 0 pak files mounted, 0 remain pending
[2019.11.19-19.31.33:033][  0]LogPakFile: Registered encryption key '00000000000000000000000000000000': 0 pak files mounted, 0 remain pending
[2019.11.19-19.31.33:034][  0]LogPakFile: Registered encryption key '00000000000000000000000000000000': 0 pak files mounted, 0 remain pending
[2019.11.19-19.31.33:034][  0]LogPakFile: Registered encryption key '00000000000000000000000000000000': 0 pak files mounted, 0 remain pending
[2019.11.19-19.31.33:035][  0]LogPakFile: Registered encryption key '00000000000000000000000000000000': 0 pak files mounted, 0 remain pending
[2019.11.19-19.31.33:035][  0]LogPakFile: Registered encryption key '00000000000000000000000000000000': 0 pak files mounted, 0 remain pending
[2019.11.19-19.31.33:036][  0]LogPakFile: Registered encryption key '00000000000000000000000000000000': 0 pak files mounted, 0 remain pending
[2019.11.19-19.31.33:036][  0]LogPakFile: Registered encryption key '00000000000000000000000000000000': 0 pak files mounted, 0 remain pending
[2019.11.19-19.31.33:037][  0]LogPakFile: Registered encryption key '00000000000000000000000000000000': 0 pak files mounted, 0 remain pending
[2019.11.19-19.31.33:037][  0]LogPakFile: Registered encryption key '00000000000000000000000000000000': 0 pak files mounted, 0 remain pending
[2019.11.19-19.31.33:038][  0]LogPakFile: Registered encryption key '00000000000000000000000000000000': 0 pak files mounted, 0 remain pending
[2019.11.19-19.31.33:038][  0]LogPakFile: Registered encryption key '00000000000000000000000000000000': 0 pak files mounted, 0 remain pending
[2019.11.19-19.31.33:038][  0]LogPakFile: Registered encryption key '00000000000000000000000000000000': 0 pak files mounted, 0 remain pending
[2019.11.19-19.31.33:039][  0]LogPakFile: Registered encryption key '00000000000000000000000000000000': 0 pak files mounted, 0 remain pending
[2019.11.19-19.31.33:039][  0]LogPakFile: Registered encryption key '00000000000000000000000000000000': 0 pak files mounted, 0 remain pending
[2019.11.19-19.31.33:040][  0]LogPakFile: Registered encryption key '00000000000000000000000000000000': 0 pak files mounted, 0 remain pending
[2019.11.19-19.31.33:553][  0]LogContentBrowser: Native class hierarchy updated for 'AddContentDialog' in 0.0004 seconds. Added 0 classes and 0 folders.
[2019.11.19-19.31.33:559][  0]LogContentBrowser: Native class hierarchy updated for 'SceneOutliner' in 0.0003 seconds. Added 1 classes and 2 folders.
[2019.11.19-19.31.33:575][  0]LogSlate: Took 0.000181 seconds to synchronously load lazily loaded font '../../../Engine/Content/Slate/Fonts/Roboto-Regular.ttf' (155K)
[2019.11.19-19.31.33:578][  0]LogSlate: Took 0.000244 seconds to synchronously load lazily loaded font '../../../Engine/Content/Slate/Fonts/Roboto-Bold.ttf' (160K)
[2019.11.19-19.31.33:623][  0]LogSlate: Took 0.039624 seconds to synchronously load lazily loaded font '../../../Engine/Content/Editor/Slate/Fonts/FontAwesome.ttf' (139K)
[2019.11.19-19.31.33:727][  0]LogRenderer: Reallocating scene render targets to support 1208x652 Format 10 NumSamples 1 (Frame:1).
[2019.11.19-19.31.33:887][  0]LogContentBrowser: Native class hierarchy updated for 'HierarchicalLODOutliner' in 0.0004 seconds. Added 0 classes and 0 folders.
[2019.11.19-19.31.33:887][  0]LogLoad: (Engine Initialization) Total time: 11.43 seconds
[2019.11.19-19.31.33:887][  0]LogLoad: (Engine Initialization) Total Blueprint compile time: 0.00 seconds
[2019.11.19-19.31.33:990][  0]LogContentStreaming: Texture pool size now 1000 MB
[2019.11.19-19.31.34:034][  0]LogSlate: Took 0.000221 seconds to synchronously load lazily loaded font '../../../Engine/Content/Slate/Fonts/Roboto-Light.ttf' (167K)
[2019.11.19-19.31.34:667][  5]LogAssetRegistry: Asset discovery search completed in 7.6092 seconds
[2019.11.19-19.31.34:669][  5]LogCollectionManager: Rebuilt the object cache for 0 collections in 0.000000 seconds (found 0 objects)
[2019.11.19-19.31.34:669][  5]LogCollectionManager: Fixed up redirectors for 0 collections in 0.000038 seconds (updated 0 objects)
[2019.11.19-19.31.39:092][181]LogFileCache: Retrieving MD5 hashes for directory 'C:/Users/aaron/Documents/GitHub/Games-Development-ICA-Team-3/GD Team3 Project/Content/' took 5.18s
[2019.11.19-19.31.39:377][196]LogSlate: FSceneViewport::OnFocusLost() reason 0
[2019.11.19-19.31.39:563][209]LogSlate: Took 0.000226 seconds to synchronously load lazily loaded font '../../../Engine/Content/Slate/Fonts/Roboto-Light.ttf' (167K)
[2019.11.19-19.31.39:573][209]LogAssetEditorManager: Opening Asset editor for Blueprint /Game/AI/AIProjectile.AIProjectile
[2019.11.19-19.31.40:224][209]LogContentBrowser: Native class hierarchy updated for 'BlueprintGraph' in 0.0007 seconds. Added 117 classes and 0 folders.
[2019.11.19-19.31.41:168][209]LogSlate: Took 0.000178 seconds to synchronously load lazily loaded font '../../../Engine/Content/Slate/Fonts/Roboto-BoldCondensed.ttf' (158K)
[2019.11.19-19.31.41:248][210]LogSlate: Took 0.000161 seconds to synchronously load lazily loaded font '../../../Engine/Content/Slate/Fonts/Roboto-Italic.ttf' (157K)
[2019.11.19-19.32.59:054][ 42]LogWindows: LaunchURL http://docs.unrealengine.com/latest/INT/Engine/Physics/Collision/index.html?utm_source=editor&utm_medium=docs&utm_campaign=doc_anchors
[2019.11.19-19.33.42:365][119]BlueprintLog: New page: Compile AIProjectile
[2019.11.19-19.33.45:915][385]LogSavePackage: Moving '../../../../../../Users/aaron/Documents/GitHub/Games-Development-ICA-Team-3/GD Team3 Project/Saved/TwinStickExampleMap31906DB64A12BAFE81874D8D7EE8AD67.tmp' to '../../../../../../Users/aaron/Documents/GitHub/Games-Development-ICA-Team-3/GD Team3 Project/Content/TwinStickBP/Maps/TwinStickExampleMap.umap'
[2019.11.19-19.33.46:140][385]LogSavePackage: Moving '../../../../../../Users/aaron/Documents/GitHub/Games-Development-ICA-Team-3/GD Team3 Project/Saved/TwinStickExampleMap_BuiltDataFF7D1CC344AE35BFB2A1E19F652188A7.tmp' to '../../../../../../Users/aaron/Documents/GitHub/Games-Development-ICA-Team-3/GD Team3 Project/Content/TwinStickBP/Maps/TwinStickExampleMap_BuiltData.uasset'
[2019.11.19-19.33.46:572][427]LogTemp: Repeating last play command: Selected Viewport
[2019.11.19-19.33.46:596][427]LogBlueprintUserMessages: Early PlayInEditor Detection: Level '/Game/TwinStickBP/Maps/TwinStickExampleMap.TwinStickExampleMap:PersistentLevel' has LevelScriptBlueprint '/Game/TwinStickBP/Maps/TwinStickExampleMap.TwinStickExampleMap:PersistentLevel.TwinStickExampleMap' with GeneratedClass '/Game/TwinStickBP/Maps/TwinStickExampleMap.TwinStickExampleMap_C' with ClassGeneratedBy '/Game/TwinStickBP/Maps/TwinStickExampleMap.TwinStickExampleMap:PersistentLevel.TwinStickExampleMap'
[2019.11.19-19.33.46:596][427]LogPlayLevel: PlayLevel: No blueprints needed recompiling
[2019.11.19-19.33.46:596][427]PIE: New page: PIE session: TwinStickExampleMap (19 Nov 2019 19:33:46)
[2019.11.19-19.33.46:609][427]LogPlayLevel: Creating play world package: /Game/TwinStickBP/Maps/UEDPIE_0_TwinStickExampleMap
[2019.11.19-19.33.46:615][427]LogPlayLevel: PIE: StaticDuplicateObject took: (0.006010s)
[2019.11.19-19.33.46:616][427]LogAIModule: Creating AISystem for world TwinStickExampleMap
[2019.11.19-19.33.46:616][427]LogPlayLevel: PIE: World Init took: (0.000607s)
[2019.11.19-19.33.46:616][427]LogPlayLevel: PIE: Created PIE world by copying editor world from /Game/TwinStickBP/Maps/TwinStickExampleMap.TwinStickExampleMap to /Game/TwinStickBP/Maps/UEDPIE_0_TwinStickExampleMap.TwinStickExampleMap (0.006956s)
[2019.11.19-19.33.46:662][427]LogInit: XAudio2 using 'Speakers (SteelSeries Siberia 350)' : 2 channels at 48 kHz using 16 bits per sample (channel mask 0x3)
[2019.11.19-19.33.46:691][427]LogInit: FAudioDevice initialized.
[2019.11.19-19.33.46:739][427]LogLoad: Game class is 'TwinStickGameMode_C'
[2019.11.19-19.33.46:742][427]LogWorld: Bringing World /Game/TwinStickBP/Maps/UEDPIE_0_TwinStickExampleMap.TwinStickExampleMap up for play (max tick rate 0) at 2019.11.19-19.33.46
[2019.11.19-19.33.46:744][427]LogWorld: Bringing up level for play took: 0.003663
[2019.11.19-19.33.46:761][427]LogContentBrowser: Native class hierarchy updated for 'MovieSceneCapture' in 0.0004 seconds. Added 20 classes and 0 folders.
[2019.11.19-19.33.46:765][427]PIE: Play in editor start time for /Game/TwinStickBP/Maps/UEDPIE_0_TwinStickExampleMap 0.646
[2019.11.19-19.33.46:765][427]LogBlueprintUserMessages: Late PlayInEditor Detection: Level '/Game/TwinStickBP/Maps/TwinStickExampleMap.TwinStickExampleMap:PersistentLevel' has LevelScriptBlueprint '/Game/TwinStickBP/Maps/TwinStickExampleMap.TwinStickExampleMap:PersistentLevel.TwinStickExampleMap' with GeneratedClass '/Game/TwinStickBP/Maps/TwinStickExampleMap.TwinStickExampleMap_C' with ClassGeneratedBy '/Game/TwinStickBP/Maps/TwinStickExampleMap.TwinStickExampleMap:PersistentLevel.TwinStickExampleMap'
[2019.11.19-19.34.12:728][322]LogBlueprintUserMessages: Early EndPlayMap Detection: Level '/Game/TwinStickBP/Maps/TwinStickExampleMap.TwinStickExampleMap:PersistentLevel' has LevelScriptBlueprint '/Game/TwinStickBP/Maps/TwinStickExampleMap.TwinStickExampleMap:PersistentLevel.TwinStickExampleMap' with GeneratedClass '/Game/TwinStickBP/Maps/TwinStickExampleMap.TwinStickExampleMap_C' with ClassGeneratedBy '/Game/TwinStickBP/Maps/TwinStickExampleMap.TwinStickExampleMap:PersistentLevel.TwinStickExampleMap'
[2019.11.19-19.34.12:729][322]LogSlate: Updating window title bar state: overlay mode, drag disabled, window buttons hidden, title bar hidden
[2019.11.19-19.34.12:768][322]LogPlayLevel: Display: Shutting down PIE online subsystems
[2019.11.19-19.34.12:769][322]LogBlueprintUserMessages: Late EndPlayMap Detection: Level '/Game/TwinStickBP/Maps/TwinStickExampleMap.TwinStickExampleMap:PersistentLevel' has LevelScriptBlueprint '/Game/TwinStickBP/Maps/TwinStickExampleMap.TwinStickExampleMap:PersistentLevel.TwinStickExampleMap' with GeneratedClass '/Game/TwinStickBP/Maps/TwinStickExampleMap.TwinStickExampleMap_C' with ClassGeneratedBy '/Game/TwinStickBP/Maps/TwinStickExampleMap.TwinStickExampleMap:PersistentLevel.TwinStickExampleMap'
[2019.11.19-19.34.12:802][322]LogSlate: Updating window title bar state: overlay mode, drag disabled, window buttons hidden, title bar hidden
[2019.11.19-19.34.12:844][323]LogPlayLevel: Display: Destroying online subsystem :Context_6
[2019.11.19-19.34.13:909][399]LogSlate: FSceneViewport::OnFocusLost() reason 0
[2019.11.19-19.34.14:317][408]LogSavePackage: Moving '../../../../../../Users/aaron/Documents/GitHub/Games-Development-ICA-Team-3/GD Team3 Project/Saved/TwinStickExampleMap6785F5624D4CBFD6FA10EF92C9EE88E4.tmp' to '../../../../../../Users/aaron/Documents/GitHub/Games-Development-ICA-Team-3/GD Team3 Project/Content/TwinStickBP/Maps/TwinStickExampleMap.umap'
[2019.11.19-19.34.14:493][408]LogSavePackage: Moving '../../../../../../Users/aaron/Documents/GitHub/Games-Development-ICA-Team-3/GD Team3 Project/Saved/TwinStickExampleMap_BuiltData1B1A18C94280D5F35291AEA4EDA36F19.tmp' to '../../../../../../Users/aaron/Documents/GitHub/Games-Development-ICA-Team-3/GD Team3 Project/Content/TwinStickBP/Maps/TwinStickExampleMap_BuiltData.uasset'
[2019.11.19-19.34.20:313][848]BlueprintLog: New page: Compile AIProjectile
[2019.11.19-19.34.20:982][871]Cmd: OBJ SAVEPACKAGE PACKAGE="/Game/AI/AIProjectile" FILE="../../../../../../Users/aaron/Documents/GitHub/Games-Development-ICA-Team-3/GD Team3 Project/Content/AI/AIProjectile.uasset" SILENT=true
[2019.11.19-19.34.21:052][871]LogSavePackage: Moving '../../../../../../Users/aaron/Documents/GitHub/Games-Development-ICA-Team-3/GD Team3 Project/Saved/AIProjectileCED0E98943DAF643D9C8838C3CC832DD.tmp' to '../../../../../../Users/aaron/Documents/GitHub/Games-Development-ICA-Team-3/GD Team3 Project/Content/AI/AIProjectile.uasset'
[2019.11.19-19.34.22:116][948]LogSlate: Window 'AIProjectile' being destroyed
[2019.11.19-19.34.22:135][948]LogSlate: Window 'AIProjectile' being destroyed
[2019.11.19-19.34.26:490][281]LogSlate: Window 'GDTeam3Project - Unreal Editor' being destroyed
[2019.11.19-19.34.26:491][281]LogWindowsTextInputMethodSystem: Display: IME system now deactivated.
[2019.11.19-19.34.26:751][282]Cmd: QUIT_EDITOR
[2019.11.19-19.34.26:807][282]LogExit: Preparing to exit.
[2019.11.19-19.34.27:351][282]LogExit: Editor shut down
[2019.11.19-19.34.27:351][282]LogExit: Transaction tracking system shut down
[2019.11.19-19.34.27:701][282]LogExit: Object subsystem successfully closed.
[2019.11.19-19.34.27:721][282]LogShaderCompilers: Display: Shaders left to compile 0
[2019.11.19-19.34.27:727][282]LogD3D11RHI: Shutdown
[2019.11.19-19.34.27:727][282]LogD3D11RHI: CleanupD3DDevice
[2019.11.19-19.34.27:730][282]LogD3D11RHI: ~FD3D11DynamicRHI
[2019.11.19-19.34.27:763][282]LogModuleManager: Shutting down and abandoning module MovieSceneCapture (628)
[2019.11.19-19.34.27:764][282]LogModuleManager: Shutting down and abandoning module Voice (626)
[2019.11.19-19.34.27:764][282]LogModuleManager: Shutting down and abandoning module BlueprintGraph (624)
[2019.11.19-19.34.27:764][282]LogModuleManager: Shutting down and abandoning module HierarchicalLODOutliner (622)
[2019.11.19-19.34.27:764][282]LogModuleManager: Shutting down and abandoning module SceneOutliner (620)
[2019.11.19-19.34.27:764][282]LogModuleManager: Shutting down and abandoning module AddContentDialog (618)
[2019.11.19-19.34.27:765][282]LogModuleManager: Shutting down and abandoning module WidgetCarousel (617)
[2019.11.19-19.34.27:765][282]LogModuleManager: Shutting down and abandoning module EditorWidgets (614)
[2019.11.19-19.34.27:765][282]LogModuleManager: Shutting down and abandoning module CollectionManager (612)
[2019.11.19-19.34.27:765][282]LogModuleManager: Shutting down and abandoning module StatsViewer (610)
[2019.11.19-19.34.27:765][282]LogModuleManager: Shutting down and abandoning module FoliageEdit (608)
[2019.11.19-19.34.27:765][282]LogModuleManager: Shutting down and abandoning module LandscapeEditor (606)
[2019.11.19-19.34.27:765][282]LogModuleManager: Shutting down and abandoning module MeshPaintMode (604)
[2019.11.19-19.34.27:765][282]LogModuleManager: Shutting down and abandoning module SceneDepthPickerMode (602)
[2019.11.19-19.34.27:765][282]LogModuleManager: Shutting down and abandoning module ActorPickerMode (600)
[2019.11.19-19.34.27:766][282]LogModuleManager: Shutting down and abandoning module GeometryMode (598)
[2019.11.19-19.34.27:766][282]LogModuleManager: Shutting down and abandoning module TextureAlignMode (596)
[2019.11.19-19.34.27:766][282]LogModuleManager: Shutting down and abandoning module BspMode (594)
[2019.11.19-19.34.27:766][282]LogModuleManager: Shutting down and abandoning module PIEPreviewDeviceProfileSelector (592)
[2019.11.19-19.34.27:766][282]LogModuleManager: Shutting down and abandoning module SequenceRecorderSections (590)
[2019.11.19-19.34.27:766][282]LogModuleManager: Shutting down and abandoning module AutomationWorker (588)
[2019.11.19-19.34.27:766][282]LogModuleManager: Shutting down and abandoning module AudioCaptureEditor (586)
[2019.11.19-19.34.27:766][282]LogModuleManager: Shutting down and abandoning module MatineeToLevelSequence (584)
[2019.11.19-19.34.27:766][282]LogModuleManager: Shutting down and abandoning module LevelSequenceEditor (582)
[2019.11.19-19.34.27:766][282]LogModuleManager: Shutting down and abandoning module PlacementMode (581)
[2019.11.19-19.34.27:766][282]LogModuleManager: Shutting down and abandoning module MaterialEditor (580)
[2019.11.19-19.34.27:766][282]LogModuleManager: Shutting down and abandoning module WmfMediaFactory (576)
[2019.11.19-19.34.27:766][282]LogModuleManager: Shutting down and abandoning module WmfMediaEditor (574)
[2019.11.19-19.34.27:766][282]LogModuleManager: Shutting down and abandoning module WebMMediaFactory (572)
[2019.11.19-19.34.27:766][282]LogModuleManager: Shutting down and abandoning module WebMMediaEditor (570)
[2019.11.19-19.34.27:766][282]LogModuleManager: Shutting down and abandoning module WebMMedia (568)
[2019.11.19-19.34.27:766][282]LogModuleManager: Shutting down and abandoning module MediaPlayerEditor (566)
[2019.11.19-19.34.27:766][282]LogModuleManager: Shutting down and abandoning module MediaCompositingEditor (564)
[2019.11.19-19.34.27:766][282]LogModuleManager: Shutting down and abandoning module SequenceRecorder (563)
[2019.11.19-19.34.27:767][282]LogModuleManager: Shutting down and abandoning module OpenExrWrapper (560)
[2019.11.19-19.34.27:767][282]LogModuleManager: Shutting down and abandoning module ImgMediaFactory (558)
[2019.11.19-19.34.27:767][282]LogModuleManager: Shutting down and abandoning module ImgMediaEditor (556)
[2019.11.19-19.34.27:767][282]LogModuleManager: Shutting down and abandoning module AvfMediaFactory (554)
[2019.11.19-19.34.27:767][282]LogModuleManager: Shutting down and abandoning module AvfMediaEditor (552)
[2019.11.19-19.34.27:767][282]LogModuleManager: Shutting down and abandoning module AndroidMediaFactory (550)
[2019.11.19-19.34.27:767][282]LogModuleManager: Shutting down and abandoning module AndroidMediaEditor (548)
[2019.11.19-19.34.27:767][282]LogModuleManager: Shutting down and abandoning module MagicLeapCameraPreviewFactory (546)
[2019.11.19-19.34.27:767][282]LogModuleManager: Shutting down and abandoning module MagicLeapMediaFactory (544)
[2019.11.19-19.34.27:767][282]LogModuleManager: Shutting down and abandoning module MagicLeapMediaEditor (542)
[2019.11.19-19.34.27:767][282]LogModuleManager: Shutting down and abandoning module CharacterAI (540)
[2019.11.19-19.34.27:767][282]LogModuleManager: Shutting down and abandoning module SmartSnapping (538)
[2019.11.19-19.34.27:767][282]LogModuleManager: Shutting down and abandoning module SessionServices (536)
[2019.11.19-19.34.27:767][282]LogModuleManager: Shutting down and abandoning module ViewportSnapping (534)
[2019.11.19-19.34.27:767][282]LogModuleManager: Shutting down and abandoning module ViewportInteraction (532)
[2019.11.19-19.34.27:767][282]LogModuleManager: Shutting down and abandoning module ClothPainter (530)
[2019.11.19-19.34.27:767][282]LogModuleManager: Shutting down and abandoning module SkeletalMeshEditor (529)
[2019.11.19-19.34.27:767][282]LogModuleManager: Shutting down and abandoning module LogVisualizer (526)
[2019.11.19-19.34.27:767][282]LogModuleManager: Shutting down and abandoning module IntroTutorials (524)
[2019.11.19-19.34.27:767][282]LogModuleManager: Shutting down and abandoning module GameProjectGeneration (523)
[2019.11.19-19.34.27:767][282]LogModuleManager: Shutting down and abandoning module LuminPlatformEditor (520)
[2019.11.19-19.34.27:767][282]LogModuleManager: Shutting down and abandoning module IOSPlatformEditor (518)
[2019.11.19-19.34.27:768][282]LogModuleManager: Shutting down and abandoning module HTML5PlatformEditor (516)
[2019.11.19-19.34.27:768][282]LogModuleManager: Shutting down and abandoning module AndroidPlatformEditor (514)
[2019.11.19-19.34.27:768][282]LogModuleManager: Shutting down and abandoning module AndroidDeviceDetection (513)
[2019.11.19-19.34.28:091][282]LogModuleManager: Shutting down and abandoning module WindowsPlatformEditor (510)
[2019.11.19-19.34.28:091][282]LogModuleManager: Shutting down and abandoning module LuminRuntimeSettings (508)
[2019.11.19-19.34.28:091][282]LogModuleManager: Shutting down and abandoning module IOSRuntimeSettings (506)
[2019.11.19-19.34.28:091][282]LogModuleManager: Shutting down and abandoning module AndroidRuntimeSettings (504)
[2019.11.19-19.34.28:091][282]LogModuleManager: Shutting down and abandoning module TimeManagementEditor (502)
[2019.11.19-19.34.28:092][282]LogModuleManager: Shutting down and abandoning module InputBindingEditor (500)
[2019.11.19-19.34.28:092][282]LogModuleManager: Shutting down and abandoning module MergeActors (498)
[2019.11.19-19.34.28:092][282]LogModuleManager: Shutting down and abandoning module LocalizationDashboard (496)
[2019.11.19-19.34.28:092][282]LogModuleManager: Shutting down and abandoning module LocalizationService (495)
[2019.11.19-19.34.28:092][282]LogModuleManager: Shutting down and abandoning module HardwareTargeting (492)
[2019.11.19-19.34.28:092][282]LogModuleManager: Shutting down and abandoning module DeviceProfileEditor (490)
[2019.11.19-19.34.28:092][282]LogModuleManager: Shutting down and abandoning module UndoHistory (488)
[2019.11.19-19.34.28:092][282]LogModuleManager: Shutting down and abandoning module XmlParser (486)
[2019.11.19-19.34.28:092][282]LogModuleManager: Shutting down and abandoning module Blutility (484)
[2019.11.19-19.34.28:092][282]LogModuleManager: Shutting down and abandoning module ProjectSettingsViewer (482)
[2019.11.19-19.34.28:092][282]LogModuleManager: Shutting down and abandoning module ProjectTargetPlatformEditor (481)
[2019.11.19-19.34.28:092][282]LogModuleManager: Shutting down and abandoning module EditorSettingsViewer (478)
[2019.11.19-19.34.28:092][282]LogModuleManager: Shutting down and abandoning module SettingsEditor (476)
[2019.11.19-19.34.28:092][282]LogModuleManager: Shutting down and abandoning module ProjectLauncher (474)
[2019.11.19-19.34.28:092][282]LogModuleManager: Shutting down and abandoning module SessionFrontend (472)
[2019.11.19-19.34.28:092][282]LogModuleManager: Shutting down and abandoning module ProfilerClient (470)
[2019.11.19-19.34.28:092][282]LogModuleManager: Shutting down and abandoning module DeviceManager (468)
[2019.11.19-19.34.28:092][282]LogModuleManager: Shutting down and abandoning module TargetDeviceServices (467)
[2019.11.19-19.34.28:147][282]LogModuleManager: Shutting down and abandoning module AutomationController (464)
[2019.11.19-19.34.28:147][282]LogModuleManager: Shutting down and abandoning module AutomationWindow (462)
[2019.11.19-19.34.28:147][282]LogModuleManager: Shutting down and abandoning module Layers (460)
[2019.11.19-19.34.28:147][282]LogModuleManager: Shutting down and abandoning module ComponentVisualizers (458)
[2019.11.19-19.34.28:147][282]LogModuleManager: Shutting down and abandoning module DetailCustomizations (456)
[2019.11.19-19.34.28:147][282]LogModuleManager: Shutting down and abandoning module PackagesDialog (454)
[2019.11.19-19.34.28:147][282]LogModuleManager: Shutting down and abandoning module Persona (452)
[2019.11.19-19.34.28:147][282]LogModuleManager: Shutting down and abandoning module AdvancedPreviewScene (451)
[2019.11.19-19.34.28:147][282]LogModuleManager: Shutting down and abandoning module AnimGraph (449)
[2019.11.19-19.34.28:147][282]LogModuleManager: Shutting down and abandoning module Kismet (446)
[2019.11.19-19.34.28:152][282]LogModuleManager: Shutting down and abandoning module GraphEditor (444)
[2019.11.19-19.34.28:152][282]LogModuleManager: Shutting down and abandoning module ClassViewer (442)
[2019.11.19-19.34.28:152][282]LogModuleManager: Shutting down and abandoning module Toolbox (440)
[2019.11.19-19.34.28:152][282]LogModuleManager: Shutting down and abandoning module ModuleUI (438)
[2019.11.19-19.34.28:152][282]LogModuleManager: Shutting down and abandoning module MovieSceneTools (436)
[2019.11.19-19.34.28:153][282]LogModuleManager: Shutting down and abandoning module OutputLog (434)
[2019.11.19-19.34.28:153][282]LogModuleManager: Shutting down and abandoning module GammaUI (432)
[2019.11.19-19.34.28:153][282]LogModuleManager: Shutting down and abandoning module Documentation (430)
[2019.11.19-19.34.28:153][282]LogModuleManager: Shutting down and abandoning module MovieSceneTracks (428)
[2019.11.19-19.34.28:153][282]LogModuleManager: Shutting down and abandoning module MovieScene (426)
[2019.11.19-19.34.28:153][282]LogModuleManager: Shutting down and abandoning module StreamingPauseRendering (424)
[2019.11.19-19.34.28:153][282]LogModuleManager: Shutting down and abandoning module LauncherPlatform (422)
[2019.11.19-19.34.28:153][282]LogModuleManager: Shutting down and abandoning module AnalyticsET (420)
[2019.11.19-19.34.28:153][282]LogModuleManager: Shutting down and abandoning module PortalServices (418)
[2019.11.19-19.34.28:153][282]LogModuleManager: Shutting down and abandoning module PortalRpc (416)
[2019.11.19-19.34.28:153][282]LogModuleManager: Shutting down and abandoning module MessagingRpc (414)
[2019.11.19-19.34.28:153][282]LogModuleManager: Shutting down and abandoning module AIModule (412)
[2019.11.19-19.34.28:153][282]LogModuleManager: Shutting down and abandoning module GameplayDebugger (411)
[2019.11.19-19.34.28:153][282]LogModuleManager: Shutting down and abandoning module AITestSuite (409)
[2019.11.19-19.34.28:153][282]LogModuleManager: Shutting down and abandoning module NavigationSystem (407)
[2019.11.19-19.34.28:153][282]LogModuleManager: Shutting down and abandoning module DesktopPlatform (404)
[2019.11.19-19.34.28:153][282]LogModuleManager: Shutting down and abandoning module ImageWriteQueue (402)
[2019.11.19-19.34.28:156][282]LogModuleManager: Shutting down and abandoning module ProfilerService (400)
[2019.11.19-19.34.28:200][282]LogModuleManager: Shutting down and abandoning module TaskGraph (398)
[2019.11.19-19.34.28:200][282]LogModuleManager: Shutting down and abandoning module SteamVRController (396)
[2019.11.19-19.34.28:200][282]LogModuleManager: Shutting down and abandoning module ProceduralMeshComponentEditor (394)
[2019.11.19-19.34.28:200][282]LogModuleManager: Shutting down and abandoning module ProceduralMeshComponent (392)
[2019.11.19-19.34.28:200][282]LogModuleManager: Shutting down and abandoning module OculusInput (390)
[2019.11.19-19.34.28:200][282]LogModuleManager: Shutting down and abandoning module MobilePatchingUtils (388)
[2019.11.19-19.34.28:200][282]LogModuleManager: Shutting down and abandoning module EditableMesh (386)
[2019.11.19-19.34.28:200][282]LogModuleManager: Shutting down and abandoning module CustomMeshComponent (384)
[2019.11.19-19.34.28:200][282]LogModuleManager: Shutting down and abandoning module CableComponent (382)
[2019.11.19-19.34.28:200][282]LogModuleManager: Shutting down and abandoning module AudioCapture (380)
[2019.11.19-19.34.28:200][282]LogModuleManager: Shutting down and abandoning module ArchVisCharacter (378)
[2019.11.19-19.34.28:200][282]LogModuleManager: Shutting down and abandoning module AndroidPermission (376)
[2019.11.19-19.34.28:200][282]LogModuleManager: Shutting down and abandoning module NUTUnrealEngine4 (374)
[2019.11.19-19.34.28:200][282]LogModuleManager: Shutting down and abandoning module NetcodeUnitTest (372)
[2019.11.19-19.34.28:200][282]LogModuleManager: Shutting down and abandoning module MediaCompositing (370)
[2019.11.19-19.34.28:200][282]LogModuleManager: Shutting down and abandoning module LinearTimecode (368)
[2019.11.19-19.34.28:200][282]LogModuleManager: Shutting down and abandoning module ImgMedia (366)
[2019.11.19-19.34.28:203][282]LogModuleManager: Shutting down and abandoning module HTML5Networking (364)
[2019.11.19-19.34.28:204][282]LogModuleManager: Shutting down and abandoning module GeometryCacheTracks (362)
[2019.11.19-19.34.28:204][282]LogModuleManager: Shutting down and abandoning module GeometryCacheSequencer (360)
[2019.11.19-19.34.28:204][282]LogModuleManager: Shutting down and abandoning module BackChannel (358)
[2019.11.19-19.34.28:204][282]LogModuleManager: Shutting down and abandoning module AppleVision (356)
[2019.11.19-19.34.28:204][282]LogModuleManager: Shutting down and abandoning module AppleImageUtilsBlueprintSupport (354)
[2019.11.19-19.34.28:204][282]LogModuleManager: Shutting down and abandoning module AppleImageUtils (352)
[2019.11.19-19.34.28:204][282]LogModuleManager: Shutting down and abandoning module AlembicImporter (350)
[2019.11.19-19.34.28:204][282]LogModuleManager: Shutting down and abandoning module AlembicLibrary (349)
[2019.11.19-19.34.28:204][282]LogModuleManager: Shutting down and abandoning module GeometryCache (348)
[2019.11.19-19.34.28:204][282]LogModuleManager: Shutting down and abandoning module GeometryCacheEd (347)
[2019.11.19-19.34.28:204][282]LogModuleManager: Shutting down and abandoning module VariantManagerContent (342)
[2019.11.19-19.34.28:204][282]LogModuleManager: Shutting down and abandoning module DatasmithContentEditor (340)
[2019.11.19-19.34.28:204][282]LogModuleManager: Shutting down and abandoning module SpeedTreeImporter (338)
[2019.11.19-19.34.28:204][282]LogModuleManager: Shutting down and abandoning module PluginBrowser (336)
[2019.11.19-19.34.28:204][282]LogModuleManager: Shutting down and abandoning module MobileLauncherProfileWizard (334)
[2019.11.19-19.34.28:204][282]LogModuleManager: Shutting down and abandoning module PolygonModeling (332)
[2019.11.19-19.34.28:204][282]LogModuleManager: Shutting down and abandoning module MeshEditor (330)
[2019.11.19-19.34.28:204][282]LogModuleManager: Shutting down and abandoning module CryptoKeysOpenSSL (328)
[2019.11.19-19.34.28:204][282]LogModuleManager: Shutting down and abandoning module CryptoKeys (326)
[2019.11.19-19.34.28:204][282]LogModuleManager: Shutting down and abandoning module VisualStudioSourceCodeAccess (324)
[2019.11.19-19.34.28:204][282]LogModuleManager: Shutting down and abandoning module VisualStudioCodeSourceCodeAccess (322)
[2019.11.19-19.34.28:204][282]LogModuleManager: Shutting down and abandoning module UObjectPlugin (320)
[2019.11.19-19.34.28:204][282]LogModuleManager: Shutting down and abandoning module SubversionSourceControl (318)
[2019.11.19-19.34.28:204][282]LogModuleManager: Shutting down and abandoning module PerforceSourceControl (316)
[2019.11.19-19.34.28:204][282]LogModuleManager: Shutting down and abandoning module GitSourceControl (314)
[2019.11.19-19.34.28:204][282]LogModuleManager: Shutting down and abandoning module SourceControl (313)
[2019.11.19-19.34.28:204][282]LogModuleManager: Shutting down and abandoning module CLionSourceCodeAccess (310)
[2019.11.19-19.34.28:204][282]LogModuleManager: Shutting down and abandoning module ActorLayerUtilitiesEditor (308)
[2019.11.19-19.34.28:204][282]LogModuleManager: Shutting down and abandoning module ActorLayerUtilities (306)
[2019.11.19-19.34.28:204][282]LogModuleManager: Shutting down and abandoning module LightPropagationVolumeEditor (304)
[2019.11.19-19.34.28:204][282]LogModuleManager: Shutting down and abandoning module PaperTiledImporter (302)
[2019.11.19-19.34.28:204][282]LogModuleManager: Shutting down and abandoning module PaperSpriteSheetImporter (300)
[2019.11.19-19.34.28:204][282]LogModuleManager: Shutting down and abandoning module Paper2DEditor (298)
[2019.11.19-19.34.28:204][282]LogModuleManager: Shutting down and abandoning module MeshPaint (297)
[2019.11.19-19.34.28:204][282]LogModuleManager: Shutting down and abandoning module RuntimePhysXCooking (294)
[2019.11.19-19.34.28:205][282]LogModuleManager: Shutting down and abandoning module PhysXVehiclesEditor (292)
[2019.11.19-19.34.28:205][282]LogModuleManager: Shutting down and abandoning module PhysXVehicles (290)
[2019.11.19-19.34.28:205][282]LogModuleManager: Shutting down and abandoning module OculusEditor (288)
[2019.11.19-19.34.28:205][282]LogModuleManager: Shutting down and abandoning module LocationServicesBPLibrary (286)
[2019.11.19-19.34.28:205][282]LogModuleManager: Shutting down and abandoning module ActorSequence (284)
[2019.11.19-19.34.28:205][282]LogModuleManager: Shutting down and abandoning module UdpMessaging (282)
[2019.11.19-19.34.28:306][282]LogModuleManager: Shutting down and abandoning module TcpMessaging (280)
[2019.11.19-19.34.28:407][282]LogModuleManager: Shutting down and abandoning module MagicLeapAudio (278)
[2019.11.19-19.34.28:407][282]LogModuleManager: Shutting down and abandoning module GameplayTagsEditor (276)
[2019.11.19-19.34.28:407][282]LogModuleManager: Shutting down and abandoning module FacialAnimationEditor (274)
[2019.11.19-19.34.28:407][282]LogModuleManager: Shutting down and abandoning module FacialAnimation (272)
[2019.11.19-19.34.28:407][282]LogModuleManager: Shutting down and abandoning module DataValidation (270)
[2019.11.19-19.34.28:407][282]LogModuleManager: Shutting down and abandoning module AssetManagerEditor (268)
[2019.11.19-19.34.28:407][282]LogModuleManager: Shutting down and abandoning module LevelEditor (267)
[2019.11.19-19.34.28:409][282]LogModuleManager: Shutting down and abandoning module PixelInspectorModule (266)
[2019.11.19-19.34.28:409][282]LogModuleManager: Shutting down and abandoning module CommonMenuExtensions (264)
[2019.11.19-19.34.28:409][282]LogModuleManager: Shutting down and abandoning module MainFrame (262)
[2019.11.19-19.34.28:409][282]LogModuleManager: Shutting down and abandoning module HotReload (261)
[2019.11.19-19.34.28:410][282]LogModuleManager: Shutting down and abandoning module ContentBrowser (257)
[2019.11.19-19.34.28:411][282]LogModuleManager: Shutting down and abandoning module TreeMap (255)
[2019.11.19-19.34.28:411][282]LogModuleManager: Shutting down and abandoning module LightPropagationVolumeRuntime (252)
[2019.11.19-19.34.28:411][282]LogModuleManager: Shutting down and abandoning module AISupportModule (250)
[2019.11.19-19.34.28:411][282]LogModuleManager: Shutting down and abandoning module Paper2D (248)
[2019.11.19-19.34.28:411][282]LogModuleManager: Shutting down and abandoning module WindowsMoviePlayer (246)
[2019.11.19-19.34.28:411][282]LogModuleManager: Shutting down and abandoning module WebMMoviePlayer (244)
[2019.11.19-19.34.28:411][282]LogModuleManager: Shutting down and abandoning module WmfMedia (242)
[2019.11.19-19.34.28:412][282]LogModuleManager: Shutting down and abandoning module Media (241)
[2019.11.19-19.34.28:418][282]LogModuleManager: Shutting down and abandoning module PacketHandler (238)
[2019.11.19-19.34.28:418][282]LogModuleManager: Shutting down and abandoning module ClothingSystemEditor (236)
[2019.11.19-19.34.28:418][282]LogModuleManager: Shutting down and abandoning module ClothingSystemRuntime (234)
[2019.11.19-19.34.28:418][282]LogModuleManager: Shutting down and abandoning module MediaAssets (232)
[2019.11.19-19.34.28:418][282]LogModuleManager: Shutting down and abandoning module Overlay (230)
[2019.11.19-19.34.28:418][282]LogModuleManager: Shutting down and abandoning module OverlayEditor (229)
[2019.11.19-19.34.28:418][282]LogModuleManager: Shutting down and abandoning module VREditor (226)
[2019.11.19-19.34.28:418][282]LogModuleManager: Shutting down and abandoning module StringTableEditor (224)
[2019.11.19-19.34.28:418][282]LogModuleManager: Shutting down and abandoning module GameplayTasksEditor (222)
[2019.11.19-19.34.28:418][282]LogModuleManager: Shutting down and abandoning module BehaviorTreeEditor (220)
[2019.11.19-19.34.28:418][282]LogModuleManager: Shutting down and abandoning module FunctionalTesting (218)
[2019.11.19-19.34.28:418][282]LogModuleManager: Shutting down and abandoning module CollisionAnalyzer (216)
[2019.11.19-19.34.28:419][282]LogModuleManager: Shutting down and abandoning module WorkspaceMenuStructure (215)
[2019.11.19-19.34.28:419][282]LogModuleManager: Shutting down and abandoning module UMG (212)
[2019.11.19-19.34.28:419][282]LogModuleManager: Shutting down and abandoning module UMGEditor (211)
[2019.11.19-19.34.28:419][282]LogModuleManager: Shutting down and abandoning module Sequencer (210)
[2019.11.19-19.34.28:419][282]LogModuleManager: Shutting down and abandoning module MessageLog (207)
[2019.11.19-19.34.28:419][282]LogModuleManager: Shutting down and abandoning module SlateReflector (202)
[2019.11.19-19.34.28:419][282]LogModuleManager: Shutting down and abandoning module Slate (200)
[2019.11.19-19.34.28:419][282]LogModuleManager: Shutting down and abandoning module EditorStyle (198)
[2019.11.19-19.34.28:421][282]LogModuleManager: Shutting down and abandoning module MRMesh (196)
[2019.11.19-19.34.28:421][282]LogModuleManager: Shutting down and abandoning module SourceCodeAccess (194)
[2019.11.19-19.34.28:421][282]LogModuleManager: Shutting down and abandoning module HeadMountedDisplay (192)
[2019.11.19-19.34.28:421][282]LogModuleManager: Shutting down and abandoning module XAudio2 (190)
[2019.11.19-19.34.28:421][282]LogModuleManager: Shutting down and abandoning module Networking (188)
[2019.11.19-19.34.28:421][282]LogModuleManager: Shutting down and abandoning module Core (186)
[2019.11.19-19.34.28:421][282]LogModuleManager: Shutting down and abandoning module LevelSequence (184)
[2019.11.19-19.34.28:421][282]LogModuleManager: Shutting down and abandoning module KismetCompiler (182)
[2019.11.19-19.34.28:421][282]LogModuleManager: Shutting down and abandoning module MeshUtilities (180)
[2019.11.19-19.34.28:421][282]LogModuleManager: Shutting down and abandoning module MeshMergeUtilities (179)
[2019.11.19-19.34.28:421][282]LogModuleManager: Shutting down and abandoning module MeshReductionInterface (178)
[2019.11.19-19.34.28:421][282]LogModuleManager: Shutting down and abandoning module SimplygonSwarm (177)
[2019.11.19-19.34.28:421][282]LogModuleManager: Shutting down and abandoning module ProxyLODMeshReduction (175)
[2019.11.19-19.34.28:421][282]LogModuleManager: Shutting down and abandoning module SimplygonMeshReduction (173)
[2019.11.19-19.34.28:421][282]LogModuleManager: Shutting down and abandoning module QuadricMeshReduction (171)
[2019.11.19-19.34.28:421][282]LogModuleManager: Shutting down and abandoning module MaterialBaking (167)
[2019.11.19-19.34.28:421][282]LogModuleManager: Shutting down and abandoning module DirectoryWatcher (163)
[2019.11.19-19.34.28:421][282]LogModuleManager: Shutting down and abandoning module DerivedDataCache (160)
[2019.11.19-19.34.28:492][282]LogDerivedDataCache: Shutdown
[2019.11.19-19.34.28:492][282]LogModuleManager: Shutting down and abandoning module XGEController (158)
[2019.11.19-19.34.28:492][282]LogModuleManager: Shutting down and abandoning module TargetPlatform (156)
[2019.11.19-19.34.28:492][282]LogModuleManager: Shutting down and abandoning module VulkanShaderFormat (155)
[2019.11.19-19.34.28:492][282]LogModuleManager: Shutting down and abandoning module ShaderFormatVectorVM (153)
[2019.11.19-19.34.28:492][282]LogModuleManager: Shutting down and abandoning module ShaderFormatOpenGL (151)
[2019.11.19-19.34.28:492][282]LogModuleManager: Shutting down and abandoning module ShaderFormatD3D (149)
[2019.11.19-19.34.28:492][282]LogModuleManager: Shutting down and abandoning module MetalShaderFormat (147)
[2019.11.19-19.34.28:492][282]LogModuleManager: Shutting down and abandoning module TextureFormatUncompressed (145)
[2019.11.19-19.34.28:493][282]LogModuleManager: Shutting down and abandoning module TextureFormatPVR (143)
[2019.11.19-19.34.28:493][282]LogModuleManager: Shutting down and abandoning module TextureFormatDXT (141)
[2019.11.19-19.34.28:493][282]LogModuleManager: Shutting down and abandoning module TextureFormatIntelISPCTexComp (139)
[2019.11.19-19.34.28:493][282]LogModuleManager: Shutting down and abandoning module TextureFormatASTC (137)
[2019.11.19-19.34.28:493][282]LogModuleManager: Shutting down and abandoning module ImageWrapper (136)
[2019.11.19-19.34.28:493][282]LogModuleManager: Shutting down and abandoning module TextureFormatAndroid (133)
[2019.11.19-19.34.28:493][282]LogModuleManager: Shutting down and abandoning module AudioFormatOpus (131)
[2019.11.19-19.34.28:493][282]LogModuleManager: Shutting down and abandoning module AudioFormatOgg (129)
[2019.11.19-19.34.28:493][282]LogModuleManager: Shutting down and abandoning module AudioFormatADPCM (127)
[2019.11.19-19.34.28:493][282]LogModuleManager: Shutting down and abandoning module LuminTargetPlatform (125)
[2019.11.19-19.34.28:494][282]LogModuleManager: Shutting down and abandoning module LinuxTargetPlatform (123)
[2019.11.19-19.34.28:494][282]LogModuleManager: Shutting down and abandoning module LinuxServerTargetPlatform (121)
[2019.11.19-19.34.28:494][282]LogModuleManager: Shutting down and abandoning module LinuxNoEditorTargetPlatform (119)
[2019.11.19-19.34.28:494][282]LogModuleManager: Shutting down and abandoning module LinuxClientTargetPlatform (117)
[2019.11.19-19.34.28:494][282]LogModuleManager: Shutting down and abandoning module TVOSTargetPlatform (115)
[2019.11.19-19.34.28:495][282]LogModuleManager: Shutting down and abandoning module Messaging (113)
[2019.11.19-19.34.28:496][282]LogModuleManager: Shutting down and abandoning module IOSTargetPlatform (111)
[2019.11.19-19.34.28:497][282]LogModuleManager: Shutting down and abandoning module HTML5TargetPlatform (109)
[2019.11.19-19.34.28:497][282]LogModuleManager: Shutting down and abandoning module AndroidTargetPlatform (107)
[2019.11.19-19.34.28:505][282]LogModuleManager: Shutting down and abandoning module WindowsTargetPlatform (105)
[2019.11.19-19.34.28:505][282]LogModuleManager: Shutting down and abandoning module WindowsServerTargetPlatform (103)
[2019.11.19-19.34.28:505][282]LogModuleManager: Shutting down and abandoning module WindowsNoEditorTargetPlatform (101)
[2019.11.19-19.34.28:505][282]LogModuleManager: Shutting down and abandoning module WindowsClientTargetPlatform (99)
[2019.11.19-19.34.28:505][282]LogModuleManager: Shutting down and abandoning module MacTargetPlatform (97)
[2019.11.19-19.34.28:505][282]LogModuleManager: Shutting down and abandoning module MacServerTargetPlatform (95)
[2019.11.19-19.34.28:505][282]LogModuleManager: Shutting down and abandoning module MacNoEditorTargetPlatform (93)
[2019.11.19-19.34.28:505][282]LogModuleManager: Shutting down and abandoning module MacClientTargetPlatform (91)
[2019.11.19-19.34.28:505][282]LogModuleManager: Shutting down and abandoning module AllDesktopTargetPlatform (89)
[2019.11.19-19.34.28:505][282]LogModuleManager: Shutting down and abandoning module InputCore (86)
[2019.11.19-19.34.28:505][282]LogModuleManager: Shutting down and abandoning module Settings (84)
[2019.11.19-19.34.28:505][282]LogModuleManager: Shutting down and abandoning module PhysXCooking (82)
[2019.11.19-19.34.28:506][282]LogModuleManager: Shutting down and abandoning module SteamVR (80)
[2019.11.19-19.34.28:506][282]LogHMD: Freeing OpenVRDLLHandle.
[2019.11.19-19.34.28:506][282]LogModuleManager: Shutting down and abandoning module OculusHMD (78)
[2019.11.19-19.34.28:506][282]LogModuleManager: Shutting down and abandoning module ExampleDeviceProfileSelector (76)
[2019.11.19-19.34.28:506][282]LogModuleManager: Shutting down and abandoning module LauncherChunkInstaller (74)
[2019.11.19-19.34.28:506][282]LogModuleManager: Shutting down and abandoning module OnlineBlueprintSupport (72)
[2019.11.19-19.34.28:506][282]LogModuleManager: Shutting down and abandoning module OnlineSubsystem (68)
[2019.11.19-19.34.28:507][282]LogModuleManager: Shutting down and abandoning module XMPP (63)
[2019.11.19-19.34.28:507][282]LogModuleManager: Shutting down and abandoning module WebSockets (62)
[2019.11.19-19.34.28:518][282]LogModuleManager: Shutting down and abandoning module HTTP (59)
[2019.11.19-19.34.28:518][282]LogHttp: Display: Http module shutting down, but needs to wait on 1 outstanding Http requests:
[2019.11.19-19.34.28:518][282]LogHttp: Display: 	verb=[POST] url=[https://datarouter.ol.epicgames.com/datarouter/api/v1/public/data?SessionID=%7BE605E52A-4833-4EAF-FB9D-90BF3DF8E929%7D&AppID=UEEditor.Rocket.Release&AppVersion=4.21.2-4753647%2B%2B%2BUE4%2BRelease-4.21&UserID=7e118dc948e8625ae04fd799413897c2%7C694a5f39080d46a3816bad384b5a8fe8%7Ce74dc982-bafa-4c49-8074-9ce29da4f2dd&AppEnvironment=datacollector-binary&UploadType=eteventstream] status=Processing
[2019.11.19-19.34.28:529][282]LogModuleManager: Shutting down and abandoning module SSL (58)
[2019.11.19-19.34.28:533][282]LogModuleManager: Shutting down and abandoning module MagicLeapIdentity (54)
[2019.11.19-19.34.28:533][282]LogModuleManager: Shutting down and abandoning module MagicLeapHelperVulkan (52)
[2019.11.19-19.34.28:533][282]LogModuleManager: Shutting down and abandoning module MagicLeapHelperOpenGL (50)
[2019.11.19-19.34.28:533][282]LogModuleManager: Shutting down and abandoning module MagicLeapSecureStorage (48)
[2019.11.19-19.34.28:533][282]LogModuleManager: Shutting down and abandoning module MagicLeapHandTracking (46)
[2019.11.19-19.34.28:533][282]LogModuleManager: Shutting down and abandoning module MagicLeapEyeTracker (44)
[2019.11.19-19.34.28:533][282]LogModuleManager: Shutting down and abandoning module MagicLeapController (42)
[2019.11.19-19.34.28:534][282]LogSlate: Slate User Destroyed.  User Index 0, Is Virtual User: 0
[2019.11.19-19.34.28:534][282]LogModuleManager: Shutting down and abandoning module MagicLeap (40)
[2019.11.19-19.34.28:534][282]LogModuleManager: Shutting down and abandoning module DatasmithContent (38)
[2019.11.19-19.34.28:534][282]LogModuleManager: Shutting down and abandoning module AnimationModifiers (36)
[2019.11.19-19.34.28:534][282]LogModuleManager: Shutting down and abandoning module PropertyEditor (35)
[2019.11.19-19.34.28:535][282]LogModuleManager: Shutting down and abandoning module AudioEditor (32)
[2019.11.19-19.34.28:535][282]LogModuleManager: Shutting down and abandoning module TextureCompressor (30)
[2019.11.19-19.34.28:535][282]LogModuleManager: Shutting down and abandoning module ShaderCore (28)
[2019.11.19-19.34.28:535][282]LogModuleManager: Shutting down and abandoning module Landscape (26)
[2019.11.19-19.34.28:535][282]LogModuleManager: Shutting down and abandoning module SlateRHIRenderer (24)
[2019.11.19-19.34.28:535][282]LogModuleManager: Shutting down and abandoning module OpenGLDrv (22)
[2019.11.19-19.34.28:536][282]LogModuleManager: Shutting down and abandoning module D3D11RHI (20)
[2019.11.19-19.34.28:536][282]LogModuleManager: Shutting down and abandoning module AnimGraphRuntime (18)
[2019.11.19-19.34.28:536][282]LogModuleManager: Shutting down and abandoning module Renderer (16)
[2019.11.19-19.34.28:536][282]LogModuleManager: Shutting down and abandoning module Engine (14)
[2019.11.19-19.34.28:536][282]LogModuleManager: Shutting down and abandoning module CoreUObject (12)
[2019.11.19-19.34.28:536][282]LogModuleManager: Shutting down and abandoning module NetworkFile (10)
[2019.11.19-19.34.28:536][282]LogModuleManager: Shutting down and abandoning module CookedIterativeFile (8)
[2019.11.19-19.34.28:536][282]LogModuleManager: Shutting down and abandoning module StreamingFile (6)
[2019.11.19-19.34.28:536][282]LogModuleManager: Shutting down and abandoning module SandboxFile (4)
[2019.11.19-19.34.28:536][282]LogModuleManager: Shutting down and abandoning module PakFile (2)
[2019.11.19-19.34.28:546][282]LogExit: Exiting.
[2019.11.19-19.34.28:552][282]Log file closed, 11/19/19 19:34:28
