Log file open, 11/19/19 18:21:14
LogWindows: Failed to load 'aqProf.dll' (GetLastError=126)
LogWindows: File 'aqProf.dll' does not exist
LogWindows: Failed to load 'VtuneApi.dll' (GetLastError=126)
LogWindows: File 'VtuneApi.dll' does not exist
LogWindows: Failed to load 'VtuneApi32e.dll' (GetLastError=126)
LogWindows: File 'VtuneApi32e.dll' does not exist
LogConsoleResponse: Display: Failed to find resolution value strings in scalability ini. Falling back to default.
LogInit: Display: Running engine for game: GDTeam3Project
LogPakFile: Registered encryption key '00000000000000000000000000000000': 0 pak files mounted, 0 remain pending
LogPlatformFile: Not using cached read wrapper
LogTaskGraph: Started task graph with 5 named threads and 23 total threads with 3 sets of task threads.
LogStats: Stats thread started at 0.273779
LogD3D11RHI: Loaded GFSDK_Aftermath_Lib.x64.dll
LogICUInternationalization: ICU TimeZone Detection - Raw Offset: +0:00, Platform Override: ''
LogPluginManager: Mounting plugin Paper2D
LogPluginManager: Mounting plugin AISupport
LogPluginManager: Mounting plugin LightPropagationVolume
LogPluginManager: Mounting plugin ActorLayerUtilities
LogPluginManager: Mounting plugin CLionSourceCodeAccess
LogPluginManager: Mounting plugin CodeLiteSourceCodeAccess
LogPluginManager: Mounting plugin GitSourceControl
LogPluginManager: Mounting plugin KDevelopSourceCodeAccess
LogPluginManager: Mounting plugin NullSourceCodeAccess
LogPluginManager: Mounting plugin PerforceSourceControl
LogPluginManager: Mounting plugin SubversionSourceControl
LogPluginManager: Mounting plugin UObjectPlugin
LogPluginManager: Mounting plugin VisualStudioCodeSourceCodeAccess
LogPluginManager: Mounting plugin VisualStudioSourceCodeAccess
LogPluginManager: Mounting plugin XCodeSourceCodeAccess
LogPluginManager: Mounting plugin AssetManagerEditor
LogPluginManager: Mounting plugin CryptoKeys
LogPluginManager: Mounting plugin DataValidation
LogPluginManager: Mounting plugin FacialAnimation
LogPluginManager: Mounting plugin GameplayTagsEditor
LogPluginManager: Mounting plugin MacGraphicsSwitching
LogPluginManager: Mounting plugin MeshEditor
LogPluginManager: Mounting plugin MobileLauncherProfileWizard
LogPluginManager: Mounting plugin PluginBrowser
LogPluginManager: Mounting plugin SpeedTreeImporter
LogPluginManager: Mounting plugin DatasmithContent
LogPluginManager: Mounting plugin VariantManagerContent
LogPluginManager: Mounting plugin AlembicImporter
LogPluginManager: Mounting plugin AppleImageUtils
LogPluginManager: Mounting plugin AppleVision
LogPluginManager: Mounting plugin BackChannel
LogPluginManager: Mounting plugin CharacterAI
LogPluginManager: Mounting plugin GeometryCache
LogPluginManager: Mounting plugin HTML5Networking
LogPluginManager: Mounting plugin ProxyLODPlugin
LogPluginManager: Mounting plugin MagicLeap
LogPluginManager: Mounting plugin MagicLeapMedia
LogPluginManager: Mounting plugin AndroidMedia
LogPluginManager: Mounting plugin AvfMedia
LogPluginManager: Mounting plugin ImgMedia
LogPluginManager: Mounting plugin LinearTimecode
LogPluginManager: Mounting plugin MediaCompositing
LogPluginManager: Mounting plugin MediaPlayerEditor
LogPluginManager: Mounting plugin WebMMedia
LogPluginManager: Mounting plugin WmfMedia
LogPluginManager: Mounting plugin TcpMessaging
LogPluginManager: Mounting plugin UdpMessaging
LogPluginManager: Mounting plugin ActorSequence
LogPluginManager: Mounting plugin LevelSequenceEditor
LogPluginManager: Mounting plugin MatineeToLevelSequence
LogPluginManager: Mounting plugin NetcodeUnitTest
LogPluginManager: Mounting plugin NUTUnrealEngine4
LogPluginManager: Mounting plugin OnlineSubsystemGooglePlay
LogPluginManager: Mounting plugin OnlineSubsystemIOS
LogPluginManager: Mounting plugin OnlineSubsystem
LogPluginManager: Mounting plugin OnlineSubsystemNull
LogPluginManager: Mounting plugin OnlineSubsystemUtils
LogPluginManager: Mounting plugin LauncherChunkInstaller
LogPluginManager: Mounting plugin AndroidDeviceProfileSelector
LogPluginManager: Mounting plugin AndroidMoviePlayer
LogPluginManager: Mounting plugin AndroidPermission
LogPluginManager: Mounting plugin AppleMoviePlayer
LogPluginManager: Mounting plugin ArchVisCharacter
LogPluginManager: Mounting plugin AudioCapture
LogPluginManager: Mounting plugin CableComponent
LogPluginManager: Mounting plugin CustomMeshComponent
LogPluginManager: Mounting plugin EditableMesh
LogPluginManager: Mounting plugin ExampleDeviceProfileSelector
LogPluginManager: Mounting plugin Firebase
LogPluginManager: Mounting plugin GoogleCloudMessaging
LogPluginManager: Mounting plugin IOSDeviceProfileSelector
LogPluginManager: Mounting plugin LinuxDeviceProfileSelector
LogPluginManager: Mounting plugin LocationServicesBPLibrary
LogPluginManager: Mounting plugin MobilePatchingUtils
LogPluginManager: Mounting plugin OculusVR
LogPluginManager: Mounting plugin PhysXVehicles
LogPluginManager: Mounting plugin ProceduralMeshComponent
LogPluginManager: Mounting plugin RuntimePhysXCooking
LogPluginManager: Mounting plugin SteamVR
LogPluginManager: Mounting plugin WebMMoviePlayer
LogPluginManager: Mounting plugin WindowsMoviePlayer
LogStreaming: Display: Took  0.115s to configure plugins.
LogInit: Using libcurl 7.55.1-DEV
LogInit:  - built for x86_64-pc-win32
LogInit:  - supports SSL with OpenSSL/1.0.2h
LogInit:  - supports HTTP deflate (compression) using libz 1.2.8
LogInit:  - other features:
LogInit:      CURL_VERSION_SSL
LogInit:      CURL_VERSION_LIBZ
LogInit:      CURL_VERSION_IPV6
LogInit:      CURL_VERSION_ASYNCHDNS
LogInit:      CURL_VERSION_LARGEFILE
LogInit:      CURL_VERSION_IDN
LogInit:  CurlRequestOptions (configurable via config and command line):
LogInit:  - bVerifyPeer = true  - Libcurl will verify peer certificate
LogInit:  - bUseHttpProxy = false  - Libcurl will NOT use HTTP proxy
LogInit:  - bDontReuseConnections = false  - Libcurl will reuse connections
LogInit:  - MaxHostConnections = 16  - Libcurl will limit the number of connections to a host
LogInit:  - LocalHostAddr = Default
LogInit:  - BufferSize = 65536
LogInit: WinSock: version 1.1 (2.2), MaxSocks=32767, MaxUdp=65467
LogInit: Build: ++UE4+Release-4.21-CL-4753647
LogInit: Engine Version: 4.21.2-4753647+++UE4+Release-4.21
LogInit: Compatible Engine Version: 4.21.0-4541578+++UE4+Release-4.21
LogInit: Net CL: 4541578
LogInit: OS: Windows 10 (), CPU: Intel(R) Core(TM) i7-4790 CPU @ 3.60GHz, GPU: NVIDIA GeForce GTX 750
LogInit: Compiled (64-bit): Jan 19 2019 02:07:31
LogInit: Compiled with Visual C++: 19.13.26129.00
LogInit: Build Configuration: Development
LogInit: Branch Name: ++UE4+Release-4.21
LogInit: Command Line: 
LogInit: Base Directory: C:/Program Files/Epic Games/UE_4.21/Engine/Binaries/Win64/
LogInit: Installed Engine Build: 1
LogDevObjectVersion: Number of dev versions registered: 22
LogDevObjectVersion:   Dev-Blueprints (B0D832E4-1F89-4F0D-ACCF-7EB736FD4AA2): 10
LogDevObjectVersion:   Dev-Build (E1C64328-A22C-4D53-A36C-8E866417BD8C): 0
LogDevObjectVersion:   Dev-Core (375EC13C-06E4-48FB-B500-84F0262A717E): 2
LogDevObjectVersion:   Dev-Editor (E4B068ED-F494-42E9-A231-DA0B2E46BB41): 26
LogDevObjectVersion:   Dev-Framework (CFFC743F-43B0-4480-9391-14DF171D2073): 34
LogDevObjectVersion:   Dev-Mobile (B02B49B5-BB20-44E9-A304-32B752E40360): 2
LogDevObjectVersion:   Dev-Networking (A4E4105C-59A1-49B5-A7C5-40C4547EDFEE): 0
LogDevObjectVersion:   Dev-Online (39C831C9-5AE6-47DC-9A44-9C173E1C8E7C): 0
LogDevObjectVersion:   Dev-Physics (78F01B33-EBEA-4F98-B9B4-84EACCB95AA2): 0
LogDevObjectVersion:   Dev-Platform (6631380F-2D4D-43E0-8009-CF276956A95A): 0
LogDevObjectVersion:   Dev-Rendering (12F88B9F-8875-4AFC-A67C-D90C383ABD29): 27
LogDevObjectVersion:   Dev-Sequencer (7B5AE74C-D270-4C10-A958-57980B212A5A): 9
LogDevObjectVersion:   Dev-VR (D7296918-1DD6-4BDD-9DE2-64A83CC13884): 2
LogDevObjectVersion:   Dev-LoadTimes (C2A15278-BFE7-4AFE-6C17-90FF531DF755): 1
LogDevObjectVersion:   Private-Geometry (6EACA3D4-40EC-4CC1-B786-8BED09428FC5): 3
LogDevObjectVersion:   Dev-AnimPhys (29E575DD-E0A3-4627-9D10-D276232CDCEA): 17
LogDevObjectVersion:   Dev-Anim (AF43A65D-7FD3-4947-9873-3E8ED9C1BB05): 2
LogDevObjectVersion:   Dev-ReflectionCapture (6B266CEC-1EC7-4B8F-A30B-E4D90942FC07): 1
LogDevObjectVersion:   Dev-Automation (0DF73D61-A23F-47EA-B727-89E90C41499A): 1
LogDevObjectVersion:   FortniteMain (601D1886-AC64-4F84-AA16-D3DE0DEAC7D6): 17
LogDevObjectVersion:   Dev-Enterprise (9DFFBCD6-494F-0158-E221-12823C92A888): 4
LogDevObjectVersion:   Dev-Niagara (F2AED0AC-9AFE-416F-8664-AA7FFA26D6FC): 1
LogStreaming: Display: Took  0.001s to delete old logs.
LogInit: Presizing for max 8388607 objects, including 0 objects not considered by GC, pre-allocating 0 bytes for permanent pool.
LogInit: Object subsystem initialized
LogConfig: Setting CVar [[con.DebugEarlyDefault:1]]
LogConfig: Setting CVar [[r.setres:1280x720]]
[2019.11.19-18.21.14:588][  0]LogConfig: Setting CVar [[r.VSync:0]]
[2019.11.19-18.21.14:588][  0]LogConfig: Setting CVar [[r.RHICmdBypass:0]]
[2019.11.19-18.21.14:588][  0]LogConfig: Applying CVar settings from Section [/Script/Engine.RendererSettings] File [C:/Users/aaron/Documents/GitHub/Games-Development-ICA-Team-3/GD Team3 Project/Saved/Config/Windows/Engine.ini]
[2019.11.19-18.21.14:588][  0]LogConfig: Setting CVar [[r.GPUCrashDebugging:0]]
[2019.11.19-18.21.14:588][  0]LogConfig: Applying CVar settings from Section [/Script/Engine.RendererOverrideSettings] File [C:/Users/aaron/Documents/GitHub/Games-Development-ICA-Team-3/GD Team3 Project/Saved/Config/Windows/Engine.ini]
[2019.11.19-18.21.14:588][  0]LogConfig: Applying CVar settings from Section [/Script/Engine.StreamingSettings] File [C:/Users/aaron/Documents/GitHub/Games-Development-ICA-Team-3/GD Team3 Project/Saved/Config/Windows/Engine.ini]
[2019.11.19-18.21.14:588][  0]LogConfig: Setting CVar [[s.MinBulkDataSizeForAsyncLoading:131072]]
[2019.11.19-18.21.14:588][  0]LogConfig: Setting CVar [[s.AsyncLoadingThreadEnabled:0]]
[2019.11.19-18.21.14:588][  0]LogConfig: Setting CVar [[s.EventDrivenLoaderEnabled:1]]
[2019.11.19-18.21.14:588][  0]LogConfig: Setting CVar [[s.WarnIfTimeLimitExceeded:0]]
[2019.11.19-18.21.14:588][  0]LogConfig: Setting CVar [[s.TimeLimitExceededMultiplier:1.5]]
[2019.11.19-18.21.14:588][  0]LogConfig: Setting CVar [[s.TimeLimitExceededMinTime:0.005]]
[2019.11.19-18.21.14:588][  0]LogConfig: Setting CVar [[s.UseBackgroundLevelStreaming:1]]
[2019.11.19-18.21.14:588][  0]LogConfig: Setting CVar [[s.PriorityAsyncLoadingExtraTime:15.0]]
[2019.11.19-18.21.14:588][  0]LogConfig: Setting CVar [[s.LevelStreamingActorsUpdateTimeLimit:5.0]]
[2019.11.19-18.21.14:588][  0]LogConfig: Setting CVar [[s.PriorityLevelStreamingActorsUpdateExtraTime:5.0]]
[2019.11.19-18.21.14:588][  0]LogConfig: Setting CVar [[s.LevelStreamingComponentsRegistrationGranularity:10]]
[2019.11.19-18.21.14:588][  0]LogConfig: Setting CVar [[s.UnregisterComponentsTimeLimit:1.0]]
[2019.11.19-18.21.14:588][  0]LogConfig: Setting CVar [[s.LevelStreamingComponentsUnregistrationGranularity:5]]
[2019.11.19-18.21.14:588][  0]LogConfig: Applying CVar settings from Section [/Script/Engine.GarbageCollectionSettings] File [C:/Users/aaron/Documents/GitHub/Games-Development-ICA-Team-3/GD Team3 Project/Saved/Config/Windows/Engine.ini]
[2019.11.19-18.21.14:588][  0]LogConfig: Setting CVar [[gc.MaxObjectsNotConsideredByGC:1]]
[2019.11.19-18.21.14:588][  0]LogConfig: Setting CVar [[gc.SizeOfPermanentObjectPool:0]]
[2019.11.19-18.21.14:588][  0]LogConfig: Setting CVar [[gc.FlushStreamingOnGC:0]]
[2019.11.19-18.21.14:588][  0]LogConfig: Setting CVar [[gc.NumRetriesBeforeForcingGC:10]]
[2019.11.19-18.21.14:588][  0]LogConfig: Setting CVar [[gc.AllowParallelGC:1]]
[2019.11.19-18.21.14:588][  0]LogConfig: Setting CVar [[gc.TimeBetweenPurgingPendingKillObjects:61.1]]
[2019.11.19-18.21.14:588][  0]LogConfig: Setting CVar [[gc.MaxObjectsInEditor:8388607]]
[2019.11.19-18.21.14:589][  0]LogConfig: Setting CVar [[gc.IncrementalBeginDestroyEnabled:1]]
[2019.11.19-18.21.14:589][  0]LogConfig: Setting CVar [[gc.CreateGCClusters:1]]
[2019.11.19-18.21.14:589][  0]LogConfig: Setting CVar [[gc.MergeGCClusters:0]]
[2019.11.19-18.21.14:589][  0]LogConfig: Setting CVar [[gc.MinGCClusterSize:5]]
[2019.11.19-18.21.14:589][  0]LogConfig: Setting CVar [[gc.ActorClusteringEnabled:0]]
[2019.11.19-18.21.14:589][  0]LogConfig: Setting CVar [[gc.BlueprintClusteringEnabled:0]]
[2019.11.19-18.21.14:589][  0]LogConfig: Setting CVar [[gc.UseDisregardForGCOnDedicatedServers:0]]
[2019.11.19-18.21.14:589][  0]LogConfig: Applying CVar settings from Section [/Script/Engine.NetworkSettings] File [C:/Users/aaron/Documents/GitHub/Games-Development-ICA-Team-3/GD Team3 Project/Saved/Config/Windows/Engine.ini]
[2019.11.19-18.21.14:589][  0]LogConfig: Applying CVar settings from Section [/Script/UnrealEd.CookerSettings] File [C:/Users/aaron/Documents/GitHub/Games-Development-ICA-Team-3/GD Team3 Project/Saved/Config/Windows/Engine.ini]
[2019.11.19-18.21.14:591][  0]LogConfig: Applying CVar settings from Section [ViewDistanceQuality@3] File [C:/Users/aaron/Documents/GitHub/Games-Development-ICA-Team-3/GD Team3 Project/Saved/Config/Windows/Scalability.ini]
[2019.11.19-18.21.14:591][  0]LogConfig: Setting CVar [[r.SkeletalMeshLODBias:0]]
[2019.11.19-18.21.14:591][  0]LogConfig: Setting CVar [[r.ViewDistanceScale:1.0]]
[2019.11.19-18.21.14:591][  0]LogConfig: Applying CVar settings from Section [AntiAliasingQuality@3] File [C:/Users/aaron/Documents/GitHub/Games-Development-ICA-Team-3/GD Team3 Project/Saved/Config/Windows/Scalability.ini]
[2019.11.19-18.21.14:591][  0]LogConfig: Setting CVar [[r.PostProcessAAQuality:4]]
[2019.11.19-18.21.14:591][  0]LogConfig: Applying CVar settings from Section [ShadowQuality@3] File [C:/Users/aaron/Documents/GitHub/Games-Development-ICA-Team-3/GD Team3 Project/Saved/Config/Windows/Scalability.ini]
[2019.11.19-18.21.14:591][  0]LogConfig: Setting CVar [[r.LightFunctionQuality:1]]
[2019.11.19-18.21.14:591][  0]LogConfig: Setting CVar [[r.ShadowQuality:5]]
[2019.11.19-18.21.14:591][  0]LogConfig: Setting CVar [[r.Shadow.CSM.MaxCascades:10]]
[2019.11.19-18.21.14:591][  0]LogConfig: Setting CVar [[r.Shadow.MaxResolution:2048]]
[2019.11.19-18.21.14:591][  0]LogConfig: Setting CVar [[r.Shadow.MaxCSMResolution:2048]]
[2019.11.19-18.21.14:591][  0]LogConfig: Setting CVar [[r.Shadow.RadiusThreshold:0.01]]
[2019.11.19-18.21.14:591][  0]LogConfig: Setting CVar [[r.Shadow.DistanceScale:1.0]]
[2019.11.19-18.21.14:591][  0]LogConfig: Setting CVar [[r.Shadow.CSM.TransitionScale:1.0]]
[2019.11.19-18.21.14:591][  0]LogConfig: Setting CVar [[r.Shadow.PreShadowResolutionFactor:1.0]]
[2019.11.19-18.21.14:591][  0]LogConfig: Setting CVar [[r.DistanceFieldShadowing:1]]
[2019.11.19-18.21.14:591][  0]LogConfig: Setting CVar [[r.DistanceFieldAO:1]]
[2019.11.19-18.21.14:591][  0]LogConfig: Setting CVar [[r.AOQuality:2]]
[2019.11.19-18.21.14:591][  0]LogConfig: Setting CVar [[r.VolumetricFog:1]]
[2019.11.19-18.21.14:591][  0]LogConfig: Setting CVar [[r.VolumetricFog.GridPixelSize:8]]
[2019.11.19-18.21.14:591][  0]LogConfig: Setting CVar [[r.VolumetricFog.GridSizeZ:128]]
[2019.11.19-18.21.14:591][  0]LogConfig: Setting CVar [[r.VolumetricFog.HistoryMissSupersampleCount:4]]
[2019.11.19-18.21.14:591][  0]LogConfig: Setting CVar [[r.LightMaxDrawDistanceScale:1]]
[2019.11.19-18.21.14:591][  0]LogConfig: Setting CVar [[r.CapsuleShadows:1]]
[2019.11.19-18.21.14:591][  0]LogConfig: Applying CVar settings from Section [PostProcessQuality@3] File [C:/Users/aaron/Documents/GitHub/Games-Development-ICA-Team-3/GD Team3 Project/Saved/Config/Windows/Scalability.ini]
[2019.11.19-18.21.14:591][  0]LogConfig: Setting CVar [[r.MotionBlurQuality:4]]
[2019.11.19-18.21.14:591][  0]LogConfig: Setting CVar [[r.AmbientOcclusionMipLevelFactor:0.4]]
[2019.11.19-18.21.14:591][  0]LogConfig: Setting CVar [[r.AmbientOcclusionMaxQuality:100]]
[2019.11.19-18.21.14:591][  0]LogConfig: Setting CVar [[r.AmbientOcclusionLevels:-1]]
[2019.11.19-18.21.14:591][  0]LogConfig: Setting CVar [[r.AmbientOcclusionRadiusScale:1.0]]
[2019.11.19-18.21.14:591][  0]LogConfig: Setting CVar [[r.DepthOfFieldQuality:2]]
[2019.11.19-18.21.14:591][  0]LogConfig: Setting CVar [[r.RenderTargetPoolMin:400]]
[2019.11.19-18.21.14:591][  0]LogConfig: Setting CVar [[r.LensFlareQuality:2]]
[2019.11.19-18.21.14:591][  0]LogConfig: Setting CVar [[r.SceneColorFringeQuality:1]]
[2019.11.19-18.21.14:591][  0]LogConfig: Setting CVar [[r.EyeAdaptationQuality:2]]
[2019.11.19-18.21.14:591][  0]LogConfig: Setting CVar [[r.BloomQuality:5]]
[2019.11.19-18.21.14:591][  0]LogConfig: Setting CVar [[r.FastBlurThreshold:100]]
[2019.11.19-18.21.14:591][  0]LogConfig: Setting CVar [[r.Upscale.Quality:3]]
[2019.11.19-18.21.14:591][  0]LogConfig: Setting CVar [[r.Tonemapper.GrainQuantization:1]]
[2019.11.19-18.21.14:591][  0]LogConfig: Setting CVar [[r.LightShaftQuality:1]]
[2019.11.19-18.21.14:591][  0]LogConfig: Setting CVar [[r.Filter.SizeScale:1]]
[2019.11.19-18.21.14:591][  0]LogConfig: Setting CVar [[r.Tonemapper.Quality:5]]
[2019.11.19-18.21.14:591][  0]LogConfig: Setting CVar [[r.DOF.Gather.AccumulatorQuality:1        ; higher gathering accumulator quality]]
[2019.11.19-18.21.14:591][  0]LogConfig: Setting CVar [[r.DOF.Gather.PostfilterMethod:1          ; Median3x3 postfilering method]]
[2019.11.19-18.21.14:591][  0]LogConfig: Setting CVar [[r.DOF.Gather.EnableBokehSettings:0       ; no bokeh simulation when gathering]]
[2019.11.19-18.21.14:591][  0]LogConfig: Setting CVar [[r.DOF.Gather.RingCount:4                 ; medium number of samples when gathering]]
[2019.11.19-18.21.14:591][  0]LogConfig: Setting CVar [[r.DOF.Scatter.ForegroundCompositing:1    ; additive foreground scattering]]
[2019.11.19-18.21.14:591][  0]LogConfig: Setting CVar [[r.DOF.Scatter.BackgroundCompositing:2    ; additive background scattering]]
[2019.11.19-18.21.14:592][  0]LogConfig: Setting CVar [[r.DOF.Scatter.EnableBokehSettings:1      ; bokeh simulation when scattering]]
[2019.11.19-18.21.14:592][  0]LogConfig: Setting CVar [[r.DOF.Scatter.MaxSpriteRatio:0.1         ; only a maximum of 10% of scattered bokeh]]
[2019.11.19-18.21.14:592][  0]LogConfig: Setting CVar [[r.DOF.Recombine.Quality:1                ; cheap slight out of focus]]
[2019.11.19-18.21.14:592][  0]LogConfig: Setting CVar [[r.DOF.Recombine.EnableBokehSettings:0    ; no bokeh simulation on slight out of focus]]
[2019.11.19-18.21.14:592][  0]LogConfig: Setting CVar [[r.DOF.TemporalAAQuality:1                ; more stable temporal accumulation]]
[2019.11.19-18.21.14:592][  0]LogConfig: Setting CVar [[r.DOF.Kernel.MaxForegroundRadius:0.025]]
[2019.11.19-18.21.14:592][  0]LogConfig: Setting CVar [[r.DOF.Kernel.MaxBackgroundRadius:0.025]]
[2019.11.19-18.21.14:592][  0]LogConfig: Applying CVar settings from Section [TextureQuality@3] File [C:/Users/aaron/Documents/GitHub/Games-Development-ICA-Team-3/GD Team3 Project/Saved/Config/Windows/Scalability.ini]
[2019.11.19-18.21.14:592][  0]LogConfig: Setting CVar [[r.Streaming.MipBias:0]]
[2019.11.19-18.21.14:592][  0]LogConfig: Setting CVar [[r.Streaming.AmortizeCPUToGPUCopy:0]]
[2019.11.19-18.21.14:592][  0]LogConfig: Setting CVar [[r.Streaming.MaxNumTexturesToStreamPerFrame:0]]
[2019.11.19-18.21.14:592][  0]LogConfig: Setting CVar [[r.Streaming.Boost:1]]
[2019.11.19-18.21.14:592][  0]LogConfig: Setting CVar [[r.MaxAnisotropy:8]]
[2019.11.19-18.21.14:592][  0]LogConfig: Setting CVar [[r.Streaming.LimitPoolSizeToVRAM:0]]
[2019.11.19-18.21.14:592][  0]LogConfig: Setting CVar [[r.Streaming.PoolSize:1000]]
[2019.11.19-18.21.14:592][  0]LogConfig: Setting CVar [[r.Streaming.MaxEffectiveScreenSize:0]]
[2019.11.19-18.21.14:592][  0]LogConfig: Applying CVar settings from Section [EffectsQuality@3] File [C:/Users/aaron/Documents/GitHub/Games-Development-ICA-Team-3/GD Team3 Project/Saved/Config/Windows/Scalability.ini]
[2019.11.19-18.21.14:592][  0]LogConfig: Setting CVar [[r.TranslucencyLightingVolumeDim:64]]
[2019.11.19-18.21.14:592][  0]LogConfig: Setting CVar [[r.RefractionQuality:2]]
[2019.11.19-18.21.14:592][  0]LogConfig: Setting CVar [[r.SSR.Quality:3]]
[2019.11.19-18.21.14:592][  0]LogConfig: Setting CVar [[r.SceneColorFormat:4]]
[2019.11.19-18.21.14:592][  0]LogConfig: Setting CVar [[r.DetailMode:2]]
[2019.11.19-18.21.14:592][  0]LogConfig: Setting CVar [[r.TranslucencyVolumeBlur:1]]
[2019.11.19-18.21.14:592][  0]LogConfig: Setting CVar [[r.MaterialQualityLevel:1 ; High quality]]
[2019.11.19-18.21.14:592][  0]LogConfig: Setting CVar [[r.SSS.Scale:1]]
[2019.11.19-18.21.14:592][  0]LogConfig: Setting CVar [[r.SSS.SampleSet:2]]
[2019.11.19-18.21.14:592][  0]LogConfig: Setting CVar [[r.SSS.Quality:1]]
[2019.11.19-18.21.14:592][  0]LogConfig: Setting CVar [[r.SSS.HalfRes:1]]
[2019.11.19-18.21.14:592][  0]LogConfig: Setting CVar [[r.EmitterSpawnRateScale:1.0]]
[2019.11.19-18.21.14:592][  0]LogConfig: Setting CVar [[r.ParticleLightQuality:2]]
[2019.11.19-18.21.14:592][  0]LogConfig: Applying CVar settings from Section [FoliageQuality@3] File [C:/Users/aaron/Documents/GitHub/Games-Development-ICA-Team-3/GD Team3 Project/Saved/Config/Windows/Scalability.ini]
[2019.11.19-18.21.14:592][  0]LogConfig: Setting CVar [[foliage.DensityScale:1.0]]
[2019.11.19-18.21.14:592][  0]LogConfig: Setting CVar [[grass.DensityScale:1.0]]
[2019.11.19-18.21.14:592][  0]LogInit: Selected Device Profile: [Windows]
[2019.11.19-18.21.14:592][  0]LogInit: Applying CVar settings loaded from the selected device profile: [Windows]
[2019.11.19-18.21.14:605][  0]LogHAL: Display: Platform has ~ 16 GB [17060093952 / 17179869184 / 16], which maps to Larger [LargestMinGB=32, LargerMinGB=12, DefaultMinGB=8, SmallerMinGB=6, SmallestMinGB=0)
[2019.11.19-18.21.14:605][  0]LogConfig: Setting CVar [[r.Vulkan.UseRealUBs:1]]
[2019.11.19-18.21.14:605][  0]LogInit: Going up to parent DeviceProfile []
[2019.11.19-18.21.14:606][  0]LogConfig: Applying CVar settings from Section [ViewDistanceQuality@3] File [C:/Users/aaron/Documents/GitHub/Games-Development-ICA-Team-3/GD Team3 Project/Saved/Config/Windows/Scalability.ini]
[2019.11.19-18.21.14:606][  0]LogConfig: Setting CVar [[r.SkeletalMeshLODBias:0]]
[2019.11.19-18.21.14:606][  0]LogConfig: Setting CVar [[r.ViewDistanceScale:1.0]]
[2019.11.19-18.21.14:606][  0]LogConfig: Applying CVar settings from Section [AntiAliasingQuality@3] File [C:/Users/aaron/Documents/GitHub/Games-Development-ICA-Team-3/GD Team3 Project/Saved/Config/Windows/Scalability.ini]
[2019.11.19-18.21.14:606][  0]LogConfig: Setting CVar [[r.PostProcessAAQuality:4]]
[2019.11.19-18.21.14:606][  0]LogConfig: Applying CVar settings from Section [ShadowQuality@3] File [C:/Users/aaron/Documents/GitHub/Games-Development-ICA-Team-3/GD Team3 Project/Saved/Config/Windows/Scalability.ini]
[2019.11.19-18.21.14:606][  0]LogConfig: Setting CVar [[r.LightFunctionQuality:1]]
[2019.11.19-18.21.14:606][  0]LogConfig: Setting CVar [[r.ShadowQuality:5]]
[2019.11.19-18.21.14:606][  0]LogConfig: Setting CVar [[r.Shadow.CSM.MaxCascades:10]]
[2019.11.19-18.21.14:606][  0]LogConfig: Setting CVar [[r.Shadow.MaxResolution:2048]]
[2019.11.19-18.21.14:606][  0]LogConfig: Setting CVar [[r.Shadow.MaxCSMResolution:2048]]
[2019.11.19-18.21.14:606][  0]LogConfig: Setting CVar [[r.Shadow.RadiusThreshold:0.01]]
[2019.11.19-18.21.14:606][  0]LogConfig: Setting CVar [[r.Shadow.DistanceScale:1.0]]
[2019.11.19-18.21.14:606][  0]LogConfig: Setting CVar [[r.Shadow.CSM.TransitionScale:1.0]]
[2019.11.19-18.21.14:606][  0]LogConfig: Setting CVar [[r.Shadow.PreShadowResolutionFactor:1.0]]
[2019.11.19-18.21.14:606][  0]LogConfig: Setting CVar [[r.DistanceFieldShadowing:1]]
[2019.11.19-18.21.14:606][  0]LogConfig: Setting CVar [[r.DistanceFieldAO:1]]
[2019.11.19-18.21.14:606][  0]LogConfig: Setting CVar [[r.AOQuality:2]]
[2019.11.19-18.21.14:606][  0]LogConfig: Setting CVar [[r.VolumetricFog:1]]
[2019.11.19-18.21.14:606][  0]LogConfig: Setting CVar [[r.VolumetricFog.GridPixelSize:8]]
[2019.11.19-18.21.14:606][  0]LogConfig: Setting CVar [[r.VolumetricFog.GridSizeZ:128]]
[2019.11.19-18.21.14:606][  0]LogConfig: Setting CVar [[r.VolumetricFog.HistoryMissSupersampleCount:4]]
[2019.11.19-18.21.14:606][  0]LogConfig: Setting CVar [[r.LightMaxDrawDistanceScale:1]]
[2019.11.19-18.21.14:606][  0]LogConfig: Setting CVar [[r.CapsuleShadows:1]]
[2019.11.19-18.21.14:606][  0]LogConfig: Applying CVar settings from Section [PostProcessQuality@3] File [C:/Users/aaron/Documents/GitHub/Games-Development-ICA-Team-3/GD Team3 Project/Saved/Config/Windows/Scalability.ini]
[2019.11.19-18.21.14:606][  0]LogConfig: Setting CVar [[r.MotionBlurQuality:4]]
[2019.11.19-18.21.14:606][  0]LogConfig: Setting CVar [[r.AmbientOcclusionMipLevelFactor:0.4]]
[2019.11.19-18.21.14:606][  0]LogConfig: Setting CVar [[r.AmbientOcclusionMaxQuality:100]]
[2019.11.19-18.21.14:606][  0]LogConfig: Setting CVar [[r.AmbientOcclusionLevels:-1]]
[2019.11.19-18.21.14:606][  0]LogConfig: Setting CVar [[r.AmbientOcclusionRadiusScale:1.0]]
[2019.11.19-18.21.14:606][  0]LogConfig: Setting CVar [[r.DepthOfFieldQuality:2]]
[2019.11.19-18.21.14:606][  0]LogConfig: Setting CVar [[r.RenderTargetPoolMin:400]]
[2019.11.19-18.21.14:606][  0]LogConfig: Setting CVar [[r.LensFlareQuality:2]]
[2019.11.19-18.21.14:606][  0]LogConfig: Setting CVar [[r.SceneColorFringeQuality:1]]
[2019.11.19-18.21.14:606][  0]LogConfig: Setting CVar [[r.EyeAdaptationQuality:2]]
[2019.11.19-18.21.14:606][  0]LogConfig: Setting CVar [[r.BloomQuality:5]]
[2019.11.19-18.21.14:606][  0]LogConfig: Setting CVar [[r.FastBlurThreshold:100]]
[2019.11.19-18.21.14:606][  0]LogConfig: Setting CVar [[r.Upscale.Quality:3]]
[2019.11.19-18.21.14:606][  0]LogConfig: Setting CVar [[r.Tonemapper.GrainQuantization:1]]
[2019.11.19-18.21.14:606][  0]LogConfig: Setting CVar [[r.LightShaftQuality:1]]
[2019.11.19-18.21.14:606][  0]LogConfig: Setting CVar [[r.Filter.SizeScale:1]]
[2019.11.19-18.21.14:606][  0]LogConfig: Setting CVar [[r.Tonemapper.Quality:5]]
[2019.11.19-18.21.14:606][  0]LogConfig: Setting CVar [[r.DOF.Gather.AccumulatorQuality:1        ; higher gathering accumulator quality]]
[2019.11.19-18.21.14:606][  0]LogConfig: Setting CVar [[r.DOF.Gather.PostfilterMethod:1          ; Median3x3 postfilering method]]
[2019.11.19-18.21.14:606][  0]LogConfig: Setting CVar [[r.DOF.Gather.EnableBokehSettings:0       ; no bokeh simulation when gathering]]
[2019.11.19-18.21.14:606][  0]LogConfig: Setting CVar [[r.DOF.Gather.RingCount:4                 ; medium number of samples when gathering]]
[2019.11.19-18.21.14:606][  0]LogConfig: Setting CVar [[r.DOF.Scatter.ForegroundCompositing:1    ; additive foreground scattering]]
[2019.11.19-18.21.14:606][  0]LogConfig: Setting CVar [[r.DOF.Scatter.BackgroundCompositing:2    ; additive background scattering]]
[2019.11.19-18.21.14:606][  0]LogConfig: Setting CVar [[r.DOF.Scatter.EnableBokehSettings:1      ; bokeh simulation when scattering]]
[2019.11.19-18.21.14:606][  0]LogConfig: Setting CVar [[r.DOF.Scatter.MaxSpriteRatio:0.1         ; only a maximum of 10% of scattered bokeh]]
[2019.11.19-18.21.14:606][  0]LogConfig: Setting CVar [[r.DOF.Recombine.Quality:1                ; cheap slight out of focus]]
[2019.11.19-18.21.14:606][  0]LogConfig: Setting CVar [[r.DOF.Recombine.EnableBokehSettings:0    ; no bokeh simulation on slight out of focus]]
[2019.11.19-18.21.14:606][  0]LogConfig: Setting CVar [[r.DOF.TemporalAAQuality:1                ; more stable temporal accumulation]]
[2019.11.19-18.21.14:606][  0]LogConfig: Setting CVar [[r.DOF.Kernel.MaxForegroundRadius:0.025]]
[2019.11.19-18.21.14:606][  0]LogConfig: Setting CVar [[r.DOF.Kernel.MaxBackgroundRadius:0.025]]
[2019.11.19-18.21.14:606][  0]LogConfig: Applying CVar settings from Section [TextureQuality@3] File [C:/Users/aaron/Documents/GitHub/Games-Development-ICA-Team-3/GD Team3 Project/Saved/Config/Windows/Scalability.ini]
[2019.11.19-18.21.14:606][  0]LogConfig: Setting CVar [[r.Streaming.MipBias:0]]
[2019.11.19-18.21.14:606][  0]LogConfig: Setting CVar [[r.Streaming.AmortizeCPUToGPUCopy:0]]
[2019.11.19-18.21.14:606][  0]LogConfig: Setting CVar [[r.Streaming.MaxNumTexturesToStreamPerFrame:0]]
[2019.11.19-18.21.14:606][  0]LogConfig: Setting CVar [[r.Streaming.Boost:1]]
[2019.11.19-18.21.14:606][  0]LogConfig: Setting CVar [[r.MaxAnisotropy:8]]
[2019.11.19-18.21.14:606][  0]LogConfig: Setting CVar [[r.Streaming.LimitPoolSizeToVRAM:0]]
[2019.11.19-18.21.14:606][  0]LogConfig: Setting CVar [[r.Streaming.PoolSize:1000]]
[2019.11.19-18.21.14:606][  0]LogConfig: Setting CVar [[r.Streaming.MaxEffectiveScreenSize:0]]
[2019.11.19-18.21.14:606][  0]LogConfig: Applying CVar settings from Section [EffectsQuality@3] File [C:/Users/aaron/Documents/GitHub/Games-Development-ICA-Team-3/GD Team3 Project/Saved/Config/Windows/Scalability.ini]
[2019.11.19-18.21.14:606][  0]LogConfig: Setting CVar [[r.TranslucencyLightingVolumeDim:64]]
[2019.11.19-18.21.14:606][  0]LogConfig: Setting CVar [[r.RefractionQuality:2]]
[2019.11.19-18.21.14:606][  0]LogConfig: Setting CVar [[r.SSR.Quality:3]]
[2019.11.19-18.21.14:606][  0]LogConfig: Setting CVar [[r.SceneColorFormat:4]]
[2019.11.19-18.21.14:606][  0]LogConfig: Setting CVar [[r.DetailMode:2]]
[2019.11.19-18.21.14:606][  0]LogConfig: Setting CVar [[r.TranslucencyVolumeBlur:1]]
[2019.11.19-18.21.14:606][  0]LogConfig: Setting CVar [[r.MaterialQualityLevel:1 ; High quality]]
[2019.11.19-18.21.14:606][  0]LogConfig: Setting CVar [[r.SSS.Scale:1]]
[2019.11.19-18.21.14:606][  0]LogConfig: Setting CVar [[r.SSS.SampleSet:2]]
[2019.11.19-18.21.14:606][  0]LogConfig: Setting CVar [[r.SSS.Quality:1]]
[2019.11.19-18.21.14:606][  0]LogConfig: Setting CVar [[r.SSS.HalfRes:1]]
[2019.11.19-18.21.14:606][  0]LogConfig: Setting CVar [[r.EmitterSpawnRateScale:1.0]]
[2019.11.19-18.21.14:606][  0]LogConfig: Setting CVar [[r.ParticleLightQuality:2]]
[2019.11.19-18.21.14:606][  0]LogConfig: Applying CVar settings from Section [FoliageQuality@3] File [C:/Users/aaron/Documents/GitHub/Games-Development-ICA-Team-3/GD Team3 Project/Saved/Config/Windows/Scalability.ini]
[2019.11.19-18.21.14:606][  0]LogConfig: Setting CVar [[foliage.DensityScale:1.0]]
[2019.11.19-18.21.14:606][  0]LogConfig: Setting CVar [[grass.DensityScale:1.0]]
[2019.11.19-18.21.14:606][  0]LogConfig: Applying CVar settings from Section [Startup] File [../../../Engine/Config/ConsoleVariables.ini]
[2019.11.19-18.21.14:607][  0]LogConfig: Setting CVar [[net.UseAdaptiveNetUpdateFrequency:0]]
[2019.11.19-18.21.14:607][  0]LogConfig: Applying CVar settings from Section [ConsoleVariables] File [C:/Users/aaron/Documents/GitHub/Games-Development-ICA-Team-3/GD Team3 Project/Saved/Config/Windows/Engine.ini]
[2019.11.19-18.21.14:607][  0]LogInit: Computer: DESKTOP-B18EG7J
[2019.11.19-18.21.14:607][  0]LogInit: User: aaron
[2019.11.19-18.21.14:607][  0]LogInit: CPU Page size=4096, Cores=4
[2019.11.19-18.21.14:607][  0]LogInit: High frequency timer resolution =10.000000 MHz
[2019.11.19-18.21.14:607][  0]LogMemory: Memory total: Physical=15.9GB (16GB approx)
[2019.11.19-18.21.14:607][  0]LogMemory: Platform Memory Stats for Windows
[2019.11.19-18.21.14:607][  0]LogMemory: Process Physical Memory: 104.31 MB used, 104.32 MB peak
[2019.11.19-18.21.14:607][  0]LogMemory: Process Virtual Memory: 93.27 MB used, 93.27 MB peak
[2019.11.19-18.21.14:607][  0]LogMemory: Physical Memory: 7235.39 MB used,  9034.38 MB free, 16269.77 MB total
[2019.11.19-18.21.14:607][  0]LogMemory: Virtual Memory: 4637.92 MB used,  134213088.00 MB free, 134217728.00 MB total
[2019.11.19-18.21.14:625][  0]LogInit: Using OS detected language (en-GB).
[2019.11.19-18.21.14:625][  0]LogInit: Using OS detected locale (en-GB).
[2019.11.19-18.21.14:625][  0]LogTextLocalizationManager: No specific localization for 'en-GB' exists, so the 'en' localization will be used.
[2019.11.19-18.21.15:033][  0]LogStreaming: Display: Took  0.409s to InitEngineTextLocalization.
[2019.11.19-18.21.15:034][  0]LogInit: Setting process to per monitor DPI aware
[2019.11.19-18.21.15:135][  0]LogSlate: New Slate User Created.  User Index 0, Is Virtual User: 0
[2019.11.19-18.21.15:135][  0]LogSlate: Slate User Registered.  User Index 0, Is Virtual User: 0
[2019.11.19-18.21.15:350][  0]LogHMD: Failed to initialize OpenVR with code 110
[2019.11.19-18.21.15:350][  0]LogD3D11RHI: D3D11 adapters:
[2019.11.19-18.21.15:405][  0]LogD3D11RHI:    0. 'NVIDIA GeForce GTX 750' (Feature Level 11_0)
[2019.11.19-18.21.15:405][  0]LogD3D11RHI:       984/0/8134 MB DedicatedVideo/DedicatedSystem/SharedSystem, Outputs:1, VendorId:0x10de
[2019.11.19-18.21.15:411][  0]LogD3D11RHI:    1. 'Intel(R) HD Graphics 4600' (Feature Level 11_0)
[2019.11.19-18.21.15:411][  0]LogD3D11RHI:       112/0/2048 MB DedicatedVideo/DedicatedSystem/SharedSystem, Outputs:0, VendorId:0x8086
[2019.11.19-18.21.15:414][  0]LogD3D11RHI:    2. 'Microsoft Basic Render Driver' (Feature Level 11_0)
[2019.11.19-18.21.15:414][  0]LogD3D11RHI:       0/0/8134 MB DedicatedVideo/DedicatedSystem/SharedSystem, Outputs:0, VendorId:0x1414
[2019.11.19-18.21.15:414][  0]LogD3D11RHI: Chosen D3D11 Adapter: 0
[2019.11.19-18.21.15:422][  0]LogD3D11RHI: Creating new Direct3DDevice
[2019.11.19-18.21.15:422][  0]LogD3D11RHI:     GPU DeviceId: 0x1381 (for the marketing name, search the web for "GPU Device Id")
[2019.11.19-18.21.15:422][  0]LogWindows: EnumDisplayDevices:
[2019.11.19-18.21.15:422][  0]LogWindows:    0. 'NVIDIA GeForce GTX 750' (P:1 D:1)
[2019.11.19-18.21.15:422][  0]LogWindows:    1. 'NVIDIA GeForce GTX 750' (P:0 D:0)
[2019.11.19-18.21.15:422][  0]LogWindows:    2. 'NVIDIA GeForce GTX 750' (P:0 D:0)
[2019.11.19-18.21.15:423][  0]LogWindows:    3. 'Intel(R) HD Graphics 4600' (P:0 D:0)
[2019.11.19-18.21.15:423][  0]LogWindows:    4. 'Intel(R) HD Graphics 4600' (P:0 D:0)
[2019.11.19-18.21.15:423][  0]LogWindows: DebugString: PrimaryIsNotTheChoosenAdapter PrimaryIsNotTheChoosenAdapter FoundDriverCount:3 
[2019.11.19-18.21.15:423][  0]LogD3D11RHI:     Adapter Name: NVIDIA GeForce GTX 750
[2019.11.19-18.21.15:423][  0]LogD3D11RHI:   Driver Version: 441.20 (internal:26.21.14.4120, unified:441.20)
[2019.11.19-18.21.15:423][  0]LogD3D11RHI:      Driver Date: 11-6-2019
[2019.11.19-18.21.15:423][  0]LogRHI: Texture pool is 689 MB (70% of 984 MB)
[2019.11.19-18.21.15:465][  0]LogD3D11RHI: Async texture creation enabled
[2019.11.19-18.21.15:537][  0]LogD3D11RHI: GPU Timing Frequency: 1000.000000 (Debug: 2 1)
[2019.11.19-18.21.15:893][  0]LogTemp: Display: Loaded TP AllDesktopTargetPlatform
[2019.11.19-18.21.15:907][  0]LogTemp: Display: Loaded TP MacClientTargetPlatform
[2019.11.19-18.21.15:923][  0]LogTemp: Display: Loaded TP MacNoEditorTargetPlatform
[2019.11.19-18.21.15:943][  0]LogTemp: Display: Loaded TP MacServerTargetPlatform
[2019.11.19-18.21.15:961][  0]LogTemp: Display: Loaded TP MacTargetPlatform
[2019.11.19-18.21.15:979][  0]LogTemp: Display: Loaded TP WindowsClientTargetPlatform
[2019.11.19-18.21.15:995][  0]LogTemp: Display: Loaded TP WindowsNoEditorTargetPlatform
[2019.11.19-18.21.16:011][  0]LogTemp: Display: Loaded TP WindowsServerTargetPlatform
[2019.11.19-18.21.16:017][  0]LogTemp: Display: Loaded TP WindowsTargetPlatform
[2019.11.19-18.21.16:100][  0]LogTemp: Display: Loaded TP AndroidTargetPlatform
[2019.11.19-18.21.16:100][  0]LogTemp: Display: Loaded TP AndroidTargetPlatform
[2019.11.19-18.21.16:100][  0]LogTemp: Display: Loaded TP AndroidTargetPlatform
[2019.11.19-18.21.16:100][  0]LogTemp: Display: Loaded TP AndroidTargetPlatform
[2019.11.19-18.21.16:100][  0]LogTemp: Display: Loaded TP AndroidTargetPlatform
[2019.11.19-18.21.16:100][  0]LogTemp: Display: Loaded TP AndroidTargetPlatform
[2019.11.19-18.21.16:100][  0]LogTemp: Display: Loaded TP AndroidTargetPlatform
[2019.11.19-18.21.16:100][  0]LogTemp: Display: Loaded TP AndroidTargetPlatform
[2019.11.19-18.21.16:100][  0]LogTemp: Display: Loaded TP AndroidTargetPlatform
[2019.11.19-18.21.16:100][  0]LogTemp: Display: Loaded TP AndroidTargetPlatform
[2019.11.19-18.21.16:100][  0]LogTemp: Display: Loaded TP AndroidTargetPlatform
[2019.11.19-18.21.16:100][  0]LogTemp: Display: Loaded TP AndroidTargetPlatform
[2019.11.19-18.21.16:100][  0]LogTemp: Display: Loaded TP AndroidTargetPlatform
[2019.11.19-18.21.16:100][  0]LogTemp: Display: Loaded TP AndroidTargetPlatform
[2019.11.19-18.21.16:100][  0]LogTemp: Display: Loaded TP AndroidTargetPlatform
[2019.11.19-18.21.16:101][  0]LogTemp: Display: Loaded TP AndroidTargetPlatform
[2019.11.19-18.21.16:101][  0]LogTemp: Display: Loaded TP AndroidTargetPlatform
[2019.11.19-18.21.16:101][  0]LogTemp: Display: Loaded TP AndroidTargetPlatform
[2019.11.19-18.21.16:102][  0]LogTemp: Display: Loaded TP HTML5TargetPlatform
[2019.11.19-18.21.16:165][  0]LogTemp: Display: Loaded TP IOSTargetPlatform
[2019.11.19-18.21.16:165][  0]LogTemp: Display: Loaded TP IOSTargetPlatform
[2019.11.19-18.21.16:189][  0]LogTemp: Display: Loaded TP TVOSTargetPlatform
[2019.11.19-18.21.16:190][  0]LogTemp: Display: Loaded TP TVOSTargetPlatform
[2019.11.19-18.21.16:203][  0]LogTemp: Display: Loaded TP LinuxClientTargetPlatform
[2019.11.19-18.21.16:215][  0]LogTemp: Display: Loaded TP LinuxNoEditorTargetPlatform
[2019.11.19-18.21.16:228][  0]LogTemp: Display: Loaded TP LinuxServerTargetPlatform
[2019.11.19-18.21.16:241][  0]LogTemp: Display: Loaded TP LinuxTargetPlatform
[2019.11.19-18.21.16:301][  0]LogTemp: Display: Loaded TP LuminTargetPlatform
[2019.11.19-18.21.16:301][  0]LogTemp: Display: Loaded TP LuminTargetPlatform
[2019.11.19-18.21.16:301][  0]LogTargetPlatformManager: Display: Building Assets For Windows
[2019.11.19-18.21.16:360][  0]LogShaderCompilers: Guid format shader working directory is -46 characters bigger than the processId version (../../../../../../Users/aaron/Documents/GitHub/Games-Development-ICA-Team-3/GD Team3 Project/Intermediate/Shaders/WorkingDirectory/6656/).
[2019.11.19-18.21.16:360][  0]LogShaderCompilers: Cleaned the shader compiler working directory 'C:/Users/aaron/AppData/Local/Temp/UnrealShaderWorkingDir/411310CE4D86F1651952EAA420EBACD2/'.
[2019.11.19-18.21.16:362][  0]LogXGEController: Cannot use XGE Controller as Incredibuild is not installed on this machine.
[2019.11.19-18.21.16:362][  0]LogShaderCompilers: Cannot use XGE Shader Compiler as Incredibuild is not installed on this machine.
[2019.11.19-18.21.16:362][  0]LogShaderCompilers: Display: Using Local Shader Compiler.
[2019.11.19-18.21.16:915][  0]LogDerivedDataCache: Display: Max Cache Size: 512 MB
[2019.11.19-18.21.16:965][  0]LogDerivedDataCache: Loaded boot cache 0.05s 71MB C:/Users/aaron/AppData/Local/UnrealEngine/4.21/DerivedDataCache/Boot.ddc.
[2019.11.19-18.21.16:965][  0]LogDerivedDataCache: Display: Loaded Boot cache: C:/Users/aaron/AppData/Local/UnrealEngine/4.21/DerivedDataCache/Boot.ddc
[2019.11.19-18.21.16:965][  0]LogDerivedDataCache: FDerivedDataBackendGraph:  Pak pak cache file ../../../../../../Users/aaron/Documents/GitHub/Games-Development-ICA-Team-3/GD Team3 Project/DerivedDataCache/DDC.ddp not found, will not use a pak cache.
[2019.11.19-18.21.16:965][  0]LogDerivedDataCache: Unable to find inner node Pak for hierarchical cache Hierarchy.
[2019.11.19-18.21.16:965][  0]LogDerivedDataCache: FDerivedDataBackendGraph:  CompressedPak pak cache file ../../../../../../Users/aaron/Documents/GitHub/Games-Development-ICA-Team-3/GD Team3 Project/DerivedDataCache/Compressed.ddp not found, will not use a pak cache.
[2019.11.19-18.21.16:965][  0]LogDerivedDataCache: Unable to find inner node CompressedPak for hierarchical cache Hierarchy.
[2019.11.19-18.21.16:981][  0]LogDerivedDataCache: Display: Pak cache opened for reading ../../../Engine/DerivedDataCache/Compressed.ddp.
[2019.11.19-18.21.16:981][  0]LogDerivedDataCache: FDerivedDataBackendGraph:  EnterprisePak pak cache file ../../../Enterprise/DerivedDataCache/Compressed.ddp not found, will not use a pak cache.
[2019.11.19-18.21.16:981][  0]LogDerivedDataCache: Unable to find inner node EnterprisePak for hierarchical cache Hierarchy.
[2019.11.19-18.21.16:993][  0]LogDerivedDataCache: Using Local data cache path C:/Users/aaron/AppData/Local/UnrealEngine/Common/DerivedDataCache: Writable
[2019.11.19-18.21.16:993][  0]LogDerivedDataCache: Shared data cache path not found in *engine.ini, will not use an Shared cache.
[2019.11.19-18.21.16:993][  0]LogDerivedDataCache: Unable to find inner node Shared for hierarchical cache Hierarchy.
[2019.11.19-18.21.17:015][  0]LogMaterial: Verifying Global Shaders for PCD3D_SM5
[2019.11.19-18.21.17:016][  0]LogSlate: Using FreeType 2.6.0
[2019.11.19-18.21.17:017][  0]LogSlate: SlateFontServices - WITH_FREETYPE: 1, WITH_HARFBUZZ: 1
[2019.11.19-18.21.17:100][  0]LogAssetRegistry: FAssetRegistry took 0.0339 seconds to start up
[2019.11.19-18.21.17:496][  0]LogInit: Selected Device Profile: [Windows]
[2019.11.19-18.21.17:655][  0]LogSimplygon: Simplygon DLL not present - disabling.
[2019.11.19-18.21.17:658][  0]LogMeshReduction: Using SimplygonSwarm for distributed automatic mesh merging
[2019.11.19-18.21.17:658][  0]LogMeshReduction: Using ProxyLODMeshReduction for automatic mesh merging
[2019.11.19-18.21.17:658][  0]LogMeshReduction: Using QuadricMeshReduction for automatic static mesh reduction
[2019.11.19-18.21.17:658][  0]LogMeshReduction: No automatic skeletal mesh reduction module available
[2019.11.19-18.21.17:670][  0]LogNetVersion: GDTeam3Project 1.0.0, NetCL: 4541578, EngineNetVer: 5, GameNetVer: 0 (Checksum: 372557075)
[2019.11.19-18.21.18:217][  0]LogPackageLocalizationCache: Processed 11 localized package path(s) for 2 prioritized culture(s) in 0.098671 seconds
[2019.11.19-18.21.18:223][  0]LogUObjectArray: 39775 objects as part of root set at end of initial load.
[2019.11.19-18.21.18:224][  0]LogUObjectAllocator: 6914664 out of 0 bytes used by permanent object pool.
[2019.11.19-18.21.18:224][  0]LogUObjectArray: CloseDisregardForGC: 0/0 objects in disregard for GC pool
[2019.11.19-18.21.19:047][  0]LogTcpMessaging: Initializing TcpMessaging bridge
[2019.11.19-18.21.19:061][  0]LogUdpMessaging: Initializing bridge on interface 0.0.0.0:0 to multicast group 230.0.0.1:6666.
[2019.11.19-18.21.19:696][  0]SourceControl: Source control is disabled
[2019.11.19-18.21.19:696][  0]SourceControl: Source control is disabled
[2019.11.19-18.21.19:696][  0]SourceControl: Source control is disabled
[2019.11.19-18.21.19:697][  0]SourceControl: Source control is disabled
[2019.11.19-18.21.19:851][  0]LogAndroidPermission: UAndroidPermissionCallbackProxy::GetInstance
[2019.11.19-18.21.19:906][  0]LogOcInput: OculusInput pre-init called
[2019.11.19-18.21.20:040][  0]LogEngine: Initializing Engine...
[2019.11.19-18.21.20:041][  0]LogHMD: Failed to initialize OpenVR with code 110
[2019.11.19-18.21.20:042][  0]LogStats: UGameplayTagsManager::ConstructGameplayTagTree: ImportINI prefixes -  0.000 s
[2019.11.19-18.21.20:042][  0]LogStats: UGameplayTagsManager::ConstructGameplayTagTree: Construct from data asset -  0.000 s
[2019.11.19-18.21.20:042][  0]LogStats: UGameplayTagsManager::ConstructGameplayTagTree: ImportINI -  0.000 s
[2019.11.19-18.21.20:042][  0]LogStats: UGameplayTagsManager::ConstructGameplayTagTree: GameplayTagTreeChangedEvent.Broadcast -  0.000 s
[2019.11.19-18.21.20:284][  0]LogInit: Initializing FReadOnlyCVARCache
[2019.11.19-18.21.20:300][  0]LogAIModule: Creating AISystem for world Untitled
[2019.11.19-18.21.20:315][  0]LogInit: XAudio2 using 'Speakers (SteelSeries Siberia 350)' : 2 channels at 48 kHz using 16 bits per sample (channel mask 0x3)
[2019.11.19-18.21.20:336][  0]LogInit: FAudioDevice initialized.
[2019.11.19-18.21.20:336][  0]LogNetVersion: Set ProjectVersion to 1.0.0.0. Version Checksum will be recalculated on next use.
[2019.11.19-18.21.20:508][  0]LogDerivedDataCache: Saved boot cache 0.17s 71MB C:/Users/aaron/AppData/Local/UnrealEngine/4.21/DerivedDataCache/Boot.ddc.
[2019.11.19-18.21.20:519][  0]LogInit: Texture streaming: Enabled
[2019.11.19-18.21.20:535][  0]LogEngineSessionManager: EngineSessionManager initialized
[2019.11.19-18.21.20:548][  0]LogInit: Transaction tracking system initialized
[2019.11.19-18.21.20:572][  0]BlueprintLog: New page: Editor Load
[2019.11.19-18.21.20:640][  0]LocalizationService: Localization service is disabled
[2019.11.19-18.21.21:144][  0]LogCook: Display: Max memory allowance for cook 16384mb min free memory 0mb
[2019.11.19-18.21.21:144][  0]LogCook: Display: Mobile HDR setting 1
[2019.11.19-18.21.21:144][  0]LogGameplayTags: Display: UGameplayTagsManager::DoneAddingNativeTags. DelegateIsBound: 0
[2019.11.19-18.21.21:145][  0]LogStats: UGameplayTagsManager::ConstructGameplayTagTree: ImportINI prefixes -  0.000 s
[2019.11.19-18.21.21:145][  0]LogStats: UGameplayTagsManager::ConstructGameplayTagTree: Construct from data asset -  0.000 s
[2019.11.19-18.21.21:145][  0]LogStats: UGameplayTagsManager::ConstructGameplayTagTree: ImportINI -  0.000 s
[2019.11.19-18.21.21:145][  0]LogStats: UGameplayTagsManager::ConstructGameplayTagTree: GameplayTagTreeChangedEvent.Broadcast -  0.000 s
[2019.11.19-18.21.21:266][  0]LogFileCache: Scanning file cache for directory 'C:/Users/aaron/Documents/GitHub/Games-Development-ICA-Team-3/GD Team3 Project/Content/' took 0.08s
[2019.11.19-18.21.21:266][  0]SourceControl: Source control is disabled
[2019.11.19-18.21.21:266][  0]Cmd: MAP LOAD FILE="../../../../../../Users/aaron/Documents/GitHub/Games-Development-ICA-Team-3/GD Team3 Project/Content/TwinStickBP/Maps/TwinStickExampleMap.umap" TEMPLATE=0 SHOWPROGRESS=1 FEATURELEVEL=3
[2019.11.19-18.21.21:267][  0]LightingResults: New page: Lighting Build
[2019.11.19-18.21.21:269][  0]MapCheck: New page: Map Check
[2019.11.19-18.21.21:269][  0]LightingResults: New page: Lighting Build
[2019.11.19-18.21.27:856][  0]LogAIModule: Creating AISystem for world TwinStickExampleMap
[2019.11.19-18.21.27:979][  0]LogEditorServer: Finished looking for orphan Actors (0.000 secs)
[2019.11.19-18.21.28:011][  0]Cmd: MAP CHECKDEP NOCLEARLOG
[2019.11.19-18.21.28:012][  0]MapCheck: Map check complete: 0 Error(s), 0 Warning(s), took 0.265ms to complete.
[2019.11.19-18.21.28:012][  0]LogFileHelpers: Loading map 'TwinStickExampleMap' took 6.746
[2019.11.19-18.21.28:315][  0]LogSlate: Updating window title bar state: overlay mode, drag disabled, window buttons hidden, title bar hidden
[2019.11.19-18.21.28:322][  0]LogSlate: Updating window title bar state: overlay mode, drag disabled, window buttons hidden, title bar hidden
[2019.11.19-18.21.28:329][  0]LogSlate: Updating window title bar state: overlay mode, drag disabled, window buttons hidden, title bar hidden
[2019.11.19-18.21.28:337][  0]LogSlate: Updating window title bar state: overlay mode, drag disabled, window buttons hidden, title bar hidden
[2019.11.19-18.21.28:381][  0]LogCollectionManager: Loaded 0 collections in 0.001970 seconds
[2019.11.19-18.21.28:533][  0]LogFileCache: Scanning file cache for directory 'C:/Users/aaron/Documents/GitHub/Games-Development-ICA-Team-3/GD Team3 Project/Saved/Collections/' took 0.01s
[2019.11.19-18.21.28:533][  0]LogFileCache: Scanning file cache for directory 'C:/Users/aaron/Documents/GitHub/Games-Development-ICA-Team-3/GD Team3 Project/Content/Developers/aaron/Collections/' took 0.00s
[2019.11.19-18.21.28:533][  0]LogFileCache: Scanning file cache for directory 'C:/Users/aaron/Documents/GitHub/Games-Development-ICA-Team-3/GD Team3 Project/Content/Collections/' took 0.00s
[2019.11.19-18.21.28:533][  0]LogCollectionManager: Rebuilt the GUID cache for 0 collections in 0.000000 seconds
[2019.11.19-18.21.28:548][  0]LogContentBrowser: Native class hierarchy populated in 0.0101 seconds. Added 2651 classes and 620 folders.
[2019.11.19-18.21.28:661][  0]LogContentBrowser: Native class hierarchy updated for 'WidgetCarousel' in 0.0003 seconds. Added 0 classes and 0 folders.
[2019.11.19-18.21.28:737][  0]LogPakFile: Registered encryption key '00000000000000000000000000000000': 0 pak files mounted, 0 remain pending
[2019.11.19-18.21.28:797][  0]LogPakFile: Registered encryption key '00000000000000000000000000000000': 0 pak files mounted, 0 remain pending
[2019.11.19-18.21.28:812][  0]LogPakFile: Registered encryption key '00000000000000000000000000000000': 0 pak files mounted, 0 remain pending
[2019.11.19-18.21.28:833][  0]LogPakFile: Registered encryption key '00000000000000000000000000000000': 0 pak files mounted, 0 remain pending
[2019.11.19-18.21.28:856][  0]LogPakFile: Registered encryption key '00000000000000000000000000000000': 0 pak files mounted, 0 remain pending
[2019.11.19-18.21.28:874][  0]LogPakFile: Registered encryption key '00000000000000000000000000000000': 0 pak files mounted, 0 remain pending
[2019.11.19-18.21.28:893][  0]LogPakFile: Registered encryption key '00000000000000000000000000000000': 0 pak files mounted, 0 remain pending
[2019.11.19-18.21.28:916][  0]LogPakFile: Registered encryption key '00000000000000000000000000000000': 0 pak files mounted, 0 remain pending
[2019.11.19-18.21.28:941][  0]LogPakFile: Registered encryption key '00000000000000000000000000000000': 0 pak files mounted, 0 remain pending
[2019.11.19-18.21.28:966][  0]LogPakFile: Registered encryption key '00000000000000000000000000000000': 0 pak files mounted, 0 remain pending
[2019.11.19-18.21.28:988][  0]LogPakFile: Registered encryption key '00000000000000000000000000000000': 0 pak files mounted, 0 remain pending
[2019.11.19-18.21.29:006][  0]LogPakFile: Registered encryption key '00000000000000000000000000000000': 0 pak files mounted, 0 remain pending
[2019.11.19-18.21.29:026][  0]LogPakFile: Registered encryption key '00000000000000000000000000000000': 0 pak files mounted, 0 remain pending
[2019.11.19-18.21.29:052][  0]LogPakFile: Registered encryption key '00000000000000000000000000000000': 0 pak files mounted, 0 remain pending
[2019.11.19-18.21.29:069][  0]LogPakFile: Registered encryption key '00000000000000000000000000000000': 0 pak files mounted, 0 remain pending
[2019.11.19-18.21.29:087][  0]LogPakFile: Registered encryption key '00000000000000000000000000000000': 0 pak files mounted, 0 remain pending
[2019.11.19-18.21.29:134][  0]LogPakFile: Registered encryption key '00000000000000000000000000000000': 0 pak files mounted, 0 remain pending
[2019.11.19-18.21.29:150][  0]LogPakFile: Registered encryption key '00000000000000000000000000000000': 0 pak files mounted, 0 remain pending
[2019.11.19-18.21.29:170][  0]LogPakFile: Registered encryption key '00000000000000000000000000000000': 0 pak files mounted, 0 remain pending
[2019.11.19-18.21.29:182][  0]LogPakFile: Registered encryption key '00000000000000000000000000000000': 0 pak files mounted, 0 remain pending
[2019.11.19-18.21.29:220][  0]LogPakFile: Registered encryption key '00000000000000000000000000000000': 0 pak files mounted, 0 remain pending
[2019.11.19-18.21.29:233][  0]LogPakFile: Registered encryption key '00000000000000000000000000000000': 0 pak files mounted, 0 remain pending
[2019.11.19-18.21.29:245][  0]LogPakFile: Registered encryption key '00000000000000000000000000000000': 0 pak files mounted, 0 remain pending
[2019.11.19-18.21.29:257][  0]LogPakFile: Registered encryption key '00000000000000000000000000000000': 0 pak files mounted, 0 remain pending
[2019.11.19-18.21.29:273][  0]LogPakFile: Registered encryption key '00000000000000000000000000000000': 0 pak files mounted, 0 remain pending
[2019.11.19-18.21.29:286][  0]LogPakFile: Registered encryption key '00000000000000000000000000000000': 0 pak files mounted, 0 remain pending
[2019.11.19-18.21.30:250][  0]LogContentBrowser: Native class hierarchy updated for 'AddContentDialog' in 0.0005 seconds. Added 0 classes and 0 folders.
[2019.11.19-18.21.30:293][  0]LogContentBrowser: Native class hierarchy updated for 'SceneOutliner' in 0.0005 seconds. Added 1 classes and 2 folders.
[2019.11.19-18.21.30:605][  0]LogSlate: Took 0.000284 seconds to synchronously load lazily loaded font '../../../Engine/Content/Slate/Fonts/Roboto-Regular.ttf' (155K)
[2019.11.19-18.21.30:610][  0]LogSlate: Took 0.000286 seconds to synchronously load lazily loaded font '../../../Engine/Content/Slate/Fonts/Roboto-Bold.ttf' (160K)
[2019.11.19-18.21.30:691][  0]LogSlate: Took 0.017195 seconds to synchronously load lazily loaded font '../../../Engine/Content/Editor/Slate/Fonts/FontAwesome.ttf' (139K)
[2019.11.19-18.21.30:938][  0]LogRenderer: Reallocating scene render targets to support 1208x652 Format 10 NumSamples 1 (Frame:1).
[2019.11.19-18.21.31:269][  0]LogContentBrowser: Native class hierarchy updated for 'HierarchicalLODOutliner' in 0.0003 seconds. Added 0 classes and 0 folders.
[2019.11.19-18.21.31:270][  0]LogLoad: (Engine Initialization) Total time: 18.27 seconds
[2019.11.19-18.21.31:270][  0]LogLoad: (Engine Initialization) Total Blueprint compile time: 0.00 seconds
[2019.11.19-18.21.31:444][  0]LogContentStreaming: Texture pool size now 1000 MB
[2019.11.19-18.21.31:877][  0]LogSlate: Took 0.136601 seconds to synchronously load lazily loaded font '../../../Engine/Content/Slate/Fonts/Roboto-Light.ttf' (167K)
[2019.11.19-18.21.32:822][  5]LogAssetRegistry: Asset discovery search completed in 15.7453 seconds
[2019.11.19-18.21.32:823][  5]LogCollectionManager: Rebuilt the object cache for 0 collections in 0.000000 seconds (found 0 objects)
[2019.11.19-18.21.32:823][  5]LogCollectionManager: Fixed up redirectors for 0 collections in 0.000035 seconds (updated 0 objects)
[2019.11.19-18.21.36:613][116]LogSlate: FSceneViewport::OnFocusLost() reason 0
[2019.11.19-18.21.36:802][127]LogSlate: Took 0.000173 seconds to synchronously load lazily loaded font '../../../Engine/Content/Slate/Fonts/Roboto-Light.ttf' (167K)
[2019.11.19-18.21.36:808][127]LogAssetEditorManager: Opening Asset editor for Blueprint /Game/AI/Enemy_AI.Enemy_AI
[2019.11.19-18.21.37:912][127]LogContentBrowser: Native class hierarchy updated for 'BlueprintGraph' in 0.0152 seconds. Added 117 classes and 0 folders.
[2019.11.19-18.21.39:272][127]LogFileCache: Retrieving MD5 hashes for directory 'C:/Users/aaron/Documents/GitHub/Games-Development-ICA-Team-3/GD Team3 Project/Content/' took 7.98s
[2019.11.19-18.21.39:323][127]LogSlate: Took 0.012708 seconds to synchronously load lazily loaded font '../../../Engine/Content/Slate/Fonts/Roboto-BoldCondensed.ttf' (158K)
[2019.11.19-18.21.39:870][128]LogSlate: Took 0.013585 seconds to synchronously load lazily loaded font '../../../Engine/Content/Slate/Fonts/Roboto-Italic.ttf' (157K)
[2019.11.19-18.22.48:346][855]LogEditorTransaction: Undo Create Reroute Node
[2019.11.19-18.23.14:981][939]LogEditorTransaction: Undo Delete current selection
[2019.11.19-18.26.40:458][326]LogSlate: Window 'Color Picker' being destroyed
[2019.11.19-18.26.41:978][431]BlueprintLog: New page: Compile Enemy_AI
[2019.11.19-18.26.44:915][627]LogTemp: Repeating last play command: Selected Viewport
[2019.11.19-18.26.44:999][627]LogBlueprintUserMessages: Early PlayInEditor Detection: Level '/Game/TwinStickBP/Maps/TwinStickExampleMap.TwinStickExampleMap:PersistentLevel' has LevelScriptBlueprint '/Game/TwinStickBP/Maps/TwinStickExampleMap.TwinStickExampleMap:PersistentLevel.TwinStickExampleMap' with GeneratedClass '/Game/TwinStickBP/Maps/TwinStickExampleMap.TwinStickExampleMap_C' with ClassGeneratedBy '/Game/TwinStickBP/Maps/TwinStickExampleMap.TwinStickExampleMap:PersistentLevel.TwinStickExampleMap'
[2019.11.19-18.26.44:999][627]LogPlayLevel: PlayLevel: No blueprints needed recompiling
[2019.11.19-18.26.45:037][627]PIE: New page: PIE session: TwinStickExampleMap (19 Nov 2019 18:26:44)
[2019.11.19-18.26.45:059][627]LogPlayLevel: Creating play world package: /Game/TwinStickBP/Maps/UEDPIE_0_TwinStickExampleMap
[2019.11.19-18.26.45:071][627]LogPlayLevel: PIE: StaticDuplicateObject took: (0.011385s)
[2019.11.19-18.26.45:072][627]LogAIModule: Creating AISystem for world TwinStickExampleMap
[2019.11.19-18.26.45:072][627]LogPlayLevel: PIE: World Init took: (0.001269s)
[2019.11.19-18.26.45:072][627]LogPlayLevel: PIE: Created PIE world by copying editor world from /Game/TwinStickBP/Maps/TwinStickExampleMap.TwinStickExampleMap to /Game/TwinStickBP/Maps/UEDPIE_0_TwinStickExampleMap.TwinStickExampleMap (0.013183s)
[2019.11.19-18.26.45:171][627]LogInit: XAudio2 using 'Speakers (SteelSeries Siberia 350)' : 2 channels at 48 kHz using 16 bits per sample (channel mask 0x3)
[2019.11.19-18.26.45:217][627]LogInit: FAudioDevice initialized.
[2019.11.19-18.26.45:289][627]LogLoad: Game class is 'TwinStickGameMode_C'
[2019.11.19-18.26.45:319][627]LogWorld: Bringing World /Game/TwinStickBP/Maps/UEDPIE_0_TwinStickExampleMap.TwinStickExampleMap up for play (max tick rate 0) at 2019.11.19-18.26.45
[2019.11.19-18.26.45:448][627]LogWorld: Bringing up level for play took: 0.132080
[2019.11.19-18.26.45:690][627]LogContentBrowser: Native class hierarchy updated for 'MovieSceneCapture' in 0.0005 seconds. Added 20 classes and 0 folders.
[2019.11.19-18.26.45:826][627]PIE: Play in editor start time for /Game/TwinStickBP/Maps/UEDPIE_0_TwinStickExampleMap 1.707
[2019.11.19-18.26.45:826][627]LogBlueprintUserMessages: Late PlayInEditor Detection: Level '/Game/TwinStickBP/Maps/TwinStickExampleMap.TwinStickExampleMap:PersistentLevel' has LevelScriptBlueprint '/Game/TwinStickBP/Maps/TwinStickExampleMap.TwinStickExampleMap:PersistentLevel.TwinStickExampleMap' with GeneratedClass '/Game/TwinStickBP/Maps/TwinStickExampleMap.TwinStickExampleMap_C' with ClassGeneratedBy '/Game/TwinStickBP/Maps/TwinStickExampleMap.TwinStickExampleMap:PersistentLevel.TwinStickExampleMap'
[2019.11.19-18.27.03:385][630]LogBlueprintUserMessages: Early EndPlayMap Detection: Level '/Game/TwinStickBP/Maps/TwinStickExampleMap.TwinStickExampleMap:PersistentLevel' has LevelScriptBlueprint '/Game/TwinStickBP/Maps/TwinStickExampleMap.TwinStickExampleMap:PersistentLevel.TwinStickExampleMap' with GeneratedClass '/Game/TwinStickBP/Maps/TwinStickExampleMap.TwinStickExampleMap_C' with ClassGeneratedBy '/Game/TwinStickBP/Maps/TwinStickExampleMap.TwinStickExampleMap:PersistentLevel.TwinStickExampleMap'
[2019.11.19-18.27.03:385][630]LogSlate: Updating window title bar state: overlay mode, drag disabled, window buttons hidden, title bar hidden
[2019.11.19-18.27.03:474][630]LogPlayLevel: Display: Shutting down PIE online subsystems
[2019.11.19-18.27.03:474][630]LogBlueprintUserMessages: Late EndPlayMap Detection: Level '/Game/TwinStickBP/Maps/TwinStickExampleMap.TwinStickExampleMap:PersistentLevel' has LevelScriptBlueprint '/Game/TwinStickBP/Maps/TwinStickExampleMap.TwinStickExampleMap:PersistentLevel.TwinStickExampleMap' with GeneratedClass '/Game/TwinStickBP/Maps/TwinStickExampleMap.TwinStickExampleMap_C' with ClassGeneratedBy '/Game/TwinStickBP/Maps/TwinStickExampleMap.TwinStickExampleMap:PersistentLevel.TwinStickExampleMap'
[2019.11.19-18.27.03:516][630]LogSlate: Updating window title bar state: overlay mode, drag disabled, window buttons hidden, title bar hidden
[2019.11.19-18.27.03:579][631]LogPlayLevel: Display: Destroying online subsystem :Context_4
[2019.11.19-18.27.06:621][790]LogSlate: FSceneViewport::OnFocusLost() reason 0
[2019.11.19-18.27.11:769][ 45]LogAssetEditorManager: Opening Asset editor for Blueprint /Game/Pickups/BP_Battery.BP_Battery
[2019.11.19-18.29.06:238][190]LogSlate: Window 'Color Picker' being destroyed
[2019.11.19-18.29.50:418][236]LogSlate: Window 'Color Picker' being destroyed
[2019.11.19-18.29.55:124][531]BlueprintLog: New page: Compile BP_Battery
[2019.11.19-18.30.08:064][322]BlueprintLog: New page: Compile BP_Battery
[2019.11.19-18.30.09:029][359]Cmd: OBJ SAVEPACKAGE PACKAGE="/Game/Pickups/BP_Battery" FILE="../../../../../../Users/aaron/Documents/GitHub/Games-Development-ICA-Team-3/GD Team3 Project/Content/Pickups/BP_Battery.uasset" SILENT=true
[2019.11.19-18.30.09:182][359]LogSavePackage: Moving '../../../../../../Users/aaron/Documents/GitHub/Games-Development-ICA-Team-3/GD Team3 Project/Saved/BP_BatteryF547AF244FA638CEC21497BE9BD0B47C.tmp' to '../../../../../../Users/aaron/Documents/GitHub/Games-Development-ICA-Team-3/GD Team3 Project/Content/Pickups/BP_Battery.uasset'
[2019.11.19-18.31.48:982][502]LogSavePackage: Moving '../../../../../../Users/aaron/Documents/GitHub/Games-Development-ICA-Team-3/GD Team3 Project/Saved/TwinStickExampleMap_Auto17A86DD12404C359ABB554FBDB78C0C04.tmp' to '../../../../../../Users/aaron/Documents/GitHub/Games-Development-ICA-Team-3/GD Team3 Project/Saved/Autosaves/Game/TwinStickBP/Maps/TwinStickExampleMap_Auto1.umap'
[2019.11.19-18.31.49:007][502]LogFileHelpers: Editor autosave (incl. sublevels) for '/Game/TwinStickBP/Maps/TwinStickExampleMap' took 0.445
[2019.11.19-18.31.49:007][502]LogFileHelpers: Editor autosave (incl. sublevels) for all levels took 0.445
[2019.11.19-18.31.49:008][502]OBJ SavePackage: Generating thumbnails for [1] asset(s) in package [/Game/AI/Enemy_AI] ([1] browsable assets)...
[2019.11.19-18.31.49:136][502]OBJ SavePackage:     Rendered thumbnail for [Blueprint /Game/AI/Enemy_AI.Enemy_AI]
[2019.11.19-18.31.49:136][502]OBJ SavePackage: Finished generating thumbnails for package [/Game/AI/Enemy_AI]
[2019.11.19-18.31.49:251][502]LogSavePackage: Moving '../../../../../../Users/aaron/Documents/GitHub/Games-Development-ICA-Team-3/GD Team3 Project/Saved/Enemy_AI_Auto19A97B3EC4CF8006076F7DFB0DF21D48D.tmp' to '../../../../../../Users/aaron/Documents/GitHub/Games-Development-ICA-Team-3/GD Team3 Project/Saved/Autosaves/Game/AI/Enemy_AI_Auto1.uasset'
[2019.11.19-18.31.49:253][502]LogFileHelpers: Auto-saving content packages took 0.245
[2019.11.19-18.32.11:453][727]BlueprintLog: New page: Compile Enemy_AI
[2019.11.19-18.32.12:302][754]Cmd: OBJ SAVEPACKAGE PACKAGE="/Game/AI/Enemy_AI" FILE="../../../../../../Users/aaron/Documents/GitHub/Games-Development-ICA-Team-3/GD Team3 Project/Content/AI/Enemy_AI.uasset" SILENT=true
[2019.11.19-18.32.12:392][754]LogSavePackage: Moving '../../../../../../Users/aaron/Documents/GitHub/Games-Development-ICA-Team-3/GD Team3 Project/Saved/Enemy_AI8ECFDB5D4F16B1A5D79150B4E02B41DB.tmp' to '../../../../../../Users/aaron/Documents/GitHub/Games-Development-ICA-Team-3/GD Team3 Project/Content/AI/Enemy_AI.uasset'
[2019.11.19-18.32.32:837][375]LogAssetEditorManager: Opening Asset editor for Blueprint /Game/AI/AIProjectile.AIProjectile
[2019.11.19-18.36.03:325][167]BlueprintLog: New page: Compile AIProjectile
[2019.11.19-18.36.07:730][437]LogSlate: Window 'Color Picker' being destroyed
[2019.11.19-18.36.26:280][544]LogSlate: Window 'Color Picker' being destroyed
[2019.11.19-18.36.27:620][631]BlueprintLog: New page: Compile AIProjectile
[2019.11.19-18.36.28:502][666]Cmd: OBJ SAVEPACKAGE PACKAGE="/Game/AI/AIProjectile" FILE="../../../../../../Users/aaron/Documents/GitHub/Games-Development-ICA-Team-3/GD Team3 Project/Content/AI/AIProjectile.uasset" SILENT=true
[2019.11.19-18.36.28:597][666]LogSavePackage: Moving '../../../../../../Users/aaron/Documents/GitHub/Games-Development-ICA-Team-3/GD Team3 Project/Saved/AIProjectile8D26CF4B419BB5EA8AD11A90EBA8FEF2.tmp' to '../../../../../../Users/aaron/Documents/GitHub/Games-Development-ICA-Team-3/GD Team3 Project/Content/AI/AIProjectile.uasset'
[2019.11.19-18.36.29:619][734]BlueprintLog: New page: Compile Enemy_AI
[2019.11.19-18.36.30:370][756]Cmd: OBJ SAVEPACKAGE PACKAGE="/Game/AI/Enemy_AI" FILE="../../../../../../Users/aaron/Documents/GitHub/Games-Development-ICA-Team-3/GD Team3 Project/Content/AI/Enemy_AI.uasset" SILENT=true
[2019.11.19-18.36.30:456][756]LogSavePackage: Moving '../../../../../../Users/aaron/Documents/GitHub/Games-Development-ICA-Team-3/GD Team3 Project/Saved/Enemy_AI799191D0446FAD92D6617F8EB73E0C03.tmp' to '../../../../../../Users/aaron/Documents/GitHub/Games-Development-ICA-Team-3/GD Team3 Project/Content/AI/Enemy_AI.uasset'
[2019.11.19-18.36.31:758][832]LogSlate: Window 'AIProjectile' being destroyed
[2019.11.19-18.36.31:766][832]LogSlate: Window 'AIProjectile' being destroyed
[2019.11.19-18.36.31:868][832]LogActorComponent: UnregisterComponent: (/Engine/Transient.EditorFloorComp) Not registered. Aborting.
[2019.11.19-18.36.34:260][993]LogSavePackage: Moving '../../../../../../Users/aaron/Documents/GitHub/Games-Development-ICA-Team-3/GD Team3 Project/Saved/TwinStickExampleMap4C0FB43A48A16C3E36380DBA46C1BC47.tmp' to '../../../../../../Users/aaron/Documents/GitHub/Games-Development-ICA-Team-3/GD Team3 Project/Content/TwinStickBP/Maps/TwinStickExampleMap.umap'
[2019.11.19-18.36.34:500][993]LogSavePackage: Moving '../../../../../../Users/aaron/Documents/GitHub/Games-Development-ICA-Team-3/GD Team3 Project/Saved/TwinStickExampleMap_BuiltData9D9671794594F4E7C8E2F4B83CD29B7B.tmp' to '../../../../../../Users/aaron/Documents/GitHub/Games-Development-ICA-Team-3/GD Team3 Project/Content/TwinStickBP/Maps/TwinStickExampleMap_BuiltData.uasset'
[2019.11.19-18.36.37:504][220]LogSlate: Window 'GDTeam3Project - Unreal Editor' being destroyed
[2019.11.19-18.36.37:505][220]LogWindowsTextInputMethodSystem: Display: IME system now deactivated.
[2019.11.19-18.36.37:754][221]Cmd: QUIT_EDITOR
[2019.11.19-18.36.38:694][221]LogExit: Preparing to exit.
[2019.11.19-18.36.39:621][221]LogExit: Editor shut down
[2019.11.19-18.36.39:621][221]LogExit: Transaction tracking system shut down
[2019.11.19-18.36.40:031][221]LogExit: Object subsystem successfully closed.
[2019.11.19-18.36.40:053][221]LogShaderCompilers: Display: Shaders left to compile 0
[2019.11.19-18.36.40:058][221]LogD3D11RHI: Shutdown
[2019.11.19-18.36.40:058][221]LogD3D11RHI: CleanupD3DDevice
[2019.11.19-18.36.40:062][221]LogD3D11RHI: ~FD3D11DynamicRHI
[2019.11.19-18.36.40:125][221]LogModuleManager: Shutting down and abandoning module MovieSceneCapture (628)
[2019.11.19-18.36.40:125][221]LogModuleManager: Shutting down and abandoning module Voice (626)
[2019.11.19-18.36.40:125][221]LogModuleManager: Shutting down and abandoning module BlueprintGraph (624)
[2019.11.19-18.36.40:126][221]LogModuleManager: Shutting down and abandoning module HierarchicalLODOutliner (622)
[2019.11.19-18.36.40:126][221]LogModuleManager: Shutting down and abandoning module SceneOutliner (620)
[2019.11.19-18.36.40:126][221]LogModuleManager: Shutting down and abandoning module AddContentDialog (618)
[2019.11.19-18.36.40:127][221]LogModuleManager: Shutting down and abandoning module WidgetCarousel (617)
[2019.11.19-18.36.40:128][221]LogModuleManager: Shutting down and abandoning module EditorWidgets (614)
[2019.11.19-18.36.40:128][221]LogModuleManager: Shutting down and abandoning module CollectionManager (612)
[2019.11.19-18.36.40:130][221]LogModuleManager: Shutting down and abandoning module StatsViewer (610)
[2019.11.19-18.36.40:130][221]LogModuleManager: Shutting down and abandoning module FoliageEdit (608)
[2019.11.19-18.36.40:130][221]LogModuleManager: Shutting down and abandoning module LandscapeEditor (606)
[2019.11.19-18.36.40:131][221]LogModuleManager: Shutting down and abandoning module MeshPaintMode (604)
[2019.11.19-18.36.40:131][221]LogModuleManager: Shutting down and abandoning module SceneDepthPickerMode (602)
[2019.11.19-18.36.40:132][221]LogModuleManager: Shutting down and abandoning module ActorPickerMode (600)
[2019.11.19-18.36.40:132][221]LogModuleManager: Shutting down and abandoning module GeometryMode (598)
[2019.11.19-18.36.40:133][221]LogModuleManager: Shutting down and abandoning module TextureAlignMode (596)
[2019.11.19-18.36.40:134][221]LogModuleManager: Shutting down and abandoning module BspMode (594)
[2019.11.19-18.36.40:134][221]LogModuleManager: Shutting down and abandoning module PIEPreviewDeviceProfileSelector (592)
[2019.11.19-18.36.40:135][221]LogModuleManager: Shutting down and abandoning module SequenceRecorderSections (590)
[2019.11.19-18.36.40:135][221]LogModuleManager: Shutting down and abandoning module AutomationWorker (588)
[2019.11.19-18.36.40:135][221]LogModuleManager: Shutting down and abandoning module AudioCaptureEditor (586)
[2019.11.19-18.36.40:136][221]LogModuleManager: Shutting down and abandoning module MatineeToLevelSequence (584)
[2019.11.19-18.36.40:137][221]LogModuleManager: Shutting down and abandoning module LevelSequenceEditor (582)
[2019.11.19-18.36.40:137][221]LogModuleManager: Shutting down and abandoning module PlacementMode (581)
[2019.11.19-18.36.40:138][221]LogModuleManager: Shutting down and abandoning module MaterialEditor (580)
[2019.11.19-18.36.40:138][221]LogModuleManager: Shutting down and abandoning module WmfMediaFactory (576)
[2019.11.19-18.36.40:138][221]LogModuleManager: Shutting down and abandoning module WmfMediaEditor (574)
[2019.11.19-18.36.40:139][221]LogModuleManager: Shutting down and abandoning module WebMMediaFactory (572)
[2019.11.19-18.36.40:140][221]LogModuleManager: Shutting down and abandoning module WebMMediaEditor (570)
[2019.11.19-18.36.40:140][221]LogModuleManager: Shutting down and abandoning module WebMMedia (568)
[2019.11.19-18.36.40:140][221]LogModuleManager: Shutting down and abandoning module MediaPlayerEditor (566)
[2019.11.19-18.36.40:141][221]LogModuleManager: Shutting down and abandoning module MediaCompositingEditor (564)
[2019.11.19-18.36.40:142][221]LogModuleManager: Shutting down and abandoning module SequenceRecorder (563)
[2019.11.19-18.36.40:143][221]LogModuleManager: Shutting down and abandoning module OpenExrWrapper (560)
[2019.11.19-18.36.40:144][221]LogModuleManager: Shutting down and abandoning module ImgMediaFactory (558)
[2019.11.19-18.36.40:144][221]LogModuleManager: Shutting down and abandoning module ImgMediaEditor (556)
[2019.11.19-18.36.40:145][221]LogModuleManager: Shutting down and abandoning module AvfMediaFactory (554)
[2019.11.19-18.36.40:145][221]LogModuleManager: Shutting down and abandoning module AvfMediaEditor (552)
[2019.11.19-18.36.40:146][221]LogModuleManager: Shutting down and abandoning module AndroidMediaFactory (550)
[2019.11.19-18.36.40:146][221]LogModuleManager: Shutting down and abandoning module AndroidMediaEditor (548)
[2019.11.19-18.36.40:147][221]LogModuleManager: Shutting down and abandoning module MagicLeapCameraPreviewFactory (546)
[2019.11.19-18.36.40:148][221]LogModuleManager: Shutting down and abandoning module MagicLeapMediaFactory (544)
[2019.11.19-18.36.40:148][221]LogModuleManager: Shutting down and abandoning module MagicLeapMediaEditor (542)
[2019.11.19-18.36.40:148][221]LogModuleManager: Shutting down and abandoning module CharacterAI (540)
[2019.11.19-18.36.40:149][221]LogModuleManager: Shutting down and abandoning module SmartSnapping (538)
[2019.11.19-18.36.40:149][221]LogModuleManager: Shutting down and abandoning module SessionServices (536)
[2019.11.19-18.36.40:150][221]LogModuleManager: Shutting down and abandoning module ViewportSnapping (534)
[2019.11.19-18.36.40:150][221]LogModuleManager: Shutting down and abandoning module ViewportInteraction (532)
[2019.11.19-18.36.40:151][221]LogModuleManager: Shutting down and abandoning module ClothPainter (530)
[2019.11.19-18.36.40:152][221]LogModuleManager: Shutting down and abandoning module SkeletalMeshEditor (529)
[2019.11.19-18.36.40:152][221]LogModuleManager: Shutting down and abandoning module LogVisualizer (526)
[2019.11.19-18.36.40:153][221]LogModuleManager: Shutting down and abandoning module IntroTutorials (524)
[2019.11.19-18.36.40:153][221]LogModuleManager: Shutting down and abandoning module GameProjectGeneration (523)
[2019.11.19-18.36.40:154][221]LogModuleManager: Shutting down and abandoning module LuminPlatformEditor (520)
[2019.11.19-18.36.40:155][221]LogModuleManager: Shutting down and abandoning module IOSPlatformEditor (518)
[2019.11.19-18.36.40:155][221]LogModuleManager: Shutting down and abandoning module HTML5PlatformEditor (516)
[2019.11.19-18.36.40:156][221]LogModuleManager: Shutting down and abandoning module AndroidPlatformEditor (514)
[2019.11.19-18.36.40:157][221]LogModuleManager: Shutting down and abandoning module AndroidDeviceDetection (513)
[2019.11.19-18.36.40:362][221]LogModuleManager: Shutting down and abandoning module WindowsPlatformEditor (510)
[2019.11.19-18.36.40:362][221]LogModuleManager: Shutting down and abandoning module LuminRuntimeSettings (508)
[2019.11.19-18.36.40:363][221]LogModuleManager: Shutting down and abandoning module IOSRuntimeSettings (506)
[2019.11.19-18.36.40:363][221]LogModuleManager: Shutting down and abandoning module AndroidRuntimeSettings (504)
[2019.11.19-18.36.40:363][221]LogModuleManager: Shutting down and abandoning module TimeManagementEditor (502)
[2019.11.19-18.36.40:363][221]LogModuleManager: Shutting down and abandoning module InputBindingEditor (500)
[2019.11.19-18.36.40:364][221]LogModuleManager: Shutting down and abandoning module MergeActors (498)
[2019.11.19-18.36.40:364][221]LogModuleManager: Shutting down and abandoning module LocalizationDashboard (496)
[2019.11.19-18.36.40:364][221]LogModuleManager: Shutting down and abandoning module LocalizationService (495)
[2019.11.19-18.36.40:365][221]LogModuleManager: Shutting down and abandoning module HardwareTargeting (492)
[2019.11.19-18.36.40:365][221]LogModuleManager: Shutting down and abandoning module DeviceProfileEditor (490)
[2019.11.19-18.36.40:365][221]LogModuleManager: Shutting down and abandoning module UndoHistory (488)
[2019.11.19-18.36.40:366][221]LogModuleManager: Shutting down and abandoning module XmlParser (486)
[2019.11.19-18.36.40:366][221]LogModuleManager: Shutting down and abandoning module Blutility (484)
[2019.11.19-18.36.40:366][221]LogModuleManager: Shutting down and abandoning module ProjectSettingsViewer (482)
[2019.11.19-18.36.40:367][221]LogModuleManager: Shutting down and abandoning module ProjectTargetPlatformEditor (481)
[2019.11.19-18.36.40:367][221]LogModuleManager: Shutting down and abandoning module EditorSettingsViewer (478)
[2019.11.19-18.36.40:367][221]LogModuleManager: Shutting down and abandoning module SettingsEditor (476)
[2019.11.19-18.36.40:368][221]LogModuleManager: Shutting down and abandoning module ProjectLauncher (474)
[2019.11.19-18.36.40:368][221]LogModuleManager: Shutting down and abandoning module SessionFrontend (472)
[2019.11.19-18.36.40:368][221]LogModuleManager: Shutting down and abandoning module ProfilerClient (470)
[2019.11.19-18.36.40:369][221]LogModuleManager: Shutting down and abandoning module DeviceManager (468)
[2019.11.19-18.36.40:369][221]LogModuleManager: Shutting down and abandoning module TargetDeviceServices (467)
[2019.11.19-18.36.40:424][221]LogModuleManager: Shutting down and abandoning module AutomationController (464)
[2019.11.19-18.36.40:424][221]LogModuleManager: Shutting down and abandoning module AutomationWindow (462)
[2019.11.19-18.36.40:424][221]LogModuleManager: Shutting down and abandoning module Layers (460)
[2019.11.19-18.36.40:424][221]LogModuleManager: Shutting down and abandoning module ComponentVisualizers (458)
[2019.11.19-18.36.40:424][221]LogModuleManager: Shutting down and abandoning module DetailCustomizations (456)
[2019.11.19-18.36.40:425][221]LogModuleManager: Shutting down and abandoning module PackagesDialog (454)
[2019.11.19-18.36.40:425][221]LogModuleManager: Shutting down and abandoning module Persona (452)
[2019.11.19-18.36.40:425][221]LogModuleManager: Shutting down and abandoning module AdvancedPreviewScene (451)
[2019.11.19-18.36.40:426][221]LogModuleManager: Shutting down and abandoning module AnimGraph (449)
[2019.11.19-18.36.40:426][221]LogModuleManager: Shutting down and abandoning module Kismet (446)
[2019.11.19-18.36.40:431][221]LogModuleManager: Shutting down and abandoning module GraphEditor (444)
[2019.11.19-18.36.40:431][221]LogModuleManager: Shutting down and abandoning module ClassViewer (442)
[2019.11.19-18.36.40:431][221]LogModuleManager: Shutting down and abandoning module Toolbox (440)
[2019.11.19-18.36.40:432][221]LogModuleManager: Shutting down and abandoning module ModuleUI (438)
[2019.11.19-18.36.40:432][221]LogModuleManager: Shutting down and abandoning module MovieSceneTools (436)
[2019.11.19-18.36.40:432][221]LogModuleManager: Shutting down and abandoning module OutputLog (434)
[2019.11.19-18.36.40:432][221]LogModuleManager: Shutting down and abandoning module GammaUI (432)
[2019.11.19-18.36.40:433][221]LogModuleManager: Shutting down and abandoning module Documentation (430)
[2019.11.19-18.36.40:433][221]LogModuleManager: Shutting down and abandoning module MovieSceneTracks (428)
[2019.11.19-18.36.40:433][221]LogModuleManager: Shutting down and abandoning module MovieScene (426)
[2019.11.19-18.36.40:434][221]LogModuleManager: Shutting down and abandoning module StreamingPauseRendering (424)
[2019.11.19-18.36.40:434][221]LogModuleManager: Shutting down and abandoning module LauncherPlatform (422)
[2019.11.19-18.36.40:434][221]LogModuleManager: Shutting down and abandoning module AnalyticsET (420)
[2019.11.19-18.36.40:434][221]LogModuleManager: Shutting down and abandoning module PortalServices (418)
[2019.11.19-18.36.40:435][221]LogModuleManager: Shutting down and abandoning module PortalRpc (416)
[2019.11.19-18.36.40:435][221]LogModuleManager: Shutting down and abandoning module MessagingRpc (414)
[2019.11.19-18.36.40:435][221]LogModuleManager: Shutting down and abandoning module AIModule (412)
[2019.11.19-18.36.40:436][221]LogModuleManager: Shutting down and abandoning module GameplayDebugger (411)
[2019.11.19-18.36.40:436][221]LogModuleManager: Shutting down and abandoning module AITestSuite (409)
[2019.11.19-18.36.40:436][221]LogModuleManager: Shutting down and abandoning module NavigationSystem (407)
[2019.11.19-18.36.40:436][221]LogModuleManager: Shutting down and abandoning module DesktopPlatform (404)
[2019.11.19-18.36.40:437][221]LogModuleManager: Shutting down and abandoning module ImageWriteQueue (402)
[2019.11.19-18.36.40:440][221]LogModuleManager: Shutting down and abandoning module ProfilerService (400)
[2019.11.19-18.36.40:627][221]LogModuleManager: Shutting down and abandoning module TaskGraph (398)
[2019.11.19-18.36.40:628][221]LogModuleManager: Shutting down and abandoning module SteamVRController (396)
[2019.11.19-18.36.40:628][221]LogModuleManager: Shutting down and abandoning module ProceduralMeshComponentEditor (394)
[2019.11.19-18.36.40:628][221]LogModuleManager: Shutting down and abandoning module ProceduralMeshComponent (392)
[2019.11.19-18.36.40:628][221]LogModuleManager: Shutting down and abandoning module OculusInput (390)
[2019.11.19-18.36.40:629][221]LogModuleManager: Shutting down and abandoning module MobilePatchingUtils (388)
[2019.11.19-18.36.40:629][221]LogModuleManager: Shutting down and abandoning module EditableMesh (386)
[2019.11.19-18.36.40:629][221]LogModuleManager: Shutting down and abandoning module CustomMeshComponent (384)
[2019.11.19-18.36.40:630][221]LogModuleManager: Shutting down and abandoning module CableComponent (382)
[2019.11.19-18.36.40:630][221]LogModuleManager: Shutting down and abandoning module AudioCapture (380)
[2019.11.19-18.36.40:630][221]LogModuleManager: Shutting down and abandoning module ArchVisCharacter (378)
[2019.11.19-18.36.40:630][221]LogModuleManager: Shutting down and abandoning module AndroidPermission (376)
[2019.11.19-18.36.40:631][221]LogModuleManager: Shutting down and abandoning module NUTUnrealEngine4 (374)
[2019.11.19-18.36.40:631][221]LogModuleManager: Shutting down and abandoning module NetcodeUnitTest (372)
[2019.11.19-18.36.40:632][221]LogModuleManager: Shutting down and abandoning module MediaCompositing (370)
[2019.11.19-18.36.40:632][221]LogModuleManager: Shutting down and abandoning module LinearTimecode (368)
[2019.11.19-18.36.40:632][221]LogModuleManager: Shutting down and abandoning module ImgMedia (366)
[2019.11.19-18.36.40:636][221]LogModuleManager: Shutting down and abandoning module HTML5Networking (364)
[2019.11.19-18.36.40:636][221]LogModuleManager: Shutting down and abandoning module GeometryCacheTracks (362)
[2019.11.19-18.36.40:637][221]LogModuleManager: Shutting down and abandoning module GeometryCacheSequencer (360)
[2019.11.19-18.36.40:637][221]LogModuleManager: Shutting down and abandoning module BackChannel (358)
[2019.11.19-18.36.40:638][221]LogModuleManager: Shutting down and abandoning module AppleVision (356)
[2019.11.19-18.36.40:638][221]LogModuleManager: Shutting down and abandoning module AppleImageUtilsBlueprintSupport (354)
[2019.11.19-18.36.40:638][221]LogModuleManager: Shutting down and abandoning module AppleImageUtils (352)
[2019.11.19-18.36.40:639][221]LogModuleManager: Shutting down and abandoning module AlembicImporter (350)
[2019.11.19-18.36.40:639][221]LogModuleManager: Shutting down and abandoning module AlembicLibrary (349)
[2019.11.19-18.36.40:640][221]LogModuleManager: Shutting down and abandoning module GeometryCache (348)
[2019.11.19-18.36.40:640][221]LogModuleManager: Shutting down and abandoning module GeometryCacheEd (347)
[2019.11.19-18.36.40:641][221]LogModuleManager: Shutting down and abandoning module VariantManagerContent (342)
[2019.11.19-18.36.40:641][221]LogModuleManager: Shutting down and abandoning module DatasmithContentEditor (340)
[2019.11.19-18.36.40:641][221]LogModuleManager: Shutting down and abandoning module SpeedTreeImporter (338)
[2019.11.19-18.36.40:642][221]LogModuleManager: Shutting down and abandoning module PluginBrowser (336)
[2019.11.19-18.36.40:642][221]LogModuleManager: Shutting down and abandoning module MobileLauncherProfileWizard (334)
[2019.11.19-18.36.40:643][221]LogModuleManager: Shutting down and abandoning module PolygonModeling (332)
[2019.11.19-18.36.40:643][221]LogModuleManager: Shutting down and abandoning module MeshEditor (330)
[2019.11.19-18.36.40:643][221]LogModuleManager: Shutting down and abandoning module CryptoKeysOpenSSL (328)
[2019.11.19-18.36.40:644][221]LogModuleManager: Shutting down and abandoning module CryptoKeys (326)
[2019.11.19-18.36.40:644][221]LogModuleManager: Shutting down and abandoning module VisualStudioSourceCodeAccess (324)
[2019.11.19-18.36.40:644][221]LogModuleManager: Shutting down and abandoning module VisualStudioCodeSourceCodeAccess (322)
[2019.11.19-18.36.40:644][221]LogModuleManager: Shutting down and abandoning module UObjectPlugin (320)
[2019.11.19-18.36.40:645][221]LogModuleManager: Shutting down and abandoning module SubversionSourceControl (318)
[2019.11.19-18.36.40:645][221]LogModuleManager: Shutting down and abandoning module PerforceSourceControl (316)
[2019.11.19-18.36.40:645][221]LogModuleManager: Shutting down and abandoning module GitSourceControl (314)
[2019.11.19-18.36.40:646][221]LogModuleManager: Shutting down and abandoning module SourceControl (313)
[2019.11.19-18.36.40:646][221]LogModuleManager: Shutting down and abandoning module CLionSourceCodeAccess (310)
[2019.11.19-18.36.40:647][221]LogModuleManager: Shutting down and abandoning module ActorLayerUtilitiesEditor (308)
[2019.11.19-18.36.40:647][221]LogModuleManager: Shutting down and abandoning module ActorLayerUtilities (306)
[2019.11.19-18.36.40:647][221]LogModuleManager: Shutting down and abandoning module LightPropagationVolumeEditor (304)
[2019.11.19-18.36.40:647][221]LogModuleManager: Shutting down and abandoning module PaperTiledImporter (302)
[2019.11.19-18.36.40:648][221]LogModuleManager: Shutting down and abandoning module PaperSpriteSheetImporter (300)
[2019.11.19-18.36.40:648][221]LogModuleManager: Shutting down and abandoning module Paper2DEditor (298)
[2019.11.19-18.36.40:648][221]LogModuleManager: Shutting down and abandoning module MeshPaint (297)
[2019.11.19-18.36.40:649][221]LogModuleManager: Shutting down and abandoning module RuntimePhysXCooking (294)
[2019.11.19-18.36.40:649][221]LogModuleManager: Shutting down and abandoning module PhysXVehiclesEditor (292)
[2019.11.19-18.36.40:649][221]LogModuleManager: Shutting down and abandoning module PhysXVehicles (290)
[2019.11.19-18.36.40:650][221]LogModuleManager: Shutting down and abandoning module OculusEditor (288)
[2019.11.19-18.36.40:650][221]LogModuleManager: Shutting down and abandoning module LocationServicesBPLibrary (286)
[2019.11.19-18.36.40:650][221]LogModuleManager: Shutting down and abandoning module ActorSequence (284)
[2019.11.19-18.36.40:651][221]LogModuleManager: Shutting down and abandoning module UdpMessaging (282)
[2019.11.19-18.36.40:752][221]LogModuleManager: Shutting down and abandoning module TcpMessaging (280)
[2019.11.19-18.36.40:854][221]LogModuleManager: Shutting down and abandoning module MagicLeapAudio (278)
[2019.11.19-18.36.40:854][221]LogModuleManager: Shutting down and abandoning module GameplayTagsEditor (276)
[2019.11.19-18.36.40:854][221]LogModuleManager: Shutting down and abandoning module FacialAnimationEditor (274)
[2019.11.19-18.36.40:854][221]LogModuleManager: Shutting down and abandoning module FacialAnimation (272)
[2019.11.19-18.36.40:855][221]LogModuleManager: Shutting down and abandoning module DataValidation (270)
[2019.11.19-18.36.40:855][221]LogModuleManager: Shutting down and abandoning module AssetManagerEditor (268)
[2019.11.19-18.36.40:856][221]LogModuleManager: Shutting down and abandoning module LevelEditor (267)
[2019.11.19-18.36.40:857][221]LogModuleManager: Shutting down and abandoning module PixelInspectorModule (266)
[2019.11.19-18.36.40:857][221]LogModuleManager: Shutting down and abandoning module CommonMenuExtensions (264)
[2019.11.19-18.36.40:858][221]LogModuleManager: Shutting down and abandoning module MainFrame (262)
[2019.11.19-18.36.40:858][221]LogModuleManager: Shutting down and abandoning module HotReload (261)
[2019.11.19-18.36.40:859][221]LogModuleManager: Shutting down and abandoning module ContentBrowser (257)
[2019.11.19-18.36.40:860][221]LogModuleManager: Shutting down and abandoning module TreeMap (255)
[2019.11.19-18.36.40:860][221]LogModuleManager: Shutting down and abandoning module LightPropagationVolumeRuntime (252)
[2019.11.19-18.36.40:860][221]LogModuleManager: Shutting down and abandoning module AISupportModule (250)
[2019.11.19-18.36.40:860][221]LogModuleManager: Shutting down and abandoning module Paper2D (248)
[2019.11.19-18.36.40:861][221]LogModuleManager: Shutting down and abandoning module WindowsMoviePlayer (246)
[2019.11.19-18.36.40:861][221]LogModuleManager: Shutting down and abandoning module WebMMoviePlayer (244)
[2019.11.19-18.36.40:861][221]LogModuleManager: Shutting down and abandoning module WmfMedia (242)
[2019.11.19-18.36.40:863][221]LogModuleManager: Shutting down and abandoning module Media (241)
[2019.11.19-18.36.40:870][221]LogModuleManager: Shutting down and abandoning module PacketHandler (238)
[2019.11.19-18.36.40:870][221]LogModuleManager: Shutting down and abandoning module ClothingSystemEditor (236)
[2019.11.19-18.36.40:871][221]LogModuleManager: Shutting down and abandoning module ClothingSystemRuntime (234)
[2019.11.19-18.36.40:871][221]LogModuleManager: Shutting down and abandoning module MediaAssets (232)
[2019.11.19-18.36.40:872][221]LogModuleManager: Shutting down and abandoning module Overlay (230)
[2019.11.19-18.36.40:872][221]LogModuleManager: Shutting down and abandoning module OverlayEditor (229)
[2019.11.19-18.36.40:872][221]LogModuleManager: Shutting down and abandoning module VREditor (226)
[2019.11.19-18.36.40:873][221]LogModuleManager: Shutting down and abandoning module StringTableEditor (224)
[2019.11.19-18.36.40:873][221]LogModuleManager: Shutting down and abandoning module GameplayTasksEditor (222)
[2019.11.19-18.36.40:873][221]LogModuleManager: Shutting down and abandoning module BehaviorTreeEditor (220)
[2019.11.19-18.36.40:874][221]LogModuleManager: Shutting down and abandoning module FunctionalTesting (218)
[2019.11.19-18.36.40:874][221]LogModuleManager: Shutting down and abandoning module CollisionAnalyzer (216)
[2019.11.19-18.36.40:874][221]LogModuleManager: Shutting down and abandoning module WorkspaceMenuStructure (215)
[2019.11.19-18.36.40:874][221]LogModuleManager: Shutting down and abandoning module UMG (212)
[2019.11.19-18.36.40:875][221]LogModuleManager: Shutting down and abandoning module UMGEditor (211)
[2019.11.19-18.36.40:875][221]LogModuleManager: Shutting down and abandoning module Sequencer (210)
[2019.11.19-18.36.40:876][221]LogModuleManager: Shutting down and abandoning module MessageLog (207)
[2019.11.19-18.36.40:876][221]LogModuleManager: Shutting down and abandoning module SlateReflector (202)
[2019.11.19-18.36.40:876][221]LogModuleManager: Shutting down and abandoning module Slate (200)
[2019.11.19-18.36.40:877][221]LogModuleManager: Shutting down and abandoning module EditorStyle (198)
[2019.11.19-18.36.40:879][221]LogModuleManager: Shutting down and abandoning module MRMesh (196)
[2019.11.19-18.36.40:879][221]LogModuleManager: Shutting down and abandoning module SourceCodeAccess (194)
[2019.11.19-18.36.40:879][221]LogModuleManager: Shutting down and abandoning module HeadMountedDisplay (192)
[2019.11.19-18.36.40:880][221]LogModuleManager: Shutting down and abandoning module XAudio2 (190)
[2019.11.19-18.36.40:880][221]LogModuleManager: Shutting down and abandoning module Networking (188)
[2019.11.19-18.36.40:881][221]LogModuleManager: Shutting down and abandoning module Core (186)
[2019.11.19-18.36.40:881][221]LogModuleManager: Shutting down and abandoning module LevelSequence (184)
[2019.11.19-18.36.40:881][221]LogModuleManager: Shutting down and abandoning module KismetCompiler (182)
[2019.11.19-18.36.40:882][221]LogModuleManager: Shutting down and abandoning module MeshUtilities (180)
[2019.11.19-18.36.40:882][221]LogModuleManager: Shutting down and abandoning module MeshMergeUtilities (179)
[2019.11.19-18.36.40:883][221]LogModuleManager: Shutting down and abandoning module MeshReductionInterface (178)
[2019.11.19-18.36.40:883][221]LogModuleManager: Shutting down and abandoning module SimplygonSwarm (177)
[2019.11.19-18.36.40:883][221]LogModuleManager: Shutting down and abandoning module ProxyLODMeshReduction (175)
[2019.11.19-18.36.40:884][221]LogModuleManager: Shutting down and abandoning module SimplygonMeshReduction (173)
[2019.11.19-18.36.40:885][221]LogModuleManager: Shutting down and abandoning module QuadricMeshReduction (171)
[2019.11.19-18.36.40:886][221]LogModuleManager: Shutting down and abandoning module MaterialBaking (167)
[2019.11.19-18.36.40:886][221]LogModuleManager: Shutting down and abandoning module DirectoryWatcher (163)
[2019.11.19-18.36.40:888][221]LogModuleManager: Shutting down and abandoning module DerivedDataCache (160)
[2019.11.19-18.36.40:973][221]LogDerivedDataCache: Shutdown
[2019.11.19-18.36.40:973][221]LogModuleManager: Shutting down and abandoning module XGEController (158)
[2019.11.19-18.36.40:973][221]LogModuleManager: Shutting down and abandoning module TargetPlatform (156)
[2019.11.19-18.36.40:974][221]LogModuleManager: Shutting down and abandoning module VulkanShaderFormat (155)
[2019.11.19-18.36.40:974][221]LogModuleManager: Shutting down and abandoning module ShaderFormatVectorVM (153)
[2019.11.19-18.36.40:974][221]LogModuleManager: Shutting down and abandoning module ShaderFormatOpenGL (151)
[2019.11.19-18.36.40:975][221]LogModuleManager: Shutting down and abandoning module ShaderFormatD3D (149)
[2019.11.19-18.36.40:975][221]LogModuleManager: Shutting down and abandoning module MetalShaderFormat (147)
[2019.11.19-18.36.40:976][221]LogModuleManager: Shutting down and abandoning module TextureFormatUncompressed (145)
[2019.11.19-18.36.40:976][221]LogModuleManager: Shutting down and abandoning module TextureFormatPVR (143)
[2019.11.19-18.36.40:976][221]LogModuleManager: Shutting down and abandoning module TextureFormatDXT (141)
[2019.11.19-18.36.40:977][221]LogModuleManager: Shutting down and abandoning module TextureFormatIntelISPCTexComp (139)
[2019.11.19-18.36.40:977][221]LogModuleManager: Shutting down and abandoning module TextureFormatASTC (137)
[2019.11.19-18.36.40:978][221]LogModuleManager: Shutting down and abandoning module ImageWrapper (136)
[2019.11.19-18.36.40:978][221]LogModuleManager: Shutting down and abandoning module TextureFormatAndroid (133)
[2019.11.19-18.36.40:979][221]LogModuleManager: Shutting down and abandoning module AudioFormatOpus (131)
[2019.11.19-18.36.40:979][221]LogModuleManager: Shutting down and abandoning module AudioFormatOgg (129)
[2019.11.19-18.36.40:980][221]LogModuleManager: Shutting down and abandoning module AudioFormatADPCM (127)
[2019.11.19-18.36.40:980][221]LogModuleManager: Shutting down and abandoning module LuminTargetPlatform (125)
[2019.11.19-18.36.40:982][221]LogModuleManager: Shutting down and abandoning module LinuxTargetPlatform (123)
[2019.11.19-18.36.40:982][221]LogModuleManager: Shutting down and abandoning module LinuxServerTargetPlatform (121)
[2019.11.19-18.36.40:982][221]LogModuleManager: Shutting down and abandoning module LinuxNoEditorTargetPlatform (119)
[2019.11.19-18.36.40:982][221]LogModuleManager: Shutting down and abandoning module LinuxClientTargetPlatform (117)
[2019.11.19-18.36.40:983][221]LogModuleManager: Shutting down and abandoning module TVOSTargetPlatform (115)
[2019.11.19-18.36.40:984][221]LogModuleManager: Shutting down and abandoning module Messaging (113)
[2019.11.19-18.36.40:984][221]LogModuleManager: Shutting down and abandoning module IOSTargetPlatform (111)
[2019.11.19-18.36.40:985][221]LogModuleManager: Shutting down and abandoning module HTML5TargetPlatform (109)
[2019.11.19-18.36.40:985][221]LogModuleManager: Shutting down and abandoning module AndroidTargetPlatform (107)
[2019.11.19-18.36.40:993][221]LogModuleManager: Shutting down and abandoning module WindowsTargetPlatform (105)
[2019.11.19-18.36.40:993][221]LogModuleManager: Shutting down and abandoning module WindowsServerTargetPlatform (103)
[2019.11.19-18.36.40:994][221]LogModuleManager: Shutting down and abandoning module WindowsNoEditorTargetPlatform (101)
[2019.11.19-18.36.40:994][221]LogModuleManager: Shutting down and abandoning module WindowsClientTargetPlatform (99)
[2019.11.19-18.36.40:994][221]LogModuleManager: Shutting down and abandoning module MacTargetPlatform (97)
[2019.11.19-18.36.40:995][221]LogModuleManager: Shutting down and abandoning module MacServerTargetPlatform (95)
[2019.11.19-18.36.40:995][221]LogModuleManager: Shutting down and abandoning module MacNoEditorTargetPlatform (93)
[2019.11.19-18.36.40:996][221]LogModuleManager: Shutting down and abandoning module MacClientTargetPlatform (91)
[2019.11.19-18.36.40:996][221]LogModuleManager: Shutting down and abandoning module AllDesktopTargetPlatform (89)
[2019.11.19-18.36.40:997][221]LogModuleManager: Shutting down and abandoning module InputCore (86)
[2019.11.19-18.36.40:998][221]LogModuleManager: Shutting down and abandoning module Settings (84)
[2019.11.19-18.36.40:999][221]LogModuleManager: Shutting down and abandoning module PhysXCooking (82)
[2019.11.19-18.36.40:999][221]LogModuleManager: Shutting down and abandoning module SteamVR (80)
[2019.11.19-18.36.41:000][221]LogHMD: Freeing OpenVRDLLHandle.
[2019.11.19-18.36.41:000][221]LogModuleManager: Shutting down and abandoning module OculusHMD (78)
[2019.11.19-18.36.41:001][221]LogModuleManager: Shutting down and abandoning module ExampleDeviceProfileSelector (76)
[2019.11.19-18.36.41:001][221]LogModuleManager: Shutting down and abandoning module LauncherChunkInstaller (74)
[2019.11.19-18.36.41:002][221]LogModuleManager: Shutting down and abandoning module OnlineBlueprintSupport (72)
[2019.11.19-18.36.41:002][221]LogModuleManager: Shutting down and abandoning module OnlineSubsystem (68)
[2019.11.19-18.36.41:004][221]LogModuleManager: Shutting down and abandoning module XMPP (63)
[2019.11.19-18.36.41:004][221]LogModuleManager: Shutting down and abandoning module WebSockets (62)
[2019.11.19-18.36.41:015][221]LogModuleManager: Shutting down and abandoning module HTTP (59)
[2019.11.19-18.36.41:015][221]LogHttp: Display: Http module shutting down, but needs to wait on 1 outstanding Http requests:
[2019.11.19-18.36.41:015][221]LogHttp: Display: 	verb=[POST] url=[https://datarouter.ol.epicgames.com/datarouter/api/v1/public/data?SessionID=%7BEC355974-4DD0-DF13-5E43-54A1EE492D95%7D&AppID=UEEditor.Rocket.Release&AppVersion=4.21.2-4753647%2B%2B%2BUE4%2BRelease-4.21&UserID=7e118dc948e8625ae04fd799413897c2%7C694a5f39080d46a3816bad384b5a8fe8%7Ce74dc982-bafa-4c49-8074-9ce29da4f2dd&AppEnvironment=datacollector-binary&UploadType=eteventstream] status=Processing
[2019.11.19-18.36.41:032][221]LogModuleManager: Shutting down and abandoning module SSL (58)
[2019.11.19-18.36.41:033][221]LogModuleManager: Shutting down and abandoning module MagicLeapIdentity (54)
[2019.11.19-18.36.41:033][221]LogModuleManager: Shutting down and abandoning module MagicLeapHelperVulkan (52)
[2019.11.19-18.36.41:034][221]LogModuleManager: Shutting down and abandoning module MagicLeapHelperOpenGL (50)
[2019.11.19-18.36.41:034][221]LogModuleManager: Shutting down and abandoning module MagicLeapSecureStorage (48)
[2019.11.19-18.36.41:034][221]LogModuleManager: Shutting down and abandoning module MagicLeapHandTracking (46)
[2019.11.19-18.36.41:035][221]LogModuleManager: Shutting down and abandoning module MagicLeapEyeTracker (44)
[2019.11.19-18.36.41:035][221]LogModuleManager: Shutting down and abandoning module MagicLeapController (42)
[2019.11.19-18.36.41:035][221]LogSlate: Slate User Destroyed.  User Index 0, Is Virtual User: 0
[2019.11.19-18.36.41:036][221]LogModuleManager: Shutting down and abandoning module MagicLeap (40)
[2019.11.19-18.36.41:036][221]LogModuleManager: Shutting down and abandoning module DatasmithContent (38)
[2019.11.19-18.36.41:037][221]LogModuleManager: Shutting down and abandoning module AnimationModifiers (36)
[2019.11.19-18.36.41:037][221]LogModuleManager: Shutting down and abandoning module PropertyEditor (35)
[2019.11.19-18.36.41:037][221]LogModuleManager: Shutting down and abandoning module AudioEditor (32)
[2019.11.19-18.36.41:037][221]LogModuleManager: Shutting down and abandoning module TextureCompressor (30)
[2019.11.19-18.36.41:038][221]LogModuleManager: Shutting down and abandoning module ShaderCore (28)
[2019.11.19-18.36.41:038][221]LogModuleManager: Shutting down and abandoning module Landscape (26)
[2019.11.19-18.36.41:038][221]LogModuleManager: Shutting down and abandoning module SlateRHIRenderer (24)
[2019.11.19-18.36.41:039][221]LogModuleManager: Shutting down and abandoning module OpenGLDrv (22)
[2019.11.19-18.36.41:039][221]LogModuleManager: Shutting down and abandoning module D3D11RHI (20)
[2019.11.19-18.36.41:040][221]LogModuleManager: Shutting down and abandoning module AnimGraphRuntime (18)
[2019.11.19-18.36.41:040][221]LogModuleManager: Shutting down and abandoning module Renderer (16)
[2019.11.19-18.36.41:040][221]LogModuleManager: Shutting down and abandoning module Engine (14)
[2019.11.19-18.36.41:041][221]LogModuleManager: Shutting down and abandoning module CoreUObject (12)
[2019.11.19-18.36.41:041][221]LogModuleManager: Shutting down and abandoning module NetworkFile (10)
[2019.11.19-18.36.41:041][221]LogModuleManager: Shutting down and abandoning module CookedIterativeFile (8)
[2019.11.19-18.36.41:042][221]LogModuleManager: Shutting down and abandoning module StreamingFile (6)
[2019.11.19-18.36.41:042][221]LogModuleManager: Shutting down and abandoning module SandboxFile (4)
[2019.11.19-18.36.41:043][221]LogModuleManager: Shutting down and abandoning module PakFile (2)
[2019.11.19-18.36.41:051][221]LogExit: Exiting.
[2019.11.19-18.36.41:088][221]Log file closed, 11/19/19 18:36:41
